[0.387s] Invoking command in '/home/bentoaz/NSF_IRES_2025_Codebase/control/src/traj_planning': PYTHONPATH=/home/bentoaz/NSF_IRES_2025_Codebase/control/build/traj_planning/prefix_override:/usr/lib/python3/dist-packages/colcon_core/task/python/colcon_distutils_commands:/home/bentoaz/NSF_IRES_2025_Codebase/control/install/traj_planning/lib/python3.10/site-packages:${PYTHONPATH} /usr/bin/python3 -W ignore:setup.py install is deprecated -W ignore:easy_install command is deprecated setup.py egg_info --egg-base ../../build/traj_planning build --build-base /home/bentoaz/NSF_IRES_2025_Codebase/control/build/traj_planning/build install --record /home/bentoaz/NSF_IRES_2025_Codebase/control/build/traj_planning/install.log --single-version-externally-managed install_data
[0.538s] running egg_info
[0.538s] writing ../../build/traj_planning/traj_planning.egg-info/PKG-INFO
[0.538s] writing dependency_links to ../../build/traj_planning/traj_planning.egg-info/dependency_links.txt
[0.538s] writing entry points to ../../build/traj_planning/traj_planning.egg-info/entry_points.txt
[0.538s] writing requirements to ../../build/traj_planning/traj_planning.egg-info/requires.txt
[0.538s] writing top-level names to ../../build/traj_planning/traj_planning.egg-info/top_level.txt
[0.539s] reading manifest file '../../build/traj_planning/traj_planning.egg-info/SOURCES.txt'
[0.539s] writing manifest file '../../build/traj_planning/traj_planning.egg-info/SOURCES.txt'
[0.540s] running build
[0.540s] running build_py
[0.540s] running install
[0.540s] running install_lib
[0.540s] running install_data
[0.541s] copying package.xml -> /home/bentoaz/NSF_IRES_2025_Codebase/control/install/traj_planning/share/traj_planning
[0.541s] running install_egg_info
[0.542s] removing '/home/bentoaz/NSF_IRES_2025_Codebase/control/install/traj_planning/lib/python3.10/site-packages/traj_planning-0.0.0-py3.10.egg-info' (and everything under it)
[0.542s] Copying ../../build/traj_planning/traj_planning.egg-info to /home/bentoaz/NSF_IRES_2025_Codebase/control/install/traj_planning/lib/python3.10/site-packages/traj_planning-0.0.0-py3.10.egg-info
[0.542s] running install_scripts
[0.554s] Installing traj_server script to /home/bentoaz/NSF_IRES_2025_Codebase/control/install/traj_planning/lib/traj_planning
[0.554s] writing list of installed files to '/home/bentoaz/NSF_IRES_2025_Codebase/control/build/traj_planning/install.log'
[0.566s] Invoked command in '/home/bentoaz/NSF_IRES_2025_Codebase/control/src/traj_planning' returned '0': PYTHONPATH=/home/bentoaz/NSF_IRES_2025_Codebase/control/build/traj_planning/prefix_override:/usr/lib/python3/dist-packages/colcon_core/task/python/colcon_distutils_commands:/home/bentoaz/NSF_IRES_2025_Codebase/control/install/traj_planning/lib/python3.10/site-packages:${PYTHONPATH} /usr/bin/python3 -W ignore:setup.py install is deprecated -W ignore:easy_install command is deprecated setup.py egg_info --egg-base ../../build/traj_planning build --build-base /home/bentoaz/NSF_IRES_2025_Codebase/control/build/traj_planning/build install --record /home/bentoaz/NSF_IRES_2025_Codebase/control/build/traj_planning/install.log --single-version-externally-managed install_data
