[35m[1mConsolidate compiler generated dependencies of target reactive_node[0m
[100%] Built target reactive_node
[100%] Built target ament_cmake_python_copy_gap_follow_setup
[100%] Built target ament_cmake_python_copy_gap_follow
running egg_info
writing gap_follow.egg-info/PKG-INFO
writing dependency_links to gap_follow.egg-info/dependency_links.txt
writing top-level names to gap_follow.egg-info/top_level.txt
reading manifest file 'gap_follow.egg-info/SOURCES.txt'
writing manifest file 'gap_follow.egg-info/SOURCES.txt'
[100%] Built target ament_cmake_python_build_gap_follow_egg
-- Install configuration: ""
-- Installing: /home/bentoaz/f1tenth_experimental_ws/install/gap_follow/lib/gap_follow/reactive_node
-- Set runtime path of "/home/bentoaz/f1tenth_experimental_ws/install/gap_follow/lib/gap_follow/reactive_node" to ""
-- Installing: /home/bentoaz/f1tenth_experimental_ws/install/gap_follow/share/gap_follow/environment/pythonpath.sh
-- Installing: /home/bentoaz/f1tenth_experimental_ws/install/gap_follow/share/gap_follow/environment/pythonpath.dsv
-- Installing: /home/bentoaz/f1tenth_experimental_ws/install/gap_follow/local/lib/python3.10/dist-packages/gap_follow-0.0.0-py3.10.egg-info
-- Installing: /home/bentoaz/f1tenth_experimental_ws/install/gap_follow/local/lib/python3.10/dist-packages/gap_follow-0.0.0-py3.10.egg-info/SOURCES.txt
-- Installing: /home/bentoaz/f1tenth_experimental_ws/install/gap_follow/local/lib/python3.10/dist-packages/gap_follow-0.0.0-py3.10.egg-info/dependency_links.txt
-- Installing: /home/bentoaz/f1tenth_experimental_ws/install/gap_follow/local/lib/python3.10/dist-packages/gap_follow-0.0.0-py3.10.egg-info/top_level.txt
-- Installing: /home/bentoaz/f1tenth_experimental_ws/install/gap_follow/local/lib/python3.10/dist-packages/gap_follow-0.0.0-py3.10.egg-info/PKG-INFO
-- Installing: /home/bentoaz/f1tenth_experimental_ws/install/gap_follow/local/lib/python3.10/dist-packages/gap_follow
-- Installing: /home/bentoaz/f1tenth_experimental_ws/install/gap_follow/local/lib/python3.10/dist-packages/gap_follow/__init__.py
Listing '/home/bentoaz/f1tenth_experimental_ws/install/gap_follow/local/lib/python3.10/dist-packages/gap_follow'...
Compiling '/home/bentoaz/f1tenth_experimental_ws/install/gap_follow/local/lib/python3.10/dist-packages/gap_follow/__init__.py'...
-- Installing: /home/bentoaz/f1tenth_experimental_ws/install/gap_follow/lib/gap_follow/reactive_node.py
-- Installing: /home/bentoaz/f1tenth_experimental_ws/install/gap_follow/share/ament_index/resource_index/package_run_dependencies/gap_follow
-- Installing: /home/bentoaz/f1tenth_experimental_ws/install/gap_follow/share/ament_index/resource_index/parent_prefix_path/gap_follow
-- Installing: /home/bentoaz/f1tenth_experimental_ws/install/gap_follow/share/gap_follow/environment/ament_prefix_path.sh
-- Installing: /home/bentoaz/f1tenth_experimental_ws/install/gap_follow/share/gap_follow/environment/ament_prefix_path.dsv
-- Installing: /home/bentoaz/f1tenth_experimental_ws/install/gap_follow/share/gap_follow/environment/path.sh
-- Installing: /home/bentoaz/f1tenth_experimental_ws/install/gap_follow/share/gap_follow/environment/path.dsv
-- Installing: /home/bentoaz/f1tenth_experimental_ws/install/gap_follow/share/gap_follow/local_setup.bash
-- Installing: /home/bentoaz/f1tenth_experimental_ws/install/gap_follow/share/gap_follow/local_setup.sh
-- Installing: /home/bentoaz/f1tenth_experimental_ws/install/gap_follow/share/gap_follow/local_setup.zsh
-- Installing: /home/bentoaz/f1tenth_experimental_ws/install/gap_follow/share/gap_follow/local_setup.dsv
-- Installing: /home/bentoaz/f1tenth_experimental_ws/install/gap_follow/share/gap_follow/package.dsv
-- Installing: /home/bentoaz/f1tenth_experimental_ws/install/gap_follow/share/ament_index/resource_index/packages/gap_follow
-- Installing: /home/bentoaz/f1tenth_experimental_ws/install/gap_follow/share/gap_follow/cmake/gap_followConfig.cmake
-- Installing: /home/bentoaz/f1tenth_experimental_ws/install/gap_follow/share/gap_follow/cmake/gap_followConfig-version.cmake
-- Installing: /home/bentoaz/f1tenth_experimental_ws/install/gap_follow/share/gap_follow/package.xml
