[0.108s] Invoking command in '/home/bentoaz/f1tenth_experimental_ws/build/gap_follow': CMAKE_PREFIX_PATH=${CMAKE_PREFIX_PATH}:/home/bentoaz/f1tenth_gym_ros/install/f1tenth_gym_ros:/home/bentoaz/autoware/install/autoware_carla_interface:/home/bentoaz/autoware/install/ros2agnocast:/home/bentoaz/autoware/install/autoware_adapi_visualizers:/opt/ros/humble /usr/bin/cmake --build /home/bentoaz/f1tenth_experimental_ws/build/gap_follow -- -j16 -l16
[0.769s] [35m[1mConsolidate compiler generated dependencies of target reactive_node[0m
[0.769s] [100%] Built target reactive_node
[0.769s] [100%] Built target ament_cmake_python_copy_gap_follow_setup
[0.769s] [100%] Built target ament_cmake_python_copy_gap_follow
[0.769s] running egg_info
[0.769s] writing gap_follow.egg-info/PKG-INFO
[0.769s] writing dependency_links to gap_follow.egg-info/dependency_links.txt
[0.769s] writing top-level names to gap_follow.egg-info/top_level.txt
[0.769s] reading manifest file 'gap_follow.egg-info/SOURCES.txt'
[0.769s] writing manifest file 'gap_follow.egg-info/SOURCES.txt'
[0.769s] /usr/lib/python3/dist-packages/setuptools/dist.py:723: UserWarning: Usage of dash-separated 'script-dir' will not be supported in future versions. Please use the underscore name 'script_dir' instead
[0.769s]   warnings.warn(
[0.769s] /usr/lib/python3/dist-packages/setuptools/dist.py:723: UserWarning: Usage of dash-separated 'install-scripts' will not be supported in future versions. Please use the underscore name 'install_scripts' instead
[0.769s]   warnings.warn(
[0.795s] [100%] Built target ament_cmake_python_build_gap_follow_egg
[0.820s] Invoked command in '/home/bentoaz/f1tenth_experimental_ws/build/gap_follow' returned '0': CMAKE_PREFIX_PATH=${CMAKE_PREFIX_PATH}:/home/bentoaz/f1tenth_gym_ros/install/f1tenth_gym_ros:/home/bentoaz/autoware/install/autoware_carla_interface:/home/bentoaz/autoware/install/ros2agnocast:/home/bentoaz/autoware/install/autoware_adapi_visualizers:/opt/ros/humble /usr/bin/cmake --build /home/bentoaz/f1tenth_experimental_ws/build/gap_follow -- -j16 -l16
[0.822s] Invoking command in '/home/bentoaz/f1tenth_experimental_ws/build/gap_follow': CMAKE_PREFIX_PATH=${CMAKE_PREFIX_PATH}:/home/bentoaz/f1tenth_gym_ros/install/f1tenth_gym_ros:/home/bentoaz/autoware/install/autoware_carla_interface:/home/bentoaz/autoware/install/ros2agnocast:/home/bentoaz/autoware/install/autoware_adapi_visualizers:/opt/ros/humble /usr/bin/cmake --install /home/bentoaz/f1tenth_experimental_ws/build/gap_follow
[0.852s] -- Install configuration: ""
[0.853s] -- Installing: /home/bentoaz/f1tenth_experimental_ws/install/gap_follow/lib/gap_follow/reactive_node
[0.858s] -- Set runtime path of "/home/bentoaz/f1tenth_experimental_ws/install/gap_follow/lib/gap_follow/reactive_node" to ""
[0.858s] -- Installing: /home/bentoaz/f1tenth_experimental_ws/install/gap_follow/share/gap_follow/environment/pythonpath.sh
[0.858s] -- Installing: /home/bentoaz/f1tenth_experimental_ws/install/gap_follow/share/gap_follow/environment/pythonpath.dsv
[0.858s] -- Installing: /home/bentoaz/f1tenth_experimental_ws/install/gap_follow/local/lib/python3.10/dist-packages/gap_follow-0.0.0-py3.10.egg-info
[0.858s] -- Installing: /home/bentoaz/f1tenth_experimental_ws/install/gap_follow/local/lib/python3.10/dist-packages/gap_follow-0.0.0-py3.10.egg-info/SOURCES.txt
[0.858s] -- Installing: /home/bentoaz/f1tenth_experimental_ws/install/gap_follow/local/lib/python3.10/dist-packages/gap_follow-0.0.0-py3.10.egg-info/dependency_links.txt
[0.858s] -- Installing: /home/bentoaz/f1tenth_experimental_ws/install/gap_follow/local/lib/python3.10/dist-packages/gap_follow-0.0.0-py3.10.egg-info/top_level.txt
[0.858s] -- Installing: /home/bentoaz/f1tenth_experimental_ws/install/gap_follow/local/lib/python3.10/dist-packages/gap_follow-0.0.0-py3.10.egg-info/PKG-INFO
[0.859s] -- Installing: /home/bentoaz/f1tenth_experimental_ws/install/gap_follow/local/lib/python3.10/dist-packages/gap_follow
[0.859s] -- Installing: /home/bentoaz/f1tenth_experimental_ws/install/gap_follow/local/lib/python3.10/dist-packages/gap_follow/__init__.py
[0.931s] Listing '/home/bentoaz/f1tenth_experimental_ws/install/gap_follow/local/lib/python3.10/dist-packages/gap_follow'...
[0.931s] Compiling '/home/bentoaz/f1tenth_experimental_ws/install/gap_follow/local/lib/python3.10/dist-packages/gap_follow/__init__.py'...
[0.938s] -- Installing: /home/bentoaz/f1tenth_experimental_ws/install/gap_follow/lib/gap_follow/reactive_node.py
[0.938s] -- Installing: /home/bentoaz/f1tenth_experimental_ws/install/gap_follow/share/ament_index/resource_index/package_run_dependencies/gap_follow
[0.939s] -- Installing: /home/bentoaz/f1tenth_experimental_ws/install/gap_follow/share/ament_index/resource_index/parent_prefix_path/gap_follow
[0.939s] -- Installing: /home/bentoaz/f1tenth_experimental_ws/install/gap_follow/share/gap_follow/environment/ament_prefix_path.sh
[0.940s] -- Installing: /home/bentoaz/f1tenth_experimental_ws/install/gap_follow/share/gap_follow/environment/ament_prefix_path.dsv
[0.940s] -- Installing: /home/bentoaz/f1tenth_experimental_ws/install/gap_follow/share/gap_follow/environment/path.sh
[0.940s] -- Installing: /home/bentoaz/f1tenth_experimental_ws/install/gap_follow/share/gap_follow/environment/path.dsv
[0.940s] -- Installing: /home/bentoaz/f1tenth_experimental_ws/install/gap_follow/share/gap_follow/local_setup.bash
[0.940s] -- Installing: /home/bentoaz/f1tenth_experimental_ws/install/gap_follow/share/gap_follow/local_setup.sh
[0.941s] -- Installing: /home/bentoaz/f1tenth_experimental_ws/install/gap_follow/share/gap_follow/local_setup.zsh
[0.941s] -- Installing: /home/bentoaz/f1tenth_experimental_ws/install/gap_follow/share/gap_follow/local_setup.dsv
[0.941s] -- Installing: /home/bentoaz/f1tenth_experimental_ws/install/gap_follow/share/gap_follow/package.dsv
[0.941s] -- Installing: /home/bentoaz/f1tenth_experimental_ws/install/gap_follow/share/ament_index/resource_index/packages/gap_follow
[0.941s] -- Installing: /home/bentoaz/f1tenth_experimental_ws/install/gap_follow/share/gap_follow/cmake/gap_followConfig.cmake
[0.941s] -- Installing: /home/bentoaz/f1tenth_experimental_ws/install/gap_follow/share/gap_follow/cmake/gap_followConfig-version.cmake
[0.941s] -- Installing: /home/bentoaz/f1tenth_experimental_ws/install/gap_follow/share/gap_follow/package.xml
[0.942s] Invoked command in '/home/bentoaz/f1tenth_experimental_ws/build/gap_follow' returned '0': CMAKE_PREFIX_PATH=${CMAKE_PREFIX_PATH}:/home/bentoaz/f1tenth_gym_ros/install/f1tenth_gym_ros:/home/bentoaz/autoware/install/autoware_carla_interface:/home/bentoaz/autoware/install/ros2agnocast:/home/bentoaz/autoware/install/autoware_adapi_visualizers:/opt/ros/humble /usr/bin/cmake --install /home/bentoaz/f1tenth_experimental_ws/build/gap_follow
