[1.243s] Invoking command in '/home/bentoaz/f1tenth_experimental_ws/src/stanley_avoidance': PYTHONPATH=/home/bentoaz/f1tenth_experimental_ws/build/stanley_avoidance/prefix_override:/usr/lib/python3/dist-packages/colcon_core/task/python/colcon_distutils_commands:/home/bentoaz/f1tenth_experimental_ws/install/stanley_avoidance/lib/python3.10/site-packages:${PYTHONPATH} /usr/bin/python3 -W ignore:setup.py install is deprecated -W ignore:easy_install command is deprecated setup.py egg_info --egg-base ../../build/stanley_avoidance build --build-base /home/bentoaz/f1tenth_experimental_ws/build/stanley_avoidance/build install --record /home/bentoaz/f1tenth_experimental_ws/build/stanley_avoidance/install.log --install-scripts $base/lib/stanley_avoidance --single-version-externally-managed install_data
[1.471s] /usr/lib/python3/dist-packages/setuptools/dist.py:723: UserWarning: Usage of dash-separated 'script-dir' will not be supported in future versions. Please use the underscore name 'script_dir' instead
[1.471s]   warnings.warn(
[1.478s] running egg_info
[1.478s] creating ../../build/stanley_avoidance/stanley_avoidance.egg-info
[1.478s] writing ../../build/stanley_avoidance/stanley_avoidance.egg-info/PKG-INFO
[1.478s] writing dependency_links to ../../build/stanley_avoidance/stanley_avoidance.egg-info/dependency_links.txt
[1.478s] writing entry points to ../../build/stanley_avoidance/stanley_avoidance.egg-info/entry_points.txt
[1.478s] writing requirements to ../../build/stanley_avoidance/stanley_avoidance.egg-info/requires.txt
[1.478s] writing top-level names to ../../build/stanley_avoidance/stanley_avoidance.egg-info/top_level.txt
[1.478s] writing manifest file '../../build/stanley_avoidance/stanley_avoidance.egg-info/SOURCES.txt'
[1.480s] reading manifest file '../../build/stanley_avoidance/stanley_avoidance.egg-info/SOURCES.txt'
[1.480s] adding license file 'LICENSE'
[1.480s] writing manifest file '../../build/stanley_avoidance/stanley_avoidance.egg-info/SOURCES.txt'
[1.480s] running build
[1.480s] running build_py
[1.480s] creating /home/bentoaz/f1tenth_experimental_ws/build/stanley_avoidance/build
[1.480s] creating /home/bentoaz/f1tenth_experimental_ws/build/stanley_avoidance/build/lib
[1.480s] creating /home/bentoaz/f1tenth_experimental_ws/build/stanley_avoidance/build/lib/stanley_avoidance
[1.481s] copying stanley_avoidance/__init__.py -> /home/bentoaz/f1tenth_experimental_ws/build/stanley_avoidance/build/lib/stanley_avoidance
[1.481s] copying stanley_avoidance/stanley_avoidance.py -> /home/bentoaz/f1tenth_experimental_ws/build/stanley_avoidance/build/lib/stanley_avoidance
[1.481s] running install
[1.481s] running install_lib
[1.481s] creating /home/bentoaz/f1tenth_experimental_ws/install/stanley_avoidance/lib/python3.10/site-packages/stanley_avoidance
[1.481s] copying /home/bentoaz/f1tenth_experimental_ws/build/stanley_avoidance/build/lib/stanley_avoidance/__init__.py -> /home/bentoaz/f1tenth_experimental_ws/install/stanley_avoidance/lib/python3.10/site-packages/stanley_avoidance
[1.481s] copying /home/bentoaz/f1tenth_experimental_ws/build/stanley_avoidance/build/lib/stanley_avoidance/stanley_avoidance.py -> /home/bentoaz/f1tenth_experimental_ws/install/stanley_avoidance/lib/python3.10/site-packages/stanley_avoidance
[1.482s] byte-compiling /home/bentoaz/f1tenth_experimental_ws/install/stanley_avoidance/lib/python3.10/site-packages/stanley_avoidance/__init__.py to __init__.cpython-310.pyc
[1.482s] byte-compiling /home/bentoaz/f1tenth_experimental_ws/install/stanley_avoidance/lib/python3.10/site-packages/stanley_avoidance/stanley_avoidance.py to stanley_avoidance.cpython-310.pyc
[1.486s] running install_data
[1.486s] creating /home/bentoaz/f1tenth_experimental_ws/install/stanley_avoidance/share/ament_index
[1.486s] creating /home/bentoaz/f1tenth_experimental_ws/install/stanley_avoidance/share/ament_index/resource_index
[1.486s] creating /home/bentoaz/f1tenth_experimental_ws/install/stanley_avoidance/share/ament_index/resource_index/packages
[1.486s] copying resource/stanley_avoidance -> /home/bentoaz/f1tenth_experimental_ws/install/stanley_avoidance/share/ament_index/resource_index/packages
[1.486s] copying package.xml -> /home/bentoaz/f1tenth_experimental_ws/install/stanley_avoidance/share/stanley_avoidance
[1.487s] creating /home/bentoaz/f1tenth_experimental_ws/install/stanley_avoidance/share/stanley_avoidance/racelines
[1.487s] creating /home/bentoaz/f1tenth_experimental_ws/install/stanley_avoidance/share/stanley_avoidance/launch
[1.487s] copying launch/sim_stanley_avoidance_launch.py -> /home/bentoaz/f1tenth_experimental_ws/install/stanley_avoidance/share/stanley_avoidance/launch
[1.487s] copying launch/stanley_avoidance_launch.py -> /home/bentoaz/f1tenth_experimental_ws/install/stanley_avoidance/share/stanley_avoidance/launch
[1.487s] copying launch/sim_multi_agent_stanley_avoidance_launch.py -> /home/bentoaz/f1tenth_experimental_ws/install/stanley_avoidance/share/stanley_avoidance/launch
[1.487s] copying launch/stanley_avoidance.rviz -> /home/bentoaz/f1tenth_experimental_ws/install/stanley_avoidance/share/stanley_avoidance/launch
[1.487s] creating /home/bentoaz/f1tenth_experimental_ws/install/stanley_avoidance/share/stanley_avoidance/config
[1.487s] copying config/sim_config.yaml -> /home/bentoaz/f1tenth_experimental_ws/install/stanley_avoidance/share/stanley_avoidance/config
[1.487s] copying config/config.yaml -> /home/bentoaz/f1tenth_experimental_ws/install/stanley_avoidance/share/stanley_avoidance/config
[1.487s] running install_egg_info
[1.488s] Copying ../../build/stanley_avoidance/stanley_avoidance.egg-info to /home/bentoaz/f1tenth_experimental_ws/install/stanley_avoidance/lib/python3.10/site-packages/stanley_avoidance-0.0.0-py3.10.egg-info
[1.488s] running install_scripts
[1.505s] Installing stanley_avoidance script to /home/bentoaz/f1tenth_experimental_ws/install/stanley_avoidance/lib/stanley_avoidance
[1.505s] writing list of installed files to '/home/bentoaz/f1tenth_experimental_ws/build/stanley_avoidance/install.log'
[1.524s] Invoked command in '/home/bentoaz/f1tenth_experimental_ws/src/stanley_avoidance' returned '0': PYTHONPATH=/home/bentoaz/f1tenth_experimental_ws/build/stanley_avoidance/prefix_override:/usr/lib/python3/dist-packages/colcon_core/task/python/colcon_distutils_commands:/home/bentoaz/f1tenth_experimental_ws/install/stanley_avoidance/lib/python3.10/site-packages:${PYTHONPATH} /usr/bin/python3 -W ignore:setup.py install is deprecated -W ignore:easy_install command is deprecated setup.py egg_info --egg-base ../../build/stanley_avoidance build --build-base /home/bentoaz/f1tenth_experimental_ws/build/stanley_avoidance/build install --record /home/bentoaz/f1tenth_experimental_ws/build/stanley_avoidance/install.log --install-scripts $base/lib/stanley_avoidance --single-version-externally-managed install_data
