[1.173s] Invoking command in '/home/bentoaz/f1tenth_experimental_ws/build/stanley_avoidance': PYTHONPATH=/home/bentoaz/f1tenth_experimental_ws/build/stanley_avoidance/prefix_override:/usr/lib/python3/dist-packages/colcon_core/task/python/colcon_distutils_commands:/home/bentoaz/f1tenth_experimental_ws/install/stanley_avoidance/lib/python3.10/site-packages:${PYTHONPATH} /usr/bin/python3 -W ignore:setup.py install is deprecated -W ignore:easy_install command is deprecated setup.py develop --editable --build-directory /home/bentoaz/f1tenth_experimental_ws/build/stanley_avoidance/build --no-deps symlink_data
[1.461s] /usr/lib/python3/dist-packages/setuptools/dist.py:723: UserWarning: Usage of dash-separated 'script-dir' will not be supported in future versions. Please use the underscore name 'script_dir' instead
[1.461s]   warnings.warn(
[1.501s] running develop
[1.836s] running egg_info
[1.836s] creating stanley_avoidance.egg-info
[1.836s] writing stanley_avoidance.egg-info/PKG-INFO
[1.836s] writing dependency_links to stanley_avoidance.egg-info/dependency_links.txt
[1.837s] writing entry points to stanley_avoidance.egg-info/entry_points.txt
[1.837s] writing requirements to stanley_avoidance.egg-info/requires.txt
[1.837s] writing top-level names to stanley_avoidance.egg-info/top_level.txt
[1.837s] writing manifest file 'stanley_avoidance.egg-info/SOURCES.txt'
[1.839s] reading manifest file 'stanley_avoidance.egg-info/SOURCES.txt'
[1.840s] writing manifest file 'stanley_avoidance.egg-info/SOURCES.txt'
[1.890s] running build_ext
[1.891s] Creating /home/bentoaz/f1tenth_experimental_ws/install/stanley_avoidance/lib/python3.10/site-packages/stanley-avoidance.egg-link (link to .)
[1.892s] Installing stanley_avoidance script to /home/bentoaz/f1tenth_experimental_ws/install/stanley_avoidance/lib/stanley_avoidance
[1.892s] 
[1.892s] Installed /home/bentoaz/f1tenth_experimental_ws/build/stanley_avoidance
[1.892s] running symlink_data
[1.957s] Invoked command in '/home/bentoaz/f1tenth_experimental_ws/build/stanley_avoidance' returned '0': PYTHONPATH=/home/bentoaz/f1tenth_experimental_ws/build/stanley_avoidance/prefix_override:/usr/lib/python3/dist-packages/colcon_core/task/python/colcon_distutils_commands:/home/bentoaz/f1tenth_experimental_ws/install/stanley_avoidance/lib/python3.10/site-packages:${PYTHONPATH} /usr/bin/python3 -W ignore:setup.py install is deprecated -W ignore:easy_install command is deprecated setup.py develop --editable --build-directory /home/bentoaz/f1tenth_experimental_ws/build/stanley_avoidance/build --no-deps symlink_data
