[0.124s] Invoking command in '/home/bentoaz/f1tenth_experimental_ws/build/local_planner_msgs': CMAKE_PREFIX_PATH=${CMAKE_PREFIX_PATH}:/home/bentoaz/f1tenth_experimental_ws/install/stanley_avoidance:/home/bentoaz/f1tenth_experimental_ws/install/particle_filter:/home/bentoaz/f1tenth_experimental_ws/install/local_planner:/home/bentoaz/f1tenth_gym_ros/install/f1tenth_gym_ros:/home/bentoaz/autoware/install/autoware_carla_interface:/home/bentoaz/autoware/install/ros2agnocast:/home/bentoaz/autoware/install/autoware_adapi_visualizers:/opt/ros/humble /usr/bin/cmake /home/bentoaz/f1tenth_experimental_ws/src/local_planner_msgs -DAMENT_CMAKE_SYMLINK_INSTALL=1 -DCMAKE_INSTALL_PREFIX=/home/bentoaz/f1tenth_experimental_ws/install/local_planner_msgs
[0.866s] -- The C compiler identification is GNU 11.4.0
[0.866s] -- The CXX compiler identification is GNU 11.4.0
[0.866s] -- Detecting C compiler ABI info
[0.867s] -- Detecting C compiler ABI info - done
[0.867s] -- Check for working C compiler: /usr/bin/cc - skipped
[0.867s] -- Detecting C compile features
[0.867s] -- Detecting C compile features - done
[0.867s] -- Detecting CXX compiler ABI info
[0.867s] -- Detecting CXX compiler ABI info - done
[0.867s] -- Check for working CXX compiler: /usr/bin/c++ - skipped
[0.867s] -- Detecting CXX compile features
[0.867s] -- Detecting CXX compile features - done
[0.867s] -- Found ament_cmake: 1.3.11 (/opt/ros/humble/share/ament_cmake/cmake)
[1.099s] -- Found Python3: /usr/bin/python3 (found version "3.10.12") found components: Interpreter 
[1.220s] -- Override CMake install command with custom implementation using symlinks instead of copying resources
[1.514s] -- Found ament_lint_auto: 0.12.12 (/opt/ros/humble/share/ament_lint_auto/cmake)
[1.828s] -- Found std_msgs: 4.9.0 (/opt/ros/humble/share/std_msgs/cmake)
[2.005s] -- Found rosidl_generator_c: 3.1.6 (/opt/ros/humble/share/rosidl_generator_c/cmake)
[2.044s] -- Found rosidl_adapter: 3.1.6 (/opt/ros/humble/share/rosidl_adapter/cmake)
[2.085s] -- Found rosidl_generator_cpp: 3.1.6 (/opt/ros/humble/share/rosidl_generator_cpp/cmake)
[2.157s] -- Using all available rosidl_typesupport_c: rosidl_typesupport_fastrtps_c;rosidl_typesupport_introspection_c
[2.252s] -- Using all available rosidl_typesupport_cpp: rosidl_typesupport_fastrtps_cpp;rosidl_typesupport_introspection_cpp
[2.346s] -- Found nav_msgs: 4.9.0 (/opt/ros/humble/share/nav_msgs/cmake)
[2.402s] -- Found rosidl_default_generators: 1.2.0 (/opt/ros/humble/share/rosidl_default_generators/cmake)
[2.851s] -- Found ament_cmake_ros: 0.10.0 (/opt/ros/humble/share/ament_cmake_ros/cmake)
[3.514s] -- Using all available rosidl_typesupport_c: rosidl_typesupport_fastrtps_c;rosidl_typesupport_introspection_c
[3.735s] -- Using all available rosidl_typesupport_cpp: rosidl_typesupport_fastrtps_cpp;rosidl_typesupport_introspection_cpp
[3.783s] -- Found PythonInterp: /usr/bin/python3 (found suitable version "3.10.12", minimum required is "3.6") 
[3.821s] -- Found python_cmake_module: 0.10.0 (/opt/ros/humble/share/python_cmake_module/cmake)
[3.879s] -- Found PythonLibs: /usr/lib/x86_64-linux-gnu/libpython3.10.so (found suitable version "3.10.12", minimum required is "3.5") 
[3.879s] -- Using PYTHON_EXECUTABLE: /usr/bin/python3
[3.879s] -- Using PYTHON_INCLUDE_DIRS: /usr/include/python3.10
[3.879s] -- Using PYTHON_LIBRARIES: /usr/lib/x86_64-linux-gnu/libpython3.10.so
[3.918s] -- Found PythonExtra: .so  
[5.204s] -- Added test 'lint_cmake' to check CMake code style
[5.210s] -- Added test 'xmllint' to check XML markup files
[5.230s] -- Configuring done
[5.271s] -- Generating done
[5.285s] -- Build files have been written to: /home/bentoaz/f1tenth_experimental_ws/build/local_planner_msgs
[5.299s] Invoked command in '/home/bentoaz/f1tenth_experimental_ws/build/local_planner_msgs' returned '0': CMAKE_PREFIX_PATH=${CMAKE_PREFIX_PATH}:/home/bentoaz/f1tenth_experimental_ws/install/stanley_avoidance:/home/bentoaz/f1tenth_experimental_ws/install/particle_filter:/home/bentoaz/f1tenth_experimental_ws/install/local_planner:/home/bentoaz/f1tenth_gym_ros/install/f1tenth_gym_ros:/home/bentoaz/autoware/install/autoware_carla_interface:/home/bentoaz/autoware/install/ros2agnocast:/home/bentoaz/autoware/install/autoware_adapi_visualizers:/opt/ros/humble /usr/bin/cmake /home/bentoaz/f1tenth_experimental_ws/src/local_planner_msgs -DAMENT_CMAKE_SYMLINK_INSTALL=1 -DCMAKE_INSTALL_PREFIX=/home/bentoaz/f1tenth_experimental_ws/install/local_planner_msgs
[5.301s] Invoking command in '/home/bentoaz/f1tenth_experimental_ws/build/local_planner_msgs': CMAKE_PREFIX_PATH=${CMAKE_PREFIX_PATH}:/home/bentoaz/f1tenth_experimental_ws/install/stanley_avoidance:/home/bentoaz/f1tenth_experimental_ws/install/particle_filter:/home/bentoaz/f1tenth_experimental_ws/install/local_planner:/home/bentoaz/f1tenth_gym_ros/install/f1tenth_gym_ros:/home/bentoaz/autoware/install/autoware_carla_interface:/home/bentoaz/autoware/install/ros2agnocast:/home/bentoaz/autoware/install/autoware_adapi_visualizers:/opt/ros/humble /usr/bin/cmake --build /home/bentoaz/f1tenth_experimental_ws/build/local_planner_msgs -- -j16 -l16
[5.489s] [  2%] [34m[1mGenerating C code for ROS interfaces[0m
[5.519s] [  5%] [34m[1mGenerating C++ code for ROS interfaces[0m
[5.573s] [  5%] Built target ament_cmake_python_symlink_local_planner_msgs
[5.881s] [  5%] Built target local_planner_msgs__cpp
[5.941s] [  7%] [34m[1mGenerating C++ type support dispatch for ROS interfaces[0m
[5.958s] [ 12%] [34m[1mGenerating C++ type support for eProsima Fast-RTPS[0m
[5.958s] [ 12%] [34m[1mGenerating C++ introspection for ROS interfaces[0m
[6.085s] [ 17%] [32mBuilding C object CMakeFiles/local_planner_msgs__rosidl_generator_c.dir/rosidl_generator_c/local_planner_msgs/msg/detail/trajectory__functions.c.o[0m
[6.085s] [ 17%] [32mBuilding C object CMakeFiles/local_planner_msgs__rosidl_generator_c.dir/rosidl_generator_c/local_planner_msgs/msg/detail/trajectory_list__functions.c.o[0m
[6.156s] running egg_info
[6.157s] creating local_planner_msgs.egg-info
[6.157s] writing local_planner_msgs.egg-info/PKG-INFO
[6.158s] writing dependency_links to local_planner_msgs.egg-info/dependency_links.txt
[6.158s] writing top-level names to local_planner_msgs.egg-info/top_level.txt
[6.158s] writing manifest file 'local_planner_msgs.egg-info/SOURCES.txt'
[6.162s] reading manifest file 'local_planner_msgs.egg-info/SOURCES.txt'
[6.163s] writing manifest file 'local_planner_msgs.egg-info/SOURCES.txt'
[6.210s] [ 20%] [32m[1mLinking C shared library liblocal_planner_msgs__rosidl_generator_c.so[0m
[6.250s] [ 20%] Built target ament_cmake_python_build_local_planner_msgs_egg
[6.354s] [ 20%] Built target local_planner_msgs__rosidl_generator_c
[6.368s] [ 23%] [32mBuilding CXX object CMakeFiles/local_planner_msgs__rosidl_typesupport_cpp.dir/rosidl_typesupport_cpp/local_planner_msgs/msg/trajectory__type_support.cpp.o[0m
[6.377s] [ 25%] [32mBuilding CXX object CMakeFiles/local_planner_msgs__rosidl_typesupport_cpp.dir/rosidl_typesupport_cpp/local_planner_msgs/msg/trajectory_list__type_support.cpp.o[0m
[6.405s] [ 28%] [34m[1mGenerating C introspection for ROS interfaces[0m
[6.415s] [ 30%] [34m[1mGenerating C type support dispatch for ROS interfaces[0m
[6.417s] [ 33%] [34m[1mGenerating C type support for eProsima Fast-RTPS[0m
[6.445s] [ 35%] [32mBuilding CXX object CMakeFiles/local_planner_msgs__rosidl_typesupport_fastrtps_cpp.dir/rosidl_typesupport_fastrtps_cpp/local_planner_msgs/msg/detail/dds_fastrtps/trajectory_list__type_support.cpp.o[0m
[6.450s] [ 38%] [32mBuilding CXX object CMakeFiles/local_planner_msgs__rosidl_typesupport_fastrtps_cpp.dir/rosidl_typesupport_fastrtps_cpp/local_planner_msgs/msg/detail/dds_fastrtps/trajectory__type_support.cpp.o[0m
[6.482s] [ 41%] [32mBuilding CXX object CMakeFiles/local_planner_msgs__rosidl_typesupport_introspection_cpp.dir/rosidl_typesupport_introspection_cpp/local_planner_msgs/msg/detail/trajectory_list__type_support.cpp.o[0m
[6.484s] [ 43%] [32mBuilding CXX object CMakeFiles/local_planner_msgs__rosidl_typesupport_introspection_cpp.dir/rosidl_typesupport_introspection_cpp/local_planner_msgs/msg/detail/trajectory__type_support.cpp.o[0m
[6.839s] [ 46%] [32m[1mLinking CXX shared library liblocal_planner_msgs__rosidl_typesupport_cpp.so[0m
[6.919s] [ 48%] [32mBuilding CXX object CMakeFiles/local_planner_msgs__rosidl_typesupport_c.dir/rosidl_typesupport_c/local_planner_msgs/msg/trajectory_list__type_support.cpp.o[0m
[6.960s] [ 51%] [32mBuilding CXX object CMakeFiles/local_planner_msgs__rosidl_typesupport_c.dir/rosidl_typesupport_c/local_planner_msgs/msg/trajectory__type_support.cpp.o[0m
[7.009s] [ 53%] [32mBuilding C object CMakeFiles/local_planner_msgs__rosidl_typesupport_introspection_c.dir/rosidl_typesupport_introspection_c/local_planner_msgs/msg/detail/trajectory_list__type_support.c.o[0m
[7.015s] [ 53%] Built target local_planner_msgs__rosidl_typesupport_cpp
[7.021s] [ 56%] [32mBuilding C object CMakeFiles/local_planner_msgs__rosidl_typesupport_introspection_c.dir/rosidl_typesupport_introspection_c/local_planner_msgs/msg/detail/trajectory__type_support.c.o[0m
[7.080s] [ 58%] [32mBuilding CXX object CMakeFiles/local_planner_msgs__rosidl_typesupport_fastrtps_c.dir/rosidl_typesupport_fastrtps_c/local_planner_msgs/msg/detail/trajectory_list__type_support_c.cpp.o[0m
[7.086s] [ 61%] [32m[1mLinking CXX shared library liblocal_planner_msgs__rosidl_typesupport_c.so[0m
[7.109s] [ 64%] [32mBuilding CXX object CMakeFiles/local_planner_msgs__rosidl_typesupport_fastrtps_c.dir/rosidl_typesupport_fastrtps_c/local_planner_msgs/msg/detail/trajectory__type_support_c.cpp.o[0m
[7.151s] [ 66%] [32m[1mLinking C shared library liblocal_planner_msgs__rosidl_typesupport_introspection_c.so[0m
[7.155s] [ 69%] [32m[1mLinking CXX shared library liblocal_planner_msgs__rosidl_typesupport_fastrtps_cpp.so[0m
[7.220s] [ 69%] Built target local_planner_msgs__rosidl_typesupport_c
[7.234s] [ 71%] [32m[1mLinking CXX shared library liblocal_planner_msgs__rosidl_typesupport_introspection_cpp.so[0m
[7.272s] [ 71%] Built target local_planner_msgs__rosidl_typesupport_introspection_c
[7.336s] [ 71%] Built target local_planner_msgs__rosidl_typesupport_fastrtps_cpp
[7.423s] [ 71%] Built target local_planner_msgs__rosidl_typesupport_introspection_cpp
[7.540s] [ 74%] [32m[1mLinking CXX shared library liblocal_planner_msgs__rosidl_typesupport_fastrtps_c.so[0m
[7.659s] [ 74%] Built target local_planner_msgs__rosidl_typesupport_fastrtps_c
[7.725s] [ 74%] Built target local_planner_msgs
[7.802s] [ 76%] [34m[1mGenerating Python code for ROS interfaces[0m
[8.138s] [ 76%] Built target local_planner_msgs__py
[8.202s] [ 79%] [32mBuilding C object CMakeFiles/local_planner_msgs__rosidl_generator_py.dir/rosidl_generator_py/local_planner_msgs/msg/_trajectory_s.c.o[0m
[8.206s] [ 82%] [32mBuilding C object CMakeFiles/local_planner_msgs__rosidl_generator_py.dir/rosidl_generator_py/local_planner_msgs/msg/_trajectory_list_s.c.o[0m
[8.320s] [ 84%] [32m[1mLinking C shared library rosidl_generator_py/local_planner_msgs/liblocal_planner_msgs__rosidl_generator_py.so[0m
[8.422s] [ 84%] Built target local_planner_msgs__rosidl_generator_py
[8.506s] [ 87%] [32mBuilding C object CMakeFiles/local_planner_msgs__rosidl_typesupport_fastrtps_c__pyext.dir/rosidl_generator_py/local_planner_msgs/_local_planner_msgs_s.ep.rosidl_typesupport_fastrtps_c.c.o[0m
[8.523s] [ 89%] [32mBuilding C object CMakeFiles/local_planner_msgs__rosidl_typesupport_introspection_c__pyext.dir/rosidl_generator_py/local_planner_msgs/_local_planner_msgs_s.ep.rosidl_typesupport_introspection_c.c.o[0m
[8.534s] [ 92%] [32mBuilding C object CMakeFiles/local_planner_msgs__rosidl_typesupport_c__pyext.dir/rosidl_generator_py/local_planner_msgs/_local_planner_msgs_s.ep.rosidl_typesupport_c.c.o[0m
[8.631s] [ 94%] [32m[1mLinking C shared library rosidl_generator_py/local_planner_msgs/local_planner_msgs_s__rosidl_typesupport_fastrtps_c.cpython-310-x86_64-linux-gnu.so[0m
[8.695s] [ 97%] [32m[1mLinking C shared library rosidl_generator_py/local_planner_msgs/local_planner_msgs_s__rosidl_typesupport_c.cpython-310-x86_64-linux-gnu.so[0m
[8.702s] [100%] [32m[1mLinking C shared library rosidl_generator_py/local_planner_msgs/local_planner_msgs_s__rosidl_typesupport_introspection_c.cpython-310-x86_64-linux-gnu.so[0m
[8.720s] [100%] Built target local_planner_msgs__rosidl_typesupport_fastrtps_c__pyext
[8.777s] [100%] Built target local_planner_msgs__rosidl_typesupport_c__pyext
[8.819s] [100%] Built target local_planner_msgs__rosidl_typesupport_introspection_c__pyext
[8.853s] Invoked command in '/home/bentoaz/f1tenth_experimental_ws/build/local_planner_msgs' returned '0': CMAKE_PREFIX_PATH=${CMAKE_PREFIX_PATH}:/home/bentoaz/f1tenth_experimental_ws/install/stanley_avoidance:/home/bentoaz/f1tenth_experimental_ws/install/particle_filter:/home/bentoaz/f1tenth_experimental_ws/install/local_planner:/home/bentoaz/f1tenth_gym_ros/install/f1tenth_gym_ros:/home/bentoaz/autoware/install/autoware_carla_interface:/home/bentoaz/autoware/install/ros2agnocast:/home/bentoaz/autoware/install/autoware_adapi_visualizers:/opt/ros/humble /usr/bin/cmake --build /home/bentoaz/f1tenth_experimental_ws/build/local_planner_msgs -- -j16 -l16
[8.892s] Invoking command in '/home/bentoaz/f1tenth_experimental_ws/build/local_planner_msgs': CMAKE_PREFIX_PATH=${CMAKE_PREFIX_PATH}:/home/bentoaz/f1tenth_experimental_ws/install/stanley_avoidance:/home/bentoaz/f1tenth_experimental_ws/install/particle_filter:/home/bentoaz/f1tenth_experimental_ws/install/local_planner:/home/bentoaz/f1tenth_gym_ros/install/f1tenth_gym_ros:/home/bentoaz/autoware/install/autoware_carla_interface:/home/bentoaz/autoware/install/ros2agnocast:/home/bentoaz/autoware/install/autoware_adapi_visualizers:/opt/ros/humble /usr/bin/cmake --install /home/bentoaz/f1tenth_experimental_ws/build/local_planner_msgs
[8.926s] -- Install configuration: ""
[8.926s] -- Execute custom install script
[8.927s] -- Symlinking: /home/bentoaz/f1tenth_experimental_ws/install/local_planner_msgs/share/ament_index/resource_index/rosidl_interfaces/local_planner_msgs
[8.963s] -- Symlinking: /home/bentoaz/f1tenth_experimental_ws/install/local_planner_msgs/include/local_planner_msgs/local_planner_msgs/msg/detail/trajectory__functions.h
[8.997s] -- Symlinking: /home/bentoaz/f1tenth_experimental_ws/install/local_planner_msgs/include/local_planner_msgs/local_planner_msgs/msg/detail/trajectory__struct.h
[9.033s] -- Symlinking: /home/bentoaz/f1tenth_experimental_ws/install/local_planner_msgs/include/local_planner_msgs/local_planner_msgs/msg/detail/trajectory__type_support.h
[9.068s] -- Symlinking: /home/bentoaz/f1tenth_experimental_ws/install/local_planner_msgs/include/local_planner_msgs/local_planner_msgs/msg/detail/trajectory_list__functions.h
[9.104s] -- Symlinking: /home/bentoaz/f1tenth_experimental_ws/install/local_planner_msgs/include/local_planner_msgs/local_planner_msgs/msg/detail/trajectory_list__struct.h
[9.140s] -- Symlinking: /home/bentoaz/f1tenth_experimental_ws/install/local_planner_msgs/include/local_planner_msgs/local_planner_msgs/msg/detail/trajectory_list__type_support.h
[9.175s] -- Symlinking: /home/bentoaz/f1tenth_experimental_ws/install/local_planner_msgs/include/local_planner_msgs/local_planner_msgs/msg/rosidl_generator_c__visibility_control.h
[9.210s] -- Symlinking: /home/bentoaz/f1tenth_experimental_ws/install/local_planner_msgs/include/local_planner_msgs/local_planner_msgs/msg/trajectory.h
[9.248s] -- Symlinking: /home/bentoaz/f1tenth_experimental_ws/install/local_planner_msgs/include/local_planner_msgs/local_planner_msgs/msg/trajectory_list.h
[9.273s] -- Symlinking: /home/bentoaz/f1tenth_experimental_ws/install/local_planner_msgs/share/local_planner_msgs/environment/library_path.sh
[9.296s] -- Symlinking: /home/bentoaz/f1tenth_experimental_ws/install/local_planner_msgs/share/local_planner_msgs/environment/library_path.dsv
[9.319s] -- Symlinking: /home/bentoaz/f1tenth_experimental_ws/install/local_planner_msgs/include/local_planner_msgs/local_planner_msgs/msg/detail/trajectory__rosidl_typesupport_fastrtps_c.h
[9.356s] -- Symlinking: /home/bentoaz/f1tenth_experimental_ws/install/local_planner_msgs/include/local_planner_msgs/local_planner_msgs/msg/detail/trajectory_list__rosidl_typesupport_fastrtps_c.h
[9.393s] -- Symlinking: /home/bentoaz/f1tenth_experimental_ws/install/local_planner_msgs/include/local_planner_msgs/local_planner_msgs/msg/rosidl_typesupport_fastrtps_c__visibility_control.h
[9.430s] -- Symlinking: /home/bentoaz/f1tenth_experimental_ws/install/local_planner_msgs/include/local_planner_msgs/local_planner_msgs/msg/detail/trajectory__builder.hpp
[9.465s] -- Symlinking: /home/bentoaz/f1tenth_experimental_ws/install/local_planner_msgs/include/local_planner_msgs/local_planner_msgs/msg/detail/trajectory__struct.hpp
[9.500s] -- Symlinking: /home/bentoaz/f1tenth_experimental_ws/install/local_planner_msgs/include/local_planner_msgs/local_planner_msgs/msg/detail/trajectory__traits.hpp
[9.536s] -- Symlinking: /home/bentoaz/f1tenth_experimental_ws/install/local_planner_msgs/include/local_planner_msgs/local_planner_msgs/msg/detail/trajectory__type_support.hpp
[9.572s] -- Symlinking: /home/bentoaz/f1tenth_experimental_ws/install/local_planner_msgs/include/local_planner_msgs/local_planner_msgs/msg/detail/trajectory_list__builder.hpp
[9.609s] -- Symlinking: /home/bentoaz/f1tenth_experimental_ws/install/local_planner_msgs/include/local_planner_msgs/local_planner_msgs/msg/detail/trajectory_list__struct.hpp
[9.644s] -- Symlinking: /home/bentoaz/f1tenth_experimental_ws/install/local_planner_msgs/include/local_planner_msgs/local_planner_msgs/msg/detail/trajectory_list__traits.hpp
[9.680s] -- Symlinking: /home/bentoaz/f1tenth_experimental_ws/install/local_planner_msgs/include/local_planner_msgs/local_planner_msgs/msg/detail/trajectory_list__type_support.hpp
[9.715s] -- Symlinking: /home/bentoaz/f1tenth_experimental_ws/install/local_planner_msgs/include/local_planner_msgs/local_planner_msgs/msg/rosidl_generator_cpp__visibility_control.hpp
[9.751s] -- Symlinking: /home/bentoaz/f1tenth_experimental_ws/install/local_planner_msgs/include/local_planner_msgs/local_planner_msgs/msg/trajectory.hpp
[9.787s] -- Symlinking: /home/bentoaz/f1tenth_experimental_ws/install/local_planner_msgs/include/local_planner_msgs/local_planner_msgs/msg/trajectory_list.hpp
[9.826s] -- Symlinking: /home/bentoaz/f1tenth_experimental_ws/install/local_planner_msgs/include/local_planner_msgs/local_planner_msgs/msg/detail/trajectory__rosidl_typesupport_fastrtps_cpp.hpp
[9.863s] -- Symlinking: /home/bentoaz/f1tenth_experimental_ws/install/local_planner_msgs/include/local_planner_msgs/local_planner_msgs/msg/detail/trajectory_list__rosidl_typesupport_fastrtps_cpp.hpp
[9.899s] -- Symlinking: /home/bentoaz/f1tenth_experimental_ws/install/local_planner_msgs/include/local_planner_msgs/local_planner_msgs/msg/rosidl_typesupport_fastrtps_cpp__visibility_control.h
[9.937s] -- Symlinking: /home/bentoaz/f1tenth_experimental_ws/install/local_planner_msgs/include/local_planner_msgs/local_planner_msgs/msg/detail/trajectory__rosidl_typesupport_introspection_c.h
[9.973s] -- Symlinking: /home/bentoaz/f1tenth_experimental_ws/install/local_planner_msgs/include/local_planner_msgs/local_planner_msgs/msg/detail/trajectory_list__rosidl_typesupport_introspection_c.h
[10.009s] -- Symlinking: /home/bentoaz/f1tenth_experimental_ws/install/local_planner_msgs/include/local_planner_msgs/local_planner_msgs/msg/rosidl_typesupport_introspection_c__visibility_control.h
[10.045s] -- Symlinking: /home/bentoaz/f1tenth_experimental_ws/install/local_planner_msgs/include/local_planner_msgs/local_planner_msgs/msg/detail/trajectory__rosidl_typesupport_introspection_cpp.hpp
[10.081s] -- Symlinking: /home/bentoaz/f1tenth_experimental_ws/install/local_planner_msgs/include/local_planner_msgs/local_planner_msgs/msg/detail/trajectory_list__rosidl_typesupport_introspection_cpp.hpp
[10.116s] -- Symlinking: /home/bentoaz/f1tenth_experimental_ws/install/local_planner_msgs/share/local_planner_msgs/environment/pythonpath.sh
[10.153s] -- Symlinking: /home/bentoaz/f1tenth_experimental_ws/install/local_planner_msgs/share/local_planner_msgs/environment/pythonpath.dsv
[10.188s] -- Symlinking: /home/bentoaz/f1tenth_experimental_ws/install/local_planner_msgs/local/lib/python3.10/dist-packages/local_planner_msgs-0.0.0-py3.10.egg-info/PKG-INFO
[10.222s] -- Symlinking: /home/bentoaz/f1tenth_experimental_ws/install/local_planner_msgs/local/lib/python3.10/dist-packages/local_planner_msgs-0.0.0-py3.10.egg-info/SOURCES.txt
[10.255s] -- Symlinking: /home/bentoaz/f1tenth_experimental_ws/install/local_planner_msgs/local/lib/python3.10/dist-packages/local_planner_msgs-0.0.0-py3.10.egg-info/dependency_links.txt
[10.288s] -- Symlinking: /home/bentoaz/f1tenth_experimental_ws/install/local_planner_msgs/local/lib/python3.10/dist-packages/local_planner_msgs-0.0.0-py3.10.egg-info/top_level.txt
[10.323s] -- Symlinking: /home/bentoaz/f1tenth_experimental_ws/install/local_planner_msgs/local/lib/python3.10/dist-packages/local_planner_msgs/__init__.py
[10.356s] -- Symlinking: /home/bentoaz/f1tenth_experimental_ws/install/local_planner_msgs/local/lib/python3.10/dist-packages/local_planner_msgs/_local_planner_msgs_s.ep.rosidl_typesupport_c.c
[10.391s] -- Symlinking: /home/bentoaz/f1tenth_experimental_ws/install/local_planner_msgs/local/lib/python3.10/dist-packages/local_planner_msgs/_local_planner_msgs_s.ep.rosidl_typesupport_fastrtps_c.c
[10.426s] -- Symlinking: /home/bentoaz/f1tenth_experimental_ws/install/local_planner_msgs/local/lib/python3.10/dist-packages/local_planner_msgs/_local_planner_msgs_s.ep.rosidl_typesupport_introspection_c.c
[10.461s] -- Symlinking: /home/bentoaz/f1tenth_experimental_ws/install/local_planner_msgs/local/lib/python3.10/dist-packages/local_planner_msgs/liblocal_planner_msgs__rosidl_generator_py.so
[10.496s] -- Symlinking: /home/bentoaz/f1tenth_experimental_ws/install/local_planner_msgs/local/lib/python3.10/dist-packages/local_planner_msgs/local_planner_msgs_s__rosidl_typesupport_c.cpython-310-x86_64-linux-gnu.so
[10.531s] -- Symlinking: /home/bentoaz/f1tenth_experimental_ws/install/local_planner_msgs/local/lib/python3.10/dist-packages/local_planner_msgs/local_planner_msgs_s__rosidl_typesupport_fastrtps_c.cpython-310-x86_64-linux-gnu.so
[10.565s] -- Symlinking: /home/bentoaz/f1tenth_experimental_ws/install/local_planner_msgs/local/lib/python3.10/dist-packages/local_planner_msgs/local_planner_msgs_s__rosidl_typesupport_introspection_c.cpython-310-x86_64-linux-gnu.so
[10.600s] -- Symlinking: /home/bentoaz/f1tenth_experimental_ws/install/local_planner_msgs/local/lib/python3.10/dist-packages/local_planner_msgs/msg/__init__.py
[10.635s] -- Symlinking: /home/bentoaz/f1tenth_experimental_ws/install/local_planner_msgs/local/lib/python3.10/dist-packages/local_planner_msgs/msg/_trajectory.py
[10.670s] -- Symlinking: /home/bentoaz/f1tenth_experimental_ws/install/local_planner_msgs/local/lib/python3.10/dist-packages/local_planner_msgs/msg/_trajectory_list.py
[10.706s] -- Symlinking: /home/bentoaz/f1tenth_experimental_ws/install/local_planner_msgs/local/lib/python3.10/dist-packages/local_planner_msgs/msg/_trajectory_list_s.c
[10.743s] -- Symlinking: /home/bentoaz/f1tenth_experimental_ws/install/local_planner_msgs/local/lib/python3.10/dist-packages/local_planner_msgs/msg/_trajectory_s.c
[10.782s] -- Up-to-date symlink: /home/bentoaz/f1tenth_experimental_ws/install/local_planner_msgs/local/lib/python3.10/dist-packages/local_planner_msgs/local_planner_msgs_s__rosidl_typesupport_fastrtps_c.cpython-310-x86_64-linux-gnu.so
[10.782s] -- Up-to-date symlink: /home/bentoaz/f1tenth_experimental_ws/install/local_planner_msgs/local/lib/python3.10/dist-packages/local_planner_msgs/local_planner_msgs_s__rosidl_typesupport_introspection_c.cpython-310-x86_64-linux-gnu.so
[10.782s] -- Up-to-date symlink: /home/bentoaz/f1tenth_experimental_ws/install/local_planner_msgs/local/lib/python3.10/dist-packages/local_planner_msgs/local_planner_msgs_s__rosidl_typesupport_c.cpython-310-x86_64-linux-gnu.so
[10.782s] -- Symlinking: /home/bentoaz/f1tenth_experimental_ws/install/local_planner_msgs/share/local_planner_msgs/msg/TrajectoryList.idl
[10.822s] -- Symlinking: /home/bentoaz/f1tenth_experimental_ws/install/local_planner_msgs/share/local_planner_msgs/msg/Trajectory.idl
[10.857s] -- Symlinking: /home/bentoaz/f1tenth_experimental_ws/install/local_planner_msgs/share/local_planner_msgs/msg/TrajectoryList.msg
[10.892s] -- Symlinking: /home/bentoaz/f1tenth_experimental_ws/install/local_planner_msgs/share/local_planner_msgs/msg/Trajectory.msg
[10.927s] -- Symlinking: /home/bentoaz/f1tenth_experimental_ws/install/local_planner_msgs/share/ament_index/resource_index/package_run_dependencies/local_planner_msgs
[10.962s] -- Symlinking: /home/bentoaz/f1tenth_experimental_ws/install/local_planner_msgs/share/ament_index/resource_index/parent_prefix_path/local_planner_msgs
[10.995s] -- Symlinking: /home/bentoaz/f1tenth_experimental_ws/install/local_planner_msgs/share/local_planner_msgs/environment/ament_prefix_path.sh
[11.032s] -- Symlinking: /home/bentoaz/f1tenth_experimental_ws/install/local_planner_msgs/share/local_planner_msgs/environment/ament_prefix_path.dsv
[11.069s] -- Symlinking: /home/bentoaz/f1tenth_experimental_ws/install/local_planner_msgs/share/local_planner_msgs/environment/path.sh
[11.107s] -- Symlinking: /home/bentoaz/f1tenth_experimental_ws/install/local_planner_msgs/share/local_planner_msgs/environment/path.dsv
[11.144s] -- Symlinking: /home/bentoaz/f1tenth_experimental_ws/install/local_planner_msgs/share/local_planner_msgs/local_setup.bash
[11.179s] -- Symlinking: /home/bentoaz/f1tenth_experimental_ws/install/local_planner_msgs/share/local_planner_msgs/local_setup.sh
[11.215s] -- Symlinking: /home/bentoaz/f1tenth_experimental_ws/install/local_planner_msgs/share/local_planner_msgs/local_setup.zsh
[11.249s] -- Symlinking: /home/bentoaz/f1tenth_experimental_ws/install/local_planner_msgs/share/local_planner_msgs/local_setup.dsv
[11.285s] -- Symlinking: /home/bentoaz/f1tenth_experimental_ws/install/local_planner_msgs/share/local_planner_msgs/package.dsv
[11.306s] -- Symlinking: /home/bentoaz/f1tenth_experimental_ws/install/local_planner_msgs/share/ament_index/resource_index/packages/local_planner_msgs
[11.338s] -- Symlinking: /home/bentoaz/f1tenth_experimental_ws/install/local_planner_msgs/share/local_planner_msgs/cmake/rosidl_cmake-extras.cmake
[11.370s] -- Symlinking: /home/bentoaz/f1tenth_experimental_ws/install/local_planner_msgs/share/local_planner_msgs/cmake/ament_cmake_export_dependencies-extras.cmake
[11.392s] -- Symlinking: /home/bentoaz/f1tenth_experimental_ws/install/local_planner_msgs/share/local_planner_msgs/cmake/ament_cmake_export_include_directories-extras.cmake
[11.425s] -- Symlinking: /home/bentoaz/f1tenth_experimental_ws/install/local_planner_msgs/share/local_planner_msgs/cmake/ament_cmake_export_libraries-extras.cmake
[11.461s] -- Symlinking: /home/bentoaz/f1tenth_experimental_ws/install/local_planner_msgs/share/local_planner_msgs/cmake/ament_cmake_export_targets-extras.cmake
[11.498s] -- Symlinking: /home/bentoaz/f1tenth_experimental_ws/install/local_planner_msgs/share/local_planner_msgs/cmake/rosidl_cmake_export_typesupport_targets-extras.cmake
[11.534s] -- Symlinking: /home/bentoaz/f1tenth_experimental_ws/install/local_planner_msgs/share/local_planner_msgs/cmake/rosidl_cmake_export_typesupport_libraries-extras.cmake
[11.558s] -- Symlinking: /home/bentoaz/f1tenth_experimental_ws/install/local_planner_msgs/share/local_planner_msgs/cmake/local_planner_msgsConfig.cmake
[11.580s] -- Symlinking: /home/bentoaz/f1tenth_experimental_ws/install/local_planner_msgs/share/local_planner_msgs/cmake/local_planner_msgsConfig-version.cmake
[11.602s] -- Symlinking: /home/bentoaz/f1tenth_experimental_ws/install/local_planner_msgs/share/local_planner_msgs/package.xml
[11.624s] -- Installing: /home/bentoaz/f1tenth_experimental_ws/install/local_planner_msgs/lib/liblocal_planner_msgs__rosidl_generator_c.so
[11.624s] -- Set runtime path of "/home/bentoaz/f1tenth_experimental_ws/install/local_planner_msgs/lib/liblocal_planner_msgs__rosidl_generator_c.so" to ""
[11.624s] -- Installing: /home/bentoaz/f1tenth_experimental_ws/install/local_planner_msgs/lib/liblocal_planner_msgs__rosidl_typesupport_fastrtps_c.so
[11.624s] -- Set runtime path of "/home/bentoaz/f1tenth_experimental_ws/install/local_planner_msgs/lib/liblocal_planner_msgs__rosidl_typesupport_fastrtps_c.so" to ""
[11.624s] -- Installing: /home/bentoaz/f1tenth_experimental_ws/install/local_planner_msgs/lib/liblocal_planner_msgs__rosidl_typesupport_fastrtps_cpp.so
[11.625s] -- Set runtime path of "/home/bentoaz/f1tenth_experimental_ws/install/local_planner_msgs/lib/liblocal_planner_msgs__rosidl_typesupport_fastrtps_cpp.so" to ""
[11.625s] -- Installing: /home/bentoaz/f1tenth_experimental_ws/install/local_planner_msgs/lib/liblocal_planner_msgs__rosidl_typesupport_introspection_c.so
[11.625s] -- Set runtime path of "/home/bentoaz/f1tenth_experimental_ws/install/local_planner_msgs/lib/liblocal_planner_msgs__rosidl_typesupport_introspection_c.so" to ""
[11.625s] -- Installing: /home/bentoaz/f1tenth_experimental_ws/install/local_planner_msgs/lib/liblocal_planner_msgs__rosidl_typesupport_c.so
[11.625s] -- Set runtime path of "/home/bentoaz/f1tenth_experimental_ws/install/local_planner_msgs/lib/liblocal_planner_msgs__rosidl_typesupport_c.so" to ""
[11.625s] -- Installing: /home/bentoaz/f1tenth_experimental_ws/install/local_planner_msgs/lib/liblocal_planner_msgs__rosidl_typesupport_introspection_cpp.so
[11.626s] -- Set runtime path of "/home/bentoaz/f1tenth_experimental_ws/install/local_planner_msgs/lib/liblocal_planner_msgs__rosidl_typesupport_introspection_cpp.so" to ""
[11.626s] -- Installing: /home/bentoaz/f1tenth_experimental_ws/install/local_planner_msgs/lib/liblocal_planner_msgs__rosidl_typesupport_cpp.so
[11.626s] -- Set runtime path of "/home/bentoaz/f1tenth_experimental_ws/install/local_planner_msgs/lib/liblocal_planner_msgs__rosidl_typesupport_cpp.so" to ""
[11.685s] Listing '/home/bentoaz/f1tenth_experimental_ws/install/local_planner_msgs/local/lib/python3.10/dist-packages/local_planner_msgs'...
[11.685s] Compiling '/home/bentoaz/f1tenth_experimental_ws/install/local_planner_msgs/local/lib/python3.10/dist-packages/local_planner_msgs/__init__.py'...
[11.685s] Listing '/home/bentoaz/f1tenth_experimental_ws/install/local_planner_msgs/local/lib/python3.10/dist-packages/local_planner_msgs/msg'...
[11.685s] Compiling '/home/bentoaz/f1tenth_experimental_ws/install/local_planner_msgs/local/lib/python3.10/dist-packages/local_planner_msgs/msg/__init__.py'...
[11.685s] Compiling '/home/bentoaz/f1tenth_experimental_ws/install/local_planner_msgs/local/lib/python3.10/dist-packages/local_planner_msgs/msg/_trajectory.py'...
[11.686s] Compiling '/home/bentoaz/f1tenth_experimental_ws/install/local_planner_msgs/local/lib/python3.10/dist-packages/local_planner_msgs/msg/_trajectory_list.py'...
[11.689s] -- Installing: /home/bentoaz/f1tenth_experimental_ws/install/local_planner_msgs/lib/liblocal_planner_msgs__rosidl_generator_py.so
[11.689s] -- Set runtime path of "/home/bentoaz/f1tenth_experimental_ws/install/local_planner_msgs/lib/liblocal_planner_msgs__rosidl_generator_py.so" to ""
[11.689s] -- Installing: /home/bentoaz/f1tenth_experimental_ws/install/local_planner_msgs/share/local_planner_msgs/cmake/export_local_planner_msgs__rosidl_generator_cExport.cmake
[11.689s] -- Installing: /home/bentoaz/f1tenth_experimental_ws/install/local_planner_msgs/share/local_planner_msgs/cmake/export_local_planner_msgs__rosidl_generator_cExport-noconfig.cmake
[11.690s] -- Installing: /home/bentoaz/f1tenth_experimental_ws/install/local_planner_msgs/share/local_planner_msgs/cmake/export_local_planner_msgs__rosidl_typesupport_fastrtps_cExport.cmake
[11.690s] -- Installing: /home/bentoaz/f1tenth_experimental_ws/install/local_planner_msgs/share/local_planner_msgs/cmake/export_local_planner_msgs__rosidl_typesupport_fastrtps_cExport-noconfig.cmake
[11.690s] -- Installing: /home/bentoaz/f1tenth_experimental_ws/install/local_planner_msgs/share/local_planner_msgs/cmake/export_local_planner_msgs__rosidl_generator_cppExport.cmake
[11.690s] -- Installing: /home/bentoaz/f1tenth_experimental_ws/install/local_planner_msgs/share/local_planner_msgs/cmake/export_local_planner_msgs__rosidl_typesupport_fastrtps_cppExport.cmake
[11.691s] -- Installing: /home/bentoaz/f1tenth_experimental_ws/install/local_planner_msgs/share/local_planner_msgs/cmake/export_local_planner_msgs__rosidl_typesupport_fastrtps_cppExport-noconfig.cmake
[11.691s] -- Installing: /home/bentoaz/f1tenth_experimental_ws/install/local_planner_msgs/share/local_planner_msgs/cmake/local_planner_msgs__rosidl_typesupport_introspection_cExport.cmake
[11.691s] -- Installing: /home/bentoaz/f1tenth_experimental_ws/install/local_planner_msgs/share/local_planner_msgs/cmake/local_planner_msgs__rosidl_typesupport_introspection_cExport-noconfig.cmake
[11.691s] -- Installing: /home/bentoaz/f1tenth_experimental_ws/install/local_planner_msgs/share/local_planner_msgs/cmake/local_planner_msgs__rosidl_typesupport_cExport.cmake
[11.691s] -- Installing: /home/bentoaz/f1tenth_experimental_ws/install/local_planner_msgs/share/local_planner_msgs/cmake/local_planner_msgs__rosidl_typesupport_cExport-noconfig.cmake
[11.691s] -- Installing: /home/bentoaz/f1tenth_experimental_ws/install/local_planner_msgs/share/local_planner_msgs/cmake/local_planner_msgs__rosidl_typesupport_introspection_cppExport.cmake
[11.691s] -- Installing: /home/bentoaz/f1tenth_experimental_ws/install/local_planner_msgs/share/local_planner_msgs/cmake/local_planner_msgs__rosidl_typesupport_introspection_cppExport-noconfig.cmake
[11.691s] -- Installing: /home/bentoaz/f1tenth_experimental_ws/install/local_planner_msgs/share/local_planner_msgs/cmake/local_planner_msgs__rosidl_typesupport_cppExport.cmake
[11.692s] -- Installing: /home/bentoaz/f1tenth_experimental_ws/install/local_planner_msgs/share/local_planner_msgs/cmake/local_planner_msgs__rosidl_typesupport_cppExport-noconfig.cmake
[11.692s] -- Installing: /home/bentoaz/f1tenth_experimental_ws/install/local_planner_msgs/share/local_planner_msgs/cmake/export_local_planner_msgs__rosidl_generator_pyExport.cmake
[11.692s] -- Installing: /home/bentoaz/f1tenth_experimental_ws/install/local_planner_msgs/share/local_planner_msgs/cmake/export_local_planner_msgs__rosidl_generator_pyExport-noconfig.cmake
[11.694s] Invoked command in '/home/bentoaz/f1tenth_experimental_ws/build/local_planner_msgs' returned '0': CMAKE_PREFIX_PATH=${CMAKE_PREFIX_PATH}:/home/bentoaz/f1tenth_experimental_ws/install/stanley_avoidance:/home/bentoaz/f1tenth_experimental_ws/install/particle_filter:/home/bentoaz/f1tenth_experimental_ws/install/local_planner:/home/bentoaz/f1tenth_gym_ros/install/f1tenth_gym_ros:/home/bentoaz/autoware/install/autoware_carla_interface:/home/bentoaz/autoware/install/ros2agnocast:/home/bentoaz/autoware/install/autoware_adapi_visualizers:/opt/ros/humble /usr/bin/cmake --install /home/bentoaz/f1tenth_experimental_ws/build/local_planner_msgs
