[1.217s] Invoking command in '/home/bentoaz/f1tenth_experimental_ws/build/stanley_avoidance': PYTHONPATH=/home/bentoaz/f1tenth_experimental_ws/build/stanley_avoidance/prefix_override:/usr/lib/python3/dist-packages/colcon_core/task/python/colcon_distutils_commands:/home/bentoaz/f1tenth_experimental_ws/install/stanley_avoidance/lib/python3.10/site-packages:${PYTHONPATH} /usr/bin/python3 -W ignore:setup.py install is deprecated -W ignore:easy_install command is deprecated setup.py develop --editable --build-directory /home/bentoaz/f1tenth_experimental_ws/build/stanley_avoidance/build --no-deps symlink_data
[1.455s] /usr/lib/python3/dist-packages/setuptools/dist.py:723: UserWarning: Usage of dash-separated 'script-dir' will not be supported in future versions. Please use the underscore name 'script_dir' instead
[1.455s]   warnings.warn(
[1.484s] running develop
[1.742s] running egg_info
[1.742s] creating stanley_avoidance.egg-info
[1.742s] writing stanley_avoidance.egg-info/PKG-INFO
[1.742s] writing dependency_links to stanley_avoidance.egg-info/dependency_links.txt
[1.742s] writing entry points to stanley_avoidance.egg-info/entry_points.txt
[1.742s] writing requirements to stanley_avoidance.egg-info/requires.txt
[1.742s] writing top-level names to stanley_avoidance.egg-info/top_level.txt
[1.742s] writing manifest file 'stanley_avoidance.egg-info/SOURCES.txt'
[1.743s] reading manifest file 'stanley_avoidance.egg-info/SOURCES.txt'
[1.744s] writing manifest file 'stanley_avoidance.egg-info/SOURCES.txt'
[1.772s] running build_ext
[1.772s] Creating /home/bentoaz/f1tenth_experimental_ws/install/stanley_avoidance/lib/python3.10/site-packages/stanley-avoidance.egg-link (link to .)
[1.773s] Installing stanley_avoidance script to /home/bentoaz/f1tenth_experimental_ws/install/stanley_avoidance/lib/stanley_avoidance
[1.773s] 
[1.773s] Installed /home/bentoaz/f1tenth_experimental_ws/build/stanley_avoidance
[1.773s] running symlink_data
[1.798s] Invoked command in '/home/bentoaz/f1tenth_experimental_ws/build/stanley_avoidance' returned '0': PYTHONPATH=/home/bentoaz/f1tenth_experimental_ws/build/stanley_avoidance/prefix_override:/usr/lib/python3/dist-packages/colcon_core/task/python/colcon_distutils_commands:/home/bentoaz/f1tenth_experimental_ws/install/stanley_avoidance/lib/python3.10/site-packages:${PYTHONPATH} /usr/bin/python3 -W ignore:setup.py install is deprecated -W ignore:easy_install command is deprecated setup.py develop --editable --build-directory /home/bentoaz/f1tenth_experimental_ws/build/stanley_avoidance/build --no-deps symlink_data
