[0.134s] Invoking command in '/home/bentoaz/f1tenth_experimental_ws/build/gap_follow': CMAKE_PREFIX_PATH=${CMAKE_PREFIX_PATH}:/home/bentoaz/f1tenth_experimental_ws/install/stanley_avoidance:/home/bentoaz/f1tenth_experimental_ws/install/particle_filter:/home/bentoaz/f1tenth_experimental_ws/install/local_planner:/home/bentoaz/f1tenth_gym_ros/install/f1tenth_gym_ros:/home/bentoaz/autoware/install/autoware_carla_interface:/home/bentoaz/autoware/install/ros2agnocast:/home/bentoaz/autoware/install/autoware_adapi_visualizers:/opt/ros/humble /usr/bin/cmake --build /home/bentoaz/f1tenth_experimental_ws/build/gap_follow -- -j16 -l16
[0.872s] [100%] Built target reactive_node
[0.872s] [100%] Built target ament_cmake_python_symlink_gap_follow
[0.872s] [100%] Built target ament_cmake_python_symlink_gap_follow_setup
[0.872s] running egg_info
[0.873s] writing gap_follow.egg-info/PKG-INFO
[0.873s] writing dependency_links to gap_follow.egg-info/dependency_links.txt
[0.873s] writing top-level names to gap_follow.egg-info/top_level.txt
[0.873s] reading manifest file 'gap_follow.egg-info/SOURCES.txt'
[0.873s] writing manifest file 'gap_follow.egg-info/SOURCES.txt'
[0.873s] [100%] Built target ament_cmake_python_build_gap_follow_egg
[0.873s] /usr/lib/python3/dist-packages/setuptools/dist.py:723: UserWarning: Usage of dash-separated 'script-dir' will not be supported in future versions. Please use the underscore name 'script_dir' instead
[0.873s]   warnings.warn(
[0.873s] /usr/lib/python3/dist-packages/setuptools/dist.py:723: UserWarning: Usage of dash-separated 'install-scripts' will not be supported in future versions. Please use the underscore name 'install_scripts' instead
[0.873s]   warnings.warn(
[0.874s] Invoked command in '/home/bentoaz/f1tenth_experimental_ws/build/gap_follow' returned '0': CMAKE_PREFIX_PATH=${CMAKE_PREFIX_PATH}:/home/bentoaz/f1tenth_experimental_ws/install/stanley_avoidance:/home/bentoaz/f1tenth_experimental_ws/install/particle_filter:/home/bentoaz/f1tenth_experimental_ws/install/local_planner:/home/bentoaz/f1tenth_gym_ros/install/f1tenth_gym_ros:/home/bentoaz/autoware/install/autoware_carla_interface:/home/bentoaz/autoware/install/ros2agnocast:/home/bentoaz/autoware/install/autoware_adapi_visualizers:/opt/ros/humble /usr/bin/cmake --build /home/bentoaz/f1tenth_experimental_ws/build/gap_follow -- -j16 -l16
[0.894s] Invoking command in '/home/bentoaz/f1tenth_experimental_ws/build/gap_follow': CMAKE_PREFIX_PATH=${CMAKE_PREFIX_PATH}:/home/bentoaz/f1tenth_experimental_ws/install/stanley_avoidance:/home/bentoaz/f1tenth_experimental_ws/install/particle_filter:/home/bentoaz/f1tenth_experimental_ws/install/local_planner:/home/bentoaz/f1tenth_gym_ros/install/f1tenth_gym_ros:/home/bentoaz/autoware/install/autoware_carla_interface:/home/bentoaz/autoware/install/ros2agnocast:/home/bentoaz/autoware/install/autoware_adapi_visualizers:/opt/ros/humble /usr/bin/cmake --install /home/bentoaz/f1tenth_experimental_ws/build/gap_follow
[0.923s] -- Install configuration: ""
[0.924s] -- Execute custom install script
[0.924s] -- Up-to-date symlink: /home/bentoaz/f1tenth_experimental_ws/install/gap_follow/lib/gap_follow/reactive_node
[0.924s] -- Up-to-date symlink: /home/bentoaz/f1tenth_experimental_ws/install/gap_follow/share/gap_follow/environment/pythonpath.sh
[0.924s] -- Up-to-date symlink: /home/bentoaz/f1tenth_experimental_ws/install/gap_follow/share/gap_follow/environment/pythonpath.dsv
[0.925s] -- Up-to-date symlink: /home/bentoaz/f1tenth_experimental_ws/install/gap_follow/local/lib/python3.10/dist-packages/gap_follow-0.0.0-py3.10.egg-info/PKG-INFO
[0.925s] -- Up-to-date symlink: /home/bentoaz/f1tenth_experimental_ws/install/gap_follow/local/lib/python3.10/dist-packages/gap_follow-0.0.0-py3.10.egg-info/SOURCES.txt
[0.925s] -- Up-to-date symlink: /home/bentoaz/f1tenth_experimental_ws/install/gap_follow/local/lib/python3.10/dist-packages/gap_follow-0.0.0-py3.10.egg-info/dependency_links.txt
[0.925s] -- Up-to-date symlink: /home/bentoaz/f1tenth_experimental_ws/install/gap_follow/local/lib/python3.10/dist-packages/gap_follow-0.0.0-py3.10.egg-info/top_level.txt
[0.926s] -- Up-to-date symlink: /home/bentoaz/f1tenth_experimental_ws/install/gap_follow/local/lib/python3.10/dist-packages/gap_follow/__init__.py
[0.926s] -- Up-to-date symlink: /home/bentoaz/f1tenth_experimental_ws/install/gap_follow/lib/gap_follow/reactive_node.py
[0.926s] -- Up-to-date symlink: /home/bentoaz/f1tenth_experimental_ws/install/gap_follow/share/ament_index/resource_index/package_run_dependencies/gap_follow
[0.926s] -- Up-to-date symlink: /home/bentoaz/f1tenth_experimental_ws/install/gap_follow/share/ament_index/resource_index/parent_prefix_path/gap_follow
[0.926s] -- Up-to-date symlink: /home/bentoaz/f1tenth_experimental_ws/install/gap_follow/share/gap_follow/environment/ament_prefix_path.sh
[0.926s] -- Up-to-date symlink: /home/bentoaz/f1tenth_experimental_ws/install/gap_follow/share/gap_follow/environment/ament_prefix_path.dsv
[0.926s] -- Up-to-date symlink: /home/bentoaz/f1tenth_experimental_ws/install/gap_follow/share/gap_follow/environment/path.sh
[0.927s] -- Up-to-date symlink: /home/bentoaz/f1tenth_experimental_ws/install/gap_follow/share/gap_follow/environment/path.dsv
[0.927s] -- Up-to-date symlink: /home/bentoaz/f1tenth_experimental_ws/install/gap_follow/share/gap_follow/local_setup.bash
[0.927s] -- Up-to-date symlink: /home/bentoaz/f1tenth_experimental_ws/install/gap_follow/share/gap_follow/local_setup.sh
[0.927s] -- Up-to-date symlink: /home/bentoaz/f1tenth_experimental_ws/install/gap_follow/share/gap_follow/local_setup.zsh
[0.927s] -- Up-to-date symlink: /home/bentoaz/f1tenth_experimental_ws/install/gap_follow/share/gap_follow/local_setup.dsv
[0.927s] -- Symlinking: /home/bentoaz/f1tenth_experimental_ws/install/gap_follow/share/gap_follow/package.dsv
[0.962s] -- Up-to-date symlink: /home/bentoaz/f1tenth_experimental_ws/install/gap_follow/share/ament_index/resource_index/packages/gap_follow
[0.963s] -- Up-to-date symlink: /home/bentoaz/f1tenth_experimental_ws/install/gap_follow/share/gap_follow/cmake/gap_followConfig.cmake
[0.963s] -- Up-to-date symlink: /home/bentoaz/f1tenth_experimental_ws/install/gap_follow/share/gap_follow/cmake/gap_followConfig-version.cmake
[0.963s] -- Up-to-date symlink: /home/bentoaz/f1tenth_experimental_ws/install/gap_follow/share/gap_follow/package.xml
[1.037s] Listing '/home/bentoaz/f1tenth_experimental_ws/install/gap_follow/local/lib/python3.10/dist-packages/gap_follow'...
[1.043s] Invoked command in '/home/bentoaz/f1tenth_experimental_ws/build/gap_follow' returned '0': CMAKE_PREFIX_PATH=${CMAKE_PREFIX_PATH}:/home/bentoaz/f1tenth_experimental_ws/install/stanley_avoidance:/home/bentoaz/f1tenth_experimental_ws/install/particle_filter:/home/bentoaz/f1tenth_experimental_ws/install/local_planner:/home/bentoaz/f1tenth_gym_ros/install/f1tenth_gym_ros:/home/bentoaz/autoware/install/autoware_carla_interface:/home/bentoaz/autoware/install/ros2agnocast:/home/bentoaz/autoware/install/autoware_adapi_visualizers:/opt/ros/humble /usr/bin/cmake --install /home/bentoaz/f1tenth_experimental_ws/build/gap_follow
