[0.722s] Invoking command in '/home/bentoaz/f1tenth_experimental_ws/build/waypoint_generator': CMAKE_PREFIX_PATH=${CMAKE_PREFIX_PATH}:/home/bentoaz/f1tenth_gym_ros/install/f1tenth_gym_ros:/home/bentoaz/autoware/install/autoware_carla_interface:/home/bentoaz/autoware/install/ros2agnocast:/home/bentoaz/autoware/install/autoware_adapi_visualizers:/opt/ros/humble /usr/bin/cmake --build /home/bentoaz/f1tenth_experimental_ws/build/waypoint_generator -- -j16 -l16
[0.840s] [35m[1mConsolidate compiler generated dependencies of target waypoint_generator[0m
[0.880s] [100%] Built target waypoint_generator
[0.903s] Invoked command in '/home/bentoaz/f1tenth_experimental_ws/build/waypoint_generator' returned '0': CMAKE_PREFIX_PATH=${CMAKE_PREFIX_PATH}:/home/bentoaz/f1tenth_gym_ros/install/f1tenth_gym_ros:/home/bentoaz/autoware/install/autoware_carla_interface:/home/bentoaz/autoware/install/ros2agnocast:/home/bentoaz/autoware/install/autoware_adapi_visualizers:/opt/ros/humble /usr/bin/cmake --build /home/bentoaz/f1tenth_experimental_ws/build/waypoint_generator -- -j16 -l16
[0.905s] Invoking command in '/home/bentoaz/f1tenth_experimental_ws/build/waypoint_generator': CMAKE_PREFIX_PATH=${CMAKE_PREFIX_PATH}:/home/bentoaz/f1tenth_gym_ros/install/f1tenth_gym_ros:/home/bentoaz/autoware/install/autoware_carla_interface:/home/bentoaz/autoware/install/ros2agnocast:/home/bentoaz/autoware/install/autoware_adapi_visualizers:/opt/ros/humble /usr/bin/cmake --install /home/bentoaz/f1tenth_experimental_ws/build/waypoint_generator
[0.926s] -- Install configuration: ""
[0.926s] -- Installing: /home/bentoaz/f1tenth_experimental_ws/install/waypoint_generator/lib/waypoint_generator/waypoint_generator
[0.928s] -- Set runtime path of "/home/bentoaz/f1tenth_experimental_ws/install/waypoint_generator/lib/waypoint_generator/waypoint_generator" to ""
[0.928s] -- Installing: /home/bentoaz/f1tenth_experimental_ws/install/waypoint_generator/share/ament_index/resource_index/package_run_dependencies/waypoint_generator
[0.928s] -- Installing: /home/bentoaz/f1tenth_experimental_ws/install/waypoint_generator/share/ament_index/resource_index/parent_prefix_path/waypoint_generator
[0.928s] -- Installing: /home/bentoaz/f1tenth_experimental_ws/install/waypoint_generator/share/waypoint_generator/environment/ament_prefix_path.sh
[0.928s] -- Installing: /home/bentoaz/f1tenth_experimental_ws/install/waypoint_generator/share/waypoint_generator/environment/ament_prefix_path.dsv
[0.928s] -- Installing: /home/bentoaz/f1tenth_experimental_ws/install/waypoint_generator/share/waypoint_generator/environment/path.sh
[0.928s] -- Installing: /home/bentoaz/f1tenth_experimental_ws/install/waypoint_generator/share/waypoint_generator/environment/path.dsv
[0.928s] -- Installing: /home/bentoaz/f1tenth_experimental_ws/install/waypoint_generator/share/waypoint_generator/local_setup.bash
[0.928s] -- Installing: /home/bentoaz/f1tenth_experimental_ws/install/waypoint_generator/share/waypoint_generator/local_setup.sh
[0.928s] -- Installing: /home/bentoaz/f1tenth_experimental_ws/install/waypoint_generator/share/waypoint_generator/local_setup.zsh
[0.928s] -- Installing: /home/bentoaz/f1tenth_experimental_ws/install/waypoint_generator/share/waypoint_generator/local_setup.dsv
[0.929s] -- Installing: /home/bentoaz/f1tenth_experimental_ws/install/waypoint_generator/share/waypoint_generator/package.dsv
[0.929s] -- Installing: /home/bentoaz/f1tenth_experimental_ws/install/waypoint_generator/share/ament_index/resource_index/packages/waypoint_generator
[0.929s] -- Installing: /home/bentoaz/f1tenth_experimental_ws/install/waypoint_generator/share/waypoint_generator/cmake/waypoint_generatorConfig.cmake
[0.929s] -- Installing: /home/bentoaz/f1tenth_experimental_ws/install/waypoint_generator/share/waypoint_generator/cmake/waypoint_generatorConfig-version.cmake
[0.929s] -- Installing: /home/bentoaz/f1tenth_experimental_ws/install/waypoint_generator/share/waypoint_generator/package.xml
[1.186s] Invoked command in '/home/bentoaz/f1tenth_experimental_ws/build/waypoint_generator' returned '0': CMAKE_PREFIX_PATH=${CMAKE_PREFIX_PATH}:/home/bentoaz/f1tenth_gym_ros/install/f1tenth_gym_ros:/home/bentoaz/autoware/install/autoware_carla_interface:/home/bentoaz/autoware/install/ros2agnocast:/home/bentoaz/autoware/install/autoware_adapi_visualizers:/opt/ros/humble /usr/bin/cmake --install /home/bentoaz/f1tenth_experimental_ws/build/waypoint_generator
