[0.606s] Invoking command in '/home/bentoaz/f1tenth_experimental_ws/src/local_planner': AMENT_PREFIX_PATH=/home/bentoaz/f1tenth_experimental_ws/install/local_planner_msgs:${AMENT_PREFIX_PATH} CMAKE_PREFIX_PATH=/home/bentoaz/f1tenth_experimental_ws/install/local_planner_msgs:${CMAKE_PREFIX_PATH} LD_LIBRARY_PATH=/home/bentoaz/f1tenth_experimental_ws/install/local_planner_msgs/lib:${LD_LIBRARY_PATH} PYTHONPATH=/home/bentoaz/f1tenth_experimental_ws/build/local_planner/prefix_override:/usr/lib/python3/dist-packages/colcon_core/task/python/colcon_distutils_commands:/home/bentoaz/f1tenth_experimental_ws/install/local_planner/lib/python3.10/site-packages:/home/bentoaz/f1tenth_experimental_ws/install/local_planner_msgs/local/lib/python3.10/dist-packages:${PYTHONPATH} /usr/bin/python3 -W ignore:setup.py install is deprecated -W ignore:easy_install command is deprecated setup.py egg_info --egg-base ../../build/local_planner build --build-base /home/bentoaz/f1tenth_experimental_ws/build/local_planner/build install --record /home/bentoaz/f1tenth_experimental_ws/build/local_planner/install.log --single-version-externally-managed install_data
[0.805s] running egg_info
[0.806s] creating ../../build/local_planner/local_planner.egg-info
[0.806s] writing ../../build/local_planner/local_planner.egg-info/PKG-INFO
[0.806s] writing dependency_links to ../../build/local_planner/local_planner.egg-info/dependency_links.txt
[0.806s] writing entry points to ../../build/local_planner/local_planner.egg-info/entry_points.txt
[0.806s] writing requirements to ../../build/local_planner/local_planner.egg-info/requires.txt
[0.806s] writing top-level names to ../../build/local_planner/local_planner.egg-info/top_level.txt
[0.806s] writing manifest file '../../build/local_planner/local_planner.egg-info/SOURCES.txt'
[0.807s] reading manifest file '../../build/local_planner/local_planner.egg-info/SOURCES.txt'
[0.807s] writing manifest file '../../build/local_planner/local_planner.egg-info/SOURCES.txt'
[0.807s] running build
[0.807s] running build_py
[0.807s] creating /home/bentoaz/f1tenth_experimental_ws/build/local_planner/build
[0.808s] creating /home/bentoaz/f1tenth_experimental_ws/build/local_planner/build/lib
[0.808s] creating /home/bentoaz/f1tenth_experimental_ws/build/local_planner/build/lib/local_planner
[0.808s] copying local_planner/__init__.py -> /home/bentoaz/f1tenth_experimental_ws/build/local_planner/build/lib/local_planner
[0.808s] copying local_planner/traj_server.py -> /home/bentoaz/f1tenth_experimental_ws/build/local_planner/build/lib/local_planner
[0.808s] copying local_planner/constants.py -> /home/bentoaz/f1tenth_experimental_ws/build/local_planner/build/lib/local_planner
[0.808s] copying local_planner/traj_selecter.py -> /home/bentoaz/f1tenth_experimental_ws/build/local_planner/build/lib/local_planner
[0.808s] copying local_planner/cost_utils.py -> /home/bentoaz/f1tenth_experimental_ws/build/local_planner/build/lib/local_planner
[0.808s] copying local_planner/visualizer.py -> /home/bentoaz/f1tenth_experimental_ws/build/local_planner/build/lib/local_planner
[0.808s] running install
[0.808s] running install_lib
[0.808s] creating /home/bentoaz/f1tenth_experimental_ws/install/local_planner/lib/python3.10/site-packages/local_planner
[0.808s] copying /home/bentoaz/f1tenth_experimental_ws/build/local_planner/build/lib/local_planner/__init__.py -> /home/bentoaz/f1tenth_experimental_ws/install/local_planner/lib/python3.10/site-packages/local_planner
[0.808s] copying /home/bentoaz/f1tenth_experimental_ws/build/local_planner/build/lib/local_planner/traj_server.py -> /home/bentoaz/f1tenth_experimental_ws/install/local_planner/lib/python3.10/site-packages/local_planner
[0.808s] copying /home/bentoaz/f1tenth_experimental_ws/build/local_planner/build/lib/local_planner/constants.py -> /home/bentoaz/f1tenth_experimental_ws/install/local_planner/lib/python3.10/site-packages/local_planner
[0.808s] copying /home/bentoaz/f1tenth_experimental_ws/build/local_planner/build/lib/local_planner/traj_selecter.py -> /home/bentoaz/f1tenth_experimental_ws/install/local_planner/lib/python3.10/site-packages/local_planner
[0.809s] copying /home/bentoaz/f1tenth_experimental_ws/build/local_planner/build/lib/local_planner/cost_utils.py -> /home/bentoaz/f1tenth_experimental_ws/install/local_planner/lib/python3.10/site-packages/local_planner
[0.809s] copying /home/bentoaz/f1tenth_experimental_ws/build/local_planner/build/lib/local_planner/visualizer.py -> /home/bentoaz/f1tenth_experimental_ws/install/local_planner/lib/python3.10/site-packages/local_planner
[0.809s] byte-compiling /home/bentoaz/f1tenth_experimental_ws/install/local_planner/lib/python3.10/site-packages/local_planner/__init__.py to __init__.cpython-310.pyc
[0.809s] byte-compiling /home/bentoaz/f1tenth_experimental_ws/install/local_planner/lib/python3.10/site-packages/local_planner/traj_server.py to traj_server.cpython-310.pyc
[0.810s] byte-compiling /home/bentoaz/f1tenth_experimental_ws/install/local_planner/lib/python3.10/site-packages/local_planner/constants.py to constants.cpython-310.pyc
[0.810s] byte-compiling /home/bentoaz/f1tenth_experimental_ws/install/local_planner/lib/python3.10/site-packages/local_planner/traj_selecter.py to traj_selecter.cpython-310.pyc
[0.810s] byte-compiling /home/bentoaz/f1tenth_experimental_ws/install/local_planner/lib/python3.10/site-packages/local_planner/cost_utils.py to cost_utils.cpython-310.pyc
[0.810s] byte-compiling /home/bentoaz/f1tenth_experimental_ws/install/local_planner/lib/python3.10/site-packages/local_planner/visualizer.py to visualizer.cpython-310.pyc
[0.811s] running install_data
[0.811s] creating /home/bentoaz/f1tenth_experimental_ws/install/local_planner/share/ament_index
[0.811s] creating /home/bentoaz/f1tenth_experimental_ws/install/local_planner/share/ament_index/resource_index
[0.811s] creating /home/bentoaz/f1tenth_experimental_ws/install/local_planner/share/ament_index/resource_index/packages
[0.811s] copying resource/local_planner -> /home/bentoaz/f1tenth_experimental_ws/install/local_planner/share/ament_index/resource_index/packages
[0.811s] copying package.xml -> /home/bentoaz/f1tenth_experimental_ws/install/local_planner/share/local_planner
[0.812s] creating /home/bentoaz/f1tenth_experimental_ws/install/local_planner/share/local_planner/launch
[0.812s] copying launch/local_planner_launch.py -> /home/bentoaz/f1tenth_experimental_ws/install/local_planner/share/local_planner/launch
[0.812s] running install_egg_info
[0.812s] Copying ../../build/local_planner/local_planner.egg-info to /home/bentoaz/f1tenth_experimental_ws/install/local_planner/lib/python3.10/site-packages/local_planner-0.0.0-py3.10.egg-info
[0.813s] running install_scripts
[0.827s] Installing traj_selecter script to /home/bentoaz/f1tenth_experimental_ws/install/local_planner/lib/local_planner
[0.827s] Installing traj_server script to /home/bentoaz/f1tenth_experimental_ws/install/local_planner/lib/local_planner
[0.827s] Installing visualizer script to /home/bentoaz/f1tenth_experimental_ws/install/local_planner/lib/local_planner
[0.827s] writing list of installed files to '/home/bentoaz/f1tenth_experimental_ws/build/local_planner/install.log'
[0.839s] Invoked command in '/home/bentoaz/f1tenth_experimental_ws/src/local_planner' returned '0': AMENT_PREFIX_PATH=/home/bentoaz/f1tenth_experimental_ws/install/local_planner_msgs:${AMENT_PREFIX_PATH} CMAKE_PREFIX_PATH=/home/bentoaz/f1tenth_experimental_ws/install/local_planner_msgs:${CMAKE_PREFIX_PATH} LD_LIBRARY_PATH=/home/bentoaz/f1tenth_experimental_ws/install/local_planner_msgs/lib:${LD_LIBRARY_PATH} PYTHONPATH=/home/bentoaz/f1tenth_experimental_ws/build/local_planner/prefix_override:/usr/lib/python3/dist-packages/colcon_core/task/python/colcon_distutils_commands:/home/bentoaz/f1tenth_experimental_ws/install/local_planner/lib/python3.10/site-packages:/home/bentoaz/f1tenth_experimental_ws/install/local_planner_msgs/local/lib/python3.10/dist-packages:${PYTHONPATH} /usr/bin/python3 -W ignore:setup.py install is deprecated -W ignore:easy_install command is deprecated setup.py egg_info --egg-base ../../build/local_planner build --build-base /home/bentoaz/f1tenth_experimental_ws/build/local_planner/build install --record /home/bentoaz/f1tenth_experimental_ws/build/local_planner/install.log --single-version-externally-managed install_data
