-- The C compiler identification is GNU 11.4.0
-- The CXX compiler identification is GNU 11.4.0
-- Detecting C compiler ABI info
-- Detecting C compiler ABI info - done
-- Check for working C compiler: /usr/bin/cc - skipped
-- Detecting C compile features
-- Detecting C compile features - done
-- Detecting CXX compiler ABI info
-- Detecting CXX compiler ABI info - done
-- Check for working CXX compiler: /usr/bin/c++ - skipped
-- Detecting CXX compile features
-- Detecting CXX compile features - done
-- Found ament_cmake: 1.3.11 (/opt/ros/humble/share/ament_cmake/cmake)
-- Found Python3: /usr/bin/python3 (found version "3.10.12") found components: Interpreter 
-- Override CMake install command with custom implementation using symlinks instead of copying resources
-- Found rclcpp: 16.0.12 (/opt/ros/humble/share/rclcpp/cmake)
-- Found rosidl_generator_c: 3.1.6 (/opt/ros/humble/share/rosidl_generator_c/cmake)
-- Found rosidl_adapter: 3.1.6 (/opt/ros/humble/share/rosidl_adapter/cmake)
-- Found rosidl_generator_cpp: 3.1.6 (/opt/ros/humble/share/rosidl_generator_cpp/cmake)
-- Using all available rosidl_typesupport_c: rosidl_typesupport_fastrtps_c;rosidl_typesupport_introspection_c
-- Using all available rosidl_typesupport_cpp: rosidl_typesupport_fastrtps_cpp;rosidl_typesupport_introspection_cpp
-- Found rmw_implementation_cmake: 6.1.2 (/opt/ros/humble/share/rmw_implementation_cmake/cmake)
-- Found rmw_cyclonedds_cpp: 1.3.4 (/opt/ros/humble/share/rmw_cyclonedds_cpp/cmake)
-- Using RMW implementation 'rmw_cyclonedds_cpp' as default
-- Looking for pthread.h
-- Looking for pthread.h - found
-- Performing Test CMAKE_HAVE_LIBC_PTHREAD
-- Performing Test CMAKE_HAVE_LIBC_PTHREAD - Success
-- Found Threads: TRUE  
-- Found rclpy: 3.3.16 (/opt/ros/humble/share/rclpy/cmake)
-- Found geometry_msgs: 4.9.0 (/opt/ros/humble/share/geometry_msgs/cmake)
-- Found nav_msgs: 4.9.0 (/opt/ros/humble/share/nav_msgs/cmake)
-- Found ackermann_msgs: 2.0.2 (/opt/ros/humble/share/ackermann_msgs/cmake)
-- Found sensor_msgs: 4.9.0 (/opt/ros/humble/share/sensor_msgs/cmake)
-- Found visualization_msgs: 4.9.0 (/opt/ros/humble/share/visualization_msgs/cmake)
-- Found tf2_ros: 0.25.13 (/opt/ros/humble/share/tf2_ros/cmake)
-- Configuring done
-- Generating done
-- Build files have been written to: /home/bentoaz/f1tenth_experimental_ws/build/waypoint_generator
[ 50%] [32mBuilding CXX object CMakeFiles/waypoint_generator.dir/src/waypoint_generator.cpp.o[0m
[100%] [32m[1mLinking CXX executable waypoint_generator[0m
[100%] Built target waypoint_generator
-- Install configuration: ""
-- Execute custom install script
-- Symlinking: /home/bentoaz/f1tenth_experimental_ws/install/waypoint_generator/lib/waypoint_generator/waypoint_generator
-- Symlinking: /home/bentoaz/f1tenth_experimental_ws/install/waypoint_generator/share/ament_index/resource_index/package_run_dependencies/waypoint_generator
-- Symlinking: /home/bentoaz/f1tenth_experimental_ws/install/waypoint_generator/share/ament_index/resource_index/parent_prefix_path/waypoint_generator
-- Symlinking: /home/bentoaz/f1tenth_experimental_ws/install/waypoint_generator/share/waypoint_generator/environment/ament_prefix_path.sh
-- Symlinking: /home/bentoaz/f1tenth_experimental_ws/install/waypoint_generator/share/waypoint_generator/environment/ament_prefix_path.dsv
-- Symlinking: /home/bentoaz/f1tenth_experimental_ws/install/waypoint_generator/share/waypoint_generator/environment/path.sh
-- Symlinking: /home/bentoaz/f1tenth_experimental_ws/install/waypoint_generator/share/waypoint_generator/environment/path.dsv
-- Symlinking: /home/bentoaz/f1tenth_experimental_ws/install/waypoint_generator/share/waypoint_generator/local_setup.bash
-- Symlinking: /home/bentoaz/f1tenth_experimental_ws/install/waypoint_generator/share/waypoint_generator/local_setup.sh
-- Symlinking: /home/bentoaz/f1tenth_experimental_ws/install/waypoint_generator/share/waypoint_generator/local_setup.zsh
-- Symlinking: /home/bentoaz/f1tenth_experimental_ws/install/waypoint_generator/share/waypoint_generator/local_setup.dsv
-- Symlinking: /home/bentoaz/f1tenth_experimental_ws/install/waypoint_generator/share/waypoint_generator/package.dsv
-- Symlinking: /home/bentoaz/f1tenth_experimental_ws/install/waypoint_generator/share/ament_index/resource_index/packages/waypoint_generator
-- Symlinking: /home/bentoaz/f1tenth_experimental_ws/install/waypoint_generator/share/waypoint_generator/cmake/waypoint_generatorConfig.cmake
-- Symlinking: /home/bentoaz/f1tenth_experimental_ws/install/waypoint_generator/share/waypoint_generator/cmake/waypoint_generatorConfig-version.cmake
-- Symlinking: /home/bentoaz/f1tenth_experimental_ws/install/waypoint_generator/share/waypoint_generator/package.xml
