[0.825s] Invoking command in '/home/bentoaz/f1tenth_experimental_ws/build/waypoint_generator': CMAKE_PREFIX_PATH=${CMAKE_PREFIX_PATH}:/home/bentoaz/f1tenth_gym_ros/install/f1tenth_gym_ros:/home/bentoaz/autoware/install/autoware_carla_interface:/home/bentoaz/autoware/install/ros2agnocast:/home/bentoaz/autoware/install/autoware_adapi_visualizers:/opt/ros/humble /usr/bin/cmake /home/bentoaz/f1tenth_experimental_ws/src/waypoint_generator -DAMENT_CMAKE_SYMLINK_INSTALL=1 -DCMAKE_INSTALL_PREFIX=/home/bentoaz/f1tenth_experimental_ws/install/waypoint_generator
[0.956s] -- The C compiler identification is GNU 11.4.0
[1.044s] -- The CXX compiler identification is GNU 11.4.0
[1.057s] -- Detecting C compiler ABI info
[1.263s] -- Detecting C compiler ABI info - done
[1.268s] -- Check for working C compiler: /usr/bin/cc - skipped
[1.268s] -- Detecting C compile features
[1.268s] -- Detecting C compile features - done
[1.271s] -- Detecting CXX compiler ABI info
[1.492s] -- Detecting CXX compiler ABI info - done
[1.501s] -- Check for working CXX compiler: /usr/bin/c++ - skipped
[1.502s] -- Detecting CXX compile features
[1.502s] -- Detecting CXX compile features - done
[1.540s] -- Found ament_cmake: 1.3.11 (/opt/ros/humble/share/ament_cmake/cmake)
[1.882s] -- Found Python3: /usr/bin/python3 (found version "3.10.12") found components: Interpreter 
[1.958s] -- Override CMake install command with custom implementation using symlinks instead of copying resources
[2.219s] -- Found rclcpp: 16.0.12 (/opt/ros/humble/share/rclcpp/cmake)
[2.472s] -- Found rosidl_generator_c: 3.1.6 (/opt/ros/humble/share/rosidl_generator_c/cmake)
[2.508s] -- Found rosidl_adapter: 3.1.6 (/opt/ros/humble/share/rosidl_adapter/cmake)
[2.547s] -- Found rosidl_generator_cpp: 3.1.6 (/opt/ros/humble/share/rosidl_generator_cpp/cmake)
[2.615s] -- Using all available rosidl_typesupport_c: rosidl_typesupport_fastrtps_c;rosidl_typesupport_introspection_c
[2.701s] -- Using all available rosidl_typesupport_cpp: rosidl_typesupport_fastrtps_cpp;rosidl_typesupport_introspection_cpp
[2.919s] -- Found rmw_implementation_cmake: 6.1.2 (/opt/ros/humble/share/rmw_implementation_cmake/cmake)
[2.963s] -- Found rmw_cyclonedds_cpp: 1.3.4 (/opt/ros/humble/share/rmw_cyclonedds_cpp/cmake)
[3.099s] -- Using RMW implementation 'rmw_cyclonedds_cpp' as default
[3.150s] -- Looking for pthread.h
[3.296s] -- Looking for pthread.h - found
[3.296s] -- Performing Test CMAKE_HAVE_LIBC_PTHREAD
[3.463s] -- Performing Test CMAKE_HAVE_LIBC_PTHREAD - Success
[3.464s] -- Found Threads: TRUE  
[3.645s] -- Found rclpy: 3.3.16 (/opt/ros/humble/share/rclpy/cmake)
[3.663s] -- Found geometry_msgs: 4.9.0 (/opt/ros/humble/share/geometry_msgs/cmake)
[3.689s] -- Found nav_msgs: 4.9.0 (/opt/ros/humble/share/nav_msgs/cmake)
[3.743s] -- Found ackermann_msgs: 2.0.2 (/opt/ros/humble/share/ackermann_msgs/cmake)
[3.794s] -- Found sensor_msgs: 4.9.0 (/opt/ros/humble/share/sensor_msgs/cmake)
[3.848s] -- Found visualization_msgs: 4.9.0 (/opt/ros/humble/share/visualization_msgs/cmake)
[3.945s] -- Found tf2_ros: 0.25.13 (/opt/ros/humble/share/tf2_ros/cmake)
[4.796s] -- Configuring done
[4.808s] -- Generating done
[4.811s] -- Build files have been written to: /home/bentoaz/f1tenth_experimental_ws/build/waypoint_generator
[4.819s] Invoked command in '/home/bentoaz/f1tenth_experimental_ws/build/waypoint_generator' returned '0': CMAKE_PREFIX_PATH=${CMAKE_PREFIX_PATH}:/home/bentoaz/f1tenth_gym_ros/install/f1tenth_gym_ros:/home/bentoaz/autoware/install/autoware_carla_interface:/home/bentoaz/autoware/install/ros2agnocast:/home/bentoaz/autoware/install/autoware_adapi_visualizers:/opt/ros/humble /usr/bin/cmake /home/bentoaz/f1tenth_experimental_ws/src/waypoint_generator -DAMENT_CMAKE_SYMLINK_INSTALL=1 -DCMAKE_INSTALL_PREFIX=/home/bentoaz/f1tenth_experimental_ws/install/waypoint_generator
[4.821s] Invoking command in '/home/bentoaz/f1tenth_experimental_ws/build/waypoint_generator': CMAKE_PREFIX_PATH=${CMAKE_PREFIX_PATH}:/home/bentoaz/f1tenth_gym_ros/install/f1tenth_gym_ros:/home/bentoaz/autoware/install/autoware_carla_interface:/home/bentoaz/autoware/install/ros2agnocast:/home/bentoaz/autoware/install/autoware_adapi_visualizers:/opt/ros/humble /usr/bin/cmake --build /home/bentoaz/f1tenth_experimental_ws/build/waypoint_generator -- -j16 -l16
[5.034s] [ 50%] [32mBuilding CXX object CMakeFiles/waypoint_generator.dir/src/waypoint_generator.cpp.o[0m
[12.253s] [100%] [32m[1mLinking CXX executable waypoint_generator[0m
[12.622s] [100%] Built target waypoint_generator
[12.660s] Invoked command in '/home/bentoaz/f1tenth_experimental_ws/build/waypoint_generator' returned '0': CMAKE_PREFIX_PATH=${CMAKE_PREFIX_PATH}:/home/bentoaz/f1tenth_gym_ros/install/f1tenth_gym_ros:/home/bentoaz/autoware/install/autoware_carla_interface:/home/bentoaz/autoware/install/ros2agnocast:/home/bentoaz/autoware/install/autoware_adapi_visualizers:/opt/ros/humble /usr/bin/cmake --build /home/bentoaz/f1tenth_experimental_ws/build/waypoint_generator -- -j16 -l16
[12.662s] Invoking command in '/home/bentoaz/f1tenth_experimental_ws/build/waypoint_generator': CMAKE_PREFIX_PATH=${CMAKE_PREFIX_PATH}:/home/bentoaz/f1tenth_gym_ros/install/f1tenth_gym_ros:/home/bentoaz/autoware/install/autoware_carla_interface:/home/bentoaz/autoware/install/ros2agnocast:/home/bentoaz/autoware/install/autoware_adapi_visualizers:/opt/ros/humble /usr/bin/cmake --install /home/bentoaz/f1tenth_experimental_ws/build/waypoint_generator
[12.694s] -- Install configuration: ""
[12.694s] -- Execute custom install script
[12.694s] -- Symlinking: /home/bentoaz/f1tenth_experimental_ws/install/waypoint_generator/lib/waypoint_generator/waypoint_generator
[12.729s] -- Symlinking: /home/bentoaz/f1tenth_experimental_ws/install/waypoint_generator/share/ament_index/resource_index/package_run_dependencies/waypoint_generator
[12.761s] -- Symlinking: /home/bentoaz/f1tenth_experimental_ws/install/waypoint_generator/share/ament_index/resource_index/parent_prefix_path/waypoint_generator
[12.794s] -- Symlinking: /home/bentoaz/f1tenth_experimental_ws/install/waypoint_generator/share/waypoint_generator/environment/ament_prefix_path.sh
[12.828s] -- Symlinking: /home/bentoaz/f1tenth_experimental_ws/install/waypoint_generator/share/waypoint_generator/environment/ament_prefix_path.dsv
[12.859s] -- Symlinking: /home/bentoaz/f1tenth_experimental_ws/install/waypoint_generator/share/waypoint_generator/environment/path.sh
[12.892s] -- Symlinking: /home/bentoaz/f1tenth_experimental_ws/install/waypoint_generator/share/waypoint_generator/environment/path.dsv
[12.924s] -- Symlinking: /home/bentoaz/f1tenth_experimental_ws/install/waypoint_generator/share/waypoint_generator/local_setup.bash
[12.957s] -- Symlinking: /home/bentoaz/f1tenth_experimental_ws/install/waypoint_generator/share/waypoint_generator/local_setup.sh
[12.987s] -- Symlinking: /home/bentoaz/f1tenth_experimental_ws/install/waypoint_generator/share/waypoint_generator/local_setup.zsh
[13.010s] -- Symlinking: /home/bentoaz/f1tenth_experimental_ws/install/waypoint_generator/share/waypoint_generator/local_setup.dsv
[13.042s] -- Symlinking: /home/bentoaz/f1tenth_experimental_ws/install/waypoint_generator/share/waypoint_generator/package.dsv
[13.075s] -- Symlinking: /home/bentoaz/f1tenth_experimental_ws/install/waypoint_generator/share/ament_index/resource_index/packages/waypoint_generator
[13.109s] -- Symlinking: /home/bentoaz/f1tenth_experimental_ws/install/waypoint_generator/share/waypoint_generator/cmake/waypoint_generatorConfig.cmake
[13.143s] -- Symlinking: /home/bentoaz/f1tenth_experimental_ws/install/waypoint_generator/share/waypoint_generator/cmake/waypoint_generatorConfig-version.cmake
[13.167s] -- Symlinking: /home/bentoaz/f1tenth_experimental_ws/install/waypoint_generator/share/waypoint_generator/package.xml
[13.189s] Invoked command in '/home/bentoaz/f1tenth_experimental_ws/build/waypoint_generator' returned '0': CMAKE_PREFIX_PATH=${CMAKE_PREFIX_PATH}:/home/bentoaz/f1tenth_gym_ros/install/f1tenth_gym_ros:/home/bentoaz/autoware/install/autoware_carla_interface:/home/bentoaz/autoware/install/ros2agnocast:/home/bentoaz/autoware/install/autoware_adapi_visualizers:/opt/ros/humble /usr/bin/cmake --install /home/bentoaz/f1tenth_experimental_ws/build/waypoint_generator
