[0.312s] Invoking command in '/home/bentoaz/f1tenth_experimental_ws/build/safety_node': CMAKE_PREFIX_PATH=${CMAKE_PREFIX_PATH}:/home/bentoaz/f1tenth_experimental_ws/install/stanley_avoidance:/home/bentoaz/f1tenth_experimental_ws/install/particle_filter:/home/bentoaz/f1tenth_experimental_ws/install/local_planner:/home/bentoaz/f1tenth_gym_ros/install/f1tenth_gym_ros:/home/bentoaz/autoware/install/autoware_carla_interface:/home/bentoaz/autoware/install/ros2agnocast:/home/bentoaz/autoware/install/autoware_adapi_visualizers:/opt/ros/humble /usr/bin/cmake /home/bentoaz/f1tenth_experimental_ws/src/safety_node -DAMENT_CMAKE_SYMLINK_INSTALL=1 -DCMAKE_INSTALL_PREFIX=/home/bentoaz/f1tenth_experimental_ws/install/safety_node
[0.814s] -- The C compiler identification is GNU 11.4.0
[0.815s] -- The CXX compiler identification is GNU 11.4.0
[0.815s] -- Detecting C compiler ABI info
[0.815s] -- Detecting C compiler ABI info - done
[0.815s] -- Check for working C compiler: /usr/bin/cc - skipped
[0.816s] -- Detecting C compile features
[0.816s] -- Detecting C compile features - done
[0.816s] -- Detecting CXX compiler ABI info
[0.871s] -- Detecting CXX compiler ABI info - done
[0.879s] -- Check for working CXX compiler: /usr/bin/c++ - skipped
[0.879s] -- Detecting CXX compile features
[0.880s] -- Detecting CXX compile features - done
[0.917s] -- Found ament_cmake: 1.3.11 (/opt/ros/humble/share/ament_cmake/cmake)
[1.226s] -- Found Python3: /usr/bin/python3 (found version "3.10.12") found components: Interpreter 
[1.307s] -- Override CMake install command with custom implementation using symlinks instead of copying resources
[1.571s] -- Found rclcpp: 16.0.12 (/opt/ros/humble/share/rclcpp/cmake)
[1.958s] -- Found rosidl_generator_c: 3.1.6 (/opt/ros/humble/share/rosidl_generator_c/cmake)
[2.038s] -- Found rosidl_adapter: 3.1.6 (/opt/ros/humble/share/rosidl_adapter/cmake)
[2.121s] -- Found rosidl_generator_cpp: 3.1.6 (/opt/ros/humble/share/rosidl_generator_cpp/cmake)
[2.231s] -- Using all available rosidl_typesupport_c: rosidl_typesupport_fastrtps_c;rosidl_typesupport_introspection_c
[2.322s] -- Using all available rosidl_typesupport_cpp: rosidl_typesupport_fastrtps_cpp;rosidl_typesupport_introspection_cpp
[2.662s] -- Found rmw_implementation_cmake: 6.1.2 (/opt/ros/humble/share/rmw_implementation_cmake/cmake)
[2.748s] -- Found rmw_cyclonedds_cpp: 1.3.4 (/opt/ros/humble/share/rmw_cyclonedds_cpp/cmake)
[3.033s] -- Using RMW implementation 'rmw_cyclonedds_cpp' as default
[3.145s] -- Looking for pthread.h
[3.315s] -- Looking for pthread.h - found
[3.315s] -- Performing Test CMAKE_HAVE_LIBC_PTHREAD
[3.478s] -- Performing Test CMAKE_HAVE_LIBC_PTHREAD - Success
[3.479s] -- Found Threads: TRUE  
[3.594s] -- Found rclpy: 3.3.16 (/opt/ros/humble/share/rclpy/cmake)
[3.612s] -- Found nav_msgs: 4.9.0 (/opt/ros/humble/share/nav_msgs/cmake)
[3.719s] -- Found ackermann_msgs: 2.0.2 (/opt/ros/humble/share/ackermann_msgs/cmake)
[3.769s] -- Found sensor_msgs: 4.9.0 (/opt/ros/humble/share/sensor_msgs/cmake)
[4.171s] -- Found ament_lint_auto: 0.12.12 (/opt/ros/humble/share/ament_lint_auto/cmake)
[4.469s] -- Added test 'copyright' to check source files copyright and LICENSE
[4.474s] -- Added test 'cppcheck' to perform static code analysis on C / C++ code
[4.474s] -- Configured cppcheck include dirs: /home/bentoaz/f1tenth_experimental_ws/src/safety_node/include
[4.474s] -- Configured cppcheck exclude dirs and/or files: 
[4.478s] -- Added test 'cpplint' to check C / C++ code against the Google style
[4.478s] -- Configured cpplint exclude dirs and/or files: 
[4.482s] -- Added test 'flake8' to check Python code syntax and style conventions
[4.485s] -- Added test 'lint_cmake' to check CMake code style
[4.489s] -- Added test 'pep257' to check Python code against some of the docstring style conventions in PEP 257
[4.493s] -- Added test 'uncrustify' to check C / C++ code style
[4.493s] -- Configured uncrustify additional arguments: 
[4.497s] -- Added test 'xmllint' to check XML markup files
[4.509s] -- Configuring done
[4.519s] -- Generating done
[4.522s] -- Build files have been written to: /home/bentoaz/f1tenth_experimental_ws/build/safety_node
[4.532s] Invoked command in '/home/bentoaz/f1tenth_experimental_ws/build/safety_node' returned '0': CMAKE_PREFIX_PATH=${CMAKE_PREFIX_PATH}:/home/bentoaz/f1tenth_experimental_ws/install/stanley_avoidance:/home/bentoaz/f1tenth_experimental_ws/install/particle_filter:/home/bentoaz/f1tenth_experimental_ws/install/local_planner:/home/bentoaz/f1tenth_gym_ros/install/f1tenth_gym_ros:/home/bentoaz/autoware/install/autoware_carla_interface:/home/bentoaz/autoware/install/ros2agnocast:/home/bentoaz/autoware/install/autoware_adapi_visualizers:/opt/ros/humble /usr/bin/cmake /home/bentoaz/f1tenth_experimental_ws/src/safety_node -DAMENT_CMAKE_SYMLINK_INSTALL=1 -DCMAKE_INSTALL_PREFIX=/home/bentoaz/f1tenth_experimental_ws/install/safety_node
[4.534s] Invoking command in '/home/bentoaz/f1tenth_experimental_ws/build/safety_node': CMAKE_PREFIX_PATH=${CMAKE_PREFIX_PATH}:/home/bentoaz/f1tenth_experimental_ws/install/stanley_avoidance:/home/bentoaz/f1tenth_experimental_ws/install/particle_filter:/home/bentoaz/f1tenth_experimental_ws/install/local_planner:/home/bentoaz/f1tenth_gym_ros/install/f1tenth_gym_ros:/home/bentoaz/autoware/install/autoware_carla_interface:/home/bentoaz/autoware/install/ros2agnocast:/home/bentoaz/autoware/install/autoware_adapi_visualizers:/opt/ros/humble /usr/bin/cmake --build /home/bentoaz/f1tenth_experimental_ws/build/safety_node -- -j16 -l16
[4.701s] [ 50%] [32mBuilding CXX object CMakeFiles/safety_node.dir/src/safety_node.cpp.o[0m
[4.735s] [ 50%] Built target ament_cmake_python_symlink_safety_node
[4.752s] [ 50%] Built target ament_cmake_python_symlink_safety_node_setup
[5.300s] /usr/lib/python3/dist-packages/setuptools/dist.py:723: UserWarning: Usage of dash-separated 'script-dir' will not be supported in future versions. Please use the underscore name 'script_dir' instead
[5.300s]   warnings.warn(
[5.300s] /usr/lib/python3/dist-packages/setuptools/dist.py:723: UserWarning: Usage of dash-separated 'install-scripts' will not be supported in future versions. Please use the underscore name 'install_scripts' instead
[5.300s]   warnings.warn(
[5.307s] running egg_info
[5.309s] creating safety_node.egg-info
[5.309s] writing safety_node.egg-info/PKG-INFO
[5.309s] writing dependency_links to safety_node.egg-info/dependency_links.txt
[5.309s] writing top-level names to safety_node.egg-info/top_level.txt
[5.310s] writing manifest file 'safety_node.egg-info/SOURCES.txt'
[5.313s] reading manifest file 'safety_node.egg-info/SOURCES.txt'
[5.313s] writing manifest file 'safety_node.egg-info/SOURCES.txt'
[5.386s] [ 50%] Built target ament_cmake_python_build_safety_node_egg
[14.183s] [100%] [32m[1mLinking CXX executable safety_node[0m
[14.631s] [100%] Built target safety_node
