running egg_info
creating ../../build/traj_planning/traj_planning.egg-info
writing ../../build/traj_planning/traj_planning.egg-info/PKG-INFO
writing dependency_links to ../../build/traj_planning/traj_planning.egg-info/dependency_links.txt
writing entry points to ../../build/traj_planning/traj_planning.egg-info/entry_points.txt
writing requirements to ../../build/traj_planning/traj_planning.egg-info/requires.txt
writing top-level names to ../../build/traj_planning/traj_planning.egg-info/top_level.txt
writing manifest file '../../build/traj_planning/traj_planning.egg-info/SOURCES.txt'
reading manifest file '../../build/traj_planning/traj_planning.egg-info/SOURCES.txt'
writing manifest file '../../build/traj_planning/traj_planning.egg-info/SOURCES.txt'
running build
running build_py
creating /home/bentoaz/NSF_IRES_2025_Codebase/control/build/traj_planning/build
creating /home/bentoaz/NSF_IRES_2025_Codebase/control/build/traj_planning/build/lib
creating /home/bentoaz/NSF_IRES_2025_Codebase/control/build/traj_planning/build/lib/traj_planning
copying traj_planning/__init__.py -> /home/bentoaz/NSF_IRES_2025_Codebase/control/build/traj_planning/build/lib/traj_planning
copying traj_planning/traj_server.py -> /home/bentoaz/NSF_IRES_2025_Codebase/control/build/traj_planning/build/lib/traj_planning
running install
running install_lib
creating /home/bentoaz/NSF_IRES_2025_Codebase/control/install/traj_planning/lib/python3.10/site-packages/traj_planning
copying /home/bentoaz/NSF_IRES_2025_Codebase/control/build/traj_planning/build/lib/traj_planning/__init__.py -> /home/bentoaz/NSF_IRES_2025_Codebase/control/install/traj_planning/lib/python3.10/site-packages/traj_planning
copying /home/bentoaz/NSF_IRES_2025_Codebase/control/build/traj_planning/build/lib/traj_planning/traj_server.py -> /home/bentoaz/NSF_IRES_2025_Codebase/control/install/traj_planning/lib/python3.10/site-packages/traj_planning
byte-compiling /home/bentoaz/NSF_IRES_2025_Codebase/control/install/traj_planning/lib/python3.10/site-packages/traj_planning/__init__.py to __init__.cpython-310.pyc
byte-compiling /home/bentoaz/NSF_IRES_2025_Codebase/control/install/traj_planning/lib/python3.10/site-packages/traj_planning/traj_server.py to traj_server.cpython-310.pyc
running install_data
creating /home/bentoaz/NSF_IRES_2025_Codebase/control/install/traj_planning/share/ament_index
creating /home/bentoaz/NSF_IRES_2025_Codebase/control/install/traj_planning/share/ament_index/resource_index
creating /home/bentoaz/NSF_IRES_2025_Codebase/control/install/traj_planning/share/ament_index/resource_index/packages
copying resource/traj_planning -> /home/bentoaz/NSF_IRES_2025_Codebase/control/install/traj_planning/share/ament_index/resource_index/packages
copying package.xml -> /home/bentoaz/NSF_IRES_2025_Codebase/control/install/traj_planning/share/traj_planning
running install_egg_info
Copying ../../build/traj_planning/traj_planning.egg-info to /home/bentoaz/NSF_IRES_2025_Codebase/control/install/traj_planning/lib/python3.10/site-packages/traj_planning-0.0.0-py3.10.egg-info
running install_scripts
Installing traj_server script to /home/bentoaz/NSF_IRES_2025_Codebase/control/install/traj_planning/lib/traj_planning
writing list of installed files to '/home/bentoaz/NSF_IRES_2025_Codebase/control/build/traj_planning/install.log'
