[0.567s] Invoking command in '/home/bentoaz/f1tenth_experimental_ws/build/wall_follow': CMAKE_PREFIX_PATH=${CMAKE_PREFIX_PATH}:/home/bentoaz/f1tenth_gym_ros/install/f1tenth_gym_ros:/home/bentoaz/autoware/install/autoware_carla_interface:/home/bentoaz/autoware/install/ros2agnocast:/home/bentoaz/autoware/install/autoware_adapi_visualizers:/opt/ros/humble /usr/bin/cmake /home/bentoaz/f1tenth_experimental_ws/src/wall_follow -DCMAKE_INSTALL_PREFIX=/home/bentoaz/f1tenth_experimental_ws/install/wall_follow
[0.692s] -- The C compiler identification is GNU 11.4.0
[0.771s] -- The CXX compiler identification is GNU 11.4.0
[0.785s] -- Detecting C compiler ABI info
[0.933s] -- Detecting C compiler ABI info - done
[0.940s] -- Check for working C compiler: /usr/bin/cc - skipped
[0.940s] -- Detecting C compile features
[0.940s] -- Detecting C compile features - done
[0.942s] -- Detecting CXX compiler ABI info
[1.114s] -- Detecting CXX compiler ABI info - done
[1.122s] -- Check for working CXX compiler: /usr/bin/c++ - skipped
[1.122s] -- Detecting CXX compile features
[1.123s] -- Detecting CXX compile features - done
[1.163s] -- Found ament_cmake: 1.3.11 (/opt/ros/humble/share/ament_cmake/cmake)
[1.540s] -- Found Python3: /usr/bin/python3 (found version "3.10.12") found components: Interpreter 
[1.891s] -- Found rclcpp: 16.0.12 (/opt/ros/humble/share/rclcpp/cmake)
[2.223s] -- Found rosidl_generator_c: 3.1.6 (/opt/ros/humble/share/rosidl_generator_c/cmake)
[2.258s] -- Found rosidl_adapter: 3.1.6 (/opt/ros/humble/share/rosidl_adapter/cmake)
[2.294s] -- Found rosidl_generator_cpp: 3.1.6 (/opt/ros/humble/share/rosidl_generator_cpp/cmake)
[2.357s] -- Using all available rosidl_typesupport_c: rosidl_typesupport_fastrtps_c;rosidl_typesupport_introspection_c
[2.435s] -- Using all available rosidl_typesupport_cpp: rosidl_typesupport_fastrtps_cpp;rosidl_typesupport_introspection_cpp
[2.654s] -- Found rmw_implementation_cmake: 6.1.2 (/opt/ros/humble/share/rmw_implementation_cmake/cmake)
[2.698s] -- Found rmw_cyclonedds_cpp: 1.3.4 (/opt/ros/humble/share/rmw_cyclonedds_cpp/cmake)
[2.841s] -- Using RMW implementation 'rmw_cyclonedds_cpp' as default
[2.897s] -- Looking for pthread.h
[3.083s] -- Looking for pthread.h - found
[3.083s] -- Performing Test CMAKE_HAVE_LIBC_PTHREAD
[3.246s] -- Performing Test CMAKE_HAVE_LIBC_PTHREAD - Success
[3.246s] -- Found Threads: TRUE  
[3.430s] -- Found rclpy: 3.3.16 (/opt/ros/humble/share/rclpy/cmake)
[3.467s] -- Found geometry_msgs: 4.9.0 (/opt/ros/humble/share/geometry_msgs/cmake)
[3.515s] -- Found nav_msgs: 4.9.0 (/opt/ros/humble/share/nav_msgs/cmake)
[3.567s] -- Found ackermann_msgs: 2.0.2 (/opt/ros/humble/share/ackermann_msgs/cmake)
[3.615s] -- Found sensor_msgs: 4.9.0 (/opt/ros/humble/share/sensor_msgs/cmake)
[4.028s] -- Found ament_lint_auto: 0.12.12 (/opt/ros/humble/share/ament_lint_auto/cmake)
[4.383s] -- Added test 'copyright' to check source files copyright and LICENSE
[4.387s] -- Added test 'cppcheck' to perform static code analysis on C / C++ code
[4.387s] -- Configured cppcheck include dirs: /home/bentoaz/f1tenth_experimental_ws/src/wall_follow/include
[4.387s] -- Configured cppcheck exclude dirs and/or files: 
[4.391s] -- Added test 'cpplint' to check C / C++ code against the Google style
[4.391s] -- Configured cpplint exclude dirs and/or files: 
[4.395s] -- Added test 'flake8' to check Python code syntax and style conventions
[4.398s] -- Added test 'lint_cmake' to check CMake code style
[4.401s] -- Added test 'pep257' to check Python code against some of the docstring style conventions in PEP 257
[4.405s] -- Added test 'uncrustify' to check C / C++ code style
[4.405s] -- Configured uncrustify additional arguments: 
[4.409s] -- Added test 'xmllint' to check XML markup files
[4.416s] -- Configuring done
[4.423s] -- Generating done
[4.426s] -- Build files have been written to: /home/bentoaz/f1tenth_experimental_ws/build/wall_follow
[4.438s] Invoked command in '/home/bentoaz/f1tenth_experimental_ws/build/wall_follow' returned '0': CMAKE_PREFIX_PATH=${CMAKE_PREFIX_PATH}:/home/bentoaz/f1tenth_gym_ros/install/f1tenth_gym_ros:/home/bentoaz/autoware/install/autoware_carla_interface:/home/bentoaz/autoware/install/ros2agnocast:/home/bentoaz/autoware/install/autoware_adapi_visualizers:/opt/ros/humble /usr/bin/cmake /home/bentoaz/f1tenth_experimental_ws/src/wall_follow -DCMAKE_INSTALL_PREFIX=/home/bentoaz/f1tenth_experimental_ws/install/wall_follow
[4.439s] Invoking command in '/home/bentoaz/f1tenth_experimental_ws/build/wall_follow': CMAKE_PREFIX_PATH=${CMAKE_PREFIX_PATH}:/home/bentoaz/f1tenth_gym_ros/install/f1tenth_gym_ros:/home/bentoaz/autoware/install/autoware_carla_interface:/home/bentoaz/autoware/install/ros2agnocast:/home/bentoaz/autoware/install/autoware_adapi_visualizers:/opt/ros/humble /usr/bin/cmake --build /home/bentoaz/f1tenth_experimental_ws/build/wall_follow -- -j16 -l16
[4.639s] [ 50%] [32mBuilding CXX object CMakeFiles/wall_follow_node.dir/src/wall_follow_node.cpp.o[0m
[4.684s] [ 50%] Built target ament_cmake_python_copy_wall_follow
[4.695s] [ 50%] Built target ament_cmake_python_copy_wall_follow_setup
[5.281s] /usr/lib/python3/dist-packages/setuptools/dist.py:723: UserWarning: Usage of dash-separated 'script-dir' will not be supported in future versions. Please use the underscore name 'script_dir' instead
[5.281s]   warnings.warn(
[5.282s] /usr/lib/python3/dist-packages/setuptools/dist.py:723: UserWarning: Usage of dash-separated 'install-scripts' will not be supported in future versions. Please use the underscore name 'install_scripts' instead
[5.282s]   warnings.warn(
[5.288s] running egg_info
[5.291s] creating wall_follow.egg-info
[5.292s] writing wall_follow.egg-info/PKG-INFO
[5.292s] writing dependency_links to wall_follow.egg-info/dependency_links.txt
[5.292s] writing top-level names to wall_follow.egg-info/top_level.txt
[5.292s] writing manifest file 'wall_follow.egg-info/SOURCES.txt'
[5.296s] reading manifest file 'wall_follow.egg-info/SOURCES.txt'
[5.300s] writing manifest file 'wall_follow.egg-info/SOURCES.txt'
[5.380s] [ 50%] Built target ament_cmake_python_build_wall_follow_egg
[11.870s] [100%] [32m[1mLinking CXX executable wall_follow_node[0m
[12.217s] [100%] Built target wall_follow_node
