[0.038s] Invoking command in '/home/bentoaz/NSF_IRES_2025_Codebase/control/build/traj_planning_msg': CMAKE_PREFIX_PATH=${CMAKE_PREFIX_PATH}:/home/bentoaz/NSF_IRES_2025_Codebase/control/install/traj_planning:/home/bentoaz/autoware/install/autoware_carla_interface:/home/bentoaz/autoware/install/ros2agnocast:/home/bentoaz/autoware/install/autoware_adapi_visualizers:/opt/ros/humble /usr/bin/cmake /home/bentoaz/NSF_IRES_2025_Codebase/control/src/traj_planning_msg -DAMENT_CMAKE_SYMLINK_INSTALL=1 -DCMAKE_INSTALL_PREFIX=/home/bentoaz/NSF_IRES_2025_Codebase/control/install/traj_planning_msg
[0.328s] -- The C compiler identification is GNU 11.4.0
[0.478s] -- The CXX compiler identification is GNU 11.4.0
[0.500s] -- Detecting C compiler ABI info
[0.698s] -- Detecting C compiler ABI info - done
[0.703s] -- Check for working C compiler: /usr/lib/ccache/gcc - skipped
[0.704s] -- Detecting C compile features
[0.705s] -- Detecting C compile features - done
[0.708s] -- Detecting CXX compiler ABI info
[0.889s] -- Detecting CXX compiler ABI info - done
[0.898s] -- Check for working CXX compiler: /usr/lib/ccache/g++ - skipped
[0.898s] -- Detecting CXX compile features
[0.899s] -- Detecting CXX compile features - done
[0.999s] -- Found ament_cmake: 1.3.11 (/opt/ros/humble/share/ament_cmake/cmake)
[1.354s] -- Found Python3: /usr/bin/python3 (found version "3.10.12") found components: Interpreter 
[1.442s] -- Override CMake install command with custom implementation using symlinks instead of copying resources
[1.759s] -- Found ament_lint_auto: 0.12.12 (/opt/ros/humble/share/ament_lint_auto/cmake)
[2.022s] -- Found std_msgs: 4.8.0 (/opt/ros/humble/share/std_msgs/cmake)
[2.227s] -- Found rosidl_generator_c: 3.1.6 (/opt/ros/humble/share/rosidl_generator_c/cmake)
[2.273s] -- Found rosidl_adapter: 3.1.6 (/opt/ros/humble/share/rosidl_adapter/cmake)
[2.328s] -- Found rosidl_generator_cpp: 3.1.6 (/opt/ros/humble/share/rosidl_generator_cpp/cmake)
[2.406s] -- Using all available rosidl_typesupport_c: rosidl_typesupport_fastrtps_c;rosidl_typesupport_introspection_c
[2.518s] -- Using all available rosidl_typesupport_cpp: rosidl_typesupport_fastrtps_cpp;rosidl_typesupport_introspection_cpp
[2.637s] -- Found nav_msgs: 4.8.0 (/opt/ros/humble/share/nav_msgs/cmake)
[2.723s] -- Found rosidl_default_generators: 1.2.0 (/opt/ros/humble/share/rosidl_default_generators/cmake)
[3.152s] -- Found ament_cmake_ros: 0.10.0 (/opt/ros/humble/share/ament_cmake_ros/cmake)
[3.806s] -- Using all available rosidl_typesupport_c: rosidl_typesupport_fastrtps_c;rosidl_typesupport_introspection_c
[4.039s] -- Using all available rosidl_typesupport_cpp: rosidl_typesupport_fastrtps_cpp;rosidl_typesupport_introspection_cpp
[4.082s] -- Found PythonInterp: /usr/bin/python3 (found suitable version "3.10.12", minimum required is "3.6") 
[4.109s] -- Found python_cmake_module: 0.10.0 (/opt/ros/humble/share/python_cmake_module/cmake)
[4.247s] -- Found PythonLibs: /usr/lib/x86_64-linux-gnu/libpython3.10.so (found suitable version "3.10.12", minimum required is "3.5") 
[4.247s] -- Using PYTHON_EXECUTABLE: /usr/bin/python3
[4.247s] -- Using PYTHON_INCLUDE_DIRS: /usr/include/python3.10
[4.247s] -- Using PYTHON_LIBRARIES: /usr/lib/x86_64-linux-gnu/libpython3.10.so
[4.286s] -- Found PythonExtra: .so  
[5.043s] -- Added test 'lint_cmake' to check CMake code style
[5.048s] -- Added test 'xmllint' to check XML markup files
[5.067s] -- Configuring done
[5.088s] -- Generating done
[5.096s] -- Build files have been written to: /home/bentoaz/NSF_IRES_2025_Codebase/control/build/traj_planning_msg
[5.105s] Invoked command in '/home/bentoaz/NSF_IRES_2025_Codebase/control/build/traj_planning_msg' returned '0': CMAKE_PREFIX_PATH=${CMAKE_PREFIX_PATH}:/home/bentoaz/NSF_IRES_2025_Codebase/control/install/traj_planning:/home/bentoaz/autoware/install/autoware_carla_interface:/home/bentoaz/autoware/install/ros2agnocast:/home/bentoaz/autoware/install/autoware_adapi_visualizers:/opt/ros/humble /usr/bin/cmake /home/bentoaz/NSF_IRES_2025_Codebase/control/src/traj_planning_msg -DAMENT_CMAKE_SYMLINK_INSTALL=1 -DCMAKE_INSTALL_PREFIX=/home/bentoaz/NSF_IRES_2025_Codebase/control/install/traj_planning_msg
[5.106s] Invoking command in '/home/bentoaz/NSF_IRES_2025_Codebase/control/build/traj_planning_msg': CMAKE_PREFIX_PATH=${CMAKE_PREFIX_PATH}:/home/bentoaz/NSF_IRES_2025_Codebase/control/install/traj_planning:/home/bentoaz/autoware/install/autoware_carla_interface:/home/bentoaz/autoware/install/ros2agnocast:/home/bentoaz/autoware/install/autoware_adapi_visualizers:/opt/ros/humble /usr/bin/cmake --build /home/bentoaz/NSF_IRES_2025_Codebase/control/build/traj_planning_msg -- -j16 -l16
[5.223s] [  3%] [34m[1mGenerating C code for ROS interfaces[0m
[5.275s] [  6%] [34m[1mGenerating C++ code for ROS interfaces[0m
[5.316s] [  6%] Built target ament_cmake_python_symlink_traj_planning_msg
[5.548s] [  9%] [32mBuilding C object CMakeFiles/traj_planning_msg__rosidl_generator_c.dir/rosidl_generator_c/traj_planning_msg/msg/detail/path_list__functions.c.o[0m
[5.583s] [  9%] Built target traj_planning_msg__cpp
[5.623s] [ 12%] [34m[1mGenerating C++ introspection for ROS interfaces[0m
[5.628s] [ 16%] [34m[1mGenerating C++ type support for eProsima Fast-RTPS[0m
[5.633s] [ 19%] [34m[1mGenerating C++ type support dispatch for ROS interfaces[0m
[5.665s] running egg_info
[5.665s] creating traj_planning_msg.egg-info
[5.666s] writing traj_planning_msg.egg-info/PKG-INFO
[5.666s] writing dependency_links to traj_planning_msg.egg-info/dependency_links.txt
[5.666s] writing top-level names to traj_planning_msg.egg-info/top_level.txt
[5.666s] writing manifest file 'traj_planning_msg.egg-info/SOURCES.txt'
[5.669s] reading manifest file 'traj_planning_msg.egg-info/SOURCES.txt'
[5.670s] writing manifest file 'traj_planning_msg.egg-info/SOURCES.txt'
[5.716s] [ 22%] [32m[1mLinking C shared library libtraj_planning_msg__rosidl_generator_c.so[0m
[5.731s] [ 22%] Built target ament_cmake_python_build_traj_planning_msg_egg
[5.835s] [ 22%] Built target traj_planning_msg__rosidl_generator_c
[5.876s] [ 32%] [34m[1mGenerating C introspection for ROS interfaces[0m
[5.877s] [ 32%] [34m[1mGenerating C type support dispatch for ROS interfaces[0m
[5.877s] [ 32%] [34m[1mGenerating C type support for eProsima Fast-RTPS[0m
[5.929s] [ 35%] [32mBuilding CXX object CMakeFiles/traj_planning_msg__rosidl_typesupport_cpp.dir/rosidl_typesupport_cpp/traj_planning_msg/msg/path_list__type_support.cpp.o[0m
[5.957s] [ 38%] [32mBuilding CXX object CMakeFiles/traj_planning_msg__rosidl_typesupport_introspection_cpp.dir/rosidl_typesupport_introspection_cpp/traj_planning_msg/msg/detail/path_list__type_support.cpp.o[0m
[6.051s] [ 41%] [32mBuilding CXX object CMakeFiles/traj_planning_msg__rosidl_typesupport_fastrtps_cpp.dir/rosidl_typesupport_fastrtps_cpp/traj_planning_msg/msg/detail/dds_fastrtps/path_list__type_support.cpp.o[0m
[6.179s] [ 45%] [32mBuilding CXX object CMakeFiles/traj_planning_msg__rosidl_typesupport_c.dir/rosidl_typesupport_c/traj_planning_msg/msg/path_list__type_support.cpp.o[0m
[6.222s] [ 48%] [32mBuilding CXX object CMakeFiles/traj_planning_msg__rosidl_typesupport_fastrtps_c.dir/rosidl_typesupport_fastrtps_c/traj_planning_msg/msg/detail/path_list__type_support_c.cpp.o[0m
[6.288s] [ 51%] [32m[1mLinking CXX shared library libtraj_planning_msg__rosidl_typesupport_c.so[0m
[6.311s] [ 54%] [32mBuilding C object CMakeFiles/traj_planning_msg__rosidl_typesupport_introspection_c.dir/rosidl_typesupport_introspection_c/traj_planning_msg/msg/detail/path_list__type_support.c.o[0m
[6.412s] [ 58%] [32m[1mLinking CXX shared library libtraj_planning_msg__rosidl_typesupport_cpp.so[0m
[6.418s] [ 58%] Built target traj_planning_msg__rosidl_typesupport_c
[6.439s] [ 61%] [32m[1mLinking C shared library libtraj_planning_msg__rosidl_typesupport_introspection_c.so[0m
[6.528s] [ 61%] Built target traj_planning_msg__rosidl_typesupport_cpp
[6.541s] [ 61%] Built target traj_planning_msg__rosidl_typesupport_introspection_c
[6.606s] [ 64%] [32m[1mLinking CXX shared library libtraj_planning_msg__rosidl_typesupport_fastrtps_cpp.so[0m
[6.670s] [ 67%] [32m[1mLinking CXX shared library libtraj_planning_msg__rosidl_typesupport_introspection_cpp.so[0m
[6.686s] [ 70%] [32m[1mLinking CXX shared library libtraj_planning_msg__rosidl_typesupport_fastrtps_c.so[0m
[6.760s] [ 70%] Built target traj_planning_msg__rosidl_typesupport_fastrtps_cpp
[6.811s] [ 70%] Built target traj_planning_msg__rosidl_typesupport_introspection_cpp
[6.822s] [ 70%] Built target traj_planning_msg__rosidl_typesupport_fastrtps_c
[6.891s] [ 70%] Built target traj_planning_msg
[6.967s] [ 74%] [34m[1mGenerating Python code for ROS interfaces[0m
[7.280s] [ 74%] Built target traj_planning_msg__py
[7.355s] [ 77%] [32mBuilding C object CMakeFiles/traj_planning_msg__rosidl_generator_py.dir/rosidl_generator_py/traj_planning_msg/msg/_path_list_s.c.o[0m
[7.552s] [ 80%] [32m[1mLinking C shared library rosidl_generator_py/traj_planning_msg/libtraj_planning_msg__rosidl_generator_py.so[0m
[7.657s] [ 80%] Built target traj_planning_msg__rosidl_generator_py
[7.737s] [ 83%] [32mBuilding C object CMakeFiles/traj_planning_msg__rosidl_typesupport_c__pyext.dir/rosidl_generator_py/traj_planning_msg/_traj_planning_msg_s.ep.rosidl_typesupport_c.c.o[0m
[7.743s] [ 87%] [32mBuilding C object CMakeFiles/traj_planning_msg__rosidl_typesupport_introspection_c__pyext.dir/rosidl_generator_py/traj_planning_msg/_traj_planning_msg_s.ep.rosidl_typesupport_introspection_c.c.o[0m
[7.757s] [ 90%] [32mBuilding C object CMakeFiles/traj_planning_msg__rosidl_typesupport_fastrtps_c__pyext.dir/rosidl_generator_py/traj_planning_msg/_traj_planning_msg_s.ep.rosidl_typesupport_fastrtps_c.c.o[0m
[7.929s] [ 93%] [32m[1mLinking C shared library rosidl_generator_py/traj_planning_msg/traj_planning_msg_s__rosidl_typesupport_c.cpython-310-x86_64-linux-gnu.so[0m
[7.937s] [ 96%] [32m[1mLinking C shared library rosidl_generator_py/traj_planning_msg/traj_planning_msg_s__rosidl_typesupport_introspection_c.cpython-310-x86_64-linux-gnu.so[0m
[7.973s] [100%] [32m[1mLinking C shared library rosidl_generator_py/traj_planning_msg/traj_planning_msg_s__rosidl_typesupport_fastrtps_c.cpython-310-x86_64-linux-gnu.so[0m
[8.036s] [100%] Built target traj_planning_msg__rosidl_typesupport_c__pyext
[8.042s] [100%] Built target traj_planning_msg__rosidl_typesupport_introspection_c__pyext
[8.062s] [100%] Built target traj_planning_msg__rosidl_typesupport_fastrtps_c__pyext
[8.095s] Invoked command in '/home/bentoaz/NSF_IRES_2025_Codebase/control/build/traj_planning_msg' returned '0': CMAKE_PREFIX_PATH=${CMAKE_PREFIX_PATH}:/home/bentoaz/NSF_IRES_2025_Codebase/control/install/traj_planning:/home/bentoaz/autoware/install/autoware_carla_interface:/home/bentoaz/autoware/install/ros2agnocast:/home/bentoaz/autoware/install/autoware_adapi_visualizers:/opt/ros/humble /usr/bin/cmake --build /home/bentoaz/NSF_IRES_2025_Codebase/control/build/traj_planning_msg -- -j16 -l16
[8.121s] Invoking command in '/home/bentoaz/NSF_IRES_2025_Codebase/control/build/traj_planning_msg': CMAKE_PREFIX_PATH=${CMAKE_PREFIX_PATH}:/home/bentoaz/NSF_IRES_2025_Codebase/control/install/traj_planning:/home/bentoaz/autoware/install/autoware_carla_interface:/home/bentoaz/autoware/install/ros2agnocast:/home/bentoaz/autoware/install/autoware_adapi_visualizers:/opt/ros/humble /usr/bin/cmake --install /home/bentoaz/NSF_IRES_2025_Codebase/control/build/traj_planning_msg
[8.144s] -- Install configuration: ""
[8.144s] -- Execute custom install script
[8.145s] -- Symlinking: /home/bentoaz/NSF_IRES_2025_Codebase/control/install/traj_planning_msg/share/ament_index/resource_index/rosidl_interfaces/traj_planning_msg
[8.175s] -- Symlinking: /home/bentoaz/NSF_IRES_2025_Codebase/control/install/traj_planning_msg/include/traj_planning_msg/traj_planning_msg/msg/detail/path_list__functions.h
[8.196s] -- Symlinking: /home/bentoaz/NSF_IRES_2025_Codebase/control/install/traj_planning_msg/include/traj_planning_msg/traj_planning_msg/msg/detail/path_list__struct.h
[8.224s] -- Symlinking: /home/bentoaz/NSF_IRES_2025_Codebase/control/install/traj_planning_msg/include/traj_planning_msg/traj_planning_msg/msg/detail/path_list__type_support.h
[8.251s] -- Symlinking: /home/bentoaz/NSF_IRES_2025_Codebase/control/install/traj_planning_msg/include/traj_planning_msg/traj_planning_msg/msg/path_list.h
[8.273s] -- Symlinking: /home/bentoaz/NSF_IRES_2025_Codebase/control/install/traj_planning_msg/include/traj_planning_msg/traj_planning_msg/msg/rosidl_generator_c__visibility_control.h
[8.297s] -- Symlinking: /home/bentoaz/NSF_IRES_2025_Codebase/control/install/traj_planning_msg/share/traj_planning_msg/environment/library_path.sh
[8.319s] -- Symlinking: /home/bentoaz/NSF_IRES_2025_Codebase/control/install/traj_planning_msg/share/traj_planning_msg/environment/library_path.dsv
[8.344s] -- Symlinking: /home/bentoaz/NSF_IRES_2025_Codebase/control/install/traj_planning_msg/include/traj_planning_msg/traj_planning_msg/msg/detail/path_list__rosidl_typesupport_fastrtps_c.h
[8.377s] -- Symlinking: /home/bentoaz/NSF_IRES_2025_Codebase/control/install/traj_planning_msg/include/traj_planning_msg/traj_planning_msg/msg/rosidl_typesupport_fastrtps_c__visibility_control.h
[8.402s] -- Symlinking: /home/bentoaz/NSF_IRES_2025_Codebase/control/install/traj_planning_msg/include/traj_planning_msg/traj_planning_msg/msg/detail/path_list__builder.hpp
[8.426s] -- Symlinking: /home/bentoaz/NSF_IRES_2025_Codebase/control/install/traj_planning_msg/include/traj_planning_msg/traj_planning_msg/msg/detail/path_list__struct.hpp
[8.453s] -- Symlinking: /home/bentoaz/NSF_IRES_2025_Codebase/control/install/traj_planning_msg/include/traj_planning_msg/traj_planning_msg/msg/detail/path_list__traits.hpp
[8.477s] -- Symlinking: /home/bentoaz/NSF_IRES_2025_Codebase/control/install/traj_planning_msg/include/traj_planning_msg/traj_planning_msg/msg/detail/path_list__type_support.hpp
[8.512s] -- Symlinking: /home/bentoaz/NSF_IRES_2025_Codebase/control/install/traj_planning_msg/include/traj_planning_msg/traj_planning_msg/msg/path_list.hpp
[8.537s] -- Symlinking: /home/bentoaz/NSF_IRES_2025_Codebase/control/install/traj_planning_msg/include/traj_planning_msg/traj_planning_msg/msg/rosidl_generator_cpp__visibility_control.hpp
[8.564s] -- Symlinking: /home/bentoaz/NSF_IRES_2025_Codebase/control/install/traj_planning_msg/include/traj_planning_msg/traj_planning_msg/msg/detail/path_list__rosidl_typesupport_fastrtps_cpp.hpp
[8.586s] -- Symlinking: /home/bentoaz/NSF_IRES_2025_Codebase/control/install/traj_planning_msg/include/traj_planning_msg/traj_planning_msg/msg/rosidl_typesupport_fastrtps_cpp__visibility_control.h
[8.609s] -- Symlinking: /home/bentoaz/NSF_IRES_2025_Codebase/control/install/traj_planning_msg/include/traj_planning_msg/traj_planning_msg/msg/detail/path_list__rosidl_typesupport_introspection_c.h
[8.641s] -- Symlinking: /home/bentoaz/NSF_IRES_2025_Codebase/control/install/traj_planning_msg/include/traj_planning_msg/traj_planning_msg/msg/rosidl_typesupport_introspection_c__visibility_control.h
[8.665s] -- Symlinking: /home/bentoaz/NSF_IRES_2025_Codebase/control/install/traj_planning_msg/include/traj_planning_msg/traj_planning_msg/msg/detail/path_list__rosidl_typesupport_introspection_cpp.hpp
[8.694s] -- Symlinking: /home/bentoaz/NSF_IRES_2025_Codebase/control/install/traj_planning_msg/share/traj_planning_msg/environment/pythonpath.sh
[8.717s] -- Symlinking: /home/bentoaz/NSF_IRES_2025_Codebase/control/install/traj_planning_msg/share/traj_planning_msg/environment/pythonpath.dsv
[8.739s] -- Symlinking: /home/bentoaz/NSF_IRES_2025_Codebase/control/install/traj_planning_msg/local/lib/python3.10/dist-packages/traj_planning_msg-0.0.0-py3.10.egg-info/PKG-INFO
[8.767s] -- Symlinking: /home/bentoaz/NSF_IRES_2025_Codebase/control/install/traj_planning_msg/local/lib/python3.10/dist-packages/traj_planning_msg-0.0.0-py3.10.egg-info/SOURCES.txt
[8.789s] -- Symlinking: /home/bentoaz/NSF_IRES_2025_Codebase/control/install/traj_planning_msg/local/lib/python3.10/dist-packages/traj_planning_msg-0.0.0-py3.10.egg-info/dependency_links.txt
[8.812s] -- Symlinking: /home/bentoaz/NSF_IRES_2025_Codebase/control/install/traj_planning_msg/local/lib/python3.10/dist-packages/traj_planning_msg-0.0.0-py3.10.egg-info/top_level.txt
[8.836s] -- Symlinking: /home/bentoaz/NSF_IRES_2025_Codebase/control/install/traj_planning_msg/local/lib/python3.10/dist-packages/traj_planning_msg/__init__.py
[8.860s] -- Symlinking: /home/bentoaz/NSF_IRES_2025_Codebase/control/install/traj_planning_msg/local/lib/python3.10/dist-packages/traj_planning_msg/_traj_planning_msg_s.ep.rosidl_typesupport_c.c
[8.891s] -- Symlinking: /home/bentoaz/NSF_IRES_2025_Codebase/control/install/traj_planning_msg/local/lib/python3.10/dist-packages/traj_planning_msg/_traj_planning_msg_s.ep.rosidl_typesupport_fastrtps_c.c
[8.912s] -- Symlinking: /home/bentoaz/NSF_IRES_2025_Codebase/control/install/traj_planning_msg/local/lib/python3.10/dist-packages/traj_planning_msg/_traj_planning_msg_s.ep.rosidl_typesupport_introspection_c.c
[8.940s] -- Symlinking: /home/bentoaz/NSF_IRES_2025_Codebase/control/install/traj_planning_msg/local/lib/python3.10/dist-packages/traj_planning_msg/libtraj_planning_msg__rosidl_generator_py.so
[8.971s] -- Symlinking: /home/bentoaz/NSF_IRES_2025_Codebase/control/install/traj_planning_msg/local/lib/python3.10/dist-packages/traj_planning_msg/msg/__init__.py
[8.994s] -- Symlinking: /home/bentoaz/NSF_IRES_2025_Codebase/control/install/traj_planning_msg/local/lib/python3.10/dist-packages/traj_planning_msg/msg/_path_list.py
[9.027s] -- Symlinking: /home/bentoaz/NSF_IRES_2025_Codebase/control/install/traj_planning_msg/local/lib/python3.10/dist-packages/traj_planning_msg/msg/_path_list_s.c
[9.050s] -- Symlinking: /home/bentoaz/NSF_IRES_2025_Codebase/control/install/traj_planning_msg/local/lib/python3.10/dist-packages/traj_planning_msg/traj_planning_msg_s__rosidl_typesupport_c.cpython-310-x86_64-linux-gnu.so
[9.076s] -- Symlinking: /home/bentoaz/NSF_IRES_2025_Codebase/control/install/traj_planning_msg/local/lib/python3.10/dist-packages/traj_planning_msg/traj_planning_msg_s__rosidl_typesupport_fastrtps_c.cpython-310-x86_64-linux-gnu.so
[9.101s] -- Symlinking: /home/bentoaz/NSF_IRES_2025_Codebase/control/install/traj_planning_msg/local/lib/python3.10/dist-packages/traj_planning_msg/traj_planning_msg_s__rosidl_typesupport_introspection_c.cpython-310-x86_64-linux-gnu.so
[9.124s] -- Up-to-date symlink: /home/bentoaz/NSF_IRES_2025_Codebase/control/install/traj_planning_msg/local/lib/python3.10/dist-packages/traj_planning_msg/traj_planning_msg_s__rosidl_typesupport_fastrtps_c.cpython-310-x86_64-linux-gnu.so
[9.125s] -- Up-to-date symlink: /home/bentoaz/NSF_IRES_2025_Codebase/control/install/traj_planning_msg/local/lib/python3.10/dist-packages/traj_planning_msg/traj_planning_msg_s__rosidl_typesupport_introspection_c.cpython-310-x86_64-linux-gnu.so
[9.125s] -- Up-to-date symlink: /home/bentoaz/NSF_IRES_2025_Codebase/control/install/traj_planning_msg/local/lib/python3.10/dist-packages/traj_planning_msg/traj_planning_msg_s__rosidl_typesupport_c.cpython-310-x86_64-linux-gnu.so
[9.125s] -- Symlinking: /home/bentoaz/NSF_IRES_2025_Codebase/control/install/traj_planning_msg/share/traj_planning_msg/msg/PathList.idl
[9.165s] -- Symlinking: /home/bentoaz/NSF_IRES_2025_Codebase/control/install/traj_planning_msg/share/traj_planning_msg/msg/PathList.msg
[9.200s] -- Symlinking: /home/bentoaz/NSF_IRES_2025_Codebase/control/install/traj_planning_msg/share/ament_index/resource_index/package_run_dependencies/traj_planning_msg
[9.238s] -- Symlinking: /home/bentoaz/NSF_IRES_2025_Codebase/control/install/traj_planning_msg/share/ament_index/resource_index/parent_prefix_path/traj_planning_msg
[9.267s] -- Symlinking: /home/bentoaz/NSF_IRES_2025_Codebase/control/install/traj_planning_msg/share/traj_planning_msg/environment/ament_prefix_path.sh
[9.291s] -- Symlinking: /home/bentoaz/NSF_IRES_2025_Codebase/control/install/traj_planning_msg/share/traj_planning_msg/environment/ament_prefix_path.dsv
[9.321s] -- Symlinking: /home/bentoaz/NSF_IRES_2025_Codebase/control/install/traj_planning_msg/share/traj_planning_msg/environment/path.sh
[9.345s] -- Symlinking: /home/bentoaz/NSF_IRES_2025_Codebase/control/install/traj_planning_msg/share/traj_planning_msg/environment/path.dsv
[9.373s] -- Symlinking: /home/bentoaz/NSF_IRES_2025_Codebase/control/install/traj_planning_msg/share/traj_planning_msg/local_setup.bash
[9.412s] -- Symlinking: /home/bentoaz/NSF_IRES_2025_Codebase/control/install/traj_planning_msg/share/traj_planning_msg/local_setup.sh
[9.442s] -- Symlinking: /home/bentoaz/NSF_IRES_2025_Codebase/control/install/traj_planning_msg/share/traj_planning_msg/local_setup.zsh
[9.475s] -- Symlinking: /home/bentoaz/NSF_IRES_2025_Codebase/control/install/traj_planning_msg/share/traj_planning_msg/local_setup.dsv
[9.501s] -- Symlinking: /home/bentoaz/NSF_IRES_2025_Codebase/control/install/traj_planning_msg/share/traj_planning_msg/package.dsv
[9.528s] -- Symlinking: /home/bentoaz/NSF_IRES_2025_Codebase/control/install/traj_planning_msg/share/ament_index/resource_index/packages/traj_planning_msg
[9.563s] -- Symlinking: /home/bentoaz/NSF_IRES_2025_Codebase/control/install/traj_planning_msg/share/traj_planning_msg/cmake/rosidl_cmake-extras.cmake
[9.590s] -- Symlinking: /home/bentoaz/NSF_IRES_2025_Codebase/control/install/traj_planning_msg/share/traj_planning_msg/cmake/ament_cmake_export_dependencies-extras.cmake
[9.636s] -- Symlinking: /home/bentoaz/NSF_IRES_2025_Codebase/control/install/traj_planning_msg/share/traj_planning_msg/cmake/ament_cmake_export_include_directories-extras.cmake
[9.661s] -- Symlinking: /home/bentoaz/NSF_IRES_2025_Codebase/control/install/traj_planning_msg/share/traj_planning_msg/cmake/ament_cmake_export_libraries-extras.cmake
[9.692s] -- Symlinking: /home/bentoaz/NSF_IRES_2025_Codebase/control/install/traj_planning_msg/share/traj_planning_msg/cmake/ament_cmake_export_targets-extras.cmake
[9.727s] -- Symlinking: /home/bentoaz/NSF_IRES_2025_Codebase/control/install/traj_planning_msg/share/traj_planning_msg/cmake/rosidl_cmake_export_typesupport_targets-extras.cmake
[9.762s] -- Symlinking: /home/bentoaz/NSF_IRES_2025_Codebase/control/install/traj_planning_msg/share/traj_planning_msg/cmake/rosidl_cmake_export_typesupport_libraries-extras.cmake
[9.788s] -- Symlinking: /home/bentoaz/NSF_IRES_2025_Codebase/control/install/traj_planning_msg/share/traj_planning_msg/cmake/traj_planning_msgConfig.cmake
[9.812s] -- Symlinking: /home/bentoaz/NSF_IRES_2025_Codebase/control/install/traj_planning_msg/share/traj_planning_msg/cmake/traj_planning_msgConfig-version.cmake
[9.847s] -- Symlinking: /home/bentoaz/NSF_IRES_2025_Codebase/control/install/traj_planning_msg/share/traj_planning_msg/package.xml
[9.873s] -- Installing: /home/bentoaz/NSF_IRES_2025_Codebase/control/install/traj_planning_msg/lib/libtraj_planning_msg__rosidl_generator_c.so
[9.873s] -- Set runtime path of "/home/bentoaz/NSF_IRES_2025_Codebase/control/install/traj_planning_msg/lib/libtraj_planning_msg__rosidl_generator_c.so" to ""
[9.873s] -- Installing: /home/bentoaz/NSF_IRES_2025_Codebase/control/install/traj_planning_msg/lib/libtraj_planning_msg__rosidl_typesupport_fastrtps_c.so
[9.873s] -- Set runtime path of "/home/bentoaz/NSF_IRES_2025_Codebase/control/install/traj_planning_msg/lib/libtraj_planning_msg__rosidl_typesupport_fastrtps_c.so" to ""
[9.874s] -- Installing: /home/bentoaz/NSF_IRES_2025_Codebase/control/install/traj_planning_msg/lib/libtraj_planning_msg__rosidl_typesupport_fastrtps_cpp.so
[9.874s] -- Set runtime path of "/home/bentoaz/NSF_IRES_2025_Codebase/control/install/traj_planning_msg/lib/libtraj_planning_msg__rosidl_typesupport_fastrtps_cpp.so" to ""
[9.874s] -- Installing: /home/bentoaz/NSF_IRES_2025_Codebase/control/install/traj_planning_msg/lib/libtraj_planning_msg__rosidl_typesupport_introspection_c.so
[9.874s] -- Set runtime path of "/home/bentoaz/NSF_IRES_2025_Codebase/control/install/traj_planning_msg/lib/libtraj_planning_msg__rosidl_typesupport_introspection_c.so" to ""
[9.874s] -- Installing: /home/bentoaz/NSF_IRES_2025_Codebase/control/install/traj_planning_msg/lib/libtraj_planning_msg__rosidl_typesupport_c.so
[9.874s] -- Set runtime path of "/home/bentoaz/NSF_IRES_2025_Codebase/control/install/traj_planning_msg/lib/libtraj_planning_msg__rosidl_typesupport_c.so" to ""
[9.875s] -- Installing: /home/bentoaz/NSF_IRES_2025_Codebase/control/install/traj_planning_msg/lib/libtraj_planning_msg__rosidl_typesupport_introspection_cpp.so
[9.876s] -- Set runtime path of "/home/bentoaz/NSF_IRES_2025_Codebase/control/install/traj_planning_msg/lib/libtraj_planning_msg__rosidl_typesupport_introspection_cpp.so" to ""
[9.876s] -- Installing: /home/bentoaz/NSF_IRES_2025_Codebase/control/install/traj_planning_msg/lib/libtraj_planning_msg__rosidl_typesupport_cpp.so
[9.876s] -- Set runtime path of "/home/bentoaz/NSF_IRES_2025_Codebase/control/install/traj_planning_msg/lib/libtraj_planning_msg__rosidl_typesupport_cpp.so" to ""
[9.955s] Listing '/home/bentoaz/NSF_IRES_2025_Codebase/control/install/traj_planning_msg/local/lib/python3.10/dist-packages/traj_planning_msg'...
[9.955s] Compiling '/home/bentoaz/NSF_IRES_2025_Codebase/control/install/traj_planning_msg/local/lib/python3.10/dist-packages/traj_planning_msg/__init__.py'...
[9.955s] Listing '/home/bentoaz/NSF_IRES_2025_Codebase/control/install/traj_planning_msg/local/lib/python3.10/dist-packages/traj_planning_msg/msg'...
[9.955s] Compiling '/home/bentoaz/NSF_IRES_2025_Codebase/control/install/traj_planning_msg/local/lib/python3.10/dist-packages/traj_planning_msg/msg/__init__.py'...
[9.955s] Compiling '/home/bentoaz/NSF_IRES_2025_Codebase/control/install/traj_planning_msg/local/lib/python3.10/dist-packages/traj_planning_msg/msg/_path_list.py'...
[9.959s] -- Installing: /home/bentoaz/NSF_IRES_2025_Codebase/control/install/traj_planning_msg/lib/libtraj_planning_msg__rosidl_generator_py.so
[9.959s] -- Set runtime path of "/home/bentoaz/NSF_IRES_2025_Codebase/control/install/traj_planning_msg/lib/libtraj_planning_msg__rosidl_generator_py.so" to ""
[9.959s] -- Installing: /home/bentoaz/NSF_IRES_2025_Codebase/control/install/traj_planning_msg/share/traj_planning_msg/cmake/export_traj_planning_msg__rosidl_generator_cExport.cmake
[9.959s] -- Installing: /home/bentoaz/NSF_IRES_2025_Codebase/control/install/traj_planning_msg/share/traj_planning_msg/cmake/export_traj_planning_msg__rosidl_generator_cExport-noconfig.cmake
[9.959s] -- Installing: /home/bentoaz/NSF_IRES_2025_Codebase/control/install/traj_planning_msg/share/traj_planning_msg/cmake/export_traj_planning_msg__rosidl_typesupport_fastrtps_cExport.cmake
[9.959s] -- Installing: /home/bentoaz/NSF_IRES_2025_Codebase/control/install/traj_planning_msg/share/traj_planning_msg/cmake/export_traj_planning_msg__rosidl_typesupport_fastrtps_cExport-noconfig.cmake
[9.960s] -- Installing: /home/bentoaz/NSF_IRES_2025_Codebase/control/install/traj_planning_msg/share/traj_planning_msg/cmake/export_traj_planning_msg__rosidl_generator_cppExport.cmake
[9.960s] -- Installing: /home/bentoaz/NSF_IRES_2025_Codebase/control/install/traj_planning_msg/share/traj_planning_msg/cmake/export_traj_planning_msg__rosidl_typesupport_fastrtps_cppExport.cmake
[9.960s] -- Installing: /home/bentoaz/NSF_IRES_2025_Codebase/control/install/traj_planning_msg/share/traj_planning_msg/cmake/export_traj_planning_msg__rosidl_typesupport_fastrtps_cppExport-noconfig.cmake
[9.960s] -- Installing: /home/bentoaz/NSF_IRES_2025_Codebase/control/install/traj_planning_msg/share/traj_planning_msg/cmake/traj_planning_msg__rosidl_typesupport_introspection_cExport.cmake
[9.960s] -- Installing: /home/bentoaz/NSF_IRES_2025_Codebase/control/install/traj_planning_msg/share/traj_planning_msg/cmake/traj_planning_msg__rosidl_typesupport_introspection_cExport-noconfig.cmake
[9.960s] -- Installing: /home/bentoaz/NSF_IRES_2025_Codebase/control/install/traj_planning_msg/share/traj_planning_msg/cmake/traj_planning_msg__rosidl_typesupport_cExport.cmake
[9.960s] -- Installing: /home/bentoaz/NSF_IRES_2025_Codebase/control/install/traj_planning_msg/share/traj_planning_msg/cmake/traj_planning_msg__rosidl_typesupport_cExport-noconfig.cmake
[9.960s] -- Installing: /home/bentoaz/NSF_IRES_2025_Codebase/control/install/traj_planning_msg/share/traj_planning_msg/cmake/traj_planning_msg__rosidl_typesupport_introspection_cppExport.cmake
[9.960s] -- Installing: /home/bentoaz/NSF_IRES_2025_Codebase/control/install/traj_planning_msg/share/traj_planning_msg/cmake/traj_planning_msg__rosidl_typesupport_introspection_cppExport-noconfig.cmake
[9.960s] -- Installing: /home/bentoaz/NSF_IRES_2025_Codebase/control/install/traj_planning_msg/share/traj_planning_msg/cmake/traj_planning_msg__rosidl_typesupport_cppExport.cmake
[9.960s] -- Installing: /home/bentoaz/NSF_IRES_2025_Codebase/control/install/traj_planning_msg/share/traj_planning_msg/cmake/traj_planning_msg__rosidl_typesupport_cppExport-noconfig.cmake
[9.960s] -- Installing: /home/bentoaz/NSF_IRES_2025_Codebase/control/install/traj_planning_msg/share/traj_planning_msg/cmake/export_traj_planning_msg__rosidl_generator_pyExport.cmake
[9.960s] -- Installing: /home/bentoaz/NSF_IRES_2025_Codebase/control/install/traj_planning_msg/share/traj_planning_msg/cmake/export_traj_planning_msg__rosidl_generator_pyExport-noconfig.cmake
[9.963s] Invoked command in '/home/bentoaz/NSF_IRES_2025_Codebase/control/build/traj_planning_msg' returned '0': CMAKE_PREFIX_PATH=${CMAKE_PREFIX_PATH}:/home/bentoaz/NSF_IRES_2025_Codebase/control/install/traj_planning:/home/bentoaz/autoware/install/autoware_carla_interface:/home/bentoaz/autoware/install/ros2agnocast:/home/bentoaz/autoware/install/autoware_adapi_visualizers:/opt/ros/humble /usr/bin/cmake --install /home/bentoaz/NSF_IRES_2025_Codebase/control/build/traj_planning_msg
