[  0%] Built target ament_cmake_python_symlink_safety_node_setup
[100%] Built target safety_node
[100%] Built target ament_cmake_python_symlink_safety_node
/usr/lib/python3/dist-packages/setuptools/dist.py:723: UserWarning: Usage of dash-separated 'script-dir' will not be supported in future versions. Please use the underscore name 'script_dir' instead
  warnings.warn(
/usr/lib/python3/dist-packages/setuptools/dist.py:723: UserWarning: Usage of dash-separated 'install-scripts' will not be supported in future versions. Please use the underscore name 'install_scripts' instead
  warnings.warn(
running egg_info
writing safety_node.egg-info/PKG-INFO
writing dependency_links to safety_node.egg-info/dependency_links.txt
writing top-level names to safety_node.egg-info/top_level.txt
reading manifest file 'safety_node.egg-info/SOURCES.txt'
writing manifest file 'safety_node.egg-info/SOURCES.txt'
[100%] Built target ament_cmake_python_build_safety_node_egg
-- Install configuration: ""
-- Execute custom install script
-- Up-to-date symlink: /home/bentoaz/f1tenth_experimental_ws/install/safety_node/lib/safety_node/safety_node
-- Up-to-date symlink: /home/bentoaz/f1tenth_experimental_ws/install/safety_node/share/safety_node/environment/pythonpath.sh
-- Up-to-date symlink: /home/bentoaz/f1tenth_experimental_ws/install/safety_node/share/safety_node/environment/pythonpath.dsv
-- Up-to-date symlink: /home/bentoaz/f1tenth_experimental_ws/install/safety_node/local/lib/python3.10/dist-packages/safety_node-0.0.0-py3.10.egg-info/PKG-INFO
-- Up-to-date symlink: /home/bentoaz/f1tenth_experimental_ws/install/safety_node/local/lib/python3.10/dist-packages/safety_node-0.0.0-py3.10.egg-info/SOURCES.txt
-- Up-to-date symlink: /home/bentoaz/f1tenth_experimental_ws/install/safety_node/local/lib/python3.10/dist-packages/safety_node-0.0.0-py3.10.egg-info/dependency_links.txt
-- Up-to-date symlink: /home/bentoaz/f1tenth_experimental_ws/install/safety_node/local/lib/python3.10/dist-packages/safety_node-0.0.0-py3.10.egg-info/top_level.txt
-- Up-to-date symlink: /home/bentoaz/f1tenth_experimental_ws/install/safety_node/local/lib/python3.10/dist-packages/safety_node/__init__.py
-- Up-to-date symlink: /home/bentoaz/f1tenth_experimental_ws/install/safety_node/lib/safety_node/safety_node.py
-- Up-to-date symlink: /home/bentoaz/f1tenth_experimental_ws/install/safety_node/share/ament_index/resource_index/package_run_dependencies/safety_node
-- Up-to-date symlink: /home/bentoaz/f1tenth_experimental_ws/install/safety_node/share/ament_index/resource_index/parent_prefix_path/safety_node
-- Up-to-date symlink: /home/bentoaz/f1tenth_experimental_ws/install/safety_node/share/safety_node/environment/ament_prefix_path.sh
-- Up-to-date symlink: /home/bentoaz/f1tenth_experimental_ws/install/safety_node/share/safety_node/environment/ament_prefix_path.dsv
-- Up-to-date symlink: /home/bentoaz/f1tenth_experimental_ws/install/safety_node/share/safety_node/environment/path.sh
-- Up-to-date symlink: /home/bentoaz/f1tenth_experimental_ws/install/safety_node/share/safety_node/environment/path.dsv
-- Up-to-date symlink: /home/bentoaz/f1tenth_experimental_ws/install/safety_node/share/safety_node/local_setup.bash
-- Up-to-date symlink: /home/bentoaz/f1tenth_experimental_ws/install/safety_node/share/safety_node/local_setup.sh
-- Up-to-date symlink: /home/bentoaz/f1tenth_experimental_ws/install/safety_node/share/safety_node/local_setup.zsh
-- Up-to-date symlink: /home/bentoaz/f1tenth_experimental_ws/install/safety_node/share/safety_node/local_setup.dsv
-- Symlinking: /home/bentoaz/f1tenth_experimental_ws/install/safety_node/share/safety_node/package.dsv
-- Up-to-date symlink: /home/bentoaz/f1tenth_experimental_ws/install/safety_node/share/ament_index/resource_index/packages/safety_node
-- Up-to-date symlink: /home/bentoaz/f1tenth_experimental_ws/install/safety_node/share/safety_node/cmake/safety_nodeConfig.cmake
-- Up-to-date symlink: /home/bentoaz/f1tenth_experimental_ws/install/safety_node/share/safety_node/cmake/safety_nodeConfig-version.cmake
-- Up-to-date symlink: /home/bentoaz/f1tenth_experimental_ws/install/safety_node/share/safety_node/package.xml
Listing '/home/bentoaz/f1tenth_experimental_ws/install/safety_node/local/lib/python3.10/dist-packages/safety_node'...
