[0.808s] Invoking command in '/home/bentoaz/NSF_IRES_2025_Codebase/control/build/traj_planning': PYTHONPATH=/home/bentoaz/NSF_IRES_2025_Codebase/control/build/traj_planning/prefix_override:/usr/lib/python3/dist-packages/colcon_core/task/python/colcon_distutils_commands:/home/bentoaz/NSF_IRES_2025_Codebase/control/install/traj_planning/lib/python3.10/site-packages:${PYTHONPATH} /usr/bin/python3 -W ignore:setup.py install is deprecated -W ignore:easy_install command is deprecated setup.py develop --editable --build-directory /home/bentoaz/NSF_IRES_2025_Codebase/control/build/traj_planning/build --no-deps symlink_data --force
[1.101s] running develop
[1.263s] running egg_info
[1.264s] writing traj_planning.egg-info/PKG-INFO
[1.264s] writing dependency_links to traj_planning.egg-info/dependency_links.txt
[1.264s] writing entry points to traj_planning.egg-info/entry_points.txt
[1.264s] writing requirements to traj_planning.egg-info/requires.txt
[1.264s] writing top-level names to traj_planning.egg-info/top_level.txt
[1.265s] reading manifest file 'traj_planning.egg-info/SOURCES.txt'
[1.266s] writing manifest file 'traj_planning.egg-info/SOURCES.txt'
[1.297s] running build_ext
[1.297s] Creating /home/bentoaz/NSF_IRES_2025_Codebase/control/install/traj_planning/lib/python3.10/site-packages/traj-planning.egg-link (link to .)
[1.298s] Installing traj_selecter script to /home/bentoaz/NSF_IRES_2025_Codebase/control/install/traj_planning/lib/traj_planning
[1.298s] Installing traj_server script to /home/bentoaz/NSF_IRES_2025_Codebase/control/install/traj_planning/lib/traj_planning
[1.298s] 
[1.298s] Installed /home/bentoaz/NSF_IRES_2025_Codebase/control/build/traj_planning
[1.299s] running symlink_data
[1.299s] symbolically linking /home/bentoaz/NSF_IRES_2025_Codebase/control/build/traj_planning/resource/traj_planning -> /home/bentoaz/NSF_IRES_2025_Codebase/control/install/traj_planning/share/ament_index/resource_index/packages
[1.299s] symbolically linking /home/bentoaz/NSF_IRES_2025_Codebase/control/build/traj_planning/package.xml -> /home/bentoaz/NSF_IRES_2025_Codebase/control/install/traj_planning/share/traj_planning
[1.340s] Invoked command in '/home/bentoaz/NSF_IRES_2025_Codebase/control/build/traj_planning' returned '0': PYTHONPATH=/home/bentoaz/NSF_IRES_2025_Codebase/control/build/traj_planning/prefix_override:/usr/lib/python3/dist-packages/colcon_core/task/python/colcon_distutils_commands:/home/bentoaz/NSF_IRES_2025_Codebase/control/install/traj_planning/lib/python3.10/site-packages:${PYTHONPATH} /usr/bin/python3 -W ignore:setup.py install is deprecated -W ignore:easy_install command is deprecated setup.py develop --editable --build-directory /home/bentoaz/NSF_IRES_2025_Codebase/control/build/traj_planning/build --no-deps symlink_data --force
