[0.116s] DEBUG:colcon:Command line arguments: ['/usr/bin/colcon', 'build', '--symlink-install']
[0.116s] DEBUG:colcon:Parsed command line arguments: Namespace(log_base=None, log_level=None, verb_name='build', build_base='build', install_base='install', merge_install=False, symlink_install=True, test_result_base=None, continue_on_error=False, executor='parallel', parallel_workers=16, event_handlers=None, ignore_user_meta=False, metas=['./colcon.meta'], base_paths=['.'], packages_ignore=None, packages_ignore_regex=None, paths=None, packages_up_to=None, packages_up_to_regex=None, packages_above=None, packages_above_and_dependencies=None, packages_above_depth=None, packages_select_by_dep=None, packages_skip_by_dep=None, packages_skip_up_to=None, packages_select_build_failed=False, packages_skip_build_finished=False, packages_select_test_failures=False, packages_skip_test_passed=False, packages_select=None, packages_skip=None, packages_select_regex=None, packages_skip_regex=None, packages_start=None, packages_end=None, allow_overriding=[], cmake_args=None, cmake_target=None, cmake_target_skip_unavailable=False, cmake_clean_cache=False, cmake_clean_first=False, cmake_force_configure=False, ament_cmake_args=None, catkin_cmake_args=None, catkin_skip_building_tests=False, mixin_files=None, mixin=None, verb_parser=<colcon_mixin.mixin.mixin_argument.MixinArgumentDecorator object at 0x7c9e6200d5a0>, verb_extension=<colcon_core.verb.build.BuildVerb object at 0x7c9e6200d0f0>, main=<bound method BuildVerb.main of <colcon_core.verb.build.BuildVerb object at 0x7c9e6200d0f0>>, mixin_verb=('build',))
[0.277s] Level 1:colcon.colcon_core.package_discovery:discover_packages(colcon_meta) check parameters
[0.277s] Level 1:colcon.colcon_core.package_discovery:discover_packages(recursive) check parameters
[0.277s] Level 1:colcon.colcon_core.package_discovery:discover_packages(ignore) check parameters
[0.277s] Level 1:colcon.colcon_core.package_discovery:discover_packages(path) check parameters
[0.277s] Level 1:colcon.colcon_core.package_discovery:discover_packages(colcon_meta) discover
[0.277s] Level 1:colcon.colcon_core.package_discovery:discover_packages(recursive) discover
[0.277s] INFO:colcon.colcon_core.package_discovery:Crawling recursively for packages in '/home/bentoaz/NSF_IRES_2025_Codebase/control'
[0.277s] Level 1:colcon.colcon_core.package_identification:_identify(.) by extensions ['ignore', 'ignore_ament_install']
[0.277s] Level 1:colcon.colcon_core.package_identification:_identify(.) by extension 'ignore'
[0.277s] Level 1:colcon.colcon_core.package_identification:_identify(.) by extension 'ignore_ament_install'
[0.277s] Level 1:colcon.colcon_core.package_identification:_identify(.) by extensions ['colcon_pkg']
[0.277s] Level 1:colcon.colcon_core.package_identification:_identify(.) by extension 'colcon_pkg'
[0.277s] Level 1:colcon.colcon_core.package_identification:_identify(.) by extensions ['colcon_meta']
[0.277s] Level 1:colcon.colcon_core.package_identification:_identify(.) by extension 'colcon_meta'
[0.277s] Level 1:colcon.colcon_core.package_identification:_identify(.) by extensions ['ros']
[0.277s] Level 1:colcon.colcon_core.package_identification:_identify(.) by extension 'ros'
[0.285s] Level 1:colcon.colcon_core.package_identification:_identify(.) by extensions ['cmake', 'python']
[0.285s] Level 1:colcon.colcon_core.package_identification:_identify(.) by extension 'cmake'
[0.285s] Level 1:colcon.colcon_core.package_identification:_identify(.) by extension 'python'
[0.285s] Level 1:colcon.colcon_core.package_identification:_identify(.) by extensions ['python_setup_py']
[0.285s] Level 1:colcon.colcon_core.package_identification:_identify(.) by extension 'python_setup_py'
[0.285s] Level 1:colcon.colcon_core.package_identification:_identify(build) by extensions ['ignore', 'ignore_ament_install']
[0.285s] Level 1:colcon.colcon_core.package_identification:_identify(build) by extension 'ignore'
[0.285s] Level 1:colcon.colcon_core.package_identification:_identify(build) ignored
[0.286s] Level 1:colcon.colcon_core.package_identification:_identify(install) by extensions ['ignore', 'ignore_ament_install']
[0.286s] Level 1:colcon.colcon_core.package_identification:_identify(install) by extension 'ignore'
[0.286s] Level 1:colcon.colcon_core.package_identification:_identify(install) ignored
[0.286s] Level 1:colcon.colcon_core.package_identification:_identify(log) by extensions ['ignore', 'ignore_ament_install']
[0.286s] Level 1:colcon.colcon_core.package_identification:_identify(log) by extension 'ignore'
[0.286s] Level 1:colcon.colcon_core.package_identification:_identify(log) ignored
[0.286s] Level 1:colcon.colcon_core.package_identification:_identify(src) by extensions ['ignore', 'ignore_ament_install']
[0.286s] Level 1:colcon.colcon_core.package_identification:_identify(src) by extension 'ignore'
[0.286s] Level 1:colcon.colcon_core.package_identification:_identify(src) by extension 'ignore_ament_install'
[0.286s] Level 1:colcon.colcon_core.package_identification:_identify(src) by extensions ['colcon_pkg']
[0.286s] Level 1:colcon.colcon_core.package_identification:_identify(src) by extension 'colcon_pkg'
[0.286s] Level 1:colcon.colcon_core.package_identification:_identify(src) by extensions ['colcon_meta']
[0.286s] Level 1:colcon.colcon_core.package_identification:_identify(src) by extension 'colcon_meta'
[0.286s] Level 1:colcon.colcon_core.package_identification:_identify(src) by extensions ['ros']
[0.286s] Level 1:colcon.colcon_core.package_identification:_identify(src) by extension 'ros'
[0.286s] Level 1:colcon.colcon_core.package_identification:_identify(src) by extensions ['cmake', 'python']
[0.286s] Level 1:colcon.colcon_core.package_identification:_identify(src) by extension 'cmake'
[0.286s] Level 1:colcon.colcon_core.package_identification:_identify(src) by extension 'python'
[0.286s] Level 1:colcon.colcon_core.package_identification:_identify(src) by extensions ['python_setup_py']
[0.286s] Level 1:colcon.colcon_core.package_identification:_identify(src) by extension 'python_setup_py'
[0.286s] Level 1:colcon.colcon_core.package_identification:_identify(src/traj_planning) by extensions ['ignore', 'ignore_ament_install']
[0.286s] Level 1:colcon.colcon_core.package_identification:_identify(src/traj_planning) by extension 'ignore'
[0.286s] Level 1:colcon.colcon_core.package_identification:_identify(src/traj_planning) by extension 'ignore_ament_install'
[0.286s] Level 1:colcon.colcon_core.package_identification:_identify(src/traj_planning) by extensions ['colcon_pkg']
[0.286s] Level 1:colcon.colcon_core.package_identification:_identify(src/traj_planning) by extension 'colcon_pkg'
[0.286s] Level 1:colcon.colcon_core.package_identification:_identify(src/traj_planning) by extensions ['colcon_meta']
[0.286s] Level 1:colcon.colcon_core.package_identification:_identify(src/traj_planning) by extension 'colcon_meta'
[0.286s] Level 1:colcon.colcon_core.package_identification:_identify(src/traj_planning) by extensions ['ros']
[0.286s] Level 1:colcon.colcon_core.package_identification:_identify(src/traj_planning) by extension 'ros'
[0.288s] DEBUG:colcon.colcon_core.package_identification:Package 'src/traj_planning' with type 'ros.ament_python' and name 'traj_planning'
[0.288s] Level 1:colcon.colcon_core.package_identification:_identify(src/traj_planning_msg) by extensions ['ignore', 'ignore_ament_install']
[0.288s] Level 1:colcon.colcon_core.package_identification:_identify(src/traj_planning_msg) by extension 'ignore'
[0.288s] Level 1:colcon.colcon_core.package_identification:_identify(src/traj_planning_msg) by extension 'ignore_ament_install'
[0.288s] Level 1:colcon.colcon_core.package_identification:_identify(src/traj_planning_msg) by extensions ['colcon_pkg']
[0.288s] Level 1:colcon.colcon_core.package_identification:_identify(src/traj_planning_msg) by extension 'colcon_pkg'
[0.288s] Level 1:colcon.colcon_core.package_identification:_identify(src/traj_planning_msg) by extensions ['colcon_meta']
[0.288s] Level 1:colcon.colcon_core.package_identification:_identify(src/traj_planning_msg) by extension 'colcon_meta'
[0.288s] Level 1:colcon.colcon_core.package_identification:_identify(src/traj_planning_msg) by extensions ['ros']
[0.288s] Level 1:colcon.colcon_core.package_identification:_identify(src/traj_planning_msg) by extension 'ros'
[0.289s] DEBUG:colcon.colcon_core.package_identification:Package 'src/traj_planning_msg' with type 'ros.ament_cmake' and name 'traj_planning_msg'
[0.289s] Level 1:colcon.colcon_core.package_discovery:discover_packages(recursive) using defaults
[0.289s] Level 1:colcon.colcon_core.package_discovery:discover_packages(ignore) discover
[0.289s] Level 1:colcon.colcon_core.package_discovery:discover_packages(ignore) using defaults
[0.289s] Level 1:colcon.colcon_core.package_discovery:discover_packages(path) discover
[0.289s] Level 1:colcon.colcon_core.package_discovery:discover_packages(path) using defaults
[0.308s] Level 1:colcon.colcon_core.package_discovery:discover_packages(prefix_path) check parameters
[0.308s] Level 1:colcon.colcon_core.package_discovery:discover_packages(prefix_path) discover
[0.315s] DEBUG:colcon.colcon_installed_package_information.package_discovery:Found 2 installed packages in /home/bentoaz/NSF_IRES_2025_Codebase/control/install
[0.316s] DEBUG:colcon.colcon_installed_package_information.package_discovery:Found 20 installed packages in /home/bentoaz/CARLA_PROJECT/ros2_bridge_ws/ros-bridge/install
[0.322s] DEBUG:colcon.colcon_installed_package_information.package_discovery:Found 403 installed packages in /home/bentoaz/autoware/install
[0.324s] DEBUG:colcon.colcon_installed_package_information.package_discovery:Found 1 installed packages in /home/bentoaz/CARLA_PROJECT/carla_ros2_ws/install
[0.325s] DEBUG:colcon.colcon_installed_package_information.package_discovery:Found 359 installed packages in /opt/ros/humble
[0.326s] Level 1:colcon.colcon_core.package_discovery:discover_packages(prefix_path) using defaults
[0.380s] Level 5:colcon.colcon_core.verb:set package 'traj_planning_msg' build argument 'cmake_args' from command line to 'None'
[0.380s] Level 5:colcon.colcon_core.verb:set package 'traj_planning_msg' build argument 'cmake_target' from command line to 'None'
[0.380s] Level 5:colcon.colcon_core.verb:set package 'traj_planning_msg' build argument 'cmake_target_skip_unavailable' from command line to 'False'
[0.380s] Level 5:colcon.colcon_core.verb:set package 'traj_planning_msg' build argument 'cmake_clean_cache' from command line to 'False'
[0.380s] Level 5:colcon.colcon_core.verb:set package 'traj_planning_msg' build argument 'cmake_clean_first' from command line to 'False'
[0.380s] Level 5:colcon.colcon_core.verb:set package 'traj_planning_msg' build argument 'cmake_force_configure' from command line to 'False'
[0.380s] Level 5:colcon.colcon_core.verb:set package 'traj_planning_msg' build argument 'ament_cmake_args' from command line to 'None'
[0.380s] Level 5:colcon.colcon_core.verb:set package 'traj_planning_msg' build argument 'catkin_cmake_args' from command line to 'None'
[0.380s] Level 5:colcon.colcon_core.verb:set package 'traj_planning_msg' build argument 'catkin_skip_building_tests' from command line to 'False'
[0.380s] DEBUG:colcon.colcon_core.verb:Building package 'traj_planning_msg' with the following arguments: {'ament_cmake_args': None, 'build_base': '/home/bentoaz/NSF_IRES_2025_Codebase/control/build/traj_planning_msg', 'catkin_cmake_args': None, 'catkin_skip_building_tests': False, 'cmake_args': None, 'cmake_clean_cache': False, 'cmake_clean_first': False, 'cmake_force_configure': False, 'cmake_target': None, 'cmake_target_skip_unavailable': False, 'install_base': '/home/bentoaz/NSF_IRES_2025_Codebase/control/install/traj_planning_msg', 'merge_install': False, 'path': '/home/bentoaz/NSF_IRES_2025_Codebase/control/src/traj_planning_msg', 'symlink_install': True, 'test_result_base': None}
[0.380s] Level 5:colcon.colcon_core.verb:set package 'traj_planning' build argument 'cmake_args' from command line to 'None'
[0.380s] Level 5:colcon.colcon_core.verb:set package 'traj_planning' build argument 'cmake_target' from command line to 'None'
[0.380s] Level 5:colcon.colcon_core.verb:set package 'traj_planning' build argument 'cmake_target_skip_unavailable' from command line to 'False'
[0.380s] Level 5:colcon.colcon_core.verb:set package 'traj_planning' build argument 'cmake_clean_cache' from command line to 'False'
[0.380s] Level 5:colcon.colcon_core.verb:set package 'traj_planning' build argument 'cmake_clean_first' from command line to 'False'
[0.380s] Level 5:colcon.colcon_core.verb:set package 'traj_planning' build argument 'cmake_force_configure' from command line to 'False'
[0.380s] Level 5:colcon.colcon_core.verb:set package 'traj_planning' build argument 'ament_cmake_args' from command line to 'None'
[0.380s] Level 5:colcon.colcon_core.verb:set package 'traj_planning' build argument 'catkin_cmake_args' from command line to 'None'
[0.380s] Level 5:colcon.colcon_core.verb:set package 'traj_planning' build argument 'catkin_skip_building_tests' from command line to 'False'
[0.380s] DEBUG:colcon.colcon_core.verb:Building package 'traj_planning' with the following arguments: {'ament_cmake_args': None, 'build_base': '/home/bentoaz/NSF_IRES_2025_Codebase/control/build/traj_planning', 'catkin_cmake_args': None, 'catkin_skip_building_tests': False, 'cmake_args': None, 'cmake_clean_cache': False, 'cmake_clean_first': False, 'cmake_force_configure': False, 'cmake_target': None, 'cmake_target_skip_unavailable': False, 'install_base': '/home/bentoaz/NSF_IRES_2025_Codebase/control/install/traj_planning', 'merge_install': False, 'path': '/home/bentoaz/NSF_IRES_2025_Codebase/control/src/traj_planning', 'symlink_install': True, 'test_result_base': None}
[0.381s] INFO:colcon.colcon_core.executor:Executing jobs using 'parallel' executor
[0.382s] DEBUG:colcon.colcon_parallel_executor.executor.parallel:run_until_complete
[0.382s] INFO:colcon.colcon_ros.task.ament_cmake.build:Building ROS package in '/home/bentoaz/NSF_IRES_2025_Codebase/control/src/traj_planning_msg' with build type 'ament_cmake'
[0.382s] INFO:colcon.colcon_cmake.task.cmake.build:Building CMake package in '/home/bentoaz/NSF_IRES_2025_Codebase/control/src/traj_planning_msg'
[0.385s] INFO:colcon.colcon_core.plugin_system:Skipping extension 'colcon_core.shell.bat': Not used on non-Windows systems
[0.385s] INFO:colcon.colcon_core.shell:Skip shell extension 'powershell' for command environment: Not usable outside of PowerShell
[0.385s] DEBUG:colcon.colcon_core.shell:Skip shell extension 'dsv' for command environment
[0.422s] DEBUG:colcon.colcon_core.event_handler.log_command:Invoking command in '/home/bentoaz/NSF_IRES_2025_Codebase/control/build/traj_planning_msg': CMAKE_PREFIX_PATH=${CMAKE_PREFIX_PATH}:/home/bentoaz/NSF_IRES_2025_Codebase/control/install/traj_planning:/home/bentoaz/CARLA_PROJECT/ros2_bridge_ws/ros-bridge/install/rqt_carla_control:/home/bentoaz/CARLA_PROJECT/ros2_bridge_ws/ros-bridge/install/carla_waypoint_publisher:/home/bentoaz/CARLA_PROJECT/ros2_bridge_ws/ros-bridge/install/carla_ackermann_control:/home/bentoaz/CARLA_PROJECT/ros2_bridge_ws/ros-bridge/install/carla_ros_bridge:/home/bentoaz/CARLA_PROJECT/ros2_bridge_ws/ros-bridge/install/carla_spawn_objects:/home/bentoaz/CARLA_PROJECT/ros2_bridge_ws/ros-bridge/install/carla_manual_control:/home/bentoaz/CARLA_PROJECT/ros2_bridge_ws/ros-bridge/install/carla_ad_agent:/home/bentoaz/CARLA_PROJECT/ros2_bridge_ws/ros-bridge/install/ros_compatibility:/home/bentoaz/CARLA_PROJECT/ros2_bridge_ws/ros-bridge/install/navigation:/home/bentoaz/CARLA_PROJECT/ros2_bridge_ws/ros-bridge/install/carla_walker_agent:/home/bentoaz/CARLA_PROJECT/ros2_bridge_ws/ros-bridge/install/carla_twist_to_control:/home/bentoaz/CARLA_PROJECT/ros2_bridge_ws/ros-bridge/install/carla_ros_scenario_runner:/home/bentoaz/CARLA_PROJECT/ros2_bridge_ws/ros-bridge/install/carla_common:/home/bentoaz/CARLA_PROJECT/carla_ros2_ws/install/navigation:/home/bentoaz/autoware/install/autoware_carla_interface:/home/bentoaz/autoware/install/ros2agnocast:/home/bentoaz/autoware/install/autoware_adapi_visualizers:/opt/ros/humble /usr/bin/cmake --build /home/bentoaz/NSF_IRES_2025_Codebase/control/build/traj_planning_msg -- -j16 -l16
[6.899s] DEBUG:colcon.colcon_core.event_handler.log_command:Invoked command in '/home/bentoaz/NSF_IRES_2025_Codebase/control/build/traj_planning_msg' returned '0': CMAKE_PREFIX_PATH=${CMAKE_PREFIX_PATH}:/home/bentoaz/NSF_IRES_2025_Codebase/control/install/traj_planning:/home/bentoaz/CARLA_PROJECT/ros2_bridge_ws/ros-bridge/install/rqt_carla_control:/home/bentoaz/CARLA_PROJECT/ros2_bridge_ws/ros-bridge/install/carla_waypoint_publisher:/home/bentoaz/CARLA_PROJECT/ros2_bridge_ws/ros-bridge/install/carla_ackermann_control:/home/bentoaz/CARLA_PROJECT/ros2_bridge_ws/ros-bridge/install/carla_ros_bridge:/home/bentoaz/CARLA_PROJECT/ros2_bridge_ws/ros-bridge/install/carla_spawn_objects:/home/bentoaz/CARLA_PROJECT/ros2_bridge_ws/ros-bridge/install/carla_manual_control:/home/bentoaz/CARLA_PROJECT/ros2_bridge_ws/ros-bridge/install/carla_ad_agent:/home/bentoaz/CARLA_PROJECT/ros2_bridge_ws/ros-bridge/install/ros_compatibility:/home/bentoaz/CARLA_PROJECT/ros2_bridge_ws/ros-bridge/install/navigation:/home/bentoaz/CARLA_PROJECT/ros2_bridge_ws/ros-bridge/install/carla_walker_agent:/home/bentoaz/CARLA_PROJECT/ros2_bridge_ws/ros-bridge/install/carla_twist_to_control:/home/bentoaz/CARLA_PROJECT/ros2_bridge_ws/ros-bridge/install/carla_ros_scenario_runner:/home/bentoaz/CARLA_PROJECT/ros2_bridge_ws/ros-bridge/install/carla_common:/home/bentoaz/CARLA_PROJECT/carla_ros2_ws/install/navigation:/home/bentoaz/autoware/install/autoware_carla_interface:/home/bentoaz/autoware/install/ros2agnocast:/home/bentoaz/autoware/install/autoware_adapi_visualizers:/opt/ros/humble /usr/bin/cmake --build /home/bentoaz/NSF_IRES_2025_Codebase/control/build/traj_planning_msg -- -j16 -l16
[6.925s] DEBUG:colcon.colcon_core.event_handler.log_command:Invoking command in '/home/bentoaz/NSF_IRES_2025_Codebase/control/build/traj_planning_msg': CMAKE_PREFIX_PATH=${CMAKE_PREFIX_PATH}:/home/bentoaz/NSF_IRES_2025_Codebase/control/install/traj_planning:/home/bentoaz/CARLA_PROJECT/ros2_bridge_ws/ros-bridge/install/rqt_carla_control:/home/bentoaz/CARLA_PROJECT/ros2_bridge_ws/ros-bridge/install/carla_waypoint_publisher:/home/bentoaz/CARLA_PROJECT/ros2_bridge_ws/ros-bridge/install/carla_ackermann_control:/home/bentoaz/CARLA_PROJECT/ros2_bridge_ws/ros-bridge/install/carla_ros_bridge:/home/bentoaz/CARLA_PROJECT/ros2_bridge_ws/ros-bridge/install/carla_spawn_objects:/home/bentoaz/CARLA_PROJECT/ros2_bridge_ws/ros-bridge/install/carla_manual_control:/home/bentoaz/CARLA_PROJECT/ros2_bridge_ws/ros-bridge/install/carla_ad_agent:/home/bentoaz/CARLA_PROJECT/ros2_bridge_ws/ros-bridge/install/ros_compatibility:/home/bentoaz/CARLA_PROJECT/ros2_bridge_ws/ros-bridge/install/navigation:/home/bentoaz/CARLA_PROJECT/ros2_bridge_ws/ros-bridge/install/carla_walker_agent:/home/bentoaz/CARLA_PROJECT/ros2_bridge_ws/ros-bridge/install/carla_twist_to_control:/home/bentoaz/CARLA_PROJECT/ros2_bridge_ws/ros-bridge/install/carla_ros_scenario_runner:/home/bentoaz/CARLA_PROJECT/ros2_bridge_ws/ros-bridge/install/carla_common:/home/bentoaz/CARLA_PROJECT/carla_ros2_ws/install/navigation:/home/bentoaz/autoware/install/autoware_carla_interface:/home/bentoaz/autoware/install/ros2agnocast:/home/bentoaz/autoware/install/autoware_adapi_visualizers:/opt/ros/humble /usr/bin/cmake --install /home/bentoaz/NSF_IRES_2025_Codebase/control/build/traj_planning_msg
[7.630s] Level 1:colcon.colcon_core.environment:create_environment_scripts_only(traj_planning_msg)
[7.631s] DEBUG:colcon.colcon_core.event_handler.log_command:Invoked command in '/home/bentoaz/NSF_IRES_2025_Codebase/control/build/traj_planning_msg' returned '0': CMAKE_PREFIX_PATH=${CMAKE_PREFIX_PATH}:/home/bentoaz/NSF_IRES_2025_Codebase/control/install/traj_planning:/home/bentoaz/CARLA_PROJECT/ros2_bridge_ws/ros-bridge/install/rqt_carla_control:/home/bentoaz/CARLA_PROJECT/ros2_bridge_ws/ros-bridge/install/carla_waypoint_publisher:/home/bentoaz/CARLA_PROJECT/ros2_bridge_ws/ros-bridge/install/carla_ackermann_control:/home/bentoaz/CARLA_PROJECT/ros2_bridge_ws/ros-bridge/install/carla_ros_bridge:/home/bentoaz/CARLA_PROJECT/ros2_bridge_ws/ros-bridge/install/carla_spawn_objects:/home/bentoaz/CARLA_PROJECT/ros2_bridge_ws/ros-bridge/install/carla_manual_control:/home/bentoaz/CARLA_PROJECT/ros2_bridge_ws/ros-bridge/install/carla_ad_agent:/home/bentoaz/CARLA_PROJECT/ros2_bridge_ws/ros-bridge/install/ros_compatibility:/home/bentoaz/CARLA_PROJECT/ros2_bridge_ws/ros-bridge/install/navigation:/home/bentoaz/CARLA_PROJECT/ros2_bridge_ws/ros-bridge/install/carla_walker_agent:/home/bentoaz/CARLA_PROJECT/ros2_bridge_ws/ros-bridge/install/carla_twist_to_control:/home/bentoaz/CARLA_PROJECT/ros2_bridge_ws/ros-bridge/install/carla_ros_scenario_runner:/home/bentoaz/CARLA_PROJECT/ros2_bridge_ws/ros-bridge/install/carla_common:/home/bentoaz/CARLA_PROJECT/carla_ros2_ws/install/navigation:/home/bentoaz/autoware/install/autoware_carla_interface:/home/bentoaz/autoware/install/ros2agnocast:/home/bentoaz/autoware/install/autoware_adapi_visualizers:/opt/ros/humble /usr/bin/cmake --install /home/bentoaz/NSF_IRES_2025_Codebase/control/build/traj_planning_msg
[7.633s] Level 1:colcon.colcon_core.environment:checking '/home/bentoaz/NSF_IRES_2025_Codebase/control/install/traj_planning_msg' for CMake module files
[7.633s] Level 1:colcon.colcon_core.environment:checking '/home/bentoaz/NSF_IRES_2025_Codebase/control/install/traj_planning_msg' for CMake config files
[7.634s] Level 1:colcon.colcon_core.shell:create_environment_hook('traj_planning_msg', 'cmake_prefix_path')
[7.634s] INFO:colcon.colcon_core.shell:Creating environment hook '/home/bentoaz/NSF_IRES_2025_Codebase/control/install/traj_planning_msg/share/traj_planning_msg/hook/cmake_prefix_path.ps1'
[7.635s] INFO:colcon.colcon_core.shell:Creating environment descriptor '/home/bentoaz/NSF_IRES_2025_Codebase/control/install/traj_planning_msg/share/traj_planning_msg/hook/cmake_prefix_path.dsv'
[7.635s] INFO:colcon.colcon_core.shell:Creating environment hook '/home/bentoaz/NSF_IRES_2025_Codebase/control/install/traj_planning_msg/share/traj_planning_msg/hook/cmake_prefix_path.sh'
[7.636s] Level 1:colcon.colcon_core.environment:checking '/home/bentoaz/NSF_IRES_2025_Codebase/control/install/traj_planning_msg/lib'
[7.637s] Level 1:colcon.colcon_core.shell:create_environment_hook('traj_planning_msg', 'ld_library_path_lib')
[7.637s] INFO:colcon.colcon_core.shell:Creating environment hook '/home/bentoaz/NSF_IRES_2025_Codebase/control/install/traj_planning_msg/share/traj_planning_msg/hook/ld_library_path_lib.ps1'
[7.638s] INFO:colcon.colcon_core.shell:Creating environment descriptor '/home/bentoaz/NSF_IRES_2025_Codebase/control/install/traj_planning_msg/share/traj_planning_msg/hook/ld_library_path_lib.dsv'
[7.638s] INFO:colcon.colcon_core.shell:Creating environment hook '/home/bentoaz/NSF_IRES_2025_Codebase/control/install/traj_planning_msg/share/traj_planning_msg/hook/ld_library_path_lib.sh'
[7.639s] Level 1:colcon.colcon_core.environment:checking '/home/bentoaz/NSF_IRES_2025_Codebase/control/install/traj_planning_msg/bin'
[7.639s] Level 1:colcon.colcon_core.environment:checking '/home/bentoaz/NSF_IRES_2025_Codebase/control/install/traj_planning_msg/lib/pkgconfig/traj_planning_msg.pc'
[7.639s] Level 1:colcon.colcon_core.environment:checking '/home/bentoaz/NSF_IRES_2025_Codebase/control/install/traj_planning_msg/lib/python3.10/site-packages'
[7.639s] Level 1:colcon.colcon_core.environment:checking '/home/bentoaz/NSF_IRES_2025_Codebase/control/install/traj_planning_msg/bin'
[7.639s] INFO:colcon.colcon_core.shell:Creating package script '/home/bentoaz/NSF_IRES_2025_Codebase/control/install/traj_planning_msg/share/traj_planning_msg/package.ps1'
[7.640s] INFO:colcon.colcon_core.shell:Creating package descriptor '/home/bentoaz/NSF_IRES_2025_Codebase/control/install/traj_planning_msg/share/traj_planning_msg/package.dsv'
[7.640s] INFO:colcon.colcon_core.shell:Creating package script '/home/bentoaz/NSF_IRES_2025_Codebase/control/install/traj_planning_msg/share/traj_planning_msg/package.sh'
[7.641s] INFO:colcon.colcon_core.shell:Creating package script '/home/bentoaz/NSF_IRES_2025_Codebase/control/install/traj_planning_msg/share/traj_planning_msg/package.bash'
[7.641s] INFO:colcon.colcon_core.shell:Creating package script '/home/bentoaz/NSF_IRES_2025_Codebase/control/install/traj_planning_msg/share/traj_planning_msg/package.zsh'
[7.642s] Level 1:colcon.colcon_core.environment:create_file_with_runtime_dependencies(/home/bentoaz/NSF_IRES_2025_Codebase/control/install/traj_planning_msg/share/colcon-core/packages/traj_planning_msg)
[7.642s] Level 1:colcon.colcon_core.environment:create_environment_scripts_only(traj_planning_msg)
[7.643s] Level 1:colcon.colcon_core.environment:checking '/home/bentoaz/NSF_IRES_2025_Codebase/control/install/traj_planning_msg' for CMake module files
[7.643s] Level 1:colcon.colcon_core.environment:checking '/home/bentoaz/NSF_IRES_2025_Codebase/control/install/traj_planning_msg' for CMake config files
[7.644s] Level 1:colcon.colcon_core.shell:create_environment_hook('traj_planning_msg', 'cmake_prefix_path')
[7.644s] INFO:colcon.colcon_core.shell:Creating environment hook '/home/bentoaz/NSF_IRES_2025_Codebase/control/install/traj_planning_msg/share/traj_planning_msg/hook/cmake_prefix_path.ps1'
[7.644s] INFO:colcon.colcon_core.shell:Creating environment descriptor '/home/bentoaz/NSF_IRES_2025_Codebase/control/install/traj_planning_msg/share/traj_planning_msg/hook/cmake_prefix_path.dsv'
[7.644s] INFO:colcon.colcon_core.shell:Creating environment hook '/home/bentoaz/NSF_IRES_2025_Codebase/control/install/traj_planning_msg/share/traj_planning_msg/hook/cmake_prefix_path.sh'
[7.645s] Level 1:colcon.colcon_core.environment:checking '/home/bentoaz/NSF_IRES_2025_Codebase/control/install/traj_planning_msg/lib'
[7.645s] Level 1:colcon.colcon_core.shell:create_environment_hook('traj_planning_msg', 'ld_library_path_lib')
[7.645s] INFO:colcon.colcon_core.shell:Creating environment hook '/home/bentoaz/NSF_IRES_2025_Codebase/control/install/traj_planning_msg/share/traj_planning_msg/hook/ld_library_path_lib.ps1'
[7.645s] INFO:colcon.colcon_core.shell:Creating environment descriptor '/home/bentoaz/NSF_IRES_2025_Codebase/control/install/traj_planning_msg/share/traj_planning_msg/hook/ld_library_path_lib.dsv'
[7.645s] INFO:colcon.colcon_core.shell:Creating environment hook '/home/bentoaz/NSF_IRES_2025_Codebase/control/install/traj_planning_msg/share/traj_planning_msg/hook/ld_library_path_lib.sh'
[7.646s] Level 1:colcon.colcon_core.environment:checking '/home/bentoaz/NSF_IRES_2025_Codebase/control/install/traj_planning_msg/bin'
[7.646s] Level 1:colcon.colcon_core.environment:checking '/home/bentoaz/NSF_IRES_2025_Codebase/control/install/traj_planning_msg/lib/pkgconfig/traj_planning_msg.pc'
[7.646s] Level 1:colcon.colcon_core.environment:checking '/home/bentoaz/NSF_IRES_2025_Codebase/control/install/traj_planning_msg/lib/python3.10/site-packages'
[7.646s] Level 1:colcon.colcon_core.environment:checking '/home/bentoaz/NSF_IRES_2025_Codebase/control/install/traj_planning_msg/bin'
[7.646s] INFO:colcon.colcon_core.shell:Creating package script '/home/bentoaz/NSF_IRES_2025_Codebase/control/install/traj_planning_msg/share/traj_planning_msg/package.ps1'
[7.647s] INFO:colcon.colcon_core.shell:Creating package descriptor '/home/bentoaz/NSF_IRES_2025_Codebase/control/install/traj_planning_msg/share/traj_planning_msg/package.dsv'
[7.647s] INFO:colcon.colcon_core.shell:Creating package script '/home/bentoaz/NSF_IRES_2025_Codebase/control/install/traj_planning_msg/share/traj_planning_msg/package.sh'
[7.647s] INFO:colcon.colcon_core.shell:Creating package script '/home/bentoaz/NSF_IRES_2025_Codebase/control/install/traj_planning_msg/share/traj_planning_msg/package.bash'
[7.648s] INFO:colcon.colcon_core.shell:Creating package script '/home/bentoaz/NSF_IRES_2025_Codebase/control/install/traj_planning_msg/share/traj_planning_msg/package.zsh'
[7.648s] Level 1:colcon.colcon_core.environment:create_file_with_runtime_dependencies(/home/bentoaz/NSF_IRES_2025_Codebase/control/install/traj_planning_msg/share/colcon-core/packages/traj_planning_msg)
[7.648s] INFO:colcon.colcon_ros.task.ament_python.build:Building ROS package in '/home/bentoaz/NSF_IRES_2025_Codebase/control/src/traj_planning' with build type 'ament_python'
[7.649s] Level 1:colcon.colcon_core.shell:create_environment_hook('traj_planning', 'ament_prefix_path')
[7.649s] INFO:colcon.colcon_core.shell:Creating environment hook '/home/bentoaz/NSF_IRES_2025_Codebase/control/install/traj_planning/share/traj_planning/hook/ament_prefix_path.ps1'
[7.650s] INFO:colcon.colcon_core.shell:Creating environment descriptor '/home/bentoaz/NSF_IRES_2025_Codebase/control/install/traj_planning/share/traj_planning/hook/ament_prefix_path.dsv'
[7.650s] INFO:colcon.colcon_core.shell:Creating environment hook '/home/bentoaz/NSF_IRES_2025_Codebase/control/install/traj_planning/share/traj_planning/hook/ament_prefix_path.sh'
[7.651s] INFO:colcon.colcon_core.shell:Skip shell extension 'powershell' for command environment: Not usable outside of PowerShell
[7.651s] DEBUG:colcon.colcon_core.shell:Skip shell extension 'dsv' for command environment
[8.016s] INFO:colcon.colcon_core.task.python.build:Building Python package in '/home/bentoaz/NSF_IRES_2025_Codebase/control/src/traj_planning'
[8.016s] INFO:colcon.colcon_core.shell:Skip shell extension 'powershell' for command environment: Not usable outside of PowerShell
[8.016s] DEBUG:colcon.colcon_core.shell:Skip shell extension 'dsv' for command environment
[8.595s] DEBUG:colcon.colcon_core.event_handler.log_command:Invoking command in '/home/bentoaz/NSF_IRES_2025_Codebase/control/build/traj_planning': PYTHONPATH=/home/bentoaz/NSF_IRES_2025_Codebase/control/build/traj_planning/prefix_override:/usr/lib/python3/dist-packages/colcon_core/task/python/colcon_distutils_commands:/home/bentoaz/NSF_IRES_2025_Codebase/control/install/traj_planning/lib/python3.10/site-packages:${PYTHONPATH} /usr/bin/python3 -W ignore:setup.py install is deprecated -W ignore:easy_install command is deprecated setup.py develop --editable --build-directory /home/bentoaz/NSF_IRES_2025_Codebase/control/build/traj_planning/build --no-deps symlink_data
[9.230s] Level 1:colcon.colcon_core.shell:create_environment_hook('traj_planning', 'pythonpath_develop')
[9.231s] INFO:colcon.colcon_core.shell:Creating environment hook '/home/bentoaz/NSF_IRES_2025_Codebase/control/build/traj_planning/share/traj_planning/hook/pythonpath_develop.ps1'
[9.231s] DEBUG:colcon.colcon_core.event_handler.log_command:Invoked command in '/home/bentoaz/NSF_IRES_2025_Codebase/control/build/traj_planning' returned '0': PYTHONPATH=/home/bentoaz/NSF_IRES_2025_Codebase/control/build/traj_planning/prefix_override:/usr/lib/python3/dist-packages/colcon_core/task/python/colcon_distutils_commands:/home/bentoaz/NSF_IRES_2025_Codebase/control/install/traj_planning/lib/python3.10/site-packages:${PYTHONPATH} /usr/bin/python3 -W ignore:setup.py install is deprecated -W ignore:easy_install command is deprecated setup.py develop --editable --build-directory /home/bentoaz/NSF_IRES_2025_Codebase/control/build/traj_planning/build --no-deps symlink_data
[9.232s] INFO:colcon.colcon_core.shell:Creating environment descriptor '/home/bentoaz/NSF_IRES_2025_Codebase/control/build/traj_planning/share/traj_planning/hook/pythonpath_develop.dsv'
[9.232s] INFO:colcon.colcon_core.shell:Creating environment hook '/home/bentoaz/NSF_IRES_2025_Codebase/control/build/traj_planning/share/traj_planning/hook/pythonpath_develop.sh'
[9.233s] Level 1:colcon.colcon_core.environment:checking '/home/bentoaz/NSF_IRES_2025_Codebase/control/install/traj_planning' for CMake module files
[9.233s] Level 1:colcon.colcon_core.environment:checking '/home/bentoaz/NSF_IRES_2025_Codebase/control/install/traj_planning' for CMake config files
[9.234s] Level 1:colcon.colcon_core.environment:checking '/home/bentoaz/NSF_IRES_2025_Codebase/control/install/traj_planning/lib'
[9.234s] Level 1:colcon.colcon_core.environment:checking '/home/bentoaz/NSF_IRES_2025_Codebase/control/install/traj_planning/bin'
[9.234s] Level 1:colcon.colcon_core.environment:checking '/home/bentoaz/NSF_IRES_2025_Codebase/control/install/traj_planning/lib/pkgconfig/traj_planning.pc'
[9.234s] Level 1:colcon.colcon_core.environment:checking '/home/bentoaz/NSF_IRES_2025_Codebase/control/install/traj_planning/lib/python3.10/site-packages'
[9.234s] Level 1:colcon.colcon_core.shell:create_environment_hook('traj_planning', 'pythonpath')
[9.235s] INFO:colcon.colcon_core.shell:Creating environment hook '/home/bentoaz/NSF_IRES_2025_Codebase/control/install/traj_planning/share/traj_planning/hook/pythonpath.ps1'
[9.235s] INFO:colcon.colcon_core.shell:Creating environment descriptor '/home/bentoaz/NSF_IRES_2025_Codebase/control/install/traj_planning/share/traj_planning/hook/pythonpath.dsv'
[9.235s] INFO:colcon.colcon_core.shell:Creating environment hook '/home/bentoaz/NSF_IRES_2025_Codebase/control/install/traj_planning/share/traj_planning/hook/pythonpath.sh'
[9.236s] Level 1:colcon.colcon_core.environment:checking '/home/bentoaz/NSF_IRES_2025_Codebase/control/install/traj_planning/bin'
[9.236s] Level 1:colcon.colcon_core.environment:create_environment_scripts_only(traj_planning)
[9.236s] INFO:colcon.colcon_core.shell:Creating package script '/home/bentoaz/NSF_IRES_2025_Codebase/control/install/traj_planning/share/traj_planning/package.ps1'
[9.237s] INFO:colcon.colcon_core.shell:Creating package descriptor '/home/bentoaz/NSF_IRES_2025_Codebase/control/install/traj_planning/share/traj_planning/package.dsv'
[9.237s] INFO:colcon.colcon_core.shell:Creating package script '/home/bentoaz/NSF_IRES_2025_Codebase/control/install/traj_planning/share/traj_planning/package.sh'
[9.238s] INFO:colcon.colcon_core.shell:Creating package script '/home/bentoaz/NSF_IRES_2025_Codebase/control/install/traj_planning/share/traj_planning/package.bash'
[9.238s] INFO:colcon.colcon_core.shell:Creating package script '/home/bentoaz/NSF_IRES_2025_Codebase/control/install/traj_planning/share/traj_planning/package.zsh'
[9.238s] Level 1:colcon.colcon_core.environment:create_file_with_runtime_dependencies(/home/bentoaz/NSF_IRES_2025_Codebase/control/install/traj_planning/share/colcon-core/packages/traj_planning)
[9.239s] DEBUG:colcon.colcon_parallel_executor.executor.parallel:closing loop
[9.239s] DEBUG:colcon.colcon_parallel_executor.executor.parallel:loop closed
[9.239s] DEBUG:colcon.colcon_parallel_executor.executor.parallel:run_until_complete finished with '0'
[9.239s] DEBUG:colcon.colcon_core.event_reactor:joining thread
[9.246s] INFO:colcon.colcon_core.plugin_system:Skipping extension 'colcon_notification.desktop_notification.terminal_notifier': Not used on non-Darwin systems
[9.246s] INFO:colcon.colcon_core.plugin_system:Skipping extension 'colcon_notification.desktop_notification.win32': Not used on non-Windows systems
[9.246s] INFO:colcon.colcon_notification.desktop_notification:Sending desktop notification using 'notify2'
[9.259s] DEBUG:colcon.colcon_core.event_reactor:joined thread
[9.259s] INFO:colcon.colcon_core.shell:Creating prefix script '/home/bentoaz/NSF_IRES_2025_Codebase/control/install/local_setup.ps1'
[9.260s] INFO:colcon.colcon_core.shell:Creating prefix util module '/home/bentoaz/NSF_IRES_2025_Codebase/control/install/_local_setup_util_ps1.py'
[9.262s] INFO:colcon.colcon_core.shell:Creating prefix chain script '/home/bentoaz/NSF_IRES_2025_Codebase/control/install/setup.ps1'
[9.271s] INFO:colcon.colcon_core.shell:Creating prefix script '/home/bentoaz/NSF_IRES_2025_Codebase/control/install/local_setup.sh'
[9.272s] INFO:colcon.colcon_core.shell:Creating prefix util module '/home/bentoaz/NSF_IRES_2025_Codebase/control/install/_local_setup_util_sh.py'
[9.272s] INFO:colcon.colcon_core.shell:Creating prefix chain script '/home/bentoaz/NSF_IRES_2025_Codebase/control/install/setup.sh'
[9.283s] INFO:colcon.colcon_core.shell:Creating prefix script '/home/bentoaz/NSF_IRES_2025_Codebase/control/install/local_setup.bash'
[9.284s] INFO:colcon.colcon_core.shell:Creating prefix chain script '/home/bentoaz/NSF_IRES_2025_Codebase/control/install/setup.bash'
[9.293s] INFO:colcon.colcon_core.shell:Creating prefix script '/home/bentoaz/NSF_IRES_2025_Codebase/control/install/local_setup.zsh'
[9.293s] INFO:colcon.colcon_core.shell:Creating prefix chain script '/home/bentoaz/NSF_IRES_2025_Codebase/control/install/setup.zsh'
