[0.025s] Invoking command in '/home/bentoaz/f1tenth_experimental_ws/build/gap_follow': CMAKE_PREFIX_PATH=${CMAKE_PREFIX_PATH}:/home/bentoaz/f1tenth_gym_ros/install/f1tenth_gym_ros:/home/bentoaz/autoware/install/autoware_carla_interface:/home/bentoaz/autoware/install/ros2agnocast:/home/bentoaz/autoware/install/autoware_adapi_visualizers:/opt/ros/humble /usr/bin/cmake /home/bentoaz/f1tenth_experimental_ws/src/gap_follow -DCMAKE_INSTALL_PREFIX=/home/bentoaz/f1tenth_experimental_ws/install/gap_follow
[0.150s] -- The C compiler identification is GNU 11.4.0
[0.229s] -- The CXX compiler identification is GNU 11.4.0
[0.238s] -- Detecting C compiler ABI info
[0.380s] -- Detecting C compiler ABI info - done
[0.387s] -- Check for working C compiler: /usr/bin/cc - skipped
[0.388s] -- Detecting C compile features
[0.389s] -- Detecting C compile features - done
[0.391s] -- Detecting CXX compiler ABI info
[0.530s] -- Detecting CXX compiler ABI info - done
[0.535s] -- Check for working CXX compiler: /usr/bin/c++ - skipped
[0.536s] -- Detecting CXX compile features
[0.536s] -- Detecting CXX compile features - done
[0.556s] -- Found ament_cmake: 1.3.11 (/opt/ros/humble/share/ament_cmake/cmake)
[0.757s] -- Found Python3: /usr/bin/python3 (found version "3.10.12") found components: Interpreter 
[1.041s] -- Found rclcpp: 16.0.12 (/opt/ros/humble/share/rclcpp/cmake)
[1.212s] -- Found rosidl_generator_c: 3.1.6 (/opt/ros/humble/share/rosidl_generator_c/cmake)
[1.251s] -- Found rosidl_adapter: 3.1.6 (/opt/ros/humble/share/rosidl_adapter/cmake)
[1.282s] -- Found rosidl_generator_cpp: 3.1.6 (/opt/ros/humble/share/rosidl_generator_cpp/cmake)
[1.337s] -- Using all available rosidl_typesupport_c: rosidl_typesupport_fastrtps_c;rosidl_typesupport_introspection_c
[1.406s] -- Using all available rosidl_typesupport_cpp: rosidl_typesupport_fastrtps_cpp;rosidl_typesupport_introspection_cpp
[1.587s] -- Found rmw_implementation_cmake: 6.1.2 (/opt/ros/humble/share/rmw_implementation_cmake/cmake)
[1.622s] -- Found rmw_cyclonedds_cpp: 1.3.4 (/opt/ros/humble/share/rmw_cyclonedds_cpp/cmake)
[1.743s] -- Using RMW implementation 'rmw_cyclonedds_cpp' as default
[1.789s] -- Looking for pthread.h
[1.927s] -- Looking for pthread.h - found
[1.927s] -- Performing Test CMAKE_HAVE_LIBC_PTHREAD
[2.050s] -- Performing Test CMAKE_HAVE_LIBC_PTHREAD - Success
[2.051s] -- Found Threads: TRUE  
[2.156s] -- Found rclpy: 3.3.16 (/opt/ros/humble/share/rclpy/cmake)
[2.173s] -- Found geometry_msgs: 4.9.0 (/opt/ros/humble/share/geometry_msgs/cmake)
[2.197s] -- Found nav_msgs: 4.9.0 (/opt/ros/humble/share/nav_msgs/cmake)
[2.223s] -- Found ackermann_msgs: 2.0.2 (/opt/ros/humble/share/ackermann_msgs/cmake)
[2.247s] -- Found sensor_msgs: 4.9.0 (/opt/ros/humble/share/sensor_msgs/cmake)
[2.472s] -- Found ament_lint_auto: 0.12.12 (/opt/ros/humble/share/ament_lint_auto/cmake)
[2.676s] -- Added test 'copyright' to check source files copyright and LICENSE
[2.679s] -- Added test 'cppcheck' to perform static code analysis on C / C++ code
[2.680s] -- Configured cppcheck include dirs: /home/bentoaz/f1tenth_experimental_ws/src/gap_follow/include
[2.680s] -- Configured cppcheck exclude dirs and/or files: 
[2.683s] -- Added test 'cpplint' to check C / C++ code against the Google style
[2.683s] -- Configured cpplint exclude dirs and/or files: 
[2.686s] -- Added test 'flake8' to check Python code syntax and style conventions
[2.689s] -- Added test 'lint_cmake' to check CMake code style
[2.692s] -- Added test 'pep257' to check Python code against some of the docstring style conventions in PEP 257
[2.696s] -- Added test 'uncrustify' to check C / C++ code style
[2.696s] -- Configured uncrustify additional arguments: 
[2.699s] -- Added test 'xmllint' to check XML markup files
[2.705s] -- Configuring done
[2.711s] -- Generating done
[2.713s] -- Build files have been written to: /home/bentoaz/f1tenth_experimental_ws/build/gap_follow
[2.721s] Invoked command in '/home/bentoaz/f1tenth_experimental_ws/build/gap_follow' returned '0': CMAKE_PREFIX_PATH=${CMAKE_PREFIX_PATH}:/home/bentoaz/f1tenth_gym_ros/install/f1tenth_gym_ros:/home/bentoaz/autoware/install/autoware_carla_interface:/home/bentoaz/autoware/install/ros2agnocast:/home/bentoaz/autoware/install/autoware_adapi_visualizers:/opt/ros/humble /usr/bin/cmake /home/bentoaz/f1tenth_experimental_ws/src/gap_follow -DCMAKE_INSTALL_PREFIX=/home/bentoaz/f1tenth_experimental_ws/install/gap_follow
[2.722s] Invoking command in '/home/bentoaz/f1tenth_experimental_ws/build/gap_follow': CMAKE_PREFIX_PATH=${CMAKE_PREFIX_PATH}:/home/bentoaz/f1tenth_gym_ros/install/f1tenth_gym_ros:/home/bentoaz/autoware/install/autoware_carla_interface:/home/bentoaz/autoware/install/ros2agnocast:/home/bentoaz/autoware/install/autoware_adapi_visualizers:/opt/ros/humble /usr/bin/cmake --build /home/bentoaz/f1tenth_experimental_ws/build/gap_follow -- -j16 -l16
[2.818s] [35m[1mConsolidate compiler generated dependencies of target reactive_node[0m
[2.854s] [ 50%] [32m[1mLinking CXX executable reactive_node[0m
[2.879s] [ 50%] Built target ament_cmake_python_copy_gap_follow_setup
[2.882s] [ 50%] Built target ament_cmake_python_copy_gap_follow
[3.129s] /usr/lib/python3/dist-packages/setuptools/dist.py:723: UserWarning: Usage of dash-separated 'script-dir' will not be supported in future versions. Please use the underscore name 'script_dir' instead
[3.129s]   warnings.warn(
[3.129s] /usr/lib/python3/dist-packages/setuptools/dist.py:723: UserWarning: Usage of dash-separated 'install-scripts' will not be supported in future versions. Please use the underscore name 'install_scripts' instead
[3.129s]   warnings.warn(
[3.131s] running egg_info
[3.133s] writing gap_follow.egg-info/PKG-INFO
[3.133s] writing dependency_links to gap_follow.egg-info/dependency_links.txt
[3.133s] writing top-level names to gap_follow.egg-info/top_level.txt
[3.134s] reading manifest file 'gap_follow.egg-info/SOURCES.txt'
[3.142s] writing manifest file 'gap_follow.egg-info/SOURCES.txt'
[3.150s] [100%] Built target reactive_node
[3.173s] [100%] Built target ament_cmake_python_build_gap_follow_egg
[3.191s] Invoked command in '/home/bentoaz/f1tenth_experimental_ws/build/gap_follow' returned '0': CMAKE_PREFIX_PATH=${CMAKE_PREFIX_PATH}:/home/bentoaz/f1tenth_gym_ros/install/f1tenth_gym_ros:/home/bentoaz/autoware/install/autoware_carla_interface:/home/bentoaz/autoware/install/ros2agnocast:/home/bentoaz/autoware/install/autoware_adapi_visualizers:/opt/ros/humble /usr/bin/cmake --build /home/bentoaz/f1tenth_experimental_ws/build/gap_follow -- -j16 -l16
[3.219s] Invoking command in '/home/bentoaz/f1tenth_experimental_ws/build/gap_follow': CMAKE_PREFIX_PATH=${CMAKE_PREFIX_PATH}:/home/bentoaz/f1tenth_gym_ros/install/f1tenth_gym_ros:/home/bentoaz/autoware/install/autoware_carla_interface:/home/bentoaz/autoware/install/ros2agnocast:/home/bentoaz/autoware/install/autoware_adapi_visualizers:/opt/ros/humble /usr/bin/cmake --install /home/bentoaz/f1tenth_experimental_ws/build/gap_follow
[3.237s] -- Install configuration: ""
[3.237s] -- Installing: /home/bentoaz/f1tenth_experimental_ws/install/gap_follow/lib/gap_follow/reactive_node
[3.239s] -- Set runtime path of "/home/bentoaz/f1tenth_experimental_ws/install/gap_follow/lib/gap_follow/reactive_node" to ""
[3.239s] -- Installing: /home/bentoaz/f1tenth_experimental_ws/install/gap_follow/share/gap_follow/environment/pythonpath.sh
[3.239s] -- Installing: /home/bentoaz/f1tenth_experimental_ws/install/gap_follow/share/gap_follow/environment/pythonpath.dsv
[3.239s] -- Installing: /home/bentoaz/f1tenth_experimental_ws/install/gap_follow/local/lib/python3.10/dist-packages/gap_follow-0.0.0-py3.10.egg-info
[3.239s] -- Installing: /home/bentoaz/f1tenth_experimental_ws/install/gap_follow/local/lib/python3.10/dist-packages/gap_follow-0.0.0-py3.10.egg-info/SOURCES.txt
[3.239s] -- Installing: /home/bentoaz/f1tenth_experimental_ws/install/gap_follow/local/lib/python3.10/dist-packages/gap_follow-0.0.0-py3.10.egg-info/dependency_links.txt
[3.239s] -- Installing: /home/bentoaz/f1tenth_experimental_ws/install/gap_follow/local/lib/python3.10/dist-packages/gap_follow-0.0.0-py3.10.egg-info/top_level.txt
[3.239s] -- Installing: /home/bentoaz/f1tenth_experimental_ws/install/gap_follow/local/lib/python3.10/dist-packages/gap_follow-0.0.0-py3.10.egg-info/PKG-INFO
[3.239s] -- Installing: /home/bentoaz/f1tenth_experimental_ws/install/gap_follow/local/lib/python3.10/dist-packages/gap_follow
[3.239s] -- Installing: /home/bentoaz/f1tenth_experimental_ws/install/gap_follow/local/lib/python3.10/dist-packages/gap_follow/__init__.py
[3.291s] Listing '/home/bentoaz/f1tenth_experimental_ws/install/gap_follow/local/lib/python3.10/dist-packages/gap_follow'...
[3.291s] Compiling '/home/bentoaz/f1tenth_experimental_ws/install/gap_follow/local/lib/python3.10/dist-packages/gap_follow/__init__.py'...
[3.293s] -- Installing: /home/bentoaz/f1tenth_experimental_ws/install/gap_follow/lib/gap_follow/reactive_node.py
[3.293s] -- Installing: /home/bentoaz/f1tenth_experimental_ws/install/gap_follow/share/ament_index/resource_index/package_run_dependencies/gap_follow
[3.293s] -- Installing: /home/bentoaz/f1tenth_experimental_ws/install/gap_follow/share/ament_index/resource_index/parent_prefix_path/gap_follow
[3.293s] -- Installing: /home/bentoaz/f1tenth_experimental_ws/install/gap_follow/share/gap_follow/environment/ament_prefix_path.sh
[3.293s] -- Installing: /home/bentoaz/f1tenth_experimental_ws/install/gap_follow/share/gap_follow/environment/ament_prefix_path.dsv
[3.293s] -- Installing: /home/bentoaz/f1tenth_experimental_ws/install/gap_follow/share/gap_follow/environment/path.sh
[3.294s] -- Installing: /home/bentoaz/f1tenth_experimental_ws/install/gap_follow/share/gap_follow/environment/path.dsv
[3.294s] -- Installing: /home/bentoaz/f1tenth_experimental_ws/install/gap_follow/share/gap_follow/local_setup.bash
[3.294s] -- Installing: /home/bentoaz/f1tenth_experimental_ws/install/gap_follow/share/gap_follow/local_setup.sh
[3.294s] -- Installing: /home/bentoaz/f1tenth_experimental_ws/install/gap_follow/share/gap_follow/local_setup.zsh
[3.294s] -- Installing: /home/bentoaz/f1tenth_experimental_ws/install/gap_follow/share/gap_follow/local_setup.dsv
[3.294s] -- Installing: /home/bentoaz/f1tenth_experimental_ws/install/gap_follow/share/gap_follow/package.dsv
[3.294s] -- Installing: /home/bentoaz/f1tenth_experimental_ws/install/gap_follow/share/ament_index/resource_index/packages/gap_follow
[3.294s] -- Installing: /home/bentoaz/f1tenth_experimental_ws/install/gap_follow/share/gap_follow/cmake/gap_followConfig.cmake
[3.294s] -- Installing: /home/bentoaz/f1tenth_experimental_ws/install/gap_follow/share/gap_follow/cmake/gap_followConfig-version.cmake
[3.294s] -- Installing: /home/bentoaz/f1tenth_experimental_ws/install/gap_follow/share/gap_follow/package.xml
[3.295s] Invoked command in '/home/bentoaz/f1tenth_experimental_ws/build/gap_follow' returned '0': CMAKE_PREFIX_PATH=${CMAKE_PREFIX_PATH}:/home/bentoaz/f1tenth_gym_ros/install/f1tenth_gym_ros:/home/bentoaz/autoware/install/autoware_carla_interface:/home/bentoaz/autoware/install/ros2agnocast:/home/bentoaz/autoware/install/autoware_adapi_visualizers:/opt/ros/humble /usr/bin/cmake --install /home/bentoaz/f1tenth_experimental_ws/build/gap_follow
