[0.105s] Invoking command in '/home/bentoaz/f1tenth_experimental_ws/build/gap_follow': CMAKE_PREFIX_PATH=${CMAKE_PREFIX_PATH}:/home/bentoaz/f1tenth_gym_ros/install/f1tenth_gym_ros:/home/bentoaz/autoware/install/autoware_carla_interface:/home/bentoaz/autoware/install/ros2agnocast:/home/bentoaz/autoware/install/autoware_adapi_visualizers:/opt/ros/humble /usr/bin/cmake /home/bentoaz/f1tenth_experimental_ws/src/gap_follow -DAMENT_CMAKE_SYMLINK_INSTALL=1 -DCMAKE_INSTALL_PREFIX=/home/bentoaz/f1tenth_experimental_ws/install/gap_follow
[0.898s] -- The C compiler identification is GNU 11.4.0
[0.898s] -- The CXX compiler identification is GNU 11.4.0
[0.898s] -- Detecting C compiler ABI info
[0.898s] -- Detecting C compiler ABI info - done
[0.898s] -- Check for working C compiler: /usr/bin/cc - skipped
[0.898s] -- Detecting C compile features
[0.898s] -- Detecting C compile features - done
[0.898s] -- Detecting CXX compiler ABI info
[0.899s] -- Detecting CXX compiler ABI info - done
[0.899s] -- Check for working CXX compiler: /usr/bin/c++ - skipped
[0.899s] -- Detecting CXX compile features
[0.899s] -- Detecting CXX compile features - done
[0.899s] -- Found ament_cmake: 1.3.11 (/opt/ros/humble/share/ament_cmake/cmake)
[1.034s] -- Found Python3: /usr/bin/python3 (found version "3.10.12") found components: Interpreter 
[1.152s] -- Override CMake install command with custom implementation using symlinks instead of copying resources
[1.666s] -- Found rclcpp: 16.0.12 (/opt/ros/humble/share/rclcpp/cmake)
[1.907s] -- Found rosidl_generator_c: 3.1.6 (/opt/ros/humble/share/rosidl_generator_c/cmake)
[1.986s] -- Found rosidl_adapter: 3.1.6 (/opt/ros/humble/share/rosidl_adapter/cmake)
[2.070s] -- Found rosidl_generator_cpp: 3.1.6 (/opt/ros/humble/share/rosidl_generator_cpp/cmake)
[2.162s] -- Using all available rosidl_typesupport_c: rosidl_typesupport_fastrtps_c;rosidl_typesupport_introspection_c
[2.248s] -- Using all available rosidl_typesupport_cpp: rosidl_typesupport_fastrtps_cpp;rosidl_typesupport_introspection_cpp
[2.472s] -- Found rmw_implementation_cmake: 6.1.2 (/opt/ros/humble/share/rmw_implementation_cmake/cmake)
[2.515s] -- Found rmw_cyclonedds_cpp: 1.3.4 (/opt/ros/humble/share/rmw_cyclonedds_cpp/cmake)
[2.659s] -- Using RMW implementation 'rmw_cyclonedds_cpp' as default
[2.715s] -- Looking for pthread.h
[2.855s] -- Looking for pthread.h - found
[2.855s] -- Performing Test CMAKE_HAVE_LIBC_PTHREAD
[3.017s] -- Performing Test CMAKE_HAVE_LIBC_PTHREAD - Success
[3.018s] -- Found Threads: TRUE  
[3.152s] -- Found rclpy: 3.3.16 (/opt/ros/humble/share/rclpy/cmake)
[3.168s] -- Found geometry_msgs: 4.9.0 (/opt/ros/humble/share/geometry_msgs/cmake)
[3.192s] -- Found nav_msgs: 4.9.0 (/opt/ros/humble/share/nav_msgs/cmake)
[3.218s] -- Found ackermann_msgs: 2.0.2 (/opt/ros/humble/share/ackermann_msgs/cmake)
[3.242s] -- Found sensor_msgs: 4.9.0 (/opt/ros/humble/share/sensor_msgs/cmake)
[3.483s] -- Found ament_lint_auto: 0.12.12 (/opt/ros/humble/share/ament_lint_auto/cmake)
[3.704s] -- Added test 'copyright' to check source files copyright and LICENSE
[3.708s] -- Added test 'cppcheck' to perform static code analysis on C / C++ code
[3.708s] -- Configured cppcheck include dirs: /home/bentoaz/f1tenth_experimental_ws/src/gap_follow/include
[3.708s] -- Configured cppcheck exclude dirs and/or files: 
[3.712s] -- Added test 'cpplint' to check C / C++ code against the Google style
[3.712s] -- Configured cpplint exclude dirs and/or files: 
[3.715s] -- Added test 'flake8' to check Python code syntax and style conventions
[3.718s] -- Added test 'lint_cmake' to check CMake code style
[3.721s] -- Added test 'pep257' to check Python code against some of the docstring style conventions in PEP 257
[3.725s] -- Added test 'uncrustify' to check C / C++ code style
[3.725s] -- Configured uncrustify additional arguments: 
[3.729s] -- Added test 'xmllint' to check XML markup files
[3.735s] -- Configuring done
[3.742s] -- Generating done
[3.744s] -- Build files have been written to: /home/bentoaz/f1tenth_experimental_ws/build/gap_follow
[3.751s] Invoked command in '/home/bentoaz/f1tenth_experimental_ws/build/gap_follow' returned '0': CMAKE_PREFIX_PATH=${CMAKE_PREFIX_PATH}:/home/bentoaz/f1tenth_gym_ros/install/f1tenth_gym_ros:/home/bentoaz/autoware/install/autoware_carla_interface:/home/bentoaz/autoware/install/ros2agnocast:/home/bentoaz/autoware/install/autoware_adapi_visualizers:/opt/ros/humble /usr/bin/cmake /home/bentoaz/f1tenth_experimental_ws/src/gap_follow -DAMENT_CMAKE_SYMLINK_INSTALL=1 -DCMAKE_INSTALL_PREFIX=/home/bentoaz/f1tenth_experimental_ws/install/gap_follow
[3.752s] Invoking command in '/home/bentoaz/f1tenth_experimental_ws/build/gap_follow': CMAKE_PREFIX_PATH=${CMAKE_PREFIX_PATH}:/home/bentoaz/f1tenth_gym_ros/install/f1tenth_gym_ros:/home/bentoaz/autoware/install/autoware_carla_interface:/home/bentoaz/autoware/install/ros2agnocast:/home/bentoaz/autoware/install/autoware_adapi_visualizers:/opt/ros/humble /usr/bin/cmake --build /home/bentoaz/f1tenth_experimental_ws/build/gap_follow -- -j16 -l16
[3.898s] [ 50%] [32mBuilding CXX object CMakeFiles/reactive_node.dir/src/reactive_node.cpp.o[0m
[3.910s] [ 50%] Built target ament_cmake_python_symlink_gap_follow_setup
[3.915s] [ 50%] Built target ament_cmake_python_symlink_gap_follow
[4.262s] /usr/lib/python3/dist-packages/setuptools/dist.py:723: UserWarning: Usage of dash-separated 'script-dir' will not be supported in future versions. Please use the underscore name 'script_dir' instead
[4.262s]   warnings.warn(
[4.262s] /usr/lib/python3/dist-packages/setuptools/dist.py:723: UserWarning: Usage of dash-separated 'install-scripts' will not be supported in future versions. Please use the underscore name 'install_scripts' instead
[4.262s]   warnings.warn(
[4.265s] running egg_info
[4.266s] creating gap_follow.egg-info
[4.266s] writing gap_follow.egg-info/PKG-INFO
[4.267s] writing dependency_links to gap_follow.egg-info/dependency_links.txt
[4.267s] writing top-level names to gap_follow.egg-info/top_level.txt
[4.267s] writing manifest file 'gap_follow.egg-info/SOURCES.txt'
[4.268s] reading manifest file 'gap_follow.egg-info/SOURCES.txt'
[4.269s] writing manifest file 'gap_follow.egg-info/SOURCES.txt'
[4.311s] [ 50%] Built target ament_cmake_python_build_gap_follow_egg
[5.551s] [01m[K/home/bentoaz/f1tenth_experimental_ws/src/gap_follow/src/reactive_node.cpp:[m[K In member function ‘[01m[Kvoid ReactiveFollowGap::preprocess_lidar(sensor_msgs::msg::LaserScan_<std::allocator<void> >::ConstSharedPtr)[m[K’:
[5.551s] [01m[K/home/bentoaz/f1tenth_experimental_ws/src/gap_follow/src/reactive_node.cpp:35:27:[m[K [01;35m[Kwarning: [m[Kcomparison of integer expressions of different signedness: ‘[01m[Kint[m[K’ and ‘[01m[Kstd::vector<float>::size_type[m[K’ {aka ‘[01m[Klong unsigned int[m[K’} [[01;35m[K]8;;https://gcc.gnu.org/onlinedocs/gcc/Warning-Options.html#index-Wsign-compare-Wsign-compare]8;;[m[K]
[5.551s]    35 |         for (int i = 0; [01;35m[Ki < scan_msg->ranges.size()[m[K; i++) {
[5.551s]       |                         [01;35m[K~~^~~~~~~~~~~~~~~~~~~~~~~~~[m[K
[10.842s] [100%] [32m[1mLinking CXX executable reactive_node[0m
[11.186s] [100%] Built target reactive_node
[11.222s] Invoked command in '/home/bentoaz/f1tenth_experimental_ws/build/gap_follow' returned '0': CMAKE_PREFIX_PATH=${CMAKE_PREFIX_PATH}:/home/bentoaz/f1tenth_gym_ros/install/f1tenth_gym_ros:/home/bentoaz/autoware/install/autoware_carla_interface:/home/bentoaz/autoware/install/ros2agnocast:/home/bentoaz/autoware/install/autoware_adapi_visualizers:/opt/ros/humble /usr/bin/cmake --build /home/bentoaz/f1tenth_experimental_ws/build/gap_follow -- -j16 -l16
[11.224s] Invoking command in '/home/bentoaz/f1tenth_experimental_ws/build/gap_follow': CMAKE_PREFIX_PATH=${CMAKE_PREFIX_PATH}:/home/bentoaz/f1tenth_gym_ros/install/f1tenth_gym_ros:/home/bentoaz/autoware/install/autoware_carla_interface:/home/bentoaz/autoware/install/ros2agnocast:/home/bentoaz/autoware/install/autoware_adapi_visualizers:/opt/ros/humble /usr/bin/cmake --install /home/bentoaz/f1tenth_experimental_ws/build/gap_follow
[11.245s] -- Install configuration: ""
[11.245s] -- Execute custom install script
[11.245s] -- Symlinking: /home/bentoaz/f1tenth_experimental_ws/install/gap_follow/lib/gap_follow/reactive_node
[11.280s] -- Symlinking: /home/bentoaz/f1tenth_experimental_ws/install/gap_follow/share/gap_follow/environment/pythonpath.sh
[11.308s] -- Symlinking: /home/bentoaz/f1tenth_experimental_ws/install/gap_follow/share/gap_follow/environment/pythonpath.dsv
[11.329s] -- Symlinking: /home/bentoaz/f1tenth_experimental_ws/install/gap_follow/local/lib/python3.10/dist-packages/gap_follow-0.0.0-py3.10.egg-info/PKG-INFO
[11.352s] -- Symlinking: /home/bentoaz/f1tenth_experimental_ws/install/gap_follow/local/lib/python3.10/dist-packages/gap_follow-0.0.0-py3.10.egg-info/SOURCES.txt
[11.383s] -- Symlinking: /home/bentoaz/f1tenth_experimental_ws/install/gap_follow/local/lib/python3.10/dist-packages/gap_follow-0.0.0-py3.10.egg-info/dependency_links.txt
[11.415s] -- Symlinking: /home/bentoaz/f1tenth_experimental_ws/install/gap_follow/local/lib/python3.10/dist-packages/gap_follow-0.0.0-py3.10.egg-info/top_level.txt
[11.445s] -- Symlinking: /home/bentoaz/f1tenth_experimental_ws/install/gap_follow/local/lib/python3.10/dist-packages/gap_follow/__init__.py
[11.471s] -- Symlinking: /home/bentoaz/f1tenth_experimental_ws/install/gap_follow/lib/gap_follow/reactive_node.py
[11.494s] -- Symlinking: /home/bentoaz/f1tenth_experimental_ws/install/gap_follow/share/ament_index/resource_index/package_run_dependencies/gap_follow
[11.526s] -- Symlinking: /home/bentoaz/f1tenth_experimental_ws/install/gap_follow/share/ament_index/resource_index/parent_prefix_path/gap_follow
[11.560s] -- Symlinking: /home/bentoaz/f1tenth_experimental_ws/install/gap_follow/share/gap_follow/environment/ament_prefix_path.sh
[11.593s] -- Symlinking: /home/bentoaz/f1tenth_experimental_ws/install/gap_follow/share/gap_follow/environment/ament_prefix_path.dsv
[11.619s] -- Symlinking: /home/bentoaz/f1tenth_experimental_ws/install/gap_follow/share/gap_follow/environment/path.sh
[11.654s] -- Symlinking: /home/bentoaz/f1tenth_experimental_ws/install/gap_follow/share/gap_follow/environment/path.dsv
[11.681s] -- Symlinking: /home/bentoaz/f1tenth_experimental_ws/install/gap_follow/share/gap_follow/local_setup.bash
[11.702s] -- Symlinking: /home/bentoaz/f1tenth_experimental_ws/install/gap_follow/share/gap_follow/local_setup.sh
[11.722s] -- Symlinking: /home/bentoaz/f1tenth_experimental_ws/install/gap_follow/share/gap_follow/local_setup.zsh
[11.755s] -- Symlinking: /home/bentoaz/f1tenth_experimental_ws/install/gap_follow/share/gap_follow/local_setup.dsv
[11.780s] -- Symlinking: /home/bentoaz/f1tenth_experimental_ws/install/gap_follow/share/gap_follow/package.dsv
[11.809s] -- Symlinking: /home/bentoaz/f1tenth_experimental_ws/install/gap_follow/share/ament_index/resource_index/packages/gap_follow
[11.847s] -- Symlinking: /home/bentoaz/f1tenth_experimental_ws/install/gap_follow/share/gap_follow/cmake/gap_followConfig.cmake
[11.882s] -- Symlinking: /home/bentoaz/f1tenth_experimental_ws/install/gap_follow/share/gap_follow/cmake/gap_followConfig-version.cmake
[11.914s] -- Symlinking: /home/bentoaz/f1tenth_experimental_ws/install/gap_follow/share/gap_follow/package.xml
[11.997s] Listing '/home/bentoaz/f1tenth_experimental_ws/install/gap_follow/local/lib/python3.10/dist-packages/gap_follow'...
[12.097s] Invoked command in '/home/bentoaz/f1tenth_experimental_ws/build/gap_follow' returned '0': CMAKE_PREFIX_PATH=${CMAKE_PREFIX_PATH}:/home/bentoaz/f1tenth_gym_ros/install/f1tenth_gym_ros:/home/bentoaz/autoware/install/autoware_carla_interface:/home/bentoaz/autoware/install/ros2agnocast:/home/bentoaz/autoware/install/autoware_adapi_visualizers:/opt/ros/humble /usr/bin/cmake --install /home/bentoaz/f1tenth_experimental_ws/build/gap_follow
