[0.293s] Invoking command in '/home/bentoaz/f1tenth_experimental_ws/build/scan_matching': CMAKE_PREFIX_PATH=${CMAKE_PREFIX_PATH}:/home/bentoaz/f1tenth_gym_ros/install/f1tenth_gym_ros:/home/bentoaz/autoware/install/autoware_carla_interface:/home/bentoaz/autoware/install/ros2agnocast:/home/bentoaz/autoware/install/autoware_adapi_visualizers:/opt/ros/humble /usr/bin/cmake /home/bentoaz/f1tenth_experimental_ws/src/scan_matching -DAMENT_CMAKE_SYMLINK_INSTALL=1 -DCMAKE_INSTALL_PREFIX=/home/bentoaz/f1tenth_experimental_ws/install/scan_matching
[0.575s] -- Found ament_cmake: 1.3.11 (/opt/ros/humble/share/ament_cmake/cmake)
[0.575s] -- Override CMake install command with custom implementation using symlinks instead of copying resources
[0.575s] -- Found rclcpp: 16.0.12 (/opt/ros/humble/share/rclcpp/cmake)
[0.597s] -- Found rosidl_generator_c: 3.1.6 (/opt/ros/humble/share/rosidl_generator_c/cmake)
[0.599s] -- Found rosidl_adapter: 3.1.6 (/opt/ros/humble/share/rosidl_adapter/cmake)
[0.605s] -- Found rosidl_generator_cpp: 3.1.6 (/opt/ros/humble/share/rosidl_generator_cpp/cmake)
[0.663s] -- Using all available rosidl_typesupport_c: rosidl_typesupport_fastrtps_c;rosidl_typesupport_introspection_c
[0.723s] -- Using all available rosidl_typesupport_cpp: rosidl_typesupport_fastrtps_cpp;rosidl_typesupport_introspection_cpp
[0.809s] -- Found rmw_implementation_cmake: 6.1.2 (/opt/ros/humble/share/rmw_implementation_cmake/cmake)
[0.857s] -- Found rmw_cyclonedds_cpp: 1.3.4 (/opt/ros/humble/share/rmw_cyclonedds_cpp/cmake)
[0.923s] -- Using RMW implementation 'rmw_cyclonedds_cpp' as default
[0.975s] -- Found rclpy: 3.3.16 (/opt/ros/humble/share/rclpy/cmake)
[0.975s] -- Found geometry_msgs: 4.9.0 (/opt/ros/humble/share/geometry_msgs/cmake)
[0.988s] -- Found nav_msgs: 4.9.0 (/opt/ros/humble/share/nav_msgs/cmake)
[1.006s] -- Found ackermann_msgs: 2.0.2 (/opt/ros/humble/share/ackermann_msgs/cmake)
[1.019s] -- Found sensor_msgs: 4.9.0 (/opt/ros/humble/share/sensor_msgs/cmake)
[1.038s] -- Found visualization_msgs: 4.9.0 (/opt/ros/humble/share/visualization_msgs/cmake)
[1.059s] -- Found tf2_ros: 0.25.13 (/opt/ros/humble/share/tf2_ros/cmake)
[1.549s] -- Found ament_lint_auto: 0.12.12 (/opt/ros/humble/share/ament_lint_auto/cmake)
[1.618s] -- Added test 'copyright' to check source files copyright and LICENSE
[1.619s] -- Added test 'cppcheck' to perform static code analysis on C / C++ code
[1.619s] -- Configured cppcheck include dirs: /home/bentoaz/f1tenth_experimental_ws/src/scan_matching/include
[1.619s] -- Configured cppcheck exclude dirs and/or files: 
[1.620s] -- Added test 'cpplint' to check C / C++ code against the Google style
[1.620s] -- Configured cpplint exclude dirs and/or files: 
[1.620s] -- Added test 'flake8' to check Python code syntax and style conventions
[1.620s] -- Added test 'lint_cmake' to check CMake code style
[1.621s] -- Added test 'pep257' to check Python code against some of the docstring style conventions in PEP 257
[1.621s] -- Added test 'uncrustify' to check C / C++ code style
[1.622s] -- Configured uncrustify additional arguments: 
[1.622s] -- Added test 'xmllint' to check XML markup files
[1.623s] -- Configuring done
[1.635s] -- Generating done
[1.640s] -- Build files have been written to: /home/bentoaz/f1tenth_experimental_ws/build/scan_matching
