[0.309s] DEBUG:colcon:Command line arguments: ['/usr/bin/colcon', 'build']
[0.309s] DEBUG:colcon:Parsed command line arguments: Namespace(log_base=None, log_level=None, verb_name='build', build_base='build', install_base='install', merge_install=False, symlink_install=False, test_result_base=None, continue_on_error=False, executor='parallel', parallel_workers=16, event_handlers=None, ignore_user_meta=False, metas=['./colcon.meta'], base_paths=['.'], packages_ignore=None, packages_ignore_regex=None, paths=None, packages_up_to=None, packages_up_to_regex=None, packages_above=None, packages_above_and_dependencies=None, packages_above_depth=None, packages_select_by_dep=None, packages_skip_by_dep=None, packages_skip_up_to=None, packages_select_build_failed=False, packages_skip_build_finished=False, packages_select_test_failures=False, packages_skip_test_passed=False, packages_select=None, packages_skip=None, packages_select_regex=None, packages_skip_regex=None, packages_start=None, packages_end=None, allow_overriding=[], cmake_args=None, cmake_target=None, cmake_target_skip_unavailable=False, cmake_clean_cache=False, cmake_clean_first=False, cmake_force_configure=False, ament_cmake_args=None, catkin_cmake_args=None, catkin_skip_building_tests=False, mixin_files=None, mixin=None, verb_parser=<colcon_mixin.mixin.mixin_argument.MixinArgumentDecorator object at 0x79b66d9f1b70>, verb_extension=<colcon_core.verb.build.BuildVerb object at 0x79b66d9f16c0>, main=<bound method BuildVerb.main of <colcon_core.verb.build.BuildVerb object at 0x79b66d9f16c0>>, mixin_verb=('build',))
[0.617s] Level 1:colcon.colcon_core.package_discovery:discover_packages(colcon_meta) check parameters
[0.617s] Level 1:colcon.colcon_core.package_discovery:discover_packages(recursive) check parameters
[0.617s] Level 1:colcon.colcon_core.package_discovery:discover_packages(ignore) check parameters
[0.617s] Level 1:colcon.colcon_core.package_discovery:discover_packages(path) check parameters
[0.617s] Level 1:colcon.colcon_core.package_discovery:discover_packages(colcon_meta) discover
[0.618s] Level 1:colcon.colcon_core.package_discovery:discover_packages(recursive) discover
[0.618s] INFO:colcon.colcon_core.package_discovery:Crawling recursively for packages in '/home/bentoaz/NSF_IRES_2025_Codebase/control'
[0.618s] Level 1:colcon.colcon_core.package_identification:_identify(.) by extensions ['ignore', 'ignore_ament_install']
[0.618s] Level 1:colcon.colcon_core.package_identification:_identify(.) by extension 'ignore'
[0.618s] Level 1:colcon.colcon_core.package_identification:_identify(.) by extension 'ignore_ament_install'
[0.618s] Level 1:colcon.colcon_core.package_identification:_identify(.) by extensions ['colcon_pkg']
[0.618s] Level 1:colcon.colcon_core.package_identification:_identify(.) by extension 'colcon_pkg'
[0.618s] Level 1:colcon.colcon_core.package_identification:_identify(.) by extensions ['colcon_meta']
[0.618s] Level 1:colcon.colcon_core.package_identification:_identify(.) by extension 'colcon_meta'
[0.618s] Level 1:colcon.colcon_core.package_identification:_identify(.) by extensions ['ros']
[0.618s] Level 1:colcon.colcon_core.package_identification:_identify(.) by extension 'ros'
[0.666s] Level 1:colcon.colcon_core.package_identification:_identify(.) by extensions ['cmake', 'python']
[0.666s] Level 1:colcon.colcon_core.package_identification:_identify(.) by extension 'cmake'
[0.666s] Level 1:colcon.colcon_core.package_identification:_identify(.) by extension 'python'
[0.666s] Level 1:colcon.colcon_core.package_identification:_identify(.) by extensions ['python_setup_py']
[0.666s] Level 1:colcon.colcon_core.package_identification:_identify(.) by extension 'python_setup_py'
[0.666s] Level 1:colcon.colcon_core.package_identification:_identify(build) by extensions ['ignore', 'ignore_ament_install']
[0.667s] Level 1:colcon.colcon_core.package_identification:_identify(build) by extension 'ignore'
[0.667s] Level 1:colcon.colcon_core.package_identification:_identify(build) ignored
[0.667s] Level 1:colcon.colcon_core.package_identification:_identify(install) by extensions ['ignore', 'ignore_ament_install']
[0.667s] Level 1:colcon.colcon_core.package_identification:_identify(install) by extension 'ignore'
[0.667s] Level 1:colcon.colcon_core.package_identification:_identify(install) ignored
[0.667s] Level 1:colcon.colcon_core.package_identification:_identify(log) by extensions ['ignore', 'ignore_ament_install']
[0.667s] Level 1:colcon.colcon_core.package_identification:_identify(log) by extension 'ignore'
[0.667s] Level 1:colcon.colcon_core.package_identification:_identify(log) ignored
[0.667s] Level 1:colcon.colcon_core.package_identification:_identify(src) by extensions ['ignore', 'ignore_ament_install']
[0.667s] Level 1:colcon.colcon_core.package_identification:_identify(src) by extension 'ignore'
[0.668s] Level 1:colcon.colcon_core.package_identification:_identify(src) by extension 'ignore_ament_install'
[0.668s] Level 1:colcon.colcon_core.package_identification:_identify(src) by extensions ['colcon_pkg']
[0.668s] Level 1:colcon.colcon_core.package_identification:_identify(src) by extension 'colcon_pkg'
[0.668s] Level 1:colcon.colcon_core.package_identification:_identify(src) by extensions ['colcon_meta']
[0.668s] Level 1:colcon.colcon_core.package_identification:_identify(src) by extension 'colcon_meta'
[0.668s] Level 1:colcon.colcon_core.package_identification:_identify(src) by extensions ['ros']
[0.668s] Level 1:colcon.colcon_core.package_identification:_identify(src) by extension 'ros'
[0.668s] Level 1:colcon.colcon_core.package_identification:_identify(src) by extensions ['cmake', 'python']
[0.668s] Level 1:colcon.colcon_core.package_identification:_identify(src) by extension 'cmake'
[0.668s] Level 1:colcon.colcon_core.package_identification:_identify(src) by extension 'python'
[0.668s] Level 1:colcon.colcon_core.package_identification:_identify(src) by extensions ['python_setup_py']
[0.668s] Level 1:colcon.colcon_core.package_identification:_identify(src) by extension 'python_setup_py'
[0.668s] Level 1:colcon.colcon_core.package_identification:_identify(src/traj_planning) by extensions ['ignore', 'ignore_ament_install']
[0.668s] Level 1:colcon.colcon_core.package_identification:_identify(src/traj_planning) by extension 'ignore'
[0.668s] Level 1:colcon.colcon_core.package_identification:_identify(src/traj_planning) by extension 'ignore_ament_install'
[0.668s] Level 1:colcon.colcon_core.package_identification:_identify(src/traj_planning) by extensions ['colcon_pkg']
[0.669s] Level 1:colcon.colcon_core.package_identification:_identify(src/traj_planning) by extension 'colcon_pkg'
[0.669s] Level 1:colcon.colcon_core.package_identification:_identify(src/traj_planning) by extensions ['colcon_meta']
[0.669s] Level 1:colcon.colcon_core.package_identification:_identify(src/traj_planning) by extension 'colcon_meta'
[0.669s] Level 1:colcon.colcon_core.package_identification:_identify(src/traj_planning) by extensions ['ros']
[0.669s] Level 1:colcon.colcon_core.package_identification:_identify(src/traj_planning) by extension 'ros'
[0.675s] DEBUG:colcon.colcon_core.package_identification:Package 'src/traj_planning' with type 'ros.ament_python' and name 'traj_planning'
[0.675s] Level 1:colcon.colcon_core.package_identification:_identify(src/traj_planning_msg) by extensions ['ignore', 'ignore_ament_install']
[0.676s] Level 1:colcon.colcon_core.package_identification:_identify(src/traj_planning_msg) by extension 'ignore'
[0.676s] Level 1:colcon.colcon_core.package_identification:_identify(src/traj_planning_msg) by extension 'ignore_ament_install'
[0.676s] Level 1:colcon.colcon_core.package_identification:_identify(src/traj_planning_msg) by extensions ['colcon_pkg']
[0.676s] Level 1:colcon.colcon_core.package_identification:_identify(src/traj_planning_msg) by extension 'colcon_pkg'
[0.676s] Level 1:colcon.colcon_core.package_identification:_identify(src/traj_planning_msg) by extensions ['colcon_meta']
[0.676s] Level 1:colcon.colcon_core.package_identification:_identify(src/traj_planning_msg) by extension 'colcon_meta'
[0.676s] Level 1:colcon.colcon_core.package_identification:_identify(src/traj_planning_msg) by extensions ['ros']
[0.676s] Level 1:colcon.colcon_core.package_identification:_identify(src/traj_planning_msg) by extension 'ros'
[0.678s] DEBUG:colcon.colcon_core.package_identification:Package 'src/traj_planning_msg' with type 'ros.ament_cmake' and name 'traj_planning_msg'
[0.678s] Level 1:colcon.colcon_core.package_discovery:discover_packages(recursive) using defaults
[0.678s] Level 1:colcon.colcon_core.package_discovery:discover_packages(ignore) discover
[0.678s] Level 1:colcon.colcon_core.package_discovery:discover_packages(ignore) using defaults
[0.678s] Level 1:colcon.colcon_core.package_discovery:discover_packages(path) discover
[0.679s] Level 1:colcon.colcon_core.package_discovery:discover_packages(path) using defaults
[0.723s] Level 1:colcon.colcon_core.package_discovery:discover_packages(prefix_path) check parameters
[0.723s] Level 1:colcon.colcon_core.package_discovery:discover_packages(prefix_path) discover
[0.845s] DEBUG:colcon.colcon_installed_package_information.package_discovery:Found 403 installed packages in /home/bentoaz/autoware/install
[0.850s] DEBUG:colcon.colcon_installed_package_information.package_discovery:Found 359 installed packages in /opt/ros/humble
[0.852s] Level 1:colcon.colcon_core.package_discovery:discover_packages(prefix_path) using defaults
[1.413s] Level 5:colcon.colcon_core.verb:set package 'traj_planning_msg' build argument 'cmake_args' from command line to 'None'
[1.413s] Level 5:colcon.colcon_core.verb:set package 'traj_planning_msg' build argument 'cmake_target' from command line to 'None'
[1.413s] Level 5:colcon.colcon_core.verb:set package 'traj_planning_msg' build argument 'cmake_target_skip_unavailable' from command line to 'False'
[1.413s] Level 5:colcon.colcon_core.verb:set package 'traj_planning_msg' build argument 'cmake_clean_cache' from command line to 'False'
[1.413s] Level 5:colcon.colcon_core.verb:set package 'traj_planning_msg' build argument 'cmake_clean_first' from command line to 'False'
[1.413s] Level 5:colcon.colcon_core.verb:set package 'traj_planning_msg' build argument 'cmake_force_configure' from command line to 'False'
[1.413s] Level 5:colcon.colcon_core.verb:set package 'traj_planning_msg' build argument 'ament_cmake_args' from command line to 'None'
[1.413s] Level 5:colcon.colcon_core.verb:set package 'traj_planning_msg' build argument 'catkin_cmake_args' from command line to 'None'
[1.413s] Level 5:colcon.colcon_core.verb:set package 'traj_planning_msg' build argument 'catkin_skip_building_tests' from command line to 'False'
[1.413s] DEBUG:colcon.colcon_core.verb:Building package 'traj_planning_msg' with the following arguments: {'ament_cmake_args': None, 'build_base': '/home/bentoaz/NSF_IRES_2025_Codebase/control/build/traj_planning_msg', 'catkin_cmake_args': None, 'catkin_skip_building_tests': False, 'cmake_args': None, 'cmake_clean_cache': False, 'cmake_clean_first': False, 'cmake_force_configure': False, 'cmake_target': None, 'cmake_target_skip_unavailable': False, 'install_base': '/home/bentoaz/NSF_IRES_2025_Codebase/control/install/traj_planning_msg', 'merge_install': False, 'path': '/home/bentoaz/NSF_IRES_2025_Codebase/control/src/traj_planning_msg', 'symlink_install': False, 'test_result_base': None}
[1.414s] Level 5:colcon.colcon_core.verb:set package 'traj_planning' build argument 'cmake_args' from command line to 'None'
[1.414s] Level 5:colcon.colcon_core.verb:set package 'traj_planning' build argument 'cmake_target' from command line to 'None'
[1.414s] Level 5:colcon.colcon_core.verb:set package 'traj_planning' build argument 'cmake_target_skip_unavailable' from command line to 'False'
[1.414s] Level 5:colcon.colcon_core.verb:set package 'traj_planning' build argument 'cmake_clean_cache' from command line to 'False'
[1.414s] Level 5:colcon.colcon_core.verb:set package 'traj_planning' build argument 'cmake_clean_first' from command line to 'False'
[1.414s] Level 5:colcon.colcon_core.verb:set package 'traj_planning' build argument 'cmake_force_configure' from command line to 'False'
[1.414s] Level 5:colcon.colcon_core.verb:set package 'traj_planning' build argument 'ament_cmake_args' from command line to 'None'
[1.414s] Level 5:colcon.colcon_core.verb:set package 'traj_planning' build argument 'catkin_cmake_args' from command line to 'None'
[1.414s] Level 5:colcon.colcon_core.verb:set package 'traj_planning' build argument 'catkin_skip_building_tests' from command line to 'False'
[1.414s] DEBUG:colcon.colcon_core.verb:Building package 'traj_planning' with the following arguments: {'ament_cmake_args': None, 'build_base': '/home/bentoaz/NSF_IRES_2025_Codebase/control/build/traj_planning', 'catkin_cmake_args': None, 'catkin_skip_building_tests': False, 'cmake_args': None, 'cmake_clean_cache': False, 'cmake_clean_first': False, 'cmake_force_configure': False, 'cmake_target': None, 'cmake_target_skip_unavailable': False, 'install_base': '/home/bentoaz/NSF_IRES_2025_Codebase/control/install/traj_planning', 'merge_install': False, 'path': '/home/bentoaz/NSF_IRES_2025_Codebase/control/src/traj_planning', 'symlink_install': False, 'test_result_base': None}
[1.414s] INFO:colcon.colcon_core.executor:Executing jobs using 'parallel' executor
[1.415s] DEBUG:colcon.colcon_parallel_executor.executor.parallel:run_until_complete
[1.416s] INFO:colcon.colcon_ros.task.ament_cmake.build:Building ROS package in '/home/bentoaz/NSF_IRES_2025_Codebase/control/src/traj_planning_msg' with build type 'ament_cmake'
[1.416s] INFO:colcon.colcon_cmake.task.cmake.build:Building CMake package in '/home/bentoaz/NSF_IRES_2025_Codebase/control/src/traj_planning_msg'
[1.423s] INFO:colcon.colcon_core.plugin_system:Skipping extension 'colcon_core.shell.bat': Not used on non-Windows systems
[1.423s] INFO:colcon.colcon_core.shell:Skip shell extension 'powershell' for command environment: Not usable outside of PowerShell
[1.423s] DEBUG:colcon.colcon_core.shell:Skip shell extension 'dsv' for command environment
[1.491s] DEBUG:colcon.colcon_core.event_handler.log_command:Invoking command in '/home/bentoaz/NSF_IRES_2025_Codebase/control/build/traj_planning_msg': CMAKE_PREFIX_PATH=${CMAKE_PREFIX_PATH}:/home/bentoaz/autoware/install/autoware_carla_interface:/home/bentoaz/autoware/install/ros2agnocast:/home/bentoaz/autoware/install/autoware_adapi_visualizers:/opt/ros/humble /usr/bin/cmake /home/bentoaz/NSF_IRES_2025_Codebase/control/src/traj_planning_msg -DCMAKE_INSTALL_PREFIX=/home/bentoaz/NSF_IRES_2025_Codebase/control/install/traj_planning_msg
[6.570s] DEBUG:colcon.colcon_core.event_handler.log_command:Invoked command in '/home/bentoaz/NSF_IRES_2025_Codebase/control/build/traj_planning_msg' returned '0': CMAKE_PREFIX_PATH=${CMAKE_PREFIX_PATH}:/home/bentoaz/autoware/install/autoware_carla_interface:/home/bentoaz/autoware/install/ros2agnocast:/home/bentoaz/autoware/install/autoware_adapi_visualizers:/opt/ros/humble /usr/bin/cmake /home/bentoaz/NSF_IRES_2025_Codebase/control/src/traj_planning_msg -DCMAKE_INSTALL_PREFIX=/home/bentoaz/NSF_IRES_2025_Codebase/control/install/traj_planning_msg
[6.573s] DEBUG:colcon.colcon_core.event_handler.log_command:Invoking command in '/home/bentoaz/NSF_IRES_2025_Codebase/control/build/traj_planning_msg': CMAKE_PREFIX_PATH=${CMAKE_PREFIX_PATH}:/home/bentoaz/autoware/install/autoware_carla_interface:/home/bentoaz/autoware/install/ros2agnocast:/home/bentoaz/autoware/install/autoware_adapi_visualizers:/opt/ros/humble /usr/bin/cmake --build /home/bentoaz/NSF_IRES_2025_Codebase/control/build/traj_planning_msg -- -j16 -l16
[16.670s] DEBUG:colcon.colcon_core.event_handler.log_command:Invoked command in '/home/bentoaz/NSF_IRES_2025_Codebase/control/build/traj_planning_msg' returned '0': CMAKE_PREFIX_PATH=${CMAKE_PREFIX_PATH}:/home/bentoaz/autoware/install/autoware_carla_interface:/home/bentoaz/autoware/install/ros2agnocast:/home/bentoaz/autoware/install/autoware_adapi_visualizers:/opt/ros/humble /usr/bin/cmake --build /home/bentoaz/NSF_IRES_2025_Codebase/control/build/traj_planning_msg -- -j16 -l16
[16.753s] DEBUG:colcon.colcon_core.event_handler.log_command:Invoking command in '/home/bentoaz/NSF_IRES_2025_Codebase/control/build/traj_planning_msg': CMAKE_PREFIX_PATH=${CMAKE_PREFIX_PATH}:/home/bentoaz/autoware/install/autoware_carla_interface:/home/bentoaz/autoware/install/ros2agnocast:/home/bentoaz/autoware/install/autoware_adapi_visualizers:/opt/ros/humble /usr/bin/cmake --install /home/bentoaz/NSF_IRES_2025_Codebase/control/build/traj_planning_msg
[19.405s] Level 1:colcon.colcon_core.environment:create_environment_scripts_only(traj_planning_msg)
[19.407s] DEBUG:colcon.colcon_core.event_handler.log_command:Invoked command in '/home/bentoaz/NSF_IRES_2025_Codebase/control/build/traj_planning_msg' returned '0': CMAKE_PREFIX_PATH=${CMAKE_PREFIX_PATH}:/home/bentoaz/autoware/install/autoware_carla_interface:/home/bentoaz/autoware/install/ros2agnocast:/home/bentoaz/autoware/install/autoware_adapi_visualizers:/opt/ros/humble /usr/bin/cmake --install /home/bentoaz/NSF_IRES_2025_Codebase/control/build/traj_planning_msg
[19.416s] Level 1:colcon.colcon_core.environment:checking '/home/bentoaz/NSF_IRES_2025_Codebase/control/install/traj_planning_msg' for CMake module files
[19.417s] Level 1:colcon.colcon_core.environment:checking '/home/bentoaz/NSF_IRES_2025_Codebase/control/install/traj_planning_msg' for CMake config files
[19.418s] Level 1:colcon.colcon_core.shell:create_environment_hook('traj_planning_msg', 'cmake_prefix_path')
[19.418s] INFO:colcon.colcon_core.shell:Creating environment hook '/home/bentoaz/NSF_IRES_2025_Codebase/control/install/traj_planning_msg/share/traj_planning_msg/hook/cmake_prefix_path.ps1'
[19.420s] INFO:colcon.colcon_core.shell:Creating environment descriptor '/home/bentoaz/NSF_IRES_2025_Codebase/control/install/traj_planning_msg/share/traj_planning_msg/hook/cmake_prefix_path.dsv'
[19.421s] INFO:colcon.colcon_core.shell:Creating environment hook '/home/bentoaz/NSF_IRES_2025_Codebase/control/install/traj_planning_msg/share/traj_planning_msg/hook/cmake_prefix_path.sh'
[19.423s] Level 1:colcon.colcon_core.environment:checking '/home/bentoaz/NSF_IRES_2025_Codebase/control/install/traj_planning_msg/lib'
[19.423s] Level 1:colcon.colcon_core.shell:create_environment_hook('traj_planning_msg', 'ld_library_path_lib')
[19.424s] INFO:colcon.colcon_core.shell:Creating environment hook '/home/bentoaz/NSF_IRES_2025_Codebase/control/install/traj_planning_msg/share/traj_planning_msg/hook/ld_library_path_lib.ps1'
[19.424s] INFO:colcon.colcon_core.shell:Creating environment descriptor '/home/bentoaz/NSF_IRES_2025_Codebase/control/install/traj_planning_msg/share/traj_planning_msg/hook/ld_library_path_lib.dsv'
[19.425s] INFO:colcon.colcon_core.shell:Creating environment hook '/home/bentoaz/NSF_IRES_2025_Codebase/control/install/traj_planning_msg/share/traj_planning_msg/hook/ld_library_path_lib.sh'
[19.426s] Level 1:colcon.colcon_core.environment:checking '/home/bentoaz/NSF_IRES_2025_Codebase/control/install/traj_planning_msg/bin'
[19.426s] Level 1:colcon.colcon_core.environment:checking '/home/bentoaz/NSF_IRES_2025_Codebase/control/install/traj_planning_msg/lib/pkgconfig/traj_planning_msg.pc'
[19.426s] Level 1:colcon.colcon_core.environment:checking '/home/bentoaz/NSF_IRES_2025_Codebase/control/install/traj_planning_msg/lib/python3.10/site-packages'
[19.426s] Level 1:colcon.colcon_core.environment:checking '/home/bentoaz/NSF_IRES_2025_Codebase/control/install/traj_planning_msg/bin'
[19.427s] INFO:colcon.colcon_core.shell:Creating package script '/home/bentoaz/NSF_IRES_2025_Codebase/control/install/traj_planning_msg/share/traj_planning_msg/package.ps1'
[19.429s] INFO:colcon.colcon_core.shell:Creating package descriptor '/home/bentoaz/NSF_IRES_2025_Codebase/control/install/traj_planning_msg/share/traj_planning_msg/package.dsv'
[19.430s] INFO:colcon.colcon_core.shell:Creating package script '/home/bentoaz/NSF_IRES_2025_Codebase/control/install/traj_planning_msg/share/traj_planning_msg/package.sh'
[19.431s] INFO:colcon.colcon_core.shell:Creating package script '/home/bentoaz/NSF_IRES_2025_Codebase/control/install/traj_planning_msg/share/traj_planning_msg/package.bash'
[19.433s] INFO:colcon.colcon_core.shell:Creating package script '/home/bentoaz/NSF_IRES_2025_Codebase/control/install/traj_planning_msg/share/traj_planning_msg/package.zsh'
[19.434s] Level 1:colcon.colcon_core.environment:create_file_with_runtime_dependencies(/home/bentoaz/NSF_IRES_2025_Codebase/control/install/traj_planning_msg/share/colcon-core/packages/traj_planning_msg)
[19.435s] Level 1:colcon.colcon_core.environment:create_environment_scripts_only(traj_planning_msg)
[19.436s] Level 1:colcon.colcon_core.environment:checking '/home/bentoaz/NSF_IRES_2025_Codebase/control/install/traj_planning_msg' for CMake module files
[19.437s] Level 1:colcon.colcon_core.environment:checking '/home/bentoaz/NSF_IRES_2025_Codebase/control/install/traj_planning_msg' for CMake config files
[19.439s] Level 1:colcon.colcon_core.shell:create_environment_hook('traj_planning_msg', 'cmake_prefix_path')
[19.440s] INFO:colcon.colcon_core.shell:Creating environment hook '/home/bentoaz/NSF_IRES_2025_Codebase/control/install/traj_planning_msg/share/traj_planning_msg/hook/cmake_prefix_path.ps1'
[19.441s] INFO:colcon.colcon_core.shell:Creating environment descriptor '/home/bentoaz/NSF_IRES_2025_Codebase/control/install/traj_planning_msg/share/traj_planning_msg/hook/cmake_prefix_path.dsv'
[19.442s] INFO:colcon.colcon_core.shell:Creating environment hook '/home/bentoaz/NSF_IRES_2025_Codebase/control/install/traj_planning_msg/share/traj_planning_msg/hook/cmake_prefix_path.sh'
[19.443s] Level 1:colcon.colcon_core.environment:checking '/home/bentoaz/NSF_IRES_2025_Codebase/control/install/traj_planning_msg/lib'
[19.443s] Level 1:colcon.colcon_core.shell:create_environment_hook('traj_planning_msg', 'ld_library_path_lib')
[19.443s] INFO:colcon.colcon_core.shell:Creating environment hook '/home/bentoaz/NSF_IRES_2025_Codebase/control/install/traj_planning_msg/share/traj_planning_msg/hook/ld_library_path_lib.ps1'
[19.444s] INFO:colcon.colcon_core.shell:Creating environment descriptor '/home/bentoaz/NSF_IRES_2025_Codebase/control/install/traj_planning_msg/share/traj_planning_msg/hook/ld_library_path_lib.dsv'
[19.445s] INFO:colcon.colcon_core.shell:Creating environment hook '/home/bentoaz/NSF_IRES_2025_Codebase/control/install/traj_planning_msg/share/traj_planning_msg/hook/ld_library_path_lib.sh'
[19.445s] Level 1:colcon.colcon_core.environment:checking '/home/bentoaz/NSF_IRES_2025_Codebase/control/install/traj_planning_msg/bin'
[19.445s] Level 1:colcon.colcon_core.environment:checking '/home/bentoaz/NSF_IRES_2025_Codebase/control/install/traj_planning_msg/lib/pkgconfig/traj_planning_msg.pc'
[19.446s] Level 1:colcon.colcon_core.environment:checking '/home/bentoaz/NSF_IRES_2025_Codebase/control/install/traj_planning_msg/lib/python3.10/site-packages'
[19.446s] Level 1:colcon.colcon_core.environment:checking '/home/bentoaz/NSF_IRES_2025_Codebase/control/install/traj_planning_msg/bin'
[19.446s] INFO:colcon.colcon_core.shell:Creating package script '/home/bentoaz/NSF_IRES_2025_Codebase/control/install/traj_planning_msg/share/traj_planning_msg/package.ps1'
[19.447s] INFO:colcon.colcon_core.shell:Creating package descriptor '/home/bentoaz/NSF_IRES_2025_Codebase/control/install/traj_planning_msg/share/traj_planning_msg/package.dsv'
[19.448s] INFO:colcon.colcon_core.shell:Creating package script '/home/bentoaz/NSF_IRES_2025_Codebase/control/install/traj_planning_msg/share/traj_planning_msg/package.sh'
[19.449s] INFO:colcon.colcon_core.shell:Creating package script '/home/bentoaz/NSF_IRES_2025_Codebase/control/install/traj_planning_msg/share/traj_planning_msg/package.bash'
[19.449s] INFO:colcon.colcon_core.shell:Creating package script '/home/bentoaz/NSF_IRES_2025_Codebase/control/install/traj_planning_msg/share/traj_planning_msg/package.zsh'
[19.450s] Level 1:colcon.colcon_core.environment:create_file_with_runtime_dependencies(/home/bentoaz/NSF_IRES_2025_Codebase/control/install/traj_planning_msg/share/colcon-core/packages/traj_planning_msg)
[19.450s] INFO:colcon.colcon_ros.task.ament_python.build:Building ROS package in '/home/bentoaz/NSF_IRES_2025_Codebase/control/src/traj_planning' with build type 'ament_python'
[19.450s] Level 1:colcon.colcon_core.shell:create_environment_hook('traj_planning', 'ament_prefix_path')
[19.451s] INFO:colcon.colcon_core.shell:Creating environment hook '/home/bentoaz/NSF_IRES_2025_Codebase/control/install/traj_planning/share/traj_planning/hook/ament_prefix_path.ps1'
[19.452s] INFO:colcon.colcon_core.shell:Creating environment descriptor '/home/bentoaz/NSF_IRES_2025_Codebase/control/install/traj_planning/share/traj_planning/hook/ament_prefix_path.dsv'
[19.453s] INFO:colcon.colcon_core.shell:Creating environment hook '/home/bentoaz/NSF_IRES_2025_Codebase/control/install/traj_planning/share/traj_planning/hook/ament_prefix_path.sh'
[19.454s] INFO:colcon.colcon_core.shell:Skip shell extension 'powershell' for command environment: Not usable outside of PowerShell
[19.454s] DEBUG:colcon.colcon_core.shell:Skip shell extension 'dsv' for command environment
[20.290s] INFO:colcon.colcon_core.task.python.build:Building Python package in '/home/bentoaz/NSF_IRES_2025_Codebase/control/src/traj_planning'
[20.291s] INFO:colcon.colcon_core.shell:Skip shell extension 'powershell' for command environment: Not usable outside of PowerShell
[20.291s] DEBUG:colcon.colcon_core.shell:Skip shell extension 'dsv' for command environment
[21.664s] DEBUG:colcon.colcon_core.event_handler.log_command:Invoking command in '/home/bentoaz/NSF_IRES_2025_Codebase/control/build/traj_planning': AMENT_PREFIX_PATH=/home/bentoaz/NSF_IRES_2025_Codebase/control/install/traj_planning_msg:${AMENT_PREFIX_PATH} CMAKE_PREFIX_PATH=/home/bentoaz/NSF_IRES_2025_Codebase/control/install/traj_planning_msg:${CMAKE_PREFIX_PATH} LD_LIBRARY_PATH=/home/bentoaz/NSF_IRES_2025_Codebase/control/install/traj_planning_msg/lib:${LD_LIBRARY_PATH} PYTHONPATH=/home/bentoaz/NSF_IRES_2025_Codebase/control/build/traj_planning/prefix_override:/usr/lib/python3/dist-packages/colcon_core/task/python/colcon_distutils_commands:/home/bentoaz/NSF_IRES_2025_Codebase/control/install/traj_planning/lib/python3.10/site-packages:/home/bentoaz/NSF_IRES_2025_Codebase/control/install/traj_planning_msg/local/lib/python3.10/dist-packages:${PYTHONPATH} /usr/bin/python3 -W ignore:setup.py install is deprecated -W ignore:easy_install command is deprecated setup.py develop --uninstall --editable --build-directory /home/bentoaz/NSF_IRES_2025_Codebase/control/build/traj_planning/build
[22.878s] DEBUG:colcon.colcon_core.event_handler.log_command:Invoked command in '/home/bentoaz/NSF_IRES_2025_Codebase/control/build/traj_planning' returned '0': AMENT_PREFIX_PATH=/home/bentoaz/NSF_IRES_2025_Codebase/control/install/traj_planning_msg:${AMENT_PREFIX_PATH} CMAKE_PREFIX_PATH=/home/bentoaz/NSF_IRES_2025_Codebase/control/install/traj_planning_msg:${CMAKE_PREFIX_PATH} LD_LIBRARY_PATH=/home/bentoaz/NSF_IRES_2025_Codebase/control/install/traj_planning_msg/lib:${LD_LIBRARY_PATH} PYTHONPATH=/home/bentoaz/NSF_IRES_2025_Codebase/control/build/traj_planning/prefix_override:/usr/lib/python3/dist-packages/colcon_core/task/python/colcon_distutils_commands:/home/bentoaz/NSF_IRES_2025_Codebase/control/install/traj_planning/lib/python3.10/site-packages:/home/bentoaz/NSF_IRES_2025_Codebase/control/install/traj_planning_msg/local/lib/python3.10/dist-packages:${PYTHONPATH} /usr/bin/python3 -W ignore:setup.py install is deprecated -W ignore:easy_install command is deprecated setup.py develop --uninstall --editable --build-directory /home/bentoaz/NSF_IRES_2025_Codebase/control/build/traj_planning/build
[22.881s] DEBUG:colcon.colcon_core.event_handler.log_command:Invoking command in '/home/bentoaz/NSF_IRES_2025_Codebase/control/src/traj_planning': AMENT_PREFIX_PATH=/home/bentoaz/NSF_IRES_2025_Codebase/control/install/traj_planning_msg:${AMENT_PREFIX_PATH} CMAKE_PREFIX_PATH=/home/bentoaz/NSF_IRES_2025_Codebase/control/install/traj_planning_msg:${CMAKE_PREFIX_PATH} LD_LIBRARY_PATH=/home/bentoaz/NSF_IRES_2025_Codebase/control/install/traj_planning_msg/lib:${LD_LIBRARY_PATH} PYTHONPATH=/home/bentoaz/NSF_IRES_2025_Codebase/control/build/traj_planning/prefix_override:/usr/lib/python3/dist-packages/colcon_core/task/python/colcon_distutils_commands:/home/bentoaz/NSF_IRES_2025_Codebase/control/install/traj_planning/lib/python3.10/site-packages:/home/bentoaz/NSF_IRES_2025_Codebase/control/install/traj_planning_msg/local/lib/python3.10/dist-packages:${PYTHONPATH} /usr/bin/python3 -W ignore:setup.py install is deprecated -W ignore:easy_install command is deprecated setup.py egg_info --egg-base ../../build/traj_planning build --build-base /home/bentoaz/NSF_IRES_2025_Codebase/control/build/traj_planning/build install --record /home/bentoaz/NSF_IRES_2025_Codebase/control/build/traj_planning/install.log --single-version-externally-managed install_data --force
[23.544s] Level 1:colcon.colcon_core.environment:checking '/home/bentoaz/NSF_IRES_2025_Codebase/control/install/traj_planning' for CMake module files
[23.545s] DEBUG:colcon.colcon_core.event_handler.log_command:Invoked command in '/home/bentoaz/NSF_IRES_2025_Codebase/control/src/traj_planning' returned '0': AMENT_PREFIX_PATH=/home/bentoaz/NSF_IRES_2025_Codebase/control/install/traj_planning_msg:${AMENT_PREFIX_PATH} CMAKE_PREFIX_PATH=/home/bentoaz/NSF_IRES_2025_Codebase/control/install/traj_planning_msg:${CMAKE_PREFIX_PATH} LD_LIBRARY_PATH=/home/bentoaz/NSF_IRES_2025_Codebase/control/install/traj_planning_msg/lib:${LD_LIBRARY_PATH} PYTHONPATH=/home/bentoaz/NSF_IRES_2025_Codebase/control/build/traj_planning/prefix_override:/usr/lib/python3/dist-packages/colcon_core/task/python/colcon_distutils_commands:/home/bentoaz/NSF_IRES_2025_Codebase/control/install/traj_planning/lib/python3.10/site-packages:/home/bentoaz/NSF_IRES_2025_Codebase/control/install/traj_planning_msg/local/lib/python3.10/dist-packages:${PYTHONPATH} /usr/bin/python3 -W ignore:setup.py install is deprecated -W ignore:easy_install command is deprecated setup.py egg_info --egg-base ../../build/traj_planning build --build-base /home/bentoaz/NSF_IRES_2025_Codebase/control/build/traj_planning/build install --record /home/bentoaz/NSF_IRES_2025_Codebase/control/build/traj_planning/install.log --single-version-externally-managed install_data --force
[23.546s] Level 1:colcon.colcon_core.environment:checking '/home/bentoaz/NSF_IRES_2025_Codebase/control/install/traj_planning' for CMake config files
[23.547s] Level 1:colcon.colcon_core.environment:checking '/home/bentoaz/NSF_IRES_2025_Codebase/control/install/traj_planning/lib'
[23.547s] Level 1:colcon.colcon_core.environment:checking '/home/bentoaz/NSF_IRES_2025_Codebase/control/install/traj_planning/bin'
[23.548s] Level 1:colcon.colcon_core.environment:checking '/home/bentoaz/NSF_IRES_2025_Codebase/control/install/traj_planning/lib/pkgconfig/traj_planning.pc'
[23.548s] Level 1:colcon.colcon_core.environment:checking '/home/bentoaz/NSF_IRES_2025_Codebase/control/install/traj_planning/lib/python3.10/site-packages'
[23.548s] Level 1:colcon.colcon_core.shell:create_environment_hook('traj_planning', 'pythonpath')
[23.549s] INFO:colcon.colcon_core.shell:Creating environment hook '/home/bentoaz/NSF_IRES_2025_Codebase/control/install/traj_planning/share/traj_planning/hook/pythonpath.ps1'
[23.550s] INFO:colcon.colcon_core.shell:Creating environment descriptor '/home/bentoaz/NSF_IRES_2025_Codebase/control/install/traj_planning/share/traj_planning/hook/pythonpath.dsv'
[23.550s] INFO:colcon.colcon_core.shell:Creating environment hook '/home/bentoaz/NSF_IRES_2025_Codebase/control/install/traj_planning/share/traj_planning/hook/pythonpath.sh'
[23.551s] Level 1:colcon.colcon_core.environment:checking '/home/bentoaz/NSF_IRES_2025_Codebase/control/install/traj_planning/bin'
[23.551s] Level 1:colcon.colcon_core.environment:create_environment_scripts_only(traj_planning)
[23.552s] INFO:colcon.colcon_core.shell:Creating package script '/home/bentoaz/NSF_IRES_2025_Codebase/control/install/traj_planning/share/traj_planning/package.ps1'
[23.553s] INFO:colcon.colcon_core.shell:Creating package descriptor '/home/bentoaz/NSF_IRES_2025_Codebase/control/install/traj_planning/share/traj_planning/package.dsv'
[23.554s] INFO:colcon.colcon_core.shell:Creating package script '/home/bentoaz/NSF_IRES_2025_Codebase/control/install/traj_planning/share/traj_planning/package.sh'
[23.555s] INFO:colcon.colcon_core.shell:Creating package script '/home/bentoaz/NSF_IRES_2025_Codebase/control/install/traj_planning/share/traj_planning/package.bash'
[23.555s] INFO:colcon.colcon_core.shell:Creating package script '/home/bentoaz/NSF_IRES_2025_Codebase/control/install/traj_planning/share/traj_planning/package.zsh'
[23.556s] Level 1:colcon.colcon_core.environment:create_file_with_runtime_dependencies(/home/bentoaz/NSF_IRES_2025_Codebase/control/install/traj_planning/share/colcon-core/packages/traj_planning)
[23.557s] DEBUG:colcon.colcon_parallel_executor.executor.parallel:closing loop
[23.558s] DEBUG:colcon.colcon_parallel_executor.executor.parallel:loop closed
[23.558s] DEBUG:colcon.colcon_parallel_executor.executor.parallel:run_until_complete finished with '0'
[23.558s] DEBUG:colcon.colcon_core.event_reactor:joining thread
[23.579s] INFO:colcon.colcon_core.plugin_system:Skipping extension 'colcon_notification.desktop_notification.terminal_notifier': Not used on non-Darwin systems
[23.580s] INFO:colcon.colcon_core.plugin_system:Skipping extension 'colcon_notification.desktop_notification.win32': Not used on non-Windows systems
[23.580s] INFO:colcon.colcon_notification.desktop_notification:Sending desktop notification using 'notify2'
[23.622s] DEBUG:colcon.colcon_core.event_reactor:joined thread
[23.623s] INFO:colcon.colcon_core.shell:Creating prefix script '/home/bentoaz/NSF_IRES_2025_Codebase/control/install/local_setup.ps1'
[23.624s] INFO:colcon.colcon_core.shell:Creating prefix util module '/home/bentoaz/NSF_IRES_2025_Codebase/control/install/_local_setup_util_ps1.py'
[23.627s] INFO:colcon.colcon_core.shell:Creating prefix chain script '/home/bentoaz/NSF_IRES_2025_Codebase/control/install/setup.ps1'
[23.649s] INFO:colcon.colcon_core.shell:Creating prefix script '/home/bentoaz/NSF_IRES_2025_Codebase/control/install/local_setup.sh'
[23.651s] INFO:colcon.colcon_core.shell:Creating prefix util module '/home/bentoaz/NSF_IRES_2025_Codebase/control/install/_local_setup_util_sh.py'
[23.652s] INFO:colcon.colcon_core.shell:Creating prefix chain script '/home/bentoaz/NSF_IRES_2025_Codebase/control/install/setup.sh'
[23.671s] INFO:colcon.colcon_core.shell:Creating prefix script '/home/bentoaz/NSF_IRES_2025_Codebase/control/install/local_setup.bash'
[23.673s] INFO:colcon.colcon_core.shell:Creating prefix chain script '/home/bentoaz/NSF_IRES_2025_Codebase/control/install/setup.bash'
[23.693s] INFO:colcon.colcon_core.shell:Creating prefix script '/home/bentoaz/NSF_IRES_2025_Codebase/control/install/local_setup.zsh'
[23.695s] INFO:colcon.colcon_core.shell:Creating prefix chain script '/home/bentoaz/NSF_IRES_2025_Codebase/control/install/setup.zsh'
