[0.033s] Invoking command in '/home/bentoaz/NSF_IRES_2025_Codebase/control/build/traj_planning_msg': CMAKE_PREFIX_PATH=${CMAKE_PREFIX_PATH}:/home/bentoaz/NSF_IRES_2025_Codebase/control/install/traj_planning:/home/bentoaz/autoware/install/autoware_carla_interface:/home/bentoaz/autoware/install/ros2agnocast:/home/bentoaz/autoware/install/autoware_adapi_visualizers:/opt/ros/humble /usr/bin/cmake /home/bentoaz/NSF_IRES_2025_Codebase/control/src/traj_planning_msg -DCMAKE_INSTALL_PREFIX=/home/bentoaz/NSF_IRES_2025_Codebase/control/install/traj_planning_msg
[0.072s] -- Found ament_cmake: 1.3.11 (/opt/ros/humble/share/ament_cmake/cmake)
[0.238s] -- Override CMake install command with custom implementation using symlinks instead of copying resources
[0.256s] -- Found ament_lint_auto: 0.12.12 (/opt/ros/humble/share/ament_lint_auto/cmake)
[0.330s] -- Found std_msgs: 4.8.0 (/opt/ros/humble/share/std_msgs/cmake)
[0.360s] -- Found rosidl_generator_c: 3.1.6 (/opt/ros/humble/share/rosidl_generator_c/cmake)
[0.362s] -- Found rosidl_adapter: 3.1.6 (/opt/ros/humble/share/rosidl_adapter/cmake)
[0.367s] -- Found rosidl_generator_cpp: 3.1.6 (/opt/ros/humble/share/rosidl_generator_cpp/cmake)
[0.403s] -- Using all available rosidl_typesupport_c: rosidl_typesupport_fastrtps_c;rosidl_typesupport_introspection_c
[0.442s] -- Using all available rosidl_typesupport_cpp: rosidl_typesupport_fastrtps_cpp;rosidl_typesupport_introspection_cpp
[0.497s] -- Found nav_msgs: 4.8.0 (/opt/ros/humble/share/nav_msgs/cmake)
[0.527s] -- Found rosidl_default_generators: 1.2.0 (/opt/ros/humble/share/rosidl_default_generators/cmake)
[0.870s] -- Found ament_cmake_ros: 0.10.0 (/opt/ros/humble/share/ament_cmake_ros/cmake)
[1.368s] -- Using all available rosidl_typesupport_c: rosidl_typesupport_fastrtps_c;rosidl_typesupport_introspection_c
[1.593s] -- Using all available rosidl_typesupport_cpp: rosidl_typesupport_fastrtps_cpp;rosidl_typesupport_introspection_cpp
[1.627s] -- Found python_cmake_module: 0.10.0 (/opt/ros/humble/share/python_cmake_module/cmake)
[1.656s] -- Using PYTHON_EXECUTABLE: /usr/bin/python3
[1.656s] -- Using PYTHON_INCLUDE_DIRS: /usr/include/python3.10
[1.656s] -- Using PYTHON_LIBRARIES: /usr/lib/x86_64-linux-gnu/libpython3.10.so
[2.360s] -- Added test 'lint_cmake' to check CMake code style
[2.360s] -- Added test 'xmllint' to check XML markup files
[2.366s] -- Configuring done
[2.414s] -- Generating done
[2.421s] -- Build files have been written to: /home/bentoaz/NSF_IRES_2025_Codebase/control/build/traj_planning_msg
[2.434s] Invoked command in '/home/bentoaz/NSF_IRES_2025_Codebase/control/build/traj_planning_msg' returned '0': CMAKE_PREFIX_PATH=${CMAKE_PREFIX_PATH}:/home/bentoaz/NSF_IRES_2025_Codebase/control/install/traj_planning:/home/bentoaz/autoware/install/autoware_carla_interface:/home/bentoaz/autoware/install/ros2agnocast:/home/bentoaz/autoware/install/autoware_adapi_visualizers:/opt/ros/humble /usr/bin/cmake /home/bentoaz/NSF_IRES_2025_Codebase/control/src/traj_planning_msg -DCMAKE_INSTALL_PREFIX=/home/bentoaz/NSF_IRES_2025_Codebase/control/install/traj_planning_msg
[2.434s] Invoking command in '/home/bentoaz/NSF_IRES_2025_Codebase/control/build/traj_planning_msg': CMAKE_PREFIX_PATH=${CMAKE_PREFIX_PATH}:/home/bentoaz/NSF_IRES_2025_Codebase/control/install/traj_planning:/home/bentoaz/autoware/install/autoware_carla_interface:/home/bentoaz/autoware/install/ros2agnocast:/home/bentoaz/autoware/install/autoware_adapi_visualizers:/opt/ros/humble /usr/bin/cmake --build /home/bentoaz/NSF_IRES_2025_Codebase/control/build/traj_planning_msg -- -j16 -l16
[2.569s] [35m[1mConsolidate compiler generated dependencies of target traj_planning_msg__rosidl_generator_c[0m
[2.613s] [  3%] Built target traj_planning_msg__cpp
[2.613s] [ 12%] Built target traj_planning_msg__rosidl_generator_c
[2.622s] [ 12%] Built target ament_cmake_python_symlink_traj_planning_msg
[2.648s] [35m[1mConsolidate compiler generated dependencies of target traj_planning_msg__rosidl_typesupport_introspection_c[0m
[2.649s] [35m[1mConsolidate compiler generated dependencies of target traj_planning_msg__rosidl_typesupport_fastrtps_cpp[0m
[2.658s] [35m[1mConsolidate compiler generated dependencies of target traj_planning_msg__rosidl_typesupport_introspection_cpp[0m
[2.662s] [35m[1mConsolidate compiler generated dependencies of target traj_planning_msg__rosidl_typesupport_cpp[0m
[2.662s] [35m[1mConsolidate compiler generated dependencies of target traj_planning_msg__rosidl_typesupport_c[0m
[2.674s] [35m[1mConsolidate compiler generated dependencies of target traj_planning_msg__rosidl_typesupport_fastrtps_c[0m
[2.686s] [ 22%] Built target traj_planning_msg__rosidl_typesupport_introspection_c
[2.688s] [ 32%] Built target traj_planning_msg__rosidl_typesupport_fastrtps_cpp
[2.700s] [ 41%] Built target traj_planning_msg__rosidl_typesupport_introspection_cpp
[2.707s] [ 51%] Built target traj_planning_msg__rosidl_typesupport_c
[2.708s] [ 61%] Built target traj_planning_msg__rosidl_typesupport_cpp
[2.712s] [ 70%] Built target traj_planning_msg__rosidl_typesupport_fastrtps_c
[2.783s] [ 70%] Built target traj_planning_msg
[2.866s] [ 74%] Built target traj_planning_msg__py
[2.902s] [35m[1mConsolidate compiler generated dependencies of target traj_planning_msg__rosidl_generator_py[0m
[2.923s] running egg_info
[2.924s] writing traj_planning_msg.egg-info/PKG-INFO
[2.924s] writing dependency_links to traj_planning_msg.egg-info/dependency_links.txt
[2.924s] writing top-level names to traj_planning_msg.egg-info/top_level.txt
[2.926s] reading manifest file 'traj_planning_msg.egg-info/SOURCES.txt'
[2.927s] writing manifest file 'traj_planning_msg.egg-info/SOURCES.txt'
[2.945s] [ 80%] Built target traj_planning_msg__rosidl_generator_py
[2.973s] [ 80%] Built target ament_cmake_python_build_traj_planning_msg_egg
[2.981s] [35m[1mConsolidate compiler generated dependencies of target traj_planning_msg__rosidl_typesupport_fastrtps_c__pyext[0m
[2.984s] [35m[1mConsolidate compiler generated dependencies of target traj_planning_msg__rosidl_typesupport_c__pyext[0m
[2.988s] [35m[1mConsolidate compiler generated dependencies of target traj_planning_msg__rosidl_typesupport_introspection_c__pyext[0m
[3.022s] [ 87%] Built target traj_planning_msg__rosidl_typesupport_introspection_c__pyext
[3.023s] [ 93%] Built target traj_planning_msg__rosidl_typesupport_c__pyext
[3.023s] [100%] Built target traj_planning_msg__rosidl_typesupport_fastrtps_c__pyext
[3.049s] Invoked command in '/home/bentoaz/NSF_IRES_2025_Codebase/control/build/traj_planning_msg' returned '0': CMAKE_PREFIX_PATH=${CMAKE_PREFIX_PATH}:/home/bentoaz/NSF_IRES_2025_Codebase/control/install/traj_planning:/home/bentoaz/autoware/install/autoware_carla_interface:/home/bentoaz/autoware/install/ros2agnocast:/home/bentoaz/autoware/install/autoware_adapi_visualizers:/opt/ros/humble /usr/bin/cmake --build /home/bentoaz/NSF_IRES_2025_Codebase/control/build/traj_planning_msg -- -j16 -l16
[3.074s] Invoking command in '/home/bentoaz/NSF_IRES_2025_Codebase/control/build/traj_planning_msg': CMAKE_PREFIX_PATH=${CMAKE_PREFIX_PATH}:/home/bentoaz/NSF_IRES_2025_Codebase/control/install/traj_planning:/home/bentoaz/autoware/install/autoware_carla_interface:/home/bentoaz/autoware/install/ros2agnocast:/home/bentoaz/autoware/install/autoware_adapi_visualizers:/opt/ros/humble /usr/bin/cmake --install /home/bentoaz/NSF_IRES_2025_Codebase/control/build/traj_planning_msg
[3.101s] -- Install configuration: ""
[3.101s] -- Execute custom install script
[3.102s] -- Up-to-date symlink: /home/bentoaz/NSF_IRES_2025_Codebase/control/install/traj_planning_msg/share/ament_index/resource_index/rosidl_interfaces/traj_planning_msg
[3.103s] -- Up-to-date symlink: /home/bentoaz/NSF_IRES_2025_Codebase/control/install/traj_planning_msg/include/traj_planning_msg/traj_planning_msg/msg/detail/path_list__functions.h
[3.103s] -- Up-to-date symlink: /home/bentoaz/NSF_IRES_2025_Codebase/control/install/traj_planning_msg/include/traj_planning_msg/traj_planning_msg/msg/detail/path_list__struct.h
[3.103s] -- Up-to-date symlink: /home/bentoaz/NSF_IRES_2025_Codebase/control/install/traj_planning_msg/include/traj_planning_msg/traj_planning_msg/msg/detail/path_list__type_support.h
[3.103s] -- Up-to-date symlink: /home/bentoaz/NSF_IRES_2025_Codebase/control/install/traj_planning_msg/include/traj_planning_msg/traj_planning_msg/msg/path_list.h
[3.103s] -- Up-to-date symlink: /home/bentoaz/NSF_IRES_2025_Codebase/control/install/traj_planning_msg/include/traj_planning_msg/traj_planning_msg/msg/rosidl_generator_c__visibility_control.h
[3.103s] -- Up-to-date symlink: /home/bentoaz/NSF_IRES_2025_Codebase/control/install/traj_planning_msg/share/traj_planning_msg/environment/library_path.sh
[3.103s] -- Up-to-date symlink: /home/bentoaz/NSF_IRES_2025_Codebase/control/install/traj_planning_msg/share/traj_planning_msg/environment/library_path.dsv
[3.104s] -- Up-to-date symlink: /home/bentoaz/NSF_IRES_2025_Codebase/control/install/traj_planning_msg/include/traj_planning_msg/traj_planning_msg/msg/detail/path_list__rosidl_typesupport_fastrtps_c.h
[3.104s] -- Up-to-date symlink: /home/bentoaz/NSF_IRES_2025_Codebase/control/install/traj_planning_msg/include/traj_planning_msg/traj_planning_msg/msg/rosidl_typesupport_fastrtps_c__visibility_control.h
[3.104s] -- Up-to-date symlink: /home/bentoaz/NSF_IRES_2025_Codebase/control/install/traj_planning_msg/include/traj_planning_msg/traj_planning_msg/msg/detail/path_list__builder.hpp
[3.104s] -- Up-to-date symlink: /home/bentoaz/NSF_IRES_2025_Codebase/control/install/traj_planning_msg/include/traj_planning_msg/traj_planning_msg/msg/detail/path_list__struct.hpp
[3.104s] -- Up-to-date symlink: /home/bentoaz/NSF_IRES_2025_Codebase/control/install/traj_planning_msg/include/traj_planning_msg/traj_planning_msg/msg/detail/path_list__traits.hpp
[3.104s] -- Up-to-date symlink: /home/bentoaz/NSF_IRES_2025_Codebase/control/install/traj_planning_msg/include/traj_planning_msg/traj_planning_msg/msg/detail/path_list__type_support.hpp
[3.104s] -- Up-to-date symlink: /home/bentoaz/NSF_IRES_2025_Codebase/control/install/traj_planning_msg/include/traj_planning_msg/traj_planning_msg/msg/path_list.hpp
[3.104s] -- Up-to-date symlink: /home/bentoaz/NSF_IRES_2025_Codebase/control/install/traj_planning_msg/include/traj_planning_msg/traj_planning_msg/msg/rosidl_generator_cpp__visibility_control.hpp
[3.104s] -- Up-to-date symlink: /home/bentoaz/NSF_IRES_2025_Codebase/control/install/traj_planning_msg/include/traj_planning_msg/traj_planning_msg/msg/detail/path_list__rosidl_typesupport_fastrtps_cpp.hpp
[3.104s] -- Up-to-date symlink: /home/bentoaz/NSF_IRES_2025_Codebase/control/install/traj_planning_msg/include/traj_planning_msg/traj_planning_msg/msg/rosidl_typesupport_fastrtps_cpp__visibility_control.h
[3.105s] -- Up-to-date symlink: /home/bentoaz/NSF_IRES_2025_Codebase/control/install/traj_planning_msg/include/traj_planning_msg/traj_planning_msg/msg/detail/path_list__rosidl_typesupport_introspection_c.h
[3.105s] -- Up-to-date symlink: /home/bentoaz/NSF_IRES_2025_Codebase/control/install/traj_planning_msg/include/traj_planning_msg/traj_planning_msg/msg/rosidl_typesupport_introspection_c__visibility_control.h
[3.105s] -- Up-to-date symlink: /home/bentoaz/NSF_IRES_2025_Codebase/control/install/traj_planning_msg/include/traj_planning_msg/traj_planning_msg/msg/detail/path_list__rosidl_typesupport_introspection_cpp.hpp
[3.105s] -- Up-to-date symlink: /home/bentoaz/NSF_IRES_2025_Codebase/control/install/traj_planning_msg/share/traj_planning_msg/environment/pythonpath.sh
[3.105s] -- Up-to-date symlink: /home/bentoaz/NSF_IRES_2025_Codebase/control/install/traj_planning_msg/share/traj_planning_msg/environment/pythonpath.dsv
[3.105s] -- Up-to-date symlink: /home/bentoaz/NSF_IRES_2025_Codebase/control/install/traj_planning_msg/local/lib/python3.10/dist-packages/traj_planning_msg-0.0.0-py3.10.egg-info/PKG-INFO
[3.106s] -- Up-to-date symlink: /home/bentoaz/NSF_IRES_2025_Codebase/control/install/traj_planning_msg/local/lib/python3.10/dist-packages/traj_planning_msg-0.0.0-py3.10.egg-info/SOURCES.txt
[3.106s] -- Up-to-date symlink: /home/bentoaz/NSF_IRES_2025_Codebase/control/install/traj_planning_msg/local/lib/python3.10/dist-packages/traj_planning_msg-0.0.0-py3.10.egg-info/dependency_links.txt
[3.106s] -- Up-to-date symlink: /home/bentoaz/NSF_IRES_2025_Codebase/control/install/traj_planning_msg/local/lib/python3.10/dist-packages/traj_planning_msg-0.0.0-py3.10.egg-info/top_level.txt
[3.106s] -- Up-to-date symlink: /home/bentoaz/NSF_IRES_2025_Codebase/control/install/traj_planning_msg/local/lib/python3.10/dist-packages/traj_planning_msg/__init__.py
[3.107s] -- Up-to-date symlink: /home/bentoaz/NSF_IRES_2025_Codebase/control/install/traj_planning_msg/local/lib/python3.10/dist-packages/traj_planning_msg/_traj_planning_msg_s.ep.rosidl_typesupport_c.c
[3.107s] -- Up-to-date symlink: /home/bentoaz/NSF_IRES_2025_Codebase/control/install/traj_planning_msg/local/lib/python3.10/dist-packages/traj_planning_msg/_traj_planning_msg_s.ep.rosidl_typesupport_fastrtps_c.c
[3.107s] -- Up-to-date symlink: /home/bentoaz/NSF_IRES_2025_Codebase/control/install/traj_planning_msg/local/lib/python3.10/dist-packages/traj_planning_msg/_traj_planning_msg_s.ep.rosidl_typesupport_introspection_c.c
[3.107s] -- Up-to-date symlink: /home/bentoaz/NSF_IRES_2025_Codebase/control/install/traj_planning_msg/local/lib/python3.10/dist-packages/traj_planning_msg/libtraj_planning_msg__rosidl_generator_py.so
[3.107s] -- Up-to-date symlink: /home/bentoaz/NSF_IRES_2025_Codebase/control/install/traj_planning_msg/local/lib/python3.10/dist-packages/traj_planning_msg/msg/__init__.py
[3.107s] -- Up-to-date symlink: /home/bentoaz/NSF_IRES_2025_Codebase/control/install/traj_planning_msg/local/lib/python3.10/dist-packages/traj_planning_msg/msg/_path_list.py
[3.107s] -- Up-to-date symlink: /home/bentoaz/NSF_IRES_2025_Codebase/control/install/traj_planning_msg/local/lib/python3.10/dist-packages/traj_planning_msg/msg/_path_list_s.c
[3.107s] -- Up-to-date symlink: /home/bentoaz/NSF_IRES_2025_Codebase/control/install/traj_planning_msg/local/lib/python3.10/dist-packages/traj_planning_msg/traj_planning_msg_s__rosidl_typesupport_c.cpython-310-x86_64-linux-gnu.so
[3.107s] -- Up-to-date symlink: /home/bentoaz/NSF_IRES_2025_Codebase/control/install/traj_planning_msg/local/lib/python3.10/dist-packages/traj_planning_msg/traj_planning_msg_s__rosidl_typesupport_fastrtps_c.cpython-310-x86_64-linux-gnu.so
[3.107s] -- Up-to-date symlink: /home/bentoaz/NSF_IRES_2025_Codebase/control/install/traj_planning_msg/local/lib/python3.10/dist-packages/traj_planning_msg/traj_planning_msg_s__rosidl_typesupport_introspection_c.cpython-310-x86_64-linux-gnu.so
[3.107s] -- Up-to-date symlink: /home/bentoaz/NSF_IRES_2025_Codebase/control/install/traj_planning_msg/local/lib/python3.10/dist-packages/traj_planning_msg/traj_planning_msg_s__rosidl_typesupport_fastrtps_c.cpython-310-x86_64-linux-gnu.so
[3.108s] -- Up-to-date symlink: /home/bentoaz/NSF_IRES_2025_Codebase/control/install/traj_planning_msg/local/lib/python3.10/dist-packages/traj_planning_msg/traj_planning_msg_s__rosidl_typesupport_introspection_c.cpython-310-x86_64-linux-gnu.so
[3.108s] -- Up-to-date symlink: /home/bentoaz/NSF_IRES_2025_Codebase/control/install/traj_planning_msg/local/lib/python3.10/dist-packages/traj_planning_msg/traj_planning_msg_s__rosidl_typesupport_c.cpython-310-x86_64-linux-gnu.so
[3.108s] -- Up-to-date symlink: /home/bentoaz/NSF_IRES_2025_Codebase/control/install/traj_planning_msg/share/traj_planning_msg/msg/PathList.idl
[3.108s] -- Up-to-date symlink: /home/bentoaz/NSF_IRES_2025_Codebase/control/install/traj_planning_msg/share/traj_planning_msg/msg/PathList.msg
[3.108s] -- Up-to-date symlink: /home/bentoaz/NSF_IRES_2025_Codebase/control/install/traj_planning_msg/share/ament_index/resource_index/package_run_dependencies/traj_planning_msg
[3.108s] -- Up-to-date symlink: /home/bentoaz/NSF_IRES_2025_Codebase/control/install/traj_planning_msg/share/ament_index/resource_index/parent_prefix_path/traj_planning_msg
[3.108s] -- Up-to-date symlink: /home/bentoaz/NSF_IRES_2025_Codebase/control/install/traj_planning_msg/share/traj_planning_msg/environment/ament_prefix_path.sh
[3.108s] -- Up-to-date symlink: /home/bentoaz/NSF_IRES_2025_Codebase/control/install/traj_planning_msg/share/traj_planning_msg/environment/ament_prefix_path.dsv
[3.109s] -- Up-to-date symlink: /home/bentoaz/NSF_IRES_2025_Codebase/control/install/traj_planning_msg/share/traj_planning_msg/environment/path.sh
[3.109s] -- Up-to-date symlink: /home/bentoaz/NSF_IRES_2025_Codebase/control/install/traj_planning_msg/share/traj_planning_msg/environment/path.dsv
[3.109s] -- Up-to-date symlink: /home/bentoaz/NSF_IRES_2025_Codebase/control/install/traj_planning_msg/share/traj_planning_msg/local_setup.bash
[3.109s] -- Up-to-date symlink: /home/bentoaz/NSF_IRES_2025_Codebase/control/install/traj_planning_msg/share/traj_planning_msg/local_setup.sh
[3.109s] -- Up-to-date symlink: /home/bentoaz/NSF_IRES_2025_Codebase/control/install/traj_planning_msg/share/traj_planning_msg/local_setup.zsh
[3.109s] -- Up-to-date symlink: /home/bentoaz/NSF_IRES_2025_Codebase/control/install/traj_planning_msg/share/traj_planning_msg/local_setup.dsv
[3.109s] -- Symlinking: /home/bentoaz/NSF_IRES_2025_Codebase/control/install/traj_planning_msg/share/traj_planning_msg/package.dsv
[3.137s] -- Up-to-date symlink: /home/bentoaz/NSF_IRES_2025_Codebase/control/install/traj_planning_msg/share/ament_index/resource_index/packages/traj_planning_msg
[3.137s] -- Up-to-date symlink: /home/bentoaz/NSF_IRES_2025_Codebase/control/install/traj_planning_msg/share/traj_planning_msg/cmake/rosidl_cmake-extras.cmake
[3.137s] -- Up-to-date symlink: /home/bentoaz/NSF_IRES_2025_Codebase/control/install/traj_planning_msg/share/traj_planning_msg/cmake/ament_cmake_export_dependencies-extras.cmake
[3.138s] -- Up-to-date symlink: /home/bentoaz/NSF_IRES_2025_Codebase/control/install/traj_planning_msg/share/traj_planning_msg/cmake/ament_cmake_export_include_directories-extras.cmake
[3.139s] -- Up-to-date symlink: /home/bentoaz/NSF_IRES_2025_Codebase/control/install/traj_planning_msg/share/traj_planning_msg/cmake/ament_cmake_export_libraries-extras.cmake
[3.139s] -- Up-to-date symlink: /home/bentoaz/NSF_IRES_2025_Codebase/control/install/traj_planning_msg/share/traj_planning_msg/cmake/ament_cmake_export_targets-extras.cmake
[3.139s] -- Up-to-date symlink: /home/bentoaz/NSF_IRES_2025_Codebase/control/install/traj_planning_msg/share/traj_planning_msg/cmake/rosidl_cmake_export_typesupport_targets-extras.cmake
[3.139s] -- Up-to-date symlink: /home/bentoaz/NSF_IRES_2025_Codebase/control/install/traj_planning_msg/share/traj_planning_msg/cmake/rosidl_cmake_export_typesupport_libraries-extras.cmake
[3.139s] -- Up-to-date symlink: /home/bentoaz/NSF_IRES_2025_Codebase/control/install/traj_planning_msg/share/traj_planning_msg/cmake/traj_planning_msgConfig.cmake
[3.139s] -- Up-to-date symlink: /home/bentoaz/NSF_IRES_2025_Codebase/control/install/traj_planning_msg/share/traj_planning_msg/cmake/traj_planning_msgConfig-version.cmake
[3.139s] -- Up-to-date symlink: /home/bentoaz/NSF_IRES_2025_Codebase/control/install/traj_planning_msg/share/traj_planning_msg/package.xml
[3.140s] -- Up-to-date: /home/bentoaz/NSF_IRES_2025_Codebase/control/install/traj_planning_msg/lib/libtraj_planning_msg__rosidl_generator_c.so
[3.140s] -- Up-to-date: /home/bentoaz/NSF_IRES_2025_Codebase/control/install/traj_planning_msg/lib/libtraj_planning_msg__rosidl_typesupport_fastrtps_c.so
[3.140s] -- Up-to-date: /home/bentoaz/NSF_IRES_2025_Codebase/control/install/traj_planning_msg/lib/libtraj_planning_msg__rosidl_typesupport_fastrtps_cpp.so
[3.141s] -- Up-to-date: /home/bentoaz/NSF_IRES_2025_Codebase/control/install/traj_planning_msg/lib/libtraj_planning_msg__rosidl_typesupport_introspection_c.so
[3.141s] -- Up-to-date: /home/bentoaz/NSF_IRES_2025_Codebase/control/install/traj_planning_msg/lib/libtraj_planning_msg__rosidl_typesupport_c.so
[3.143s] -- Up-to-date: /home/bentoaz/NSF_IRES_2025_Codebase/control/install/traj_planning_msg/lib/libtraj_planning_msg__rosidl_typesupport_introspection_cpp.so
[3.143s] -- Up-to-date: /home/bentoaz/NSF_IRES_2025_Codebase/control/install/traj_planning_msg/lib/libtraj_planning_msg__rosidl_typesupport_cpp.so
[3.192s] Listing '/home/bentoaz/NSF_IRES_2025_Codebase/control/install/traj_planning_msg/local/lib/python3.10/dist-packages/traj_planning_msg'...
[3.192s] Compiling '/home/bentoaz/NSF_IRES_2025_Codebase/control/install/traj_planning_msg/local/lib/python3.10/dist-packages/traj_planning_msg/__init__.py'...
[3.192s] Listing '/home/bentoaz/NSF_IRES_2025_Codebase/control/install/traj_planning_msg/local/lib/python3.10/dist-packages/traj_planning_msg/msg'...
[3.196s] -- Up-to-date: /home/bentoaz/NSF_IRES_2025_Codebase/control/install/traj_planning_msg/lib/libtraj_planning_msg__rosidl_generator_py.so
[3.197s] -- Up-to-date: /home/bentoaz/NSF_IRES_2025_Codebase/control/install/traj_planning_msg/share/traj_planning_msg/cmake/export_traj_planning_msg__rosidl_generator_cExport.cmake
[3.197s] -- Up-to-date: /home/bentoaz/NSF_IRES_2025_Codebase/control/install/traj_planning_msg/share/traj_planning_msg/cmake/export_traj_planning_msg__rosidl_generator_cExport-noconfig.cmake
[3.197s] -- Up-to-date: /home/bentoaz/NSF_IRES_2025_Codebase/control/install/traj_planning_msg/share/traj_planning_msg/cmake/export_traj_planning_msg__rosidl_typesupport_fastrtps_cExport.cmake
[3.197s] -- Up-to-date: /home/bentoaz/NSF_IRES_2025_Codebase/control/install/traj_planning_msg/share/traj_planning_msg/cmake/export_traj_planning_msg__rosidl_typesupport_fastrtps_cExport-noconfig.cmake
[3.198s] -- Up-to-date: /home/bentoaz/NSF_IRES_2025_Codebase/control/install/traj_planning_msg/share/traj_planning_msg/cmake/export_traj_planning_msg__rosidl_generator_cppExport.cmake
[3.198s] -- Up-to-date: /home/bentoaz/NSF_IRES_2025_Codebase/control/install/traj_planning_msg/share/traj_planning_msg/cmake/export_traj_planning_msg__rosidl_typesupport_fastrtps_cppExport.cmake
[3.198s] -- Up-to-date: /home/bentoaz/NSF_IRES_2025_Codebase/control/install/traj_planning_msg/share/traj_planning_msg/cmake/export_traj_planning_msg__rosidl_typesupport_fastrtps_cppExport-noconfig.cmake
[3.198s] -- Up-to-date: /home/bentoaz/NSF_IRES_2025_Codebase/control/install/traj_planning_msg/share/traj_planning_msg/cmake/traj_planning_msg__rosidl_typesupport_introspection_cExport.cmake
[3.198s] -- Up-to-date: /home/bentoaz/NSF_IRES_2025_Codebase/control/install/traj_planning_msg/share/traj_planning_msg/cmake/traj_planning_msg__rosidl_typesupport_introspection_cExport-noconfig.cmake
[3.198s] -- Up-to-date: /home/bentoaz/NSF_IRES_2025_Codebase/control/install/traj_planning_msg/share/traj_planning_msg/cmake/traj_planning_msg__rosidl_typesupport_cExport.cmake
[3.198s] -- Up-to-date: /home/bentoaz/NSF_IRES_2025_Codebase/control/install/traj_planning_msg/share/traj_planning_msg/cmake/traj_planning_msg__rosidl_typesupport_cExport-noconfig.cmake
[3.202s] -- Up-to-date: /home/bentoaz/NSF_IRES_2025_Codebase/control/install/traj_planning_msg/share/traj_planning_msg/cmake/traj_planning_msg__rosidl_typesupport_introspection_cppExport.cmake
[3.202s] -- Up-to-date: /home/bentoaz/NSF_IRES_2025_Codebase/control/install/traj_planning_msg/share/traj_planning_msg/cmake/traj_planning_msg__rosidl_typesupport_introspection_cppExport-noconfig.cmake
[3.202s] -- Up-to-date: /home/bentoaz/NSF_IRES_2025_Codebase/control/install/traj_planning_msg/share/traj_planning_msg/cmake/traj_planning_msg__rosidl_typesupport_cppExport.cmake
[3.202s] -- Up-to-date: /home/bentoaz/NSF_IRES_2025_Codebase/control/install/traj_planning_msg/share/traj_planning_msg/cmake/traj_planning_msg__rosidl_typesupport_cppExport-noconfig.cmake
[3.202s] -- Up-to-date: /home/bentoaz/NSF_IRES_2025_Codebase/control/install/traj_planning_msg/share/traj_planning_msg/cmake/export_traj_planning_msg__rosidl_generator_pyExport.cmake
[3.202s] -- Up-to-date: /home/bentoaz/NSF_IRES_2025_Codebase/control/install/traj_planning_msg/share/traj_planning_msg/cmake/export_traj_planning_msg__rosidl_generator_pyExport-noconfig.cmake
[3.204s] Invoked command in '/home/bentoaz/NSF_IRES_2025_Codebase/control/build/traj_planning_msg' returned '0': CMAKE_PREFIX_PATH=${CMAKE_PREFIX_PATH}:/home/bentoaz/NSF_IRES_2025_Codebase/control/install/traj_planning:/home/bentoaz/autoware/install/autoware_carla_interface:/home/bentoaz/autoware/install/ros2agnocast:/home/bentoaz/autoware/install/autoware_adapi_visualizers:/opt/ros/humble /usr/bin/cmake --install /home/bentoaz/NSF_IRES_2025_Codebase/control/build/traj_planning_msg
