[0.300s] Invoking command in '/home/bentoaz/f1tenth_experimental_ws/build/safety_node': CMAKE_PREFIX_PATH=${CMAKE_PREFIX_PATH}:/home/bentoaz/f1tenth_gym_ros/install/f1tenth_gym_ros:/home/bentoaz/autoware/install/autoware_carla_interface:/home/bentoaz/autoware/install/ros2agnocast:/home/bentoaz/autoware/install/autoware_adapi_visualizers:/opt/ros/humble /usr/bin/cmake /home/bentoaz/f1tenth_experimental_ws/src/safety_node -DCMAKE_INSTALL_PREFIX=/home/bentoaz/f1tenth_experimental_ws/install/safety_node
[0.609s] -- The C compiler identification is GNU 11.4.0
[0.610s] -- The CXX compiler identification is GNU 11.4.0
[0.612s] -- Detecting C compiler ABI info
[0.676s] -- Detecting C compiler ABI info - done
[0.684s] -- Check for working C compiler: /usr/bin/cc - skipped
[0.685s] -- Detecting C compile features
[0.685s] -- Detecting C compile features - done
[0.688s] -- Detecting CXX compiler ABI info
[0.869s] -- Detecting CXX compiler ABI info - done
[0.878s] -- Check for working CXX compiler: /usr/bin/c++ - skipped
[0.878s] -- Detecting CXX compile features
[0.878s] -- Detecting CXX compile features - done
[0.918s] -- Found ament_cmake: 1.3.11 (/opt/ros/humble/share/ament_cmake/cmake)
[1.250s] -- Found Python3: /usr/bin/python3 (found version "3.10.12") found components: Interpreter 
[1.635s] -- Found rclcpp: 16.0.12 (/opt/ros/humble/share/rclcpp/cmake)
[1.838s] -- Found rosidl_generator_c: 3.1.6 (/opt/ros/humble/share/rosidl_generator_c/cmake)
[1.872s] -- Found rosidl_adapter: 3.1.6 (/opt/ros/humble/share/rosidl_adapter/cmake)
[1.907s] -- Found rosidl_generator_cpp: 3.1.6 (/opt/ros/humble/share/rosidl_generator_cpp/cmake)
[1.967s] -- Using all available rosidl_typesupport_c: rosidl_typesupport_fastrtps_c;rosidl_typesupport_introspection_c
[2.046s] -- Using all available rosidl_typesupport_cpp: rosidl_typesupport_fastrtps_cpp;rosidl_typesupport_introspection_cpp
[2.249s] -- Found rmw_implementation_cmake: 6.1.2 (/opt/ros/humble/share/rmw_implementation_cmake/cmake)
[2.293s] -- Found rmw_cyclonedds_cpp: 1.3.4 (/opt/ros/humble/share/rmw_cyclonedds_cpp/cmake)
[2.423s] -- Using RMW implementation 'rmw_cyclonedds_cpp' as default
[2.472s] -- Looking for pthread.h
[2.654s] -- Looking for pthread.h - found
[2.654s] -- Performing Test CMAKE_HAVE_LIBC_PTHREAD
[2.812s] -- Performing Test CMAKE_HAVE_LIBC_PTHREAD - Success
[2.813s] -- Found Threads: TRUE  
[2.933s] -- Found rclpy: 3.3.16 (/opt/ros/humble/share/rclpy/cmake)
[2.970s] -- Found nav_msgs: 4.9.0 (/opt/ros/humble/share/nav_msgs/cmake)
[3.072s] -- Found ackermann_msgs: 2.0.2 (/opt/ros/humble/share/ackermann_msgs/cmake)
[3.121s] -- Found sensor_msgs: 4.9.0 (/opt/ros/humble/share/sensor_msgs/cmake)
[3.513s] -- Found ament_lint_auto: 0.12.12 (/opt/ros/humble/share/ament_lint_auto/cmake)
[3.745s] -- Added test 'copyright' to check source files copyright and LICENSE
[3.751s] -- Added test 'cppcheck' to perform static code analysis on C / C++ code
[3.752s] -- Configured cppcheck include dirs: /home/bentoaz/f1tenth_experimental_ws/src/safety_node/include
[3.752s] -- Configured cppcheck exclude dirs and/or files: 
[3.757s] -- Added test 'cpplint' to check C / C++ code against the Google style
[3.757s] -- Configured cpplint exclude dirs and/or files: 
[3.763s] -- Added test 'flake8' to check Python code syntax and style conventions
[3.769s] -- Added test 'lint_cmake' to check CMake code style
[3.775s] -- Added test 'pep257' to check Python code against some of the docstring style conventions in PEP 257
[3.781s] -- Added test 'uncrustify' to check C / C++ code style
[3.782s] -- Configured uncrustify additional arguments: 
[3.787s] -- Added test 'xmllint' to check XML markup files
[3.799s] -- Configuring done
[3.810s] -- Generating done
[3.815s] -- Build files have been written to: /home/bentoaz/f1tenth_experimental_ws/build/safety_node
[3.825s] Invoked command in '/home/bentoaz/f1tenth_experimental_ws/build/safety_node' returned '0': CMAKE_PREFIX_PATH=${CMAKE_PREFIX_PATH}:/home/bentoaz/f1tenth_gym_ros/install/f1tenth_gym_ros:/home/bentoaz/autoware/install/autoware_carla_interface:/home/bentoaz/autoware/install/ros2agnocast:/home/bentoaz/autoware/install/autoware_adapi_visualizers:/opt/ros/humble /usr/bin/cmake /home/bentoaz/f1tenth_experimental_ws/src/safety_node -DCMAKE_INSTALL_PREFIX=/home/bentoaz/f1tenth_experimental_ws/install/safety_node
[3.826s] Invoking command in '/home/bentoaz/f1tenth_experimental_ws/build/safety_node': CMAKE_PREFIX_PATH=${CMAKE_PREFIX_PATH}:/home/bentoaz/f1tenth_gym_ros/install/f1tenth_gym_ros:/home/bentoaz/autoware/install/autoware_carla_interface:/home/bentoaz/autoware/install/ros2agnocast:/home/bentoaz/autoware/install/autoware_adapi_visualizers:/opt/ros/humble /usr/bin/cmake --build /home/bentoaz/f1tenth_experimental_ws/build/safety_node -- -j16 -l16
[3.994s] [  0%] Built target ament_cmake_python_copy_safety_node
[4.004s] [  0%] Built target ament_cmake_python_copy_safety_node_setup
[4.008s] [ 50%] [32mBuilding CXX object CMakeFiles/safety_node.dir/src/safety_node.cpp.o[0m
[4.288s] /usr/lib/python3/dist-packages/setuptools/dist.py:723: UserWarning: Usage of dash-separated 'script-dir' will not be supported in future versions. Please use the underscore name 'script_dir' instead
[4.288s]   warnings.warn(
[4.288s] /usr/lib/python3/dist-packages/setuptools/dist.py:723: UserWarning: Usage of dash-separated 'install-scripts' will not be supported in future versions. Please use the underscore name 'install_scripts' instead
[4.288s]   warnings.warn(
[4.291s] running egg_info
[4.293s] creating safety_node.egg-info
[4.293s] writing safety_node.egg-info/PKG-INFO
[4.293s] writing dependency_links to safety_node.egg-info/dependency_links.txt
[4.293s] writing top-level names to safety_node.egg-info/top_level.txt
[4.293s] writing manifest file 'safety_node.egg-info/SOURCES.txt'
[4.294s] reading manifest file 'safety_node.egg-info/SOURCES.txt'
[4.295s] writing manifest file 'safety_node.egg-info/SOURCES.txt'
[4.337s] [ 50%] Built target ament_cmake_python_build_safety_node_egg
[13.082s] [100%] [32m[1mLinking CXX executable safety_node[0m
[13.721s] [100%] Built target safety_node
