[  2%] Built target local_planner_msgs__cpp
[ 12%] Built target local_planner_msgs__rosidl_generator_c
[ 12%] Built target ament_cmake_python_symlink_local_planner_msgs
[ 23%] Built target local_planner_msgs__rosidl_typesupport_fastrtps_cpp
[ 33%] Built target local_planner_msgs__rosidl_typesupport_cpp
[ 43%] Built target local_planner_msgs__rosidl_typesupport_introspection_cpp
[ 53%] Built target local_planner_msgs__rosidl_typesupport_introspection_c
[ 64%] Built target local_planner_msgs__rosidl_typesupport_fastrtps_c
[ 74%] Built target local_planner_msgs__rosidl_typesupport_c
[ 74%] Built target local_planner_msgs
[ 76%] Built target local_planner_msgs__py
[ 84%] Built target local_planner_msgs__rosidl_generator_py
running egg_info
writing local_planner_msgs.egg-info/PKG-INFO
writing dependency_links to local_planner_msgs.egg-info/dependency_links.txt
writing top-level names to local_planner_msgs.egg-info/top_level.txt
reading manifest file 'local_planner_msgs.egg-info/SOURCES.txt'
writing manifest file 'local_planner_msgs.egg-info/SOURCES.txt'
[ 89%] Built target local_planner_msgs__rosidl_typesupport_c__pyext
[ 94%] Built target local_planner_msgs__rosidl_typesupport_introspection_c__pyext
[100%] Built target local_planner_msgs__rosidl_typesupport_fastrtps_c__pyext
[100%] Built target ament_cmake_python_build_local_planner_msgs_egg
-- Install configuration: ""
-- Execute custom install script
-- Up-to-date symlink: /home/bentoaz/f1tenth_experimental_ws/install/local_planner_msgs/share/ament_index/resource_index/rosidl_interfaces/local_planner_msgs
-- Up-to-date symlink: /home/bentoaz/f1tenth_experimental_ws/install/local_planner_msgs/include/local_planner_msgs/local_planner_msgs/msg/detail/trajectory__functions.h
-- Up-to-date symlink: /home/bentoaz/f1tenth_experimental_ws/install/local_planner_msgs/include/local_planner_msgs/local_planner_msgs/msg/detail/trajectory__struct.h
-- Up-to-date symlink: /home/bentoaz/f1tenth_experimental_ws/install/local_planner_msgs/include/local_planner_msgs/local_planner_msgs/msg/detail/trajectory__type_support.h
-- Up-to-date symlink: /home/bentoaz/f1tenth_experimental_ws/install/local_planner_msgs/include/local_planner_msgs/local_planner_msgs/msg/detail/trajectory_list__functions.h
-- Up-to-date symlink: /home/bentoaz/f1tenth_experimental_ws/install/local_planner_msgs/include/local_planner_msgs/local_planner_msgs/msg/detail/trajectory_list__struct.h
-- Up-to-date symlink: /home/bentoaz/f1tenth_experimental_ws/install/local_planner_msgs/include/local_planner_msgs/local_planner_msgs/msg/detail/trajectory_list__type_support.h
-- Up-to-date symlink: /home/bentoaz/f1tenth_experimental_ws/install/local_planner_msgs/include/local_planner_msgs/local_planner_msgs/msg/rosidl_generator_c__visibility_control.h
-- Up-to-date symlink: /home/bentoaz/f1tenth_experimental_ws/install/local_planner_msgs/include/local_planner_msgs/local_planner_msgs/msg/trajectory.h
-- Up-to-date symlink: /home/bentoaz/f1tenth_experimental_ws/install/local_planner_msgs/include/local_planner_msgs/local_planner_msgs/msg/trajectory_list.h
-- Up-to-date symlink: /home/bentoaz/f1tenth_experimental_ws/install/local_planner_msgs/share/local_planner_msgs/environment/library_path.sh
-- Up-to-date symlink: /home/bentoaz/f1tenth_experimental_ws/install/local_planner_msgs/share/local_planner_msgs/environment/library_path.dsv
-- Up-to-date symlink: /home/bentoaz/f1tenth_experimental_ws/install/local_planner_msgs/include/local_planner_msgs/local_planner_msgs/msg/detail/trajectory__rosidl_typesupport_fastrtps_c.h
-- Up-to-date symlink: /home/bentoaz/f1tenth_experimental_ws/install/local_planner_msgs/include/local_planner_msgs/local_planner_msgs/msg/detail/trajectory_list__rosidl_typesupport_fastrtps_c.h
-- Up-to-date symlink: /home/bentoaz/f1tenth_experimental_ws/install/local_planner_msgs/include/local_planner_msgs/local_planner_msgs/msg/rosidl_typesupport_fastrtps_c__visibility_control.h
-- Up-to-date symlink: /home/bentoaz/f1tenth_experimental_ws/install/local_planner_msgs/include/local_planner_msgs/local_planner_msgs/msg/detail/trajectory__builder.hpp
-- Up-to-date symlink: /home/bentoaz/f1tenth_experimental_ws/install/local_planner_msgs/include/local_planner_msgs/local_planner_msgs/msg/detail/trajectory__struct.hpp
-- Up-to-date symlink: /home/bentoaz/f1tenth_experimental_ws/install/local_planner_msgs/include/local_planner_msgs/local_planner_msgs/msg/detail/trajectory__traits.hpp
-- Up-to-date symlink: /home/bentoaz/f1tenth_experimental_ws/install/local_planner_msgs/include/local_planner_msgs/local_planner_msgs/msg/detail/trajectory__type_support.hpp
-- Up-to-date symlink: /home/bentoaz/f1tenth_experimental_ws/install/local_planner_msgs/include/local_planner_msgs/local_planner_msgs/msg/detail/trajectory_list__builder.hpp
-- Up-to-date symlink: /home/bentoaz/f1tenth_experimental_ws/install/local_planner_msgs/include/local_planner_msgs/local_planner_msgs/msg/detail/trajectory_list__struct.hpp
-- Up-to-date symlink: /home/bentoaz/f1tenth_experimental_ws/install/local_planner_msgs/include/local_planner_msgs/local_planner_msgs/msg/detail/trajectory_list__traits.hpp
-- Up-to-date symlink: /home/bentoaz/f1tenth_experimental_ws/install/local_planner_msgs/include/local_planner_msgs/local_planner_msgs/msg/detail/trajectory_list__type_support.hpp
-- Up-to-date symlink: /home/bentoaz/f1tenth_experimental_ws/install/local_planner_msgs/include/local_planner_msgs/local_planner_msgs/msg/rosidl_generator_cpp__visibility_control.hpp
-- Up-to-date symlink: /home/bentoaz/f1tenth_experimental_ws/install/local_planner_msgs/include/local_planner_msgs/local_planner_msgs/msg/trajectory.hpp
-- Up-to-date symlink: /home/bentoaz/f1tenth_experimental_ws/install/local_planner_msgs/include/local_planner_msgs/local_planner_msgs/msg/trajectory_list.hpp
-- Up-to-date symlink: /home/bentoaz/f1tenth_experimental_ws/install/local_planner_msgs/include/local_planner_msgs/local_planner_msgs/msg/detail/trajectory__rosidl_typesupport_fastrtps_cpp.hpp
-- Up-to-date symlink: /home/bentoaz/f1tenth_experimental_ws/install/local_planner_msgs/include/local_planner_msgs/local_planner_msgs/msg/detail/trajectory_list__rosidl_typesupport_fastrtps_cpp.hpp
-- Up-to-date symlink: /home/bentoaz/f1tenth_experimental_ws/install/local_planner_msgs/include/local_planner_msgs/local_planner_msgs/msg/rosidl_typesupport_fastrtps_cpp__visibility_control.h
-- Up-to-date symlink: /home/bentoaz/f1tenth_experimental_ws/install/local_planner_msgs/include/local_planner_msgs/local_planner_msgs/msg/detail/trajectory__rosidl_typesupport_introspection_c.h
-- Up-to-date symlink: /home/bentoaz/f1tenth_experimental_ws/install/local_planner_msgs/include/local_planner_msgs/local_planner_msgs/msg/detail/trajectory_list__rosidl_typesupport_introspection_c.h
-- Up-to-date symlink: /home/bentoaz/f1tenth_experimental_ws/install/local_planner_msgs/include/local_planner_msgs/local_planner_msgs/msg/rosidl_typesupport_introspection_c__visibility_control.h
-- Up-to-date symlink: /home/bentoaz/f1tenth_experimental_ws/install/local_planner_msgs/include/local_planner_msgs/local_planner_msgs/msg/detail/trajectory__rosidl_typesupport_introspection_cpp.hpp
-- Up-to-date symlink: /home/bentoaz/f1tenth_experimental_ws/install/local_planner_msgs/include/local_planner_msgs/local_planner_msgs/msg/detail/trajectory_list__rosidl_typesupport_introspection_cpp.hpp
-- Up-to-date symlink: /home/bentoaz/f1tenth_experimental_ws/install/local_planner_msgs/share/local_planner_msgs/environment/pythonpath.sh
-- Up-to-date symlink: /home/bentoaz/f1tenth_experimental_ws/install/local_planner_msgs/share/local_planner_msgs/environment/pythonpath.dsv
-- Up-to-date symlink: /home/bentoaz/f1tenth_experimental_ws/install/local_planner_msgs/local/lib/python3.10/dist-packages/local_planner_msgs-0.0.0-py3.10.egg-info/PKG-INFO
-- Up-to-date symlink: /home/bentoaz/f1tenth_experimental_ws/install/local_planner_msgs/local/lib/python3.10/dist-packages/local_planner_msgs-0.0.0-py3.10.egg-info/SOURCES.txt
-- Up-to-date symlink: /home/bentoaz/f1tenth_experimental_ws/install/local_planner_msgs/local/lib/python3.10/dist-packages/local_planner_msgs-0.0.0-py3.10.egg-info/dependency_links.txt
-- Up-to-date symlink: /home/bentoaz/f1tenth_experimental_ws/install/local_planner_msgs/local/lib/python3.10/dist-packages/local_planner_msgs-0.0.0-py3.10.egg-info/top_level.txt
-- Up-to-date symlink: /home/bentoaz/f1tenth_experimental_ws/install/local_planner_msgs/local/lib/python3.10/dist-packages/local_planner_msgs/__init__.py
-- Up-to-date symlink: /home/bentoaz/f1tenth_experimental_ws/install/local_planner_msgs/local/lib/python3.10/dist-packages/local_planner_msgs/_local_planner_msgs_s.ep.rosidl_typesupport_c.c
-- Up-to-date symlink: /home/bentoaz/f1tenth_experimental_ws/install/local_planner_msgs/local/lib/python3.10/dist-packages/local_planner_msgs/_local_planner_msgs_s.ep.rosidl_typesupport_fastrtps_c.c
-- Up-to-date symlink: /home/bentoaz/f1tenth_experimental_ws/install/local_planner_msgs/local/lib/python3.10/dist-packages/local_planner_msgs/_local_planner_msgs_s.ep.rosidl_typesupport_introspection_c.c
-- Up-to-date symlink: /home/bentoaz/f1tenth_experimental_ws/install/local_planner_msgs/local/lib/python3.10/dist-packages/local_planner_msgs/liblocal_planner_msgs__rosidl_generator_py.so
-- Up-to-date symlink: /home/bentoaz/f1tenth_experimental_ws/install/local_planner_msgs/local/lib/python3.10/dist-packages/local_planner_msgs/local_planner_msgs_s__rosidl_typesupport_c.cpython-310-x86_64-linux-gnu.so
-- Up-to-date symlink: /home/bentoaz/f1tenth_experimental_ws/install/local_planner_msgs/local/lib/python3.10/dist-packages/local_planner_msgs/local_planner_msgs_s__rosidl_typesupport_fastrtps_c.cpython-310-x86_64-linux-gnu.so
-- Up-to-date symlink: /home/bentoaz/f1tenth_experimental_ws/install/local_planner_msgs/local/lib/python3.10/dist-packages/local_planner_msgs/local_planner_msgs_s__rosidl_typesupport_introspection_c.cpython-310-x86_64-linux-gnu.so
-- Up-to-date symlink: /home/bentoaz/f1tenth_experimental_ws/install/local_planner_msgs/local/lib/python3.10/dist-packages/local_planner_msgs/msg/__init__.py
-- Up-to-date symlink: /home/bentoaz/f1tenth_experimental_ws/install/local_planner_msgs/local/lib/python3.10/dist-packages/local_planner_msgs/msg/_trajectory.py
-- Up-to-date symlink: /home/bentoaz/f1tenth_experimental_ws/install/local_planner_msgs/local/lib/python3.10/dist-packages/local_planner_msgs/msg/_trajectory_list.py
-- Up-to-date symlink: /home/bentoaz/f1tenth_experimental_ws/install/local_planner_msgs/local/lib/python3.10/dist-packages/local_planner_msgs/msg/_trajectory_list_s.c
-- Up-to-date symlink: /home/bentoaz/f1tenth_experimental_ws/install/local_planner_msgs/local/lib/python3.10/dist-packages/local_planner_msgs/msg/_trajectory_s.c
-- Up-to-date symlink: /home/bentoaz/f1tenth_experimental_ws/install/local_planner_msgs/local/lib/python3.10/dist-packages/local_planner_msgs/local_planner_msgs_s__rosidl_typesupport_fastrtps_c.cpython-310-x86_64-linux-gnu.so
-- Up-to-date symlink: /home/bentoaz/f1tenth_experimental_ws/install/local_planner_msgs/local/lib/python3.10/dist-packages/local_planner_msgs/local_planner_msgs_s__rosidl_typesupport_introspection_c.cpython-310-x86_64-linux-gnu.so
-- Up-to-date symlink: /home/bentoaz/f1tenth_experimental_ws/install/local_planner_msgs/local/lib/python3.10/dist-packages/local_planner_msgs/local_planner_msgs_s__rosidl_typesupport_c.cpython-310-x86_64-linux-gnu.so
-- Up-to-date symlink: /home/bentoaz/f1tenth_experimental_ws/install/local_planner_msgs/share/local_planner_msgs/msg/TrajectoryList.idl
-- Up-to-date symlink: /home/bentoaz/f1tenth_experimental_ws/install/local_planner_msgs/share/local_planner_msgs/msg/Trajectory.idl
-- Up-to-date symlink: /home/bentoaz/f1tenth_experimental_ws/install/local_planner_msgs/share/local_planner_msgs/msg/TrajectoryList.msg
-- Up-to-date symlink: /home/bentoaz/f1tenth_experimental_ws/install/local_planner_msgs/share/local_planner_msgs/msg/Trajectory.msg
-- Up-to-date symlink: /home/bentoaz/f1tenth_experimental_ws/install/local_planner_msgs/share/ament_index/resource_index/package_run_dependencies/local_planner_msgs
-- Up-to-date symlink: /home/bentoaz/f1tenth_experimental_ws/install/local_planner_msgs/share/ament_index/resource_index/parent_prefix_path/local_planner_msgs
-- Up-to-date symlink: /home/bentoaz/f1tenth_experimental_ws/install/local_planner_msgs/share/local_planner_msgs/environment/ament_prefix_path.sh
-- Up-to-date symlink: /home/bentoaz/f1tenth_experimental_ws/install/local_planner_msgs/share/local_planner_msgs/environment/ament_prefix_path.dsv
-- Up-to-date symlink: /home/bentoaz/f1tenth_experimental_ws/install/local_planner_msgs/share/local_planner_msgs/environment/path.sh
-- Up-to-date symlink: /home/bentoaz/f1tenth_experimental_ws/install/local_planner_msgs/share/local_planner_msgs/environment/path.dsv
-- Up-to-date symlink: /home/bentoaz/f1tenth_experimental_ws/install/local_planner_msgs/share/local_planner_msgs/local_setup.bash
-- Up-to-date symlink: /home/bentoaz/f1tenth_experimental_ws/install/local_planner_msgs/share/local_planner_msgs/local_setup.sh
-- Up-to-date symlink: /home/bentoaz/f1tenth_experimental_ws/install/local_planner_msgs/share/local_planner_msgs/local_setup.zsh
-- Up-to-date symlink: /home/bentoaz/f1tenth_experimental_ws/install/local_planner_msgs/share/local_planner_msgs/local_setup.dsv
-- Symlinking: /home/bentoaz/f1tenth_experimental_ws/install/local_planner_msgs/share/local_planner_msgs/package.dsv
-- Up-to-date symlink: /home/bentoaz/f1tenth_experimental_ws/install/local_planner_msgs/share/ament_index/resource_index/packages/local_planner_msgs
-- Up-to-date symlink: /home/bentoaz/f1tenth_experimental_ws/install/local_planner_msgs/share/local_planner_msgs/cmake/rosidl_cmake-extras.cmake
-- Up-to-date symlink: /home/bentoaz/f1tenth_experimental_ws/install/local_planner_msgs/share/local_planner_msgs/cmake/ament_cmake_export_dependencies-extras.cmake
-- Up-to-date symlink: /home/bentoaz/f1tenth_experimental_ws/install/local_planner_msgs/share/local_planner_msgs/cmake/ament_cmake_export_include_directories-extras.cmake
-- Up-to-date symlink: /home/bentoaz/f1tenth_experimental_ws/install/local_planner_msgs/share/local_planner_msgs/cmake/ament_cmake_export_libraries-extras.cmake
-- Up-to-date symlink: /home/bentoaz/f1tenth_experimental_ws/install/local_planner_msgs/share/local_planner_msgs/cmake/ament_cmake_export_targets-extras.cmake
-- Up-to-date symlink: /home/bentoaz/f1tenth_experimental_ws/install/local_planner_msgs/share/local_planner_msgs/cmake/rosidl_cmake_export_typesupport_targets-extras.cmake
-- Up-to-date symlink: /home/bentoaz/f1tenth_experimental_ws/install/local_planner_msgs/share/local_planner_msgs/cmake/rosidl_cmake_export_typesupport_libraries-extras.cmake
-- Up-to-date symlink: /home/bentoaz/f1tenth_experimental_ws/install/local_planner_msgs/share/local_planner_msgs/cmake/local_planner_msgsConfig.cmake
-- Up-to-date symlink: /home/bentoaz/f1tenth_experimental_ws/install/local_planner_msgs/share/local_planner_msgs/cmake/local_planner_msgsConfig-version.cmake
-- Up-to-date symlink: /home/bentoaz/f1tenth_experimental_ws/install/local_planner_msgs/share/local_planner_msgs/package.xml
-- Up-to-date: /home/bentoaz/f1tenth_experimental_ws/install/local_planner_msgs/lib/liblocal_planner_msgs__rosidl_generator_c.so
-- Up-to-date: /home/bentoaz/f1tenth_experimental_ws/install/local_planner_msgs/lib/liblocal_planner_msgs__rosidl_typesupport_fastrtps_c.so
-- Up-to-date: /home/bentoaz/f1tenth_experimental_ws/install/local_planner_msgs/lib/liblocal_planner_msgs__rosidl_typesupport_fastrtps_cpp.so
-- Up-to-date: /home/bentoaz/f1tenth_experimental_ws/install/local_planner_msgs/lib/liblocal_planner_msgs__rosidl_typesupport_introspection_c.so
-- Up-to-date: /home/bentoaz/f1tenth_experimental_ws/install/local_planner_msgs/lib/liblocal_planner_msgs__rosidl_typesupport_c.so
-- Up-to-date: /home/bentoaz/f1tenth_experimental_ws/install/local_planner_msgs/lib/liblocal_planner_msgs__rosidl_typesupport_introspection_cpp.so
-- Up-to-date: /home/bentoaz/f1tenth_experimental_ws/install/local_planner_msgs/lib/liblocal_planner_msgs__rosidl_typesupport_cpp.so
Listing '/home/bentoaz/f1tenth_experimental_ws/install/local_planner_msgs/local/lib/python3.10/dist-packages/local_planner_msgs'...
Listing '/home/bentoaz/f1tenth_experimental_ws/install/local_planner_msgs/local/lib/python3.10/dist-packages/local_planner_msgs/msg'...
-- Up-to-date: /home/bentoaz/f1tenth_experimental_ws/install/local_planner_msgs/lib/liblocal_planner_msgs__rosidl_generator_py.so
-- Up-to-date: /home/bentoaz/f1tenth_experimental_ws/install/local_planner_msgs/share/local_planner_msgs/cmake/export_local_planner_msgs__rosidl_generator_cExport.cmake
-- Up-to-date: /home/bentoaz/f1tenth_experimental_ws/install/local_planner_msgs/share/local_planner_msgs/cmake/export_local_planner_msgs__rosidl_generator_cExport-noconfig.cmake
-- Up-to-date: /home/bentoaz/f1tenth_experimental_ws/install/local_planner_msgs/share/local_planner_msgs/cmake/export_local_planner_msgs__rosidl_typesupport_fastrtps_cExport.cmake
-- Up-to-date: /home/bentoaz/f1tenth_experimental_ws/install/local_planner_msgs/share/local_planner_msgs/cmake/export_local_planner_msgs__rosidl_typesupport_fastrtps_cExport-noconfig.cmake
-- Up-to-date: /home/bentoaz/f1tenth_experimental_ws/install/local_planner_msgs/share/local_planner_msgs/cmake/export_local_planner_msgs__rosidl_generator_cppExport.cmake
-- Up-to-date: /home/bentoaz/f1tenth_experimental_ws/install/local_planner_msgs/share/local_planner_msgs/cmake/export_local_planner_msgs__rosidl_typesupport_fastrtps_cppExport.cmake
-- Up-to-date: /home/bentoaz/f1tenth_experimental_ws/install/local_planner_msgs/share/local_planner_msgs/cmake/export_local_planner_msgs__rosidl_typesupport_fastrtps_cppExport-noconfig.cmake
-- Up-to-date: /home/bentoaz/f1tenth_experimental_ws/install/local_planner_msgs/share/local_planner_msgs/cmake/local_planner_msgs__rosidl_typesupport_introspection_cExport.cmake
-- Up-to-date: /home/bentoaz/f1tenth_experimental_ws/install/local_planner_msgs/share/local_planner_msgs/cmake/local_planner_msgs__rosidl_typesupport_introspection_cExport-noconfig.cmake
-- Up-to-date: /home/bentoaz/f1tenth_experimental_ws/install/local_planner_msgs/share/local_planner_msgs/cmake/local_planner_msgs__rosidl_typesupport_cExport.cmake
-- Up-to-date: /home/bentoaz/f1tenth_experimental_ws/install/local_planner_msgs/share/local_planner_msgs/cmake/local_planner_msgs__rosidl_typesupport_cExport-noconfig.cmake
-- Up-to-date: /home/bentoaz/f1tenth_experimental_ws/install/local_planner_msgs/share/local_planner_msgs/cmake/local_planner_msgs__rosidl_typesupport_introspection_cppExport.cmake
-- Up-to-date: /home/bentoaz/f1tenth_experimental_ws/install/local_planner_msgs/share/local_planner_msgs/cmake/local_planner_msgs__rosidl_typesupport_introspection_cppExport-noconfig.cmake
-- Up-to-date: /home/bentoaz/f1tenth_experimental_ws/install/local_planner_msgs/share/local_planner_msgs/cmake/local_planner_msgs__rosidl_typesupport_cppExport.cmake
-- Up-to-date: /home/bentoaz/f1tenth_experimental_ws/install/local_planner_msgs/share/local_planner_msgs/cmake/local_planner_msgs__rosidl_typesupport_cppExport-noconfig.cmake
-- Up-to-date: /home/bentoaz/f1tenth_experimental_ws/install/local_planner_msgs/share/local_planner_msgs/cmake/export_local_planner_msgs__rosidl_generator_pyExport.cmake
-- Up-to-date: /home/bentoaz/f1tenth_experimental_ws/install/local_planner_msgs/share/local_planner_msgs/cmake/export_local_planner_msgs__rosidl_generator_pyExport-noconfig.cmake
