-- Found ament_cmake: 1.3.11 (/opt/ros/humble/share/ament_cmake/cmake)
-- Override CMake install command with custom implementation using symlinks instead of copying resources
-- Found ament_lint_auto: 0.12.12 (/opt/ros/humble/share/ament_lint_auto/cmake)
-- Found std_msgs: 4.8.0 (/opt/ros/humble/share/std_msgs/cmake)
-- Found rosidl_generator_c: 3.1.6 (/opt/ros/humble/share/rosidl_generator_c/cmake)
-- Found rosidl_adapter: 3.1.6 (/opt/ros/humble/share/rosidl_adapter/cmake)
-- Found rosidl_generator_cpp: 3.1.6 (/opt/ros/humble/share/rosidl_generator_cpp/cmake)
-- Using all available rosidl_typesupport_c: rosidl_typesupport_fastrtps_c;rosidl_typesupport_introspection_c
-- Using all available rosidl_typesupport_cpp: rosidl_typesupport_fastrtps_cpp;rosidl_typesupport_introspection_cpp
-- Found nav_msgs: 4.8.0 (/opt/ros/humble/share/nav_msgs/cmake)
-- Found rosidl_default_generators: 1.2.0 (/opt/ros/humble/share/rosidl_default_generators/cmake)
-- Found ament_cmake_ros: 0.10.0 (/opt/ros/humble/share/ament_cmake_ros/cmake)
-- Using all available rosidl_typesupport_c: rosidl_typesupport_fastrtps_c;rosidl_typesupport_introspection_c
-- Using all available rosidl_typesupport_cpp: rosidl_typesupport_fastrtps_cpp;rosidl_typesupport_introspection_cpp
-- Found python_cmake_module: 0.10.0 (/opt/ros/humble/share/python_cmake_module/cmake)
-- Using PYTHON_EXECUTABLE: /usr/bin/python3
-- Using PYTHON_INCLUDE_DIRS: /usr/include/python3.10
-- Using PYTHON_LIBRARIES: /usr/lib/x86_64-linux-gnu/libpython3.10.so
-- Added test 'lint_cmake' to check CMake code style
-- Added test 'xmllint' to check XML markup files
-- Configuring done
-- Generating done
-- Build files have been written to: /home/bentoaz/NSF_IRES_2025_Codebase/control/build/traj_planning_msg
[  2%] [34m[1mGenerating C code for ROS interfaces[0m
[  5%] [34m[1mGenerating C++ code for ROS interfaces[0m
[  5%] Built target ament_cmake_python_symlink_traj_planning_msg
[35m[1mConsolidate compiler generated dependencies of target traj_planning_msg__rosidl_generator_c[0m
[  5%] Built target traj_planning_msg__cpp
[  7%] [32mBuilding C object CMakeFiles/traj_planning_msg__rosidl_generator_c.dir/rosidl_generator_c/traj_planning_msg/msg/detail/trajectory_list__functions.c.o[0m
[ 10%] [32mBuilding C object CMakeFiles/traj_planning_msg__rosidl_generator_c.dir/rosidl_generator_c/traj_planning_msg/msg/detail/trajectory__functions.c.o[0m
running egg_info
writing traj_planning_msg.egg-info/PKG-INFO
writing dependency_links to traj_planning_msg.egg-info/dependency_links.txt
writing top-level names to traj_planning_msg.egg-info/top_level.txt
[ 12%] [34m[1mGenerating C++ introspection for ROS interfaces[0m
[ 15%] [34m[1mGenerating C++ type support dispatch for ROS interfaces[0m
reading manifest file 'traj_planning_msg.egg-info/SOURCES.txt'
writing manifest file 'traj_planning_msg.egg-info/SOURCES.txt'
[ 17%] [34m[1mGenerating C++ type support for eProsima Fast-RTPS[0m
[ 17%] Built target ament_cmake_python_build_traj_planning_msg_egg
[ 20%] [32m[1mLinking C shared library libtraj_planning_msg__rosidl_generator_c.so[0m
[ 20%] Built target traj_planning_msg__rosidl_generator_c
[ 23%] [34m[1mGenerating C type support dispatch for ROS interfaces[0m
[ 25%] [34m[1mGenerating C type support for eProsima Fast-RTPS[0m
[ 28%] [34m[1mGenerating C introspection for ROS interfaces[0m
[35m[1mConsolidate compiler generated dependencies of target traj_planning_msg__rosidl_typesupport_cpp[0m
[35m[1mConsolidate compiler generated dependencies of target traj_planning_msg__rosidl_typesupport_introspection_cpp[0m
[35m[1mConsolidate compiler generated dependencies of target traj_planning_msg__rosidl_typesupport_fastrtps_cpp[0m
[ 33%] [32mBuilding CXX object CMakeFiles/traj_planning_msg__rosidl_typesupport_cpp.dir/rosidl_typesupport_cpp/traj_planning_msg/msg/trajectory_list__type_support.cpp.o[0m
[ 33%] [32mBuilding CXX object CMakeFiles/traj_planning_msg__rosidl_typesupport_introspection_cpp.dir/rosidl_typesupport_introspection_cpp/traj_planning_msg/msg/detail/trajectory_list__type_support.cpp.o[0m
[ 35%] [32mBuilding CXX object CMakeFiles/traj_planning_msg__rosidl_typesupport_cpp.dir/rosidl_typesupport_cpp/traj_planning_msg/msg/trajectory__type_support.cpp.o[0m
[ 38%] [32mBuilding CXX object CMakeFiles/traj_planning_msg__rosidl_typesupport_fastrtps_cpp.dir/rosidl_typesupport_fastrtps_cpp/traj_planning_msg/msg/detail/dds_fastrtps/trajectory_list__type_support.cpp.o[0m
[ 41%] [32mBuilding CXX object CMakeFiles/traj_planning_msg__rosidl_typesupport_introspection_cpp.dir/rosidl_typesupport_introspection_cpp/traj_planning_msg/msg/detail/trajectory__type_support.cpp.o[0m
[ 43%] [32mBuilding CXX object CMakeFiles/traj_planning_msg__rosidl_typesupport_fastrtps_cpp.dir/rosidl_typesupport_fastrtps_cpp/traj_planning_msg/msg/detail/dds_fastrtps/trajectory__type_support.cpp.o[0m
[35m[1mConsolidate compiler generated dependencies of target traj_planning_msg__rosidl_typesupport_c[0m
[35m[1mConsolidate compiler generated dependencies of target traj_planning_msg__rosidl_typesupport_introspection_c[0m
[ 46%] [32mBuilding CXX object CMakeFiles/traj_planning_msg__rosidl_typesupport_c.dir/rosidl_typesupport_c/traj_planning_msg/msg/trajectory__type_support.cpp.o[0m
[ 48%] [32mBuilding CXX object CMakeFiles/traj_planning_msg__rosidl_typesupport_c.dir/rosidl_typesupport_c/traj_planning_msg/msg/trajectory_list__type_support.cpp.o[0m
[35m[1mConsolidate compiler generated dependencies of target traj_planning_msg__rosidl_typesupport_fastrtps_c[0m
[ 51%] [32mBuilding C object CMakeFiles/traj_planning_msg__rosidl_typesupport_introspection_c.dir/rosidl_typesupport_introspection_c/traj_planning_msg/msg/detail/trajectory__type_support.c.o[0m
[ 53%] [32mBuilding C object CMakeFiles/traj_planning_msg__rosidl_typesupport_introspection_c.dir/rosidl_typesupport_introspection_c/traj_planning_msg/msg/detail/trajectory_list__type_support.c.o[0m
[ 56%] [32mBuilding CXX object CMakeFiles/traj_planning_msg__rosidl_typesupport_fastrtps_c.dir/rosidl_typesupport_fastrtps_c/traj_planning_msg/msg/detail/trajectory__type_support_c.cpp.o[0m
[ 58%] [32mBuilding CXX object CMakeFiles/traj_planning_msg__rosidl_typesupport_fastrtps_c.dir/rosidl_typesupport_fastrtps_c/traj_planning_msg/msg/detail/trajectory_list__type_support_c.cpp.o[0m
[ 61%] [32m[1mLinking CXX shared library libtraj_planning_msg__rosidl_typesupport_c.so[0m
[ 64%] [32m[1mLinking CXX shared library libtraj_planning_msg__rosidl_typesupport_cpp.so[0m
[ 66%] [32m[1mLinking C shared library libtraj_planning_msg__rosidl_typesupport_introspection_c.so[0m
[ 66%] Built target traj_planning_msg__rosidl_typesupport_c
[ 66%] Built target traj_planning_msg__rosidl_typesupport_cpp
[ 66%] Built target traj_planning_msg__rosidl_typesupport_introspection_c
[ 69%] [32m[1mLinking CXX shared library libtraj_planning_msg__rosidl_typesupport_fastrtps_cpp.so[0m
[ 71%] [32m[1mLinking CXX shared library libtraj_planning_msg__rosidl_typesupport_introspection_cpp.so[0m
[ 71%] Built target traj_planning_msg__rosidl_typesupport_fastrtps_cpp
[ 74%] [32m[1mLinking CXX shared library libtraj_planning_msg__rosidl_typesupport_fastrtps_c.so[0m
[ 74%] Built target traj_planning_msg__rosidl_typesupport_introspection_cpp
[ 74%] Built target traj_planning_msg__rosidl_typesupport_fastrtps_c
[ 74%] Built target traj_planning_msg
[ 76%] [34m[1mGenerating Python code for ROS interfaces[0m
[ 76%] Built target traj_planning_msg__py
[35m[1mConsolidate compiler generated dependencies of target traj_planning_msg__rosidl_generator_py[0m
[ 79%] [32mBuilding C object CMakeFiles/traj_planning_msg__rosidl_generator_py.dir/rosidl_generator_py/traj_planning_msg/msg/_trajectory_s.c.o[0m
[ 82%] [32mBuilding C object CMakeFiles/traj_planning_msg__rosidl_generator_py.dir/rosidl_generator_py/traj_planning_msg/msg/_trajectory_list_s.c.o[0m
[ 84%] [32m[1mLinking C shared library rosidl_generator_py/traj_planning_msg/libtraj_planning_msg__rosidl_generator_py.so[0m
[ 84%] Built target traj_planning_msg__rosidl_generator_py
[35m[1mConsolidate compiler generated dependencies of target traj_planning_msg__rosidl_typesupport_fastrtps_c__pyext[0m
[35m[1mConsolidate compiler generated dependencies of target traj_planning_msg__rosidl_typesupport_introspection_c__pyext[0m
[35m[1mConsolidate compiler generated dependencies of target traj_planning_msg__rosidl_typesupport_c__pyext[0m
[ 87%] [32mBuilding C object CMakeFiles/traj_planning_msg__rosidl_typesupport_fastrtps_c__pyext.dir/rosidl_generator_py/traj_planning_msg/_traj_planning_msg_s.ep.rosidl_typesupport_fastrtps_c.c.o[0m
[ 89%] [32mBuilding C object CMakeFiles/traj_planning_msg__rosidl_typesupport_introspection_c__pyext.dir/rosidl_generator_py/traj_planning_msg/_traj_planning_msg_s.ep.rosidl_typesupport_introspection_c.c.o[0m
[ 92%] [32mBuilding C object CMakeFiles/traj_planning_msg__rosidl_typesupport_c__pyext.dir/rosidl_generator_py/traj_planning_msg/_traj_planning_msg_s.ep.rosidl_typesupport_c.c.o[0m
[ 94%] [32m[1mLinking C shared library rosidl_generator_py/traj_planning_msg/traj_planning_msg_s__rosidl_typesupport_introspection_c.cpython-310-x86_64-linux-gnu.so[0m
[ 97%] [32m[1mLinking C shared library rosidl_generator_py/traj_planning_msg/traj_planning_msg_s__rosidl_typesupport_c.cpython-310-x86_64-linux-gnu.so[0m
[100%] [32m[1mLinking C shared library rosidl_generator_py/traj_planning_msg/traj_planning_msg_s__rosidl_typesupport_fastrtps_c.cpython-310-x86_64-linux-gnu.so[0m
[100%] Built target traj_planning_msg__rosidl_typesupport_c__pyext
[100%] Built target traj_planning_msg__rosidl_typesupport_fastrtps_c__pyext
[100%] Built target traj_planning_msg__rosidl_typesupport_introspection_c__pyext
-- Install configuration: ""
-- Execute custom install script
-- Up-to-date symlink: /home/bentoaz/NSF_IRES_2025_Codebase/control/install/traj_planning_msg/share/ament_index/resource_index/rosidl_interfaces/traj_planning_msg
-- Up-to-date symlink: /home/bentoaz/NSF_IRES_2025_Codebase/control/install/traj_planning_msg/include/traj_planning_msg/traj_planning_msg/msg/detail/path_list__functions.h
-- Up-to-date symlink: /home/bentoaz/NSF_IRES_2025_Codebase/control/install/traj_planning_msg/include/traj_planning_msg/traj_planning_msg/msg/detail/path_list__struct.h
-- Up-to-date symlink: /home/bentoaz/NSF_IRES_2025_Codebase/control/install/traj_planning_msg/include/traj_planning_msg/traj_planning_msg/msg/detail/path_list__type_support.h
-- Up-to-date symlink: /home/bentoaz/NSF_IRES_2025_Codebase/control/install/traj_planning_msg/include/traj_planning_msg/traj_planning_msg/msg/detail/speed_path__functions.h
-- Up-to-date symlink: /home/bentoaz/NSF_IRES_2025_Codebase/control/install/traj_planning_msg/include/traj_planning_msg/traj_planning_msg/msg/detail/speed_path__struct.h
-- Up-to-date symlink: /home/bentoaz/NSF_IRES_2025_Codebase/control/install/traj_planning_msg/include/traj_planning_msg/traj_planning_msg/msg/detail/speed_path__type_support.h
-- Up-to-date symlink: /home/bentoaz/NSF_IRES_2025_Codebase/control/install/traj_planning_msg/include/traj_planning_msg/traj_planning_msg/msg/detail/trajectory__functions.h
-- Up-to-date symlink: /home/bentoaz/NSF_IRES_2025_Codebase/control/install/traj_planning_msg/include/traj_planning_msg/traj_planning_msg/msg/detail/trajectory__struct.h
-- Up-to-date symlink: /home/bentoaz/NSF_IRES_2025_Codebase/control/install/traj_planning_msg/include/traj_planning_msg/traj_planning_msg/msg/detail/trajectory__type_support.h
-- Up-to-date symlink: /home/bentoaz/NSF_IRES_2025_Codebase/control/install/traj_planning_msg/include/traj_planning_msg/traj_planning_msg/msg/detail/trajectory_list__functions.h
-- Up-to-date symlink: /home/bentoaz/NSF_IRES_2025_Codebase/control/install/traj_planning_msg/include/traj_planning_msg/traj_planning_msg/msg/detail/trajectory_list__struct.h
-- Up-to-date symlink: /home/bentoaz/NSF_IRES_2025_Codebase/control/install/traj_planning_msg/include/traj_planning_msg/traj_planning_msg/msg/detail/trajectory_list__type_support.h
-- Up-to-date symlink: /home/bentoaz/NSF_IRES_2025_Codebase/control/install/traj_planning_msg/include/traj_planning_msg/traj_planning_msg/msg/path_list.h
-- Up-to-date symlink: /home/bentoaz/NSF_IRES_2025_Codebase/control/install/traj_planning_msg/include/traj_planning_msg/traj_planning_msg/msg/rosidl_generator_c__visibility_control.h
-- Up-to-date symlink: /home/bentoaz/NSF_IRES_2025_Codebase/control/install/traj_planning_msg/include/traj_planning_msg/traj_planning_msg/msg/speed_path.h
-- Up-to-date symlink: /home/bentoaz/NSF_IRES_2025_Codebase/control/install/traj_planning_msg/include/traj_planning_msg/traj_planning_msg/msg/trajectory.h
-- Up-to-date symlink: /home/bentoaz/NSF_IRES_2025_Codebase/control/install/traj_planning_msg/include/traj_planning_msg/traj_planning_msg/msg/trajectory_list.h
-- Up-to-date symlink: /home/bentoaz/NSF_IRES_2025_Codebase/control/install/traj_planning_msg/share/traj_planning_msg/environment/library_path.sh
-- Up-to-date symlink: /home/bentoaz/NSF_IRES_2025_Codebase/control/install/traj_planning_msg/share/traj_planning_msg/environment/library_path.dsv
-- Up-to-date symlink: /home/bentoaz/NSF_IRES_2025_Codebase/control/install/traj_planning_msg/include/traj_planning_msg/traj_planning_msg/msg/detail/path_list__rosidl_typesupport_fastrtps_c.h
-- Up-to-date symlink: /home/bentoaz/NSF_IRES_2025_Codebase/control/install/traj_planning_msg/include/traj_planning_msg/traj_planning_msg/msg/detail/speed_path__rosidl_typesupport_fastrtps_c.h
-- Up-to-date symlink: /home/bentoaz/NSF_IRES_2025_Codebase/control/install/traj_planning_msg/include/traj_planning_msg/traj_planning_msg/msg/detail/trajectory__rosidl_typesupport_fastrtps_c.h
-- Up-to-date symlink: /home/bentoaz/NSF_IRES_2025_Codebase/control/install/traj_planning_msg/include/traj_planning_msg/traj_planning_msg/msg/detail/trajectory_list__rosidl_typesupport_fastrtps_c.h
-- Up-to-date symlink: /home/bentoaz/NSF_IRES_2025_Codebase/control/install/traj_planning_msg/include/traj_planning_msg/traj_planning_msg/msg/rosidl_typesupport_fastrtps_c__visibility_control.h
-- Up-to-date symlink: /home/bentoaz/NSF_IRES_2025_Codebase/control/install/traj_planning_msg/include/traj_planning_msg/traj_planning_msg/msg/detail/path_list__builder.hpp
-- Up-to-date symlink: /home/bentoaz/NSF_IRES_2025_Codebase/control/install/traj_planning_msg/include/traj_planning_msg/traj_planning_msg/msg/detail/path_list__struct.hpp
-- Up-to-date symlink: /home/bentoaz/NSF_IRES_2025_Codebase/control/install/traj_planning_msg/include/traj_planning_msg/traj_planning_msg/msg/detail/path_list__traits.hpp
-- Up-to-date symlink: /home/bentoaz/NSF_IRES_2025_Codebase/control/install/traj_planning_msg/include/traj_planning_msg/traj_planning_msg/msg/detail/path_list__type_support.hpp
-- Up-to-date symlink: /home/bentoaz/NSF_IRES_2025_Codebase/control/install/traj_planning_msg/include/traj_planning_msg/traj_planning_msg/msg/detail/speed_path__builder.hpp
-- Up-to-date symlink: /home/bentoaz/NSF_IRES_2025_Codebase/control/install/traj_planning_msg/include/traj_planning_msg/traj_planning_msg/msg/detail/speed_path__struct.hpp
-- Up-to-date symlink: /home/bentoaz/NSF_IRES_2025_Codebase/control/install/traj_planning_msg/include/traj_planning_msg/traj_planning_msg/msg/detail/speed_path__traits.hpp
-- Up-to-date symlink: /home/bentoaz/NSF_IRES_2025_Codebase/control/install/traj_planning_msg/include/traj_planning_msg/traj_planning_msg/msg/detail/speed_path__type_support.hpp
-- Up-to-date symlink: /home/bentoaz/NSF_IRES_2025_Codebase/control/install/traj_planning_msg/include/traj_planning_msg/traj_planning_msg/msg/detail/trajectory__builder.hpp
-- Up-to-date symlink: /home/bentoaz/NSF_IRES_2025_Codebase/control/install/traj_planning_msg/include/traj_planning_msg/traj_planning_msg/msg/detail/trajectory__struct.hpp
-- Up-to-date symlink: /home/bentoaz/NSF_IRES_2025_Codebase/control/install/traj_planning_msg/include/traj_planning_msg/traj_planning_msg/msg/detail/trajectory__traits.hpp
-- Up-to-date symlink: /home/bentoaz/NSF_IRES_2025_Codebase/control/install/traj_planning_msg/include/traj_planning_msg/traj_planning_msg/msg/detail/trajectory__type_support.hpp
-- Up-to-date symlink: /home/bentoaz/NSF_IRES_2025_Codebase/control/install/traj_planning_msg/include/traj_planning_msg/traj_planning_msg/msg/detail/trajectory_list__builder.hpp
-- Up-to-date symlink: /home/bentoaz/NSF_IRES_2025_Codebase/control/install/traj_planning_msg/include/traj_planning_msg/traj_planning_msg/msg/detail/trajectory_list__struct.hpp
-- Up-to-date symlink: /home/bentoaz/NSF_IRES_2025_Codebase/control/install/traj_planning_msg/include/traj_planning_msg/traj_planning_msg/msg/detail/trajectory_list__traits.hpp
-- Up-to-date symlink: /home/bentoaz/NSF_IRES_2025_Codebase/control/install/traj_planning_msg/include/traj_planning_msg/traj_planning_msg/msg/detail/trajectory_list__type_support.hpp
-- Up-to-date symlink: /home/bentoaz/NSF_IRES_2025_Codebase/control/install/traj_planning_msg/include/traj_planning_msg/traj_planning_msg/msg/path_list.hpp
-- Up-to-date symlink: /home/bentoaz/NSF_IRES_2025_Codebase/control/install/traj_planning_msg/include/traj_planning_msg/traj_planning_msg/msg/rosidl_generator_cpp__visibility_control.hpp
-- Up-to-date symlink: /home/bentoaz/NSF_IRES_2025_Codebase/control/install/traj_planning_msg/include/traj_planning_msg/traj_planning_msg/msg/speed_path.hpp
-- Up-to-date symlink: /home/bentoaz/NSF_IRES_2025_Codebase/control/install/traj_planning_msg/include/traj_planning_msg/traj_planning_msg/msg/trajectory.hpp
-- Up-to-date symlink: /home/bentoaz/NSF_IRES_2025_Codebase/control/install/traj_planning_msg/include/traj_planning_msg/traj_planning_msg/msg/trajectory_list.hpp
-- Up-to-date symlink: /home/bentoaz/NSF_IRES_2025_Codebase/control/install/traj_planning_msg/include/traj_planning_msg/traj_planning_msg/msg/detail/path_list__rosidl_typesupport_fastrtps_cpp.hpp
-- Up-to-date symlink: /home/bentoaz/NSF_IRES_2025_Codebase/control/install/traj_planning_msg/include/traj_planning_msg/traj_planning_msg/msg/detail/speed_path__rosidl_typesupport_fastrtps_cpp.hpp
-- Up-to-date symlink: /home/bentoaz/NSF_IRES_2025_Codebase/control/install/traj_planning_msg/include/traj_planning_msg/traj_planning_msg/msg/detail/trajectory__rosidl_typesupport_fastrtps_cpp.hpp
-- Up-to-date symlink: /home/bentoaz/NSF_IRES_2025_Codebase/control/install/traj_planning_msg/include/traj_planning_msg/traj_planning_msg/msg/detail/trajectory_list__rosidl_typesupport_fastrtps_cpp.hpp
-- Up-to-date symlink: /home/bentoaz/NSF_IRES_2025_Codebase/control/install/traj_planning_msg/include/traj_planning_msg/traj_planning_msg/msg/rosidl_typesupport_fastrtps_cpp__visibility_control.h
-- Up-to-date symlink: /home/bentoaz/NSF_IRES_2025_Codebase/control/install/traj_planning_msg/include/traj_planning_msg/traj_planning_msg/msg/detail/path_list__rosidl_typesupport_introspection_c.h
-- Up-to-date symlink: /home/bentoaz/NSF_IRES_2025_Codebase/control/install/traj_planning_msg/include/traj_planning_msg/traj_planning_msg/msg/detail/speed_path__rosidl_typesupport_introspection_c.h
-- Up-to-date symlink: /home/bentoaz/NSF_IRES_2025_Codebase/control/install/traj_planning_msg/include/traj_planning_msg/traj_planning_msg/msg/detail/trajectory__rosidl_typesupport_introspection_c.h
-- Up-to-date symlink: /home/bentoaz/NSF_IRES_2025_Codebase/control/install/traj_planning_msg/include/traj_planning_msg/traj_planning_msg/msg/detail/trajectory_list__rosidl_typesupport_introspection_c.h
-- Up-to-date symlink: /home/bentoaz/NSF_IRES_2025_Codebase/control/install/traj_planning_msg/include/traj_planning_msg/traj_planning_msg/msg/rosidl_typesupport_introspection_c__visibility_control.h
-- Up-to-date symlink: /home/bentoaz/NSF_IRES_2025_Codebase/control/install/traj_planning_msg/include/traj_planning_msg/traj_planning_msg/msg/detail/path_list__rosidl_typesupport_introspection_cpp.hpp
-- Up-to-date symlink: /home/bentoaz/NSF_IRES_2025_Codebase/control/install/traj_planning_msg/include/traj_planning_msg/traj_planning_msg/msg/detail/speed_path__rosidl_typesupport_introspection_cpp.hpp
-- Up-to-date symlink: /home/bentoaz/NSF_IRES_2025_Codebase/control/install/traj_planning_msg/include/traj_planning_msg/traj_planning_msg/msg/detail/trajectory__rosidl_typesupport_introspection_cpp.hpp
-- Up-to-date symlink: /home/bentoaz/NSF_IRES_2025_Codebase/control/install/traj_planning_msg/include/traj_planning_msg/traj_planning_msg/msg/detail/trajectory_list__rosidl_typesupport_introspection_cpp.hpp
-- Up-to-date symlink: /home/bentoaz/NSF_IRES_2025_Codebase/control/install/traj_planning_msg/share/traj_planning_msg/environment/pythonpath.sh
-- Up-to-date symlink: /home/bentoaz/NSF_IRES_2025_Codebase/control/install/traj_planning_msg/share/traj_planning_msg/environment/pythonpath.dsv
-- Up-to-date symlink: /home/bentoaz/NSF_IRES_2025_Codebase/control/install/traj_planning_msg/local/lib/python3.10/dist-packages/traj_planning_msg-0.0.0-py3.10.egg-info/PKG-INFO
-- Up-to-date symlink: /home/bentoaz/NSF_IRES_2025_Codebase/control/install/traj_planning_msg/local/lib/python3.10/dist-packages/traj_planning_msg-0.0.0-py3.10.egg-info/SOURCES.txt
-- Up-to-date symlink: /home/bentoaz/NSF_IRES_2025_Codebase/control/install/traj_planning_msg/local/lib/python3.10/dist-packages/traj_planning_msg-0.0.0-py3.10.egg-info/dependency_links.txt
-- Up-to-date symlink: /home/bentoaz/NSF_IRES_2025_Codebase/control/install/traj_planning_msg/local/lib/python3.10/dist-packages/traj_planning_msg-0.0.0-py3.10.egg-info/top_level.txt
-- Up-to-date symlink: /home/bentoaz/NSF_IRES_2025_Codebase/control/install/traj_planning_msg/local/lib/python3.10/dist-packages/traj_planning_msg/__init__.py
-- Up-to-date symlink: /home/bentoaz/NSF_IRES_2025_Codebase/control/install/traj_planning_msg/local/lib/python3.10/dist-packages/traj_planning_msg/_traj_planning_msg_s.ep.rosidl_typesupport_c.c
-- Up-to-date symlink: /home/bentoaz/NSF_IRES_2025_Codebase/control/install/traj_planning_msg/local/lib/python3.10/dist-packages/traj_planning_msg/_traj_planning_msg_s.ep.rosidl_typesupport_fastrtps_c.c
-- Up-to-date symlink: /home/bentoaz/NSF_IRES_2025_Codebase/control/install/traj_planning_msg/local/lib/python3.10/dist-packages/traj_planning_msg/_traj_planning_msg_s.ep.rosidl_typesupport_introspection_c.c
-- Up-to-date symlink: /home/bentoaz/NSF_IRES_2025_Codebase/control/install/traj_planning_msg/local/lib/python3.10/dist-packages/traj_planning_msg/libtraj_planning_msg__rosidl_generator_py.so
-- Up-to-date symlink: /home/bentoaz/NSF_IRES_2025_Codebase/control/install/traj_planning_msg/local/lib/python3.10/dist-packages/traj_planning_msg/msg/__init__.py
-- Up-to-date symlink: /home/bentoaz/NSF_IRES_2025_Codebase/control/install/traj_planning_msg/local/lib/python3.10/dist-packages/traj_planning_msg/msg/_path_list.py
-- Up-to-date symlink: /home/bentoaz/NSF_IRES_2025_Codebase/control/install/traj_planning_msg/local/lib/python3.10/dist-packages/traj_planning_msg/msg/_path_list_s.c
-- Up-to-date symlink: /home/bentoaz/NSF_IRES_2025_Codebase/control/install/traj_planning_msg/local/lib/python3.10/dist-packages/traj_planning_msg/msg/_speed_path.py
-- Up-to-date symlink: /home/bentoaz/NSF_IRES_2025_Codebase/control/install/traj_planning_msg/local/lib/python3.10/dist-packages/traj_planning_msg/msg/_speed_path_s.c
-- Up-to-date symlink: /home/bentoaz/NSF_IRES_2025_Codebase/control/install/traj_planning_msg/local/lib/python3.10/dist-packages/traj_planning_msg/msg/_trajectory.py
-- Up-to-date symlink: /home/bentoaz/NSF_IRES_2025_Codebase/control/install/traj_planning_msg/local/lib/python3.10/dist-packages/traj_planning_msg/msg/_trajectory_list.py
-- Up-to-date symlink: /home/bentoaz/NSF_IRES_2025_Codebase/control/install/traj_planning_msg/local/lib/python3.10/dist-packages/traj_planning_msg/msg/_trajectory_list_s.c
-- Up-to-date symlink: /home/bentoaz/NSF_IRES_2025_Codebase/control/install/traj_planning_msg/local/lib/python3.10/dist-packages/traj_planning_msg/msg/_trajectory_s.c
-- Up-to-date symlink: /home/bentoaz/NSF_IRES_2025_Codebase/control/install/traj_planning_msg/local/lib/python3.10/dist-packages/traj_planning_msg/traj_planning_msg_s__rosidl_typesupport_c.cpython-310-x86_64-linux-gnu.so
-- Up-to-date symlink: /home/bentoaz/NSF_IRES_2025_Codebase/control/install/traj_planning_msg/local/lib/python3.10/dist-packages/traj_planning_msg/traj_planning_msg_s__rosidl_typesupport_fastrtps_c.cpython-310-x86_64-linux-gnu.so
-- Up-to-date symlink: /home/bentoaz/NSF_IRES_2025_Codebase/control/install/traj_planning_msg/local/lib/python3.10/dist-packages/traj_planning_msg/traj_planning_msg_s__rosidl_typesupport_introspection_c.cpython-310-x86_64-linux-gnu.so
-- Up-to-date symlink: /home/bentoaz/NSF_IRES_2025_Codebase/control/install/traj_planning_msg/local/lib/python3.10/dist-packages/traj_planning_msg/traj_planning_msg_s__rosidl_typesupport_fastrtps_c.cpython-310-x86_64-linux-gnu.so
-- Up-to-date symlink: /home/bentoaz/NSF_IRES_2025_Codebase/control/install/traj_planning_msg/local/lib/python3.10/dist-packages/traj_planning_msg/traj_planning_msg_s__rosidl_typesupport_introspection_c.cpython-310-x86_64-linux-gnu.so
-- Up-to-date symlink: /home/bentoaz/NSF_IRES_2025_Codebase/control/install/traj_planning_msg/local/lib/python3.10/dist-packages/traj_planning_msg/traj_planning_msg_s__rosidl_typesupport_c.cpython-310-x86_64-linux-gnu.so
-- Up-to-date symlink: /home/bentoaz/NSF_IRES_2025_Codebase/control/install/traj_planning_msg/share/traj_planning_msg/msg/TrajectoryList.idl
-- Up-to-date symlink: /home/bentoaz/NSF_IRES_2025_Codebase/control/install/traj_planning_msg/share/traj_planning_msg/msg/Trajectory.idl
-- Up-to-date symlink: /home/bentoaz/NSF_IRES_2025_Codebase/control/install/traj_planning_msg/share/traj_planning_msg/msg/TrajectoryList.msg
-- Up-to-date symlink: /home/bentoaz/NSF_IRES_2025_Codebase/control/install/traj_planning_msg/share/traj_planning_msg/msg/Trajectory.msg
-- Up-to-date symlink: /home/bentoaz/NSF_IRES_2025_Codebase/control/install/traj_planning_msg/share/ament_index/resource_index/package_run_dependencies/traj_planning_msg
-- Up-to-date symlink: /home/bentoaz/NSF_IRES_2025_Codebase/control/install/traj_planning_msg/share/ament_index/resource_index/parent_prefix_path/traj_planning_msg
-- Up-to-date symlink: /home/bentoaz/NSF_IRES_2025_Codebase/control/install/traj_planning_msg/share/traj_planning_msg/environment/ament_prefix_path.sh
-- Up-to-date symlink: /home/bentoaz/NSF_IRES_2025_Codebase/control/install/traj_planning_msg/share/traj_planning_msg/environment/ament_prefix_path.dsv
-- Up-to-date symlink: /home/bentoaz/NSF_IRES_2025_Codebase/control/install/traj_planning_msg/share/traj_planning_msg/environment/path.sh
-- Up-to-date symlink: /home/bentoaz/NSF_IRES_2025_Codebase/control/install/traj_planning_msg/share/traj_planning_msg/environment/path.dsv
-- Up-to-date symlink: /home/bentoaz/NSF_IRES_2025_Codebase/control/install/traj_planning_msg/share/traj_planning_msg/local_setup.bash
-- Up-to-date symlink: /home/bentoaz/NSF_IRES_2025_Codebase/control/install/traj_planning_msg/share/traj_planning_msg/local_setup.sh
-- Up-to-date symlink: /home/bentoaz/NSF_IRES_2025_Codebase/control/install/traj_planning_msg/share/traj_planning_msg/local_setup.zsh
-- Up-to-date symlink: /home/bentoaz/NSF_IRES_2025_Codebase/control/install/traj_planning_msg/share/traj_planning_msg/local_setup.dsv
-- Symlinking: /home/bentoaz/NSF_IRES_2025_Codebase/control/install/traj_planning_msg/share/traj_planning_msg/package.dsv
-- Up-to-date symlink: /home/bentoaz/NSF_IRES_2025_Codebase/control/install/traj_planning_msg/share/ament_index/resource_index/packages/traj_planning_msg
-- Up-to-date symlink: /home/bentoaz/NSF_IRES_2025_Codebase/control/install/traj_planning_msg/share/traj_planning_msg/cmake/rosidl_cmake-extras.cmake
-- Up-to-date symlink: /home/bentoaz/NSF_IRES_2025_Codebase/control/install/traj_planning_msg/share/traj_planning_msg/cmake/ament_cmake_export_dependencies-extras.cmake
-- Up-to-date symlink: /home/bentoaz/NSF_IRES_2025_Codebase/control/install/traj_planning_msg/share/traj_planning_msg/cmake/ament_cmake_export_include_directories-extras.cmake
-- Up-to-date symlink: /home/bentoaz/NSF_IRES_2025_Codebase/control/install/traj_planning_msg/share/traj_planning_msg/cmake/ament_cmake_export_libraries-extras.cmake
-- Up-to-date symlink: /home/bentoaz/NSF_IRES_2025_Codebase/control/install/traj_planning_msg/share/traj_planning_msg/cmake/ament_cmake_export_targets-extras.cmake
-- Up-to-date symlink: /home/bentoaz/NSF_IRES_2025_Codebase/control/install/traj_planning_msg/share/traj_planning_msg/cmake/rosidl_cmake_export_typesupport_targets-extras.cmake
-- Up-to-date symlink: /home/bentoaz/NSF_IRES_2025_Codebase/control/install/traj_planning_msg/share/traj_planning_msg/cmake/rosidl_cmake_export_typesupport_libraries-extras.cmake
-- Up-to-date symlink: /home/bentoaz/NSF_IRES_2025_Codebase/control/install/traj_planning_msg/share/traj_planning_msg/cmake/traj_planning_msgConfig.cmake
-- Up-to-date symlink: /home/bentoaz/NSF_IRES_2025_Codebase/control/install/traj_planning_msg/share/traj_planning_msg/cmake/traj_planning_msgConfig-version.cmake
-- Up-to-date symlink: /home/bentoaz/NSF_IRES_2025_Codebase/control/install/traj_planning_msg/share/traj_planning_msg/package.xml
-- Installing: /home/bentoaz/NSF_IRES_2025_Codebase/control/install/traj_planning_msg/lib/libtraj_planning_msg__rosidl_generator_c.so
-- Set runtime path of "/home/bentoaz/NSF_IRES_2025_Codebase/control/install/traj_planning_msg/lib/libtraj_planning_msg__rosidl_generator_c.so" to ""
-- Installing: /home/bentoaz/NSF_IRES_2025_Codebase/control/install/traj_planning_msg/lib/libtraj_planning_msg__rosidl_typesupport_fastrtps_c.so
-- Set runtime path of "/home/bentoaz/NSF_IRES_2025_Codebase/control/install/traj_planning_msg/lib/libtraj_planning_msg__rosidl_typesupport_fastrtps_c.so" to ""
-- Installing: /home/bentoaz/NSF_IRES_2025_Codebase/control/install/traj_planning_msg/lib/libtraj_planning_msg__rosidl_typesupport_fastrtps_cpp.so
-- Set runtime path of "/home/bentoaz/NSF_IRES_2025_Codebase/control/install/traj_planning_msg/lib/libtraj_planning_msg__rosidl_typesupport_fastrtps_cpp.so" to ""
-- Installing: /home/bentoaz/NSF_IRES_2025_Codebase/control/install/traj_planning_msg/lib/libtraj_planning_msg__rosidl_typesupport_introspection_c.so
-- Set runtime path of "/home/bentoaz/NSF_IRES_2025_Codebase/control/install/traj_planning_msg/lib/libtraj_planning_msg__rosidl_typesupport_introspection_c.so" to ""
-- Installing: /home/bentoaz/NSF_IRES_2025_Codebase/control/install/traj_planning_msg/lib/libtraj_planning_msg__rosidl_typesupport_c.so
-- Set runtime path of "/home/bentoaz/NSF_IRES_2025_Codebase/control/install/traj_planning_msg/lib/libtraj_planning_msg__rosidl_typesupport_c.so" to ""
-- Installing: /home/bentoaz/NSF_IRES_2025_Codebase/control/install/traj_planning_msg/lib/libtraj_planning_msg__rosidl_typesupport_introspection_cpp.so
-- Set runtime path of "/home/bentoaz/NSF_IRES_2025_Codebase/control/install/traj_planning_msg/lib/libtraj_planning_msg__rosidl_typesupport_introspection_cpp.so" to ""
-- Installing: /home/bentoaz/NSF_IRES_2025_Codebase/control/install/traj_planning_msg/lib/libtraj_planning_msg__rosidl_typesupport_cpp.so
-- Set runtime path of "/home/bentoaz/NSF_IRES_2025_Codebase/control/install/traj_planning_msg/lib/libtraj_planning_msg__rosidl_typesupport_cpp.so" to ""
Listing '/home/bentoaz/NSF_IRES_2025_Codebase/control/install/traj_planning_msg/local/lib/python3.10/dist-packages/traj_planning_msg'...
Compiling '/home/bentoaz/NSF_IRES_2025_Codebase/control/install/traj_planning_msg/local/lib/python3.10/dist-packages/traj_planning_msg/__init__.py'...
Listing '/home/bentoaz/NSF_IRES_2025_Codebase/control/install/traj_planning_msg/local/lib/python3.10/dist-packages/traj_planning_msg/msg'...
Compiling '/home/bentoaz/NSF_IRES_2025_Codebase/control/install/traj_planning_msg/local/lib/python3.10/dist-packages/traj_planning_msg/msg/__init__.py'...
Compiling '/home/bentoaz/NSF_IRES_2025_Codebase/control/install/traj_planning_msg/local/lib/python3.10/dist-packages/traj_planning_msg/msg/_trajectory.py'...
Compiling '/home/bentoaz/NSF_IRES_2025_Codebase/control/install/traj_planning_msg/local/lib/python3.10/dist-packages/traj_planning_msg/msg/_trajectory_list.py'...
-- Installing: /home/bentoaz/NSF_IRES_2025_Codebase/control/install/traj_planning_msg/lib/libtraj_planning_msg__rosidl_generator_py.so
-- Set runtime path of "/home/bentoaz/NSF_IRES_2025_Codebase/control/install/traj_planning_msg/lib/libtraj_planning_msg__rosidl_generator_py.so" to ""
-- Up-to-date: /home/bentoaz/NSF_IRES_2025_Codebase/control/install/traj_planning_msg/share/traj_planning_msg/cmake/export_traj_planning_msg__rosidl_generator_cExport.cmake
-- Up-to-date: /home/bentoaz/NSF_IRES_2025_Codebase/control/install/traj_planning_msg/share/traj_planning_msg/cmake/export_traj_planning_msg__rosidl_generator_cExport-noconfig.cmake
-- Up-to-date: /home/bentoaz/NSF_IRES_2025_Codebase/control/install/traj_planning_msg/share/traj_planning_msg/cmake/export_traj_planning_msg__rosidl_typesupport_fastrtps_cExport.cmake
-- Up-to-date: /home/bentoaz/NSF_IRES_2025_Codebase/control/install/traj_planning_msg/share/traj_planning_msg/cmake/export_traj_planning_msg__rosidl_typesupport_fastrtps_cExport-noconfig.cmake
-- Up-to-date: /home/bentoaz/NSF_IRES_2025_Codebase/control/install/traj_planning_msg/share/traj_planning_msg/cmake/export_traj_planning_msg__rosidl_generator_cppExport.cmake
-- Up-to-date: /home/bentoaz/NSF_IRES_2025_Codebase/control/install/traj_planning_msg/share/traj_planning_msg/cmake/export_traj_planning_msg__rosidl_typesupport_fastrtps_cppExport.cmake
-- Up-to-date: /home/bentoaz/NSF_IRES_2025_Codebase/control/install/traj_planning_msg/share/traj_planning_msg/cmake/export_traj_planning_msg__rosidl_typesupport_fastrtps_cppExport-noconfig.cmake
-- Up-to-date: /home/bentoaz/NSF_IRES_2025_Codebase/control/install/traj_planning_msg/share/traj_planning_msg/cmake/traj_planning_msg__rosidl_typesupport_introspection_cExport.cmake
-- Up-to-date: /home/bentoaz/NSF_IRES_2025_Codebase/control/install/traj_planning_msg/share/traj_planning_msg/cmake/traj_planning_msg__rosidl_typesupport_introspection_cExport-noconfig.cmake
-- Up-to-date: /home/bentoaz/NSF_IRES_2025_Codebase/control/install/traj_planning_msg/share/traj_planning_msg/cmake/traj_planning_msg__rosidl_typesupport_cExport.cmake
-- Up-to-date: /home/bentoaz/NSF_IRES_2025_Codebase/control/install/traj_planning_msg/share/traj_planning_msg/cmake/traj_planning_msg__rosidl_typesupport_cExport-noconfig.cmake
-- Up-to-date: /home/bentoaz/NSF_IRES_2025_Codebase/control/install/traj_planning_msg/share/traj_planning_msg/cmake/traj_planning_msg__rosidl_typesupport_introspection_cppExport.cmake
-- Up-to-date: /home/bentoaz/NSF_IRES_2025_Codebase/control/install/traj_planning_msg/share/traj_planning_msg/cmake/traj_planning_msg__rosidl_typesupport_introspection_cppExport-noconfig.cmake
-- Up-to-date: /home/bentoaz/NSF_IRES_2025_Codebase/control/install/traj_planning_msg/share/traj_planning_msg/cmake/traj_planning_msg__rosidl_typesupport_cppExport.cmake
-- Up-to-date: /home/bentoaz/NSF_IRES_2025_Codebase/control/install/traj_planning_msg/share/traj_planning_msg/cmake/traj_planning_msg__rosidl_typesupport_cppExport-noconfig.cmake
-- Up-to-date: /home/bentoaz/NSF_IRES_2025_Codebase/control/install/traj_planning_msg/share/traj_planning_msg/cmake/export_traj_planning_msg__rosidl_generator_pyExport.cmake
-- Up-to-date: /home/bentoaz/NSF_IRES_2025_Codebase/control/install/traj_planning_msg/share/traj_planning_msg/cmake/export_traj_planning_msg__rosidl_generator_pyExport-noconfig.cmake
