[0.519s] Invoking command in '/home/bentoaz/f1tenth_experimental_ws/build/scan_matching': CMAKE_PREFIX_PATH=${CMAKE_PREFIX_PATH}:/home/bentoaz/f1tenth_experimental_ws/install/stanley_avoidance:/home/bentoaz/f1tenth_experimental_ws/install/particle_filter:/home/bentoaz/f1tenth_experimental_ws/install/local_planner:/home/bentoaz/f1tenth_gym_ros/install/f1tenth_gym_ros:/home/bentoaz/autoware/install/autoware_carla_interface:/home/bentoaz/autoware/install/ros2agnocast:/home/bentoaz/autoware/install/autoware_adapi_visualizers:/opt/ros/humble /usr/bin/cmake --build /home/bentoaz/f1tenth_experimental_ws/build/scan_matching -- -j16 -l16
[0.810s] [35m[1mConsolidate compiler generated dependencies of target scanmatch_node[0m
[0.810s] [100%] Built target scanmatch_node
[0.810s] [100%] Built target ament_cmake_python_symlink_scan_matching_setup
[0.810s] [100%] Built target ament_cmake_python_symlink_scan_matching
[1.028s] /usr/lib/python3/dist-packages/setuptools/dist.py:723: UserWarning: Usage of dash-separated 'script-dir' will not be supported in future versions. Please use the underscore name 'script_dir' instead
[1.035s]   warnings.warn(
[1.035s] /usr/lib/python3/dist-packages/setuptools/dist.py:723: UserWarning: Usage of dash-separated 'install-scripts' will not be supported in future versions. Please use the underscore name 'install_scripts' instead
[1.035s]   warnings.warn(
[1.036s] running egg_info
[1.037s] writing scan_matching.egg-info/PKG-INFO
[1.037s] writing dependency_links to scan_matching.egg-info/dependency_links.txt
[1.037s] writing top-level names to scan_matching.egg-info/top_level.txt
[1.040s] reading manifest file 'scan_matching.egg-info/SOURCES.txt'
[1.041s] writing manifest file 'scan_matching.egg-info/SOURCES.txt'
[1.112s] [100%] Built target ament_cmake_python_build_scan_matching_egg
[1.381s] Invoked command in '/home/bentoaz/f1tenth_experimental_ws/build/scan_matching' returned '0': CMAKE_PREFIX_PATH=${CMAKE_PREFIX_PATH}:/home/bentoaz/f1tenth_experimental_ws/install/stanley_avoidance:/home/bentoaz/f1tenth_experimental_ws/install/particle_filter:/home/bentoaz/f1tenth_experimental_ws/install/local_planner:/home/bentoaz/f1tenth_gym_ros/install/f1tenth_gym_ros:/home/bentoaz/autoware/install/autoware_carla_interface:/home/bentoaz/autoware/install/ros2agnocast:/home/bentoaz/autoware/install/autoware_adapi_visualizers:/opt/ros/humble /usr/bin/cmake --build /home/bentoaz/f1tenth_experimental_ws/build/scan_matching -- -j16 -l16
[1.382s] Invoking command in '/home/bentoaz/f1tenth_experimental_ws/build/scan_matching': CMAKE_PREFIX_PATH=${CMAKE_PREFIX_PATH}:/home/bentoaz/f1tenth_experimental_ws/install/stanley_avoidance:/home/bentoaz/f1tenth_experimental_ws/install/particle_filter:/home/bentoaz/f1tenth_experimental_ws/install/local_planner:/home/bentoaz/f1tenth_gym_ros/install/f1tenth_gym_ros:/home/bentoaz/autoware/install/autoware_carla_interface:/home/bentoaz/autoware/install/ros2agnocast:/home/bentoaz/autoware/install/autoware_adapi_visualizers:/opt/ros/humble /usr/bin/cmake --install /home/bentoaz/f1tenth_experimental_ws/build/scan_matching
[1.409s] -- Install configuration: ""
[1.409s] -- Execute custom install script
[1.409s] -- Symlinking: /home/bentoaz/f1tenth_experimental_ws/install/scan_matching/lib/scan_matching/scanmatch_node
[1.440s] -- Symlinking: /home/bentoaz/f1tenth_experimental_ws/install/scan_matching/share/scan_matching/environment/pythonpath.sh
[1.475s] -- Symlinking: /home/bentoaz/f1tenth_experimental_ws/install/scan_matching/share/scan_matching/environment/pythonpath.dsv
[1.509s] -- Symlinking: /home/bentoaz/f1tenth_experimental_ws/install/scan_matching/local/lib/python3.10/dist-packages/scan_matching-0.0.0-py3.10.egg-info/PKG-INFO
[1.541s] -- Symlinking: /home/bentoaz/f1tenth_experimental_ws/install/scan_matching/local/lib/python3.10/dist-packages/scan_matching-0.0.0-py3.10.egg-info/SOURCES.txt
[1.563s] -- Symlinking: /home/bentoaz/f1tenth_experimental_ws/install/scan_matching/local/lib/python3.10/dist-packages/scan_matching-0.0.0-py3.10.egg-info/dependency_links.txt
[1.584s] -- Symlinking: /home/bentoaz/f1tenth_experimental_ws/install/scan_matching/local/lib/python3.10/dist-packages/scan_matching-0.0.0-py3.10.egg-info/top_level.txt
[1.621s] -- Symlinking: /home/bentoaz/f1tenth_experimental_ws/install/scan_matching/local/lib/python3.10/dist-packages/scan_matching/__init__.py
[1.657s] -- Symlinking: /home/bentoaz/f1tenth_experimental_ws/install/scan_matching/share/ament_index/resource_index/package_run_dependencies/scan_matching
[1.695s] -- Symlinking: /home/bentoaz/f1tenth_experimental_ws/install/scan_matching/share/ament_index/resource_index/parent_prefix_path/scan_matching
[1.718s] -- Symlinking: /home/bentoaz/f1tenth_experimental_ws/install/scan_matching/share/scan_matching/environment/ament_prefix_path.sh
[1.755s] -- Symlinking: /home/bentoaz/f1tenth_experimental_ws/install/scan_matching/share/scan_matching/environment/ament_prefix_path.dsv
[1.794s] -- Symlinking: /home/bentoaz/f1tenth_experimental_ws/install/scan_matching/share/scan_matching/environment/path.sh
[1.827s] -- Symlinking: /home/bentoaz/f1tenth_experimental_ws/install/scan_matching/share/scan_matching/environment/path.dsv
[1.848s] -- Symlinking: /home/bentoaz/f1tenth_experimental_ws/install/scan_matching/share/scan_matching/local_setup.bash
[1.870s] -- Symlinking: /home/bentoaz/f1tenth_experimental_ws/install/scan_matching/share/scan_matching/local_setup.sh
[1.892s] -- Symlinking: /home/bentoaz/f1tenth_experimental_ws/install/scan_matching/share/scan_matching/local_setup.zsh
[1.927s] -- Symlinking: /home/bentoaz/f1tenth_experimental_ws/install/scan_matching/share/scan_matching/local_setup.dsv
[1.956s] -- Symlinking: /home/bentoaz/f1tenth_experimental_ws/install/scan_matching/share/scan_matching/package.dsv
[1.990s] -- Symlinking: /home/bentoaz/f1tenth_experimental_ws/install/scan_matching/share/ament_index/resource_index/packages/scan_matching
[2.026s] -- Symlinking: /home/bentoaz/f1tenth_experimental_ws/install/scan_matching/share/scan_matching/cmake/scan_matchingConfig.cmake
[2.051s] -- Symlinking: /home/bentoaz/f1tenth_experimental_ws/install/scan_matching/share/scan_matching/cmake/scan_matchingConfig-version.cmake
[2.084s] -- Symlinking: /home/bentoaz/f1tenth_experimental_ws/install/scan_matching/share/scan_matching/package.xml
[2.202s] Listing '/home/bentoaz/f1tenth_experimental_ws/install/scan_matching/local/lib/python3.10/dist-packages/scan_matching'...
[2.202s] Compiling '/home/bentoaz/f1tenth_experimental_ws/install/scan_matching/local/lib/python3.10/dist-packages/scan_matching/__init__.py'...
[2.209s] Invoked command in '/home/bentoaz/f1tenth_experimental_ws/build/scan_matching' returned '0': CMAKE_PREFIX_PATH=${CMAKE_PREFIX_PATH}:/home/bentoaz/f1tenth_experimental_ws/install/stanley_avoidance:/home/bentoaz/f1tenth_experimental_ws/install/particle_filter:/home/bentoaz/f1tenth_experimental_ws/install/local_planner:/home/bentoaz/f1tenth_gym_ros/install/f1tenth_gym_ros:/home/bentoaz/autoware/install/autoware_carla_interface:/home/bentoaz/autoware/install/ros2agnocast:/home/bentoaz/autoware/install/autoware_adapi_visualizers:/opt/ros/humble /usr/bin/cmake --install /home/bentoaz/f1tenth_experimental_ws/build/scan_matching
