[0.091s] DEBUG:colcon:Command line arguments: ['/usr/bin/colcon', 'build']
[0.092s] DEBUG:colcon:Parsed command line arguments: Namespace(log_base=None, log_level=None, verb_name='build', build_base='build', install_base='install', merge_install=False, symlink_install=False, test_result_base=None, continue_on_error=False, executor='parallel', parallel_workers=16, event_handlers=None, ignore_user_meta=False, metas=['./colcon.meta'], base_paths=['.'], packages_ignore=None, packages_ignore_regex=None, paths=None, packages_up_to=None, packages_up_to_regex=None, packages_above=None, packages_above_and_dependencies=None, packages_above_depth=None, packages_select_by_dep=None, packages_skip_by_dep=None, packages_skip_up_to=None, packages_select_build_failed=False, packages_skip_build_finished=False, packages_select_test_failures=False, packages_skip_test_passed=False, packages_select=None, packages_skip=None, packages_select_regex=None, packages_skip_regex=None, packages_start=None, packages_end=None, allow_overriding=[], cmake_args=None, cmake_target=None, cmake_target_skip_unavailable=False, cmake_clean_cache=False, cmake_clean_first=False, cmake_force_configure=False, ament_cmake_args=None, catkin_cmake_args=None, catkin_skip_building_tests=False, mixin_files=None, mixin=None, verb_parser=<colcon_mixin.mixin.mixin_argument.MixinArgumentDecorator object at 0x71d4be7e9960>, verb_extension=<colcon_core.verb.build.BuildVerb object at 0x71d4be7e94b0>, main=<bound method BuildVerb.main of <colcon_core.verb.build.BuildVerb object at 0x71d4be7e94b0>>, mixin_verb=('build',))
[0.243s] Level 1:colcon.colcon_core.package_discovery:discover_packages(colcon_meta) check parameters
[0.243s] Level 1:colcon.colcon_core.package_discovery:discover_packages(recursive) check parameters
[0.243s] Level 1:colcon.colcon_core.package_discovery:discover_packages(ignore) check parameters
[0.243s] Level 1:colcon.colcon_core.package_discovery:discover_packages(path) check parameters
[0.243s] Level 1:colcon.colcon_core.package_discovery:discover_packages(colcon_meta) discover
[0.243s] Level 1:colcon.colcon_core.package_discovery:discover_packages(recursive) discover
[0.243s] INFO:colcon.colcon_core.package_discovery:Crawling recursively for packages in '/home/bentoaz/NSF_IRES_2025_Codebase/control'
[0.243s] Level 1:colcon.colcon_core.package_identification:_identify(.) by extensions ['ignore', 'ignore_ament_install']
[0.243s] Level 1:colcon.colcon_core.package_identification:_identify(.) by extension 'ignore'
[0.243s] Level 1:colcon.colcon_core.package_identification:_identify(.) by extension 'ignore_ament_install'
[0.243s] Level 1:colcon.colcon_core.package_identification:_identify(.) by extensions ['colcon_pkg']
[0.243s] Level 1:colcon.colcon_core.package_identification:_identify(.) by extension 'colcon_pkg'
[0.243s] Level 1:colcon.colcon_core.package_identification:_identify(.) by extensions ['colcon_meta']
[0.243s] Level 1:colcon.colcon_core.package_identification:_identify(.) by extension 'colcon_meta'
[0.243s] Level 1:colcon.colcon_core.package_identification:_identify(.) by extensions ['ros']
[0.243s] Level 1:colcon.colcon_core.package_identification:_identify(.) by extension 'ros'
[0.255s] Level 1:colcon.colcon_core.package_identification:_identify(.) by extensions ['cmake', 'python']
[0.255s] Level 1:colcon.colcon_core.package_identification:_identify(.) by extension 'cmake'
[0.256s] Level 1:colcon.colcon_core.package_identification:_identify(.) by extension 'python'
[0.256s] Level 1:colcon.colcon_core.package_identification:_identify(.) by extensions ['python_setup_py']
[0.256s] Level 1:colcon.colcon_core.package_identification:_identify(.) by extension 'python_setup_py'
[0.256s] Level 1:colcon.colcon_core.package_identification:_identify(build) by extensions ['ignore', 'ignore_ament_install']
[0.256s] Level 1:colcon.colcon_core.package_identification:_identify(build) by extension 'ignore'
[0.256s] Level 1:colcon.colcon_core.package_identification:_identify(build) ignored
[0.256s] Level 1:colcon.colcon_core.package_identification:_identify(install) by extensions ['ignore', 'ignore_ament_install']
[0.256s] Level 1:colcon.colcon_core.package_identification:_identify(install) by extension 'ignore'
[0.256s] Level 1:colcon.colcon_core.package_identification:_identify(install) ignored
[0.256s] Level 1:colcon.colcon_core.package_identification:_identify(log) by extensions ['ignore', 'ignore_ament_install']
[0.256s] Level 1:colcon.colcon_core.package_identification:_identify(log) by extension 'ignore'
[0.256s] Level 1:colcon.colcon_core.package_identification:_identify(log) ignored
[0.256s] Level 1:colcon.colcon_core.package_identification:_identify(src) by extensions ['ignore', 'ignore_ament_install']
[0.256s] Level 1:colcon.colcon_core.package_identification:_identify(src) by extension 'ignore'
[0.256s] Level 1:colcon.colcon_core.package_identification:_identify(src) by extension 'ignore_ament_install'
[0.256s] Level 1:colcon.colcon_core.package_identification:_identify(src) by extensions ['colcon_pkg']
[0.256s] Level 1:colcon.colcon_core.package_identification:_identify(src) by extension 'colcon_pkg'
[0.256s] Level 1:colcon.colcon_core.package_identification:_identify(src) by extensions ['colcon_meta']
[0.256s] Level 1:colcon.colcon_core.package_identification:_identify(src) by extension 'colcon_meta'
[0.256s] Level 1:colcon.colcon_core.package_identification:_identify(src) by extensions ['ros']
[0.256s] Level 1:colcon.colcon_core.package_identification:_identify(src) by extension 'ros'
[0.256s] Level 1:colcon.colcon_core.package_identification:_identify(src) by extensions ['cmake', 'python']
[0.256s] Level 1:colcon.colcon_core.package_identification:_identify(src) by extension 'cmake'
[0.256s] Level 1:colcon.colcon_core.package_identification:_identify(src) by extension 'python'
[0.256s] Level 1:colcon.colcon_core.package_identification:_identify(src) by extensions ['python_setup_py']
[0.256s] Level 1:colcon.colcon_core.package_identification:_identify(src) by extension 'python_setup_py'
[0.256s] Level 1:colcon.colcon_core.package_identification:_identify(src/traj_planning) by extensions ['ignore', 'ignore_ament_install']
[0.256s] Level 1:colcon.colcon_core.package_identification:_identify(src/traj_planning) by extension 'ignore'
[0.256s] Level 1:colcon.colcon_core.package_identification:_identify(src/traj_planning) by extension 'ignore_ament_install'
[0.256s] Level 1:colcon.colcon_core.package_identification:_identify(src/traj_planning) by extensions ['colcon_pkg']
[0.256s] Level 1:colcon.colcon_core.package_identification:_identify(src/traj_planning) by extension 'colcon_pkg'
[0.256s] Level 1:colcon.colcon_core.package_identification:_identify(src/traj_planning) by extensions ['colcon_meta']
[0.256s] Level 1:colcon.colcon_core.package_identification:_identify(src/traj_planning) by extension 'colcon_meta'
[0.257s] Level 1:colcon.colcon_core.package_identification:_identify(src/traj_planning) by extensions ['ros']
[0.257s] Level 1:colcon.colcon_core.package_identification:_identify(src/traj_planning) by extension 'ros'
[0.259s] DEBUG:colcon.colcon_core.package_identification:Package 'src/traj_planning' with type 'ros.ament_python' and name 'traj_planning'
[0.259s] Level 1:colcon.colcon_core.package_identification:_identify(src/traj_planning_msg) by extensions ['ignore', 'ignore_ament_install']
[0.259s] Level 1:colcon.colcon_core.package_identification:_identify(src/traj_planning_msg) by extension 'ignore'
[0.259s] Level 1:colcon.colcon_core.package_identification:_identify(src/traj_planning_msg) by extension 'ignore_ament_install'
[0.259s] Level 1:colcon.colcon_core.package_identification:_identify(src/traj_planning_msg) by extensions ['colcon_pkg']
[0.259s] Level 1:colcon.colcon_core.package_identification:_identify(src/traj_planning_msg) by extension 'colcon_pkg'
[0.259s] Level 1:colcon.colcon_core.package_identification:_identify(src/traj_planning_msg) by extensions ['colcon_meta']
[0.259s] Level 1:colcon.colcon_core.package_identification:_identify(src/traj_planning_msg) by extension 'colcon_meta'
[0.259s] Level 1:colcon.colcon_core.package_identification:_identify(src/traj_planning_msg) by extensions ['ros']
[0.260s] Level 1:colcon.colcon_core.package_identification:_identify(src/traj_planning_msg) by extension 'ros'
[0.260s] DEBUG:colcon.colcon_core.package_identification:Package 'src/traj_planning_msg' with type 'ros.ament_cmake' and name 'traj_planning_msg'
[0.260s] Level 1:colcon.colcon_core.package_discovery:discover_packages(recursive) using defaults
[0.260s] Level 1:colcon.colcon_core.package_discovery:discover_packages(ignore) discover
[0.260s] Level 1:colcon.colcon_core.package_discovery:discover_packages(ignore) using defaults
[0.260s] Level 1:colcon.colcon_core.package_discovery:discover_packages(path) discover
[0.260s] Level 1:colcon.colcon_core.package_discovery:discover_packages(path) using defaults
[0.277s] Level 1:colcon.colcon_core.package_discovery:discover_packages(prefix_path) check parameters
[0.277s] Level 1:colcon.colcon_core.package_discovery:discover_packages(prefix_path) discover
[0.291s] DEBUG:colcon.colcon_installed_package_information.package_discovery:Found 2 installed packages in /home/bentoaz/NSF_IRES_2025_Codebase/control/install
[0.296s] DEBUG:colcon.colcon_installed_package_information.package_discovery:Found 403 installed packages in /home/bentoaz/autoware/install
[0.298s] DEBUG:colcon.colcon_installed_package_information.package_discovery:Found 359 installed packages in /opt/ros/humble
[0.299s] Level 1:colcon.colcon_core.package_discovery:discover_packages(prefix_path) using defaults
[0.344s] Level 5:colcon.colcon_core.verb:set package 'traj_planning_msg' build argument 'cmake_args' from command line to 'None'
[0.344s] Level 5:colcon.colcon_core.verb:set package 'traj_planning_msg' build argument 'cmake_target' from command line to 'None'
[0.344s] Level 5:colcon.colcon_core.verb:set package 'traj_planning_msg' build argument 'cmake_target_skip_unavailable' from command line to 'False'
[0.344s] Level 5:colcon.colcon_core.verb:set package 'traj_planning_msg' build argument 'cmake_clean_cache' from command line to 'False'
[0.344s] Level 5:colcon.colcon_core.verb:set package 'traj_planning_msg' build argument 'cmake_clean_first' from command line to 'False'
[0.344s] Level 5:colcon.colcon_core.verb:set package 'traj_planning_msg' build argument 'cmake_force_configure' from command line to 'False'
[0.344s] Level 5:colcon.colcon_core.verb:set package 'traj_planning_msg' build argument 'ament_cmake_args' from command line to 'None'
[0.344s] Level 5:colcon.colcon_core.verb:set package 'traj_planning_msg' build argument 'catkin_cmake_args' from command line to 'None'
[0.344s] Level 5:colcon.colcon_core.verb:set package 'traj_planning_msg' build argument 'catkin_skip_building_tests' from command line to 'False'
[0.344s] DEBUG:colcon.colcon_core.verb:Building package 'traj_planning_msg' with the following arguments: {'ament_cmake_args': None, 'build_base': '/home/bentoaz/NSF_IRES_2025_Codebase/control/build/traj_planning_msg', 'catkin_cmake_args': None, 'catkin_skip_building_tests': False, 'cmake_args': None, 'cmake_clean_cache': False, 'cmake_clean_first': False, 'cmake_force_configure': False, 'cmake_target': None, 'cmake_target_skip_unavailable': False, 'install_base': '/home/bentoaz/NSF_IRES_2025_Codebase/control/install/traj_planning_msg', 'merge_install': False, 'path': '/home/bentoaz/NSF_IRES_2025_Codebase/control/src/traj_planning_msg', 'symlink_install': False, 'test_result_base': None}
[0.344s] Level 5:colcon.colcon_core.verb:set package 'traj_planning' build argument 'cmake_args' from command line to 'None'
[0.344s] Level 5:colcon.colcon_core.verb:set package 'traj_planning' build argument 'cmake_target' from command line to 'None'
[0.344s] Level 5:colcon.colcon_core.verb:set package 'traj_planning' build argument 'cmake_target_skip_unavailable' from command line to 'False'
[0.344s] Level 5:colcon.colcon_core.verb:set package 'traj_planning' build argument 'cmake_clean_cache' from command line to 'False'
[0.344s] Level 5:colcon.colcon_core.verb:set package 'traj_planning' build argument 'cmake_clean_first' from command line to 'False'
[0.344s] Level 5:colcon.colcon_core.verb:set package 'traj_planning' build argument 'cmake_force_configure' from command line to 'False'
[0.344s] Level 5:colcon.colcon_core.verb:set package 'traj_planning' build argument 'ament_cmake_args' from command line to 'None'
[0.344s] Level 5:colcon.colcon_core.verb:set package 'traj_planning' build argument 'catkin_cmake_args' from command line to 'None'
[0.344s] Level 5:colcon.colcon_core.verb:set package 'traj_planning' build argument 'catkin_skip_building_tests' from command line to 'False'
[0.344s] DEBUG:colcon.colcon_core.verb:Building package 'traj_planning' with the following arguments: {'ament_cmake_args': None, 'build_base': '/home/bentoaz/NSF_IRES_2025_Codebase/control/build/traj_planning', 'catkin_cmake_args': None, 'catkin_skip_building_tests': False, 'cmake_args': None, 'cmake_clean_cache': False, 'cmake_clean_first': False, 'cmake_force_configure': False, 'cmake_target': None, 'cmake_target_skip_unavailable': False, 'install_base': '/home/bentoaz/NSF_IRES_2025_Codebase/control/install/traj_planning', 'merge_install': False, 'path': '/home/bentoaz/NSF_IRES_2025_Codebase/control/src/traj_planning', 'symlink_install': False, 'test_result_base': None}
[0.345s] INFO:colcon.colcon_core.executor:Executing jobs using 'parallel' executor
[0.346s] DEBUG:colcon.colcon_parallel_executor.executor.parallel:run_until_complete
[0.346s] INFO:colcon.colcon_ros.task.ament_cmake.build:Building ROS package in '/home/bentoaz/NSF_IRES_2025_Codebase/control/src/traj_planning_msg' with build type 'ament_cmake'
[0.346s] INFO:colcon.colcon_cmake.task.cmake.build:Building CMake package in '/home/bentoaz/NSF_IRES_2025_Codebase/control/src/traj_planning_msg'
[0.348s] INFO:colcon.colcon_core.plugin_system:Skipping extension 'colcon_core.shell.bat': Not used on non-Windows systems
[0.348s] INFO:colcon.colcon_core.shell:Skip shell extension 'powershell' for command environment: Not usable outside of PowerShell
[0.348s] DEBUG:colcon.colcon_core.shell:Skip shell extension 'dsv' for command environment
[0.376s] DEBUG:colcon.colcon_core.event_handler.log_command:Invoking command in '/home/bentoaz/NSF_IRES_2025_Codebase/control/build/traj_planning_msg': CMAKE_PREFIX_PATH=${CMAKE_PREFIX_PATH}:/home/bentoaz/NSF_IRES_2025_Codebase/control/install/traj_planning:/home/bentoaz/autoware/install/autoware_carla_interface:/home/bentoaz/autoware/install/ros2agnocast:/home/bentoaz/autoware/install/autoware_adapi_visualizers:/opt/ros/humble /usr/bin/cmake --build /home/bentoaz/NSF_IRES_2025_Codebase/control/build/traj_planning_msg -- -j16 -l16
[0.952s] DEBUG:colcon.colcon_core.event_handler.log_command:Invoked command in '/home/bentoaz/NSF_IRES_2025_Codebase/control/build/traj_planning_msg' returned '0': CMAKE_PREFIX_PATH=${CMAKE_PREFIX_PATH}:/home/bentoaz/NSF_IRES_2025_Codebase/control/install/traj_planning:/home/bentoaz/autoware/install/autoware_carla_interface:/home/bentoaz/autoware/install/ros2agnocast:/home/bentoaz/autoware/install/autoware_adapi_visualizers:/opt/ros/humble /usr/bin/cmake --build /home/bentoaz/NSF_IRES_2025_Codebase/control/build/traj_planning_msg -- -j16 -l16
[0.972s] DEBUG:colcon.colcon_core.event_handler.log_command:Invoking command in '/home/bentoaz/NSF_IRES_2025_Codebase/control/build/traj_planning_msg': CMAKE_PREFIX_PATH=${CMAKE_PREFIX_PATH}:/home/bentoaz/NSF_IRES_2025_Codebase/control/install/traj_planning:/home/bentoaz/autoware/install/autoware_carla_interface:/home/bentoaz/autoware/install/ros2agnocast:/home/bentoaz/autoware/install/autoware_adapi_visualizers:/opt/ros/humble /usr/bin/cmake --install /home/bentoaz/NSF_IRES_2025_Codebase/control/build/traj_planning_msg
[1.089s] Level 1:colcon.colcon_core.environment:create_environment_scripts_only(traj_planning_msg)
[1.090s] DEBUG:colcon.colcon_core.event_handler.log_command:Invoked command in '/home/bentoaz/NSF_IRES_2025_Codebase/control/build/traj_planning_msg' returned '0': CMAKE_PREFIX_PATH=${CMAKE_PREFIX_PATH}:/home/bentoaz/NSF_IRES_2025_Codebase/control/install/traj_planning:/home/bentoaz/autoware/install/autoware_carla_interface:/home/bentoaz/autoware/install/ros2agnocast:/home/bentoaz/autoware/install/autoware_adapi_visualizers:/opt/ros/humble /usr/bin/cmake --install /home/bentoaz/NSF_IRES_2025_Codebase/control/build/traj_planning_msg
[1.092s] Level 1:colcon.colcon_core.environment:checking '/home/bentoaz/NSF_IRES_2025_Codebase/control/install/traj_planning_msg' for CMake module files
[1.093s] Level 1:colcon.colcon_core.environment:checking '/home/bentoaz/NSF_IRES_2025_Codebase/control/install/traj_planning_msg' for CMake config files
[1.093s] Level 1:colcon.colcon_core.shell:create_environment_hook('traj_planning_msg', 'cmake_prefix_path')
[1.093s] INFO:colcon.colcon_core.shell:Creating environment hook '/home/bentoaz/NSF_IRES_2025_Codebase/control/install/traj_planning_msg/share/traj_planning_msg/hook/cmake_prefix_path.ps1'
[1.094s] INFO:colcon.colcon_core.shell:Creating environment descriptor '/home/bentoaz/NSF_IRES_2025_Codebase/control/install/traj_planning_msg/share/traj_planning_msg/hook/cmake_prefix_path.dsv'
[1.094s] INFO:colcon.colcon_core.shell:Creating environment hook '/home/bentoaz/NSF_IRES_2025_Codebase/control/install/traj_planning_msg/share/traj_planning_msg/hook/cmake_prefix_path.sh'
[1.095s] Level 1:colcon.colcon_core.environment:checking '/home/bentoaz/NSF_IRES_2025_Codebase/control/install/traj_planning_msg/lib'
[1.095s] Level 1:colcon.colcon_core.shell:create_environment_hook('traj_planning_msg', 'ld_library_path_lib')
[1.095s] INFO:colcon.colcon_core.shell:Creating environment hook '/home/bentoaz/NSF_IRES_2025_Codebase/control/install/traj_planning_msg/share/traj_planning_msg/hook/ld_library_path_lib.ps1'
[1.095s] INFO:colcon.colcon_core.shell:Creating environment descriptor '/home/bentoaz/NSF_IRES_2025_Codebase/control/install/traj_planning_msg/share/traj_planning_msg/hook/ld_library_path_lib.dsv'
[1.096s] INFO:colcon.colcon_core.shell:Creating environment hook '/home/bentoaz/NSF_IRES_2025_Codebase/control/install/traj_planning_msg/share/traj_planning_msg/hook/ld_library_path_lib.sh'
[1.096s] Level 1:colcon.colcon_core.environment:checking '/home/bentoaz/NSF_IRES_2025_Codebase/control/install/traj_planning_msg/bin'
[1.096s] Level 1:colcon.colcon_core.environment:checking '/home/bentoaz/NSF_IRES_2025_Codebase/control/install/traj_planning_msg/lib/pkgconfig/traj_planning_msg.pc'
[1.096s] Level 1:colcon.colcon_core.environment:checking '/home/bentoaz/NSF_IRES_2025_Codebase/control/install/traj_planning_msg/lib/python3.10/site-packages'
[1.097s] Level 1:colcon.colcon_core.environment:checking '/home/bentoaz/NSF_IRES_2025_Codebase/control/install/traj_planning_msg/bin'
[1.097s] INFO:colcon.colcon_core.shell:Creating package script '/home/bentoaz/NSF_IRES_2025_Codebase/control/install/traj_planning_msg/share/traj_planning_msg/package.ps1'
[1.097s] INFO:colcon.colcon_core.shell:Creating package descriptor '/home/bentoaz/NSF_IRES_2025_Codebase/control/install/traj_planning_msg/share/traj_planning_msg/package.dsv'
[1.098s] INFO:colcon.colcon_core.shell:Creating package script '/home/bentoaz/NSF_IRES_2025_Codebase/control/install/traj_planning_msg/share/traj_planning_msg/package.sh'
[1.098s] INFO:colcon.colcon_core.shell:Creating package script '/home/bentoaz/NSF_IRES_2025_Codebase/control/install/traj_planning_msg/share/traj_planning_msg/package.bash'
[1.099s] INFO:colcon.colcon_core.shell:Creating package script '/home/bentoaz/NSF_IRES_2025_Codebase/control/install/traj_planning_msg/share/traj_planning_msg/package.zsh'
[1.099s] Level 1:colcon.colcon_core.environment:create_file_with_runtime_dependencies(/home/bentoaz/NSF_IRES_2025_Codebase/control/install/traj_planning_msg/share/colcon-core/packages/traj_planning_msg)
[1.100s] Level 1:colcon.colcon_core.environment:create_environment_scripts_only(traj_planning_msg)
[1.100s] Level 1:colcon.colcon_core.environment:checking '/home/bentoaz/NSF_IRES_2025_Codebase/control/install/traj_planning_msg' for CMake module files
[1.100s] Level 1:colcon.colcon_core.environment:checking '/home/bentoaz/NSF_IRES_2025_Codebase/control/install/traj_planning_msg' for CMake config files
[1.101s] Level 1:colcon.colcon_core.shell:create_environment_hook('traj_planning_msg', 'cmake_prefix_path')
[1.101s] INFO:colcon.colcon_core.shell:Creating environment hook '/home/bentoaz/NSF_IRES_2025_Codebase/control/install/traj_planning_msg/share/traj_planning_msg/hook/cmake_prefix_path.ps1'
[1.101s] INFO:colcon.colcon_core.shell:Creating environment descriptor '/home/bentoaz/NSF_IRES_2025_Codebase/control/install/traj_planning_msg/share/traj_planning_msg/hook/cmake_prefix_path.dsv'
[1.101s] INFO:colcon.colcon_core.shell:Creating environment hook '/home/bentoaz/NSF_IRES_2025_Codebase/control/install/traj_planning_msg/share/traj_planning_msg/hook/cmake_prefix_path.sh'
[1.102s] Level 1:colcon.colcon_core.environment:checking '/home/bentoaz/NSF_IRES_2025_Codebase/control/install/traj_planning_msg/lib'
[1.102s] Level 1:colcon.colcon_core.shell:create_environment_hook('traj_planning_msg', 'ld_library_path_lib')
[1.102s] INFO:colcon.colcon_core.shell:Creating environment hook '/home/bentoaz/NSF_IRES_2025_Codebase/control/install/traj_planning_msg/share/traj_planning_msg/hook/ld_library_path_lib.ps1'
[1.102s] INFO:colcon.colcon_core.shell:Creating environment descriptor '/home/bentoaz/NSF_IRES_2025_Codebase/control/install/traj_planning_msg/share/traj_planning_msg/hook/ld_library_path_lib.dsv'
[1.102s] INFO:colcon.colcon_core.shell:Creating environment hook '/home/bentoaz/NSF_IRES_2025_Codebase/control/install/traj_planning_msg/share/traj_planning_msg/hook/ld_library_path_lib.sh'
[1.102s] Level 1:colcon.colcon_core.environment:checking '/home/bentoaz/NSF_IRES_2025_Codebase/control/install/traj_planning_msg/bin'
[1.102s] Level 1:colcon.colcon_core.environment:checking '/home/bentoaz/NSF_IRES_2025_Codebase/control/install/traj_planning_msg/lib/pkgconfig/traj_planning_msg.pc'
[1.102s] Level 1:colcon.colcon_core.environment:checking '/home/bentoaz/NSF_IRES_2025_Codebase/control/install/traj_planning_msg/lib/python3.10/site-packages'
[1.103s] Level 1:colcon.colcon_core.environment:checking '/home/bentoaz/NSF_IRES_2025_Codebase/control/install/traj_planning_msg/bin'
[1.103s] INFO:colcon.colcon_core.shell:Creating package script '/home/bentoaz/NSF_IRES_2025_Codebase/control/install/traj_planning_msg/share/traj_planning_msg/package.ps1'
[1.103s] INFO:colcon.colcon_core.shell:Creating package descriptor '/home/bentoaz/NSF_IRES_2025_Codebase/control/install/traj_planning_msg/share/traj_planning_msg/package.dsv'
[1.103s] INFO:colcon.colcon_core.shell:Creating package script '/home/bentoaz/NSF_IRES_2025_Codebase/control/install/traj_planning_msg/share/traj_planning_msg/package.sh'
[1.103s] INFO:colcon.colcon_core.shell:Creating package script '/home/bentoaz/NSF_IRES_2025_Codebase/control/install/traj_planning_msg/share/traj_planning_msg/package.bash'
[1.104s] INFO:colcon.colcon_core.shell:Creating package script '/home/bentoaz/NSF_IRES_2025_Codebase/control/install/traj_planning_msg/share/traj_planning_msg/package.zsh'
[1.104s] Level 1:colcon.colcon_core.environment:create_file_with_runtime_dependencies(/home/bentoaz/NSF_IRES_2025_Codebase/control/install/traj_planning_msg/share/colcon-core/packages/traj_planning_msg)
[1.104s] INFO:colcon.colcon_ros.task.ament_python.build:Building ROS package in '/home/bentoaz/NSF_IRES_2025_Codebase/control/src/traj_planning' with build type 'ament_python'
[1.104s] Level 1:colcon.colcon_core.shell:create_environment_hook('traj_planning', 'ament_prefix_path')
[1.104s] INFO:colcon.colcon_core.shell:Creating environment hook '/home/bentoaz/NSF_IRES_2025_Codebase/control/install/traj_planning/share/traj_planning/hook/ament_prefix_path.ps1'
[1.105s] INFO:colcon.colcon_core.shell:Creating environment descriptor '/home/bentoaz/NSF_IRES_2025_Codebase/control/install/traj_planning/share/traj_planning/hook/ament_prefix_path.dsv'
[1.105s] INFO:colcon.colcon_core.shell:Creating environment hook '/home/bentoaz/NSF_IRES_2025_Codebase/control/install/traj_planning/share/traj_planning/hook/ament_prefix_path.sh'
[1.105s] INFO:colcon.colcon_core.shell:Skip shell extension 'powershell' for command environment: Not usable outside of PowerShell
[1.105s] DEBUG:colcon.colcon_core.shell:Skip shell extension 'dsv' for command environment
[1.401s] INFO:colcon.colcon_core.task.python.build:Building Python package in '/home/bentoaz/NSF_IRES_2025_Codebase/control/src/traj_planning'
[1.402s] INFO:colcon.colcon_core.shell:Skip shell extension 'powershell' for command environment: Not usable outside of PowerShell
[1.402s] DEBUG:colcon.colcon_core.shell:Skip shell extension 'dsv' for command environment
[1.879s] DEBUG:colcon.colcon_core.event_handler.log_command:Invoking command in '/home/bentoaz/NSF_IRES_2025_Codebase/control/src/traj_planning': PYTHONPATH=/home/bentoaz/NSF_IRES_2025_Codebase/control/build/traj_planning/prefix_override:/usr/lib/python3/dist-packages/colcon_core/task/python/colcon_distutils_commands:/home/bentoaz/NSF_IRES_2025_Codebase/control/install/traj_planning/lib/python3.10/site-packages:${PYTHONPATH} /usr/bin/python3 -W ignore:setup.py install is deprecated -W ignore:easy_install command is deprecated setup.py egg_info --egg-base ../../build/traj_planning build --build-base /home/bentoaz/NSF_IRES_2025_Codebase/control/build/traj_planning/build install --record /home/bentoaz/NSF_IRES_2025_Codebase/control/build/traj_planning/install.log --single-version-externally-managed install_data
[2.202s] Level 1:colcon.colcon_core.environment:checking '/home/bentoaz/NSF_IRES_2025_Codebase/control/install/traj_planning' for CMake module files
[2.203s] DEBUG:colcon.colcon_core.event_handler.log_command:Invoked command in '/home/bentoaz/NSF_IRES_2025_Codebase/control/src/traj_planning' returned '0': PYTHONPATH=/home/bentoaz/NSF_IRES_2025_Codebase/control/build/traj_planning/prefix_override:/usr/lib/python3/dist-packages/colcon_core/task/python/colcon_distutils_commands:/home/bentoaz/NSF_IRES_2025_Codebase/control/install/traj_planning/lib/python3.10/site-packages:${PYTHONPATH} /usr/bin/python3 -W ignore:setup.py install is deprecated -W ignore:easy_install command is deprecated setup.py egg_info --egg-base ../../build/traj_planning build --build-base /home/bentoaz/NSF_IRES_2025_Codebase/control/build/traj_planning/build install --record /home/bentoaz/NSF_IRES_2025_Codebase/control/build/traj_planning/install.log --single-version-externally-managed install_data
[2.203s] Level 1:colcon.colcon_core.environment:checking '/home/bentoaz/NSF_IRES_2025_Codebase/control/install/traj_planning' for CMake config files
[2.204s] Level 1:colcon.colcon_core.environment:checking '/home/bentoaz/NSF_IRES_2025_Codebase/control/install/traj_planning/lib'
[2.204s] Level 1:colcon.colcon_core.environment:checking '/home/bentoaz/NSF_IRES_2025_Codebase/control/install/traj_planning/bin'
[2.204s] Level 1:colcon.colcon_core.environment:checking '/home/bentoaz/NSF_IRES_2025_Codebase/control/install/traj_planning/lib/pkgconfig/traj_planning.pc'
[2.204s] Level 1:colcon.colcon_core.environment:checking '/home/bentoaz/NSF_IRES_2025_Codebase/control/install/traj_planning/lib/python3.10/site-packages'
[2.204s] Level 1:colcon.colcon_core.shell:create_environment_hook('traj_planning', 'pythonpath')
[2.204s] INFO:colcon.colcon_core.shell:Creating environment hook '/home/bentoaz/NSF_IRES_2025_Codebase/control/install/traj_planning/share/traj_planning/hook/pythonpath.ps1'
[2.205s] INFO:colcon.colcon_core.shell:Creating environment descriptor '/home/bentoaz/NSF_IRES_2025_Codebase/control/install/traj_planning/share/traj_planning/hook/pythonpath.dsv'
[2.205s] INFO:colcon.colcon_core.shell:Creating environment hook '/home/bentoaz/NSF_IRES_2025_Codebase/control/install/traj_planning/share/traj_planning/hook/pythonpath.sh'
[2.206s] Level 1:colcon.colcon_core.environment:checking '/home/bentoaz/NSF_IRES_2025_Codebase/control/install/traj_planning/bin'
[2.206s] Level 1:colcon.colcon_core.environment:create_environment_scripts_only(traj_planning)
[2.206s] INFO:colcon.colcon_core.shell:Creating package script '/home/bentoaz/NSF_IRES_2025_Codebase/control/install/traj_planning/share/traj_planning/package.ps1'
[2.207s] INFO:colcon.colcon_core.shell:Creating package descriptor '/home/bentoaz/NSF_IRES_2025_Codebase/control/install/traj_planning/share/traj_planning/package.dsv'
[2.207s] INFO:colcon.colcon_core.shell:Creating package script '/home/bentoaz/NSF_IRES_2025_Codebase/control/install/traj_planning/share/traj_planning/package.sh'
[2.208s] INFO:colcon.colcon_core.shell:Creating package script '/home/bentoaz/NSF_IRES_2025_Codebase/control/install/traj_planning/share/traj_planning/package.bash'
[2.208s] INFO:colcon.colcon_core.shell:Creating package script '/home/bentoaz/NSF_IRES_2025_Codebase/control/install/traj_planning/share/traj_planning/package.zsh'
[2.209s] Level 1:colcon.colcon_core.environment:create_file_with_runtime_dependencies(/home/bentoaz/NSF_IRES_2025_Codebase/control/install/traj_planning/share/colcon-core/packages/traj_planning)
[2.209s] DEBUG:colcon.colcon_parallel_executor.executor.parallel:closing loop
[2.209s] DEBUG:colcon.colcon_parallel_executor.executor.parallel:loop closed
[2.209s] DEBUG:colcon.colcon_parallel_executor.executor.parallel:run_until_complete finished with '0'
[2.209s] DEBUG:colcon.colcon_core.event_reactor:joining thread
[2.221s] INFO:colcon.colcon_core.plugin_system:Skipping extension 'colcon_notification.desktop_notification.terminal_notifier': Not used on non-Darwin systems
[2.221s] INFO:colcon.colcon_core.plugin_system:Skipping extension 'colcon_notification.desktop_notification.win32': Not used on non-Windows systems
[2.221s] INFO:colcon.colcon_notification.desktop_notification:Sending desktop notification using 'notify2'
[2.232s] DEBUG:colcon.colcon_core.event_reactor:joined thread
[2.232s] INFO:colcon.colcon_core.shell:Creating prefix script '/home/bentoaz/NSF_IRES_2025_Codebase/control/install/local_setup.ps1'
[2.234s] INFO:colcon.colcon_core.shell:Creating prefix util module '/home/bentoaz/NSF_IRES_2025_Codebase/control/install/_local_setup_util_ps1.py'
[2.235s] INFO:colcon.colcon_core.shell:Creating prefix chain script '/home/bentoaz/NSF_IRES_2025_Codebase/control/install/setup.ps1'
[2.247s] INFO:colcon.colcon_core.shell:Creating prefix script '/home/bentoaz/NSF_IRES_2025_Codebase/control/install/local_setup.sh'
[2.248s] INFO:colcon.colcon_core.shell:Creating prefix util module '/home/bentoaz/NSF_IRES_2025_Codebase/control/install/_local_setup_util_sh.py'
[2.248s] INFO:colcon.colcon_core.shell:Creating prefix chain script '/home/bentoaz/NSF_IRES_2025_Codebase/control/install/setup.sh'
[2.258s] INFO:colcon.colcon_core.shell:Creating prefix script '/home/bentoaz/NSF_IRES_2025_Codebase/control/install/local_setup.bash'
[2.258s] INFO:colcon.colcon_core.shell:Creating prefix chain script '/home/bentoaz/NSF_IRES_2025_Codebase/control/install/setup.bash'
[2.267s] INFO:colcon.colcon_core.shell:Creating prefix script '/home/bentoaz/NSF_IRES_2025_Codebase/control/install/local_setup.zsh'
[2.267s] INFO:colcon.colcon_core.shell:Creating prefix chain script '/home/bentoaz/NSF_IRES_2025_Codebase/control/install/setup.zsh'
