[0.405s] Invoking command in '/home/bentoaz/f1tenth_experimental_ws/build/safety_node': CMAKE_PREFIX_PATH=${CMAKE_PREFIX_PATH}:/home/bentoaz/f1tenth_experimental_ws/install/stanley_avoidance:/home/bentoaz/f1tenth_experimental_ws/install/particle_filter:/home/bentoaz/f1tenth_experimental_ws/install/local_planner:/home/bentoaz/f1tenth_gym_ros/install/f1tenth_gym_ros:/home/bentoaz/autoware/install/autoware_carla_interface:/home/bentoaz/autoware/install/ros2agnocast:/home/bentoaz/autoware/install/autoware_adapi_visualizers:/opt/ros/humble /usr/bin/cmake --build /home/bentoaz/f1tenth_experimental_ws/build/safety_node -- -j16 -l16
[0.731s] [100%] Built target safety_node
[0.731s] [100%] Built target ament_cmake_python_symlink_safety_node_setup
[0.731s] [100%] Built target ament_cmake_python_symlink_safety_node
[1.064s] /usr/lib/python3/dist-packages/setuptools/dist.py:723: UserWarning: Usage of dash-separated 'script-dir' will not be supported in future versions. Please use the underscore name 'script_dir' instead
[1.064s]   warnings.warn(
[1.064s] /usr/lib/python3/dist-packages/setuptools/dist.py:723: UserWarning: Usage of dash-separated 'install-scripts' will not be supported in future versions. Please use the underscore name 'install_scripts' instead
[1.064s]   warnings.warn(
[1.071s] running egg_info
[1.072s] writing safety_node.egg-info/PKG-INFO
[1.072s] writing dependency_links to safety_node.egg-info/dependency_links.txt
[1.073s] writing top-level names to safety_node.egg-info/top_level.txt
[1.076s] reading manifest file 'safety_node.egg-info/SOURCES.txt'
[1.076s] writing manifest file 'safety_node.egg-info/SOURCES.txt'
[1.124s] [100%] Built target ament_cmake_python_build_safety_node_egg
[1.258s] Invoked command in '/home/bentoaz/f1tenth_experimental_ws/build/safety_node' returned '0': CMAKE_PREFIX_PATH=${CMAKE_PREFIX_PATH}:/home/bentoaz/f1tenth_experimental_ws/install/stanley_avoidance:/home/bentoaz/f1tenth_experimental_ws/install/particle_filter:/home/bentoaz/f1tenth_experimental_ws/install/local_planner:/home/bentoaz/f1tenth_gym_ros/install/f1tenth_gym_ros:/home/bentoaz/autoware/install/autoware_carla_interface:/home/bentoaz/autoware/install/ros2agnocast:/home/bentoaz/autoware/install/autoware_adapi_visualizers:/opt/ros/humble /usr/bin/cmake --build /home/bentoaz/f1tenth_experimental_ws/build/safety_node -- -j16 -l16
[1.258s] Invoking command in '/home/bentoaz/f1tenth_experimental_ws/build/safety_node': CMAKE_PREFIX_PATH=${CMAKE_PREFIX_PATH}:/home/bentoaz/f1tenth_experimental_ws/install/stanley_avoidance:/home/bentoaz/f1tenth_experimental_ws/install/particle_filter:/home/bentoaz/f1tenth_experimental_ws/install/local_planner:/home/bentoaz/f1tenth_gym_ros/install/f1tenth_gym_ros:/home/bentoaz/autoware/install/autoware_carla_interface:/home/bentoaz/autoware/install/ros2agnocast:/home/bentoaz/autoware/install/autoware_adapi_visualizers:/opt/ros/humble /usr/bin/cmake --install /home/bentoaz/f1tenth_experimental_ws/build/safety_node
[1.289s] -- Install configuration: ""
[1.289s] -- Execute custom install script
[1.290s] -- Up-to-date symlink: /home/bentoaz/f1tenth_experimental_ws/install/safety_node/lib/safety_node/safety_node
[1.290s] -- Up-to-date symlink: /home/bentoaz/f1tenth_experimental_ws/install/safety_node/share/safety_node/environment/pythonpath.sh
[1.290s] -- Up-to-date symlink: /home/bentoaz/f1tenth_experimental_ws/install/safety_node/share/safety_node/environment/pythonpath.dsv
[1.290s] -- Up-to-date symlink: /home/bentoaz/f1tenth_experimental_ws/install/safety_node/local/lib/python3.10/dist-packages/safety_node-0.0.0-py3.10.egg-info/PKG-INFO
[1.290s] -- Up-to-date symlink: /home/bentoaz/f1tenth_experimental_ws/install/safety_node/local/lib/python3.10/dist-packages/safety_node-0.0.0-py3.10.egg-info/SOURCES.txt
[1.291s] -- Up-to-date symlink: /home/bentoaz/f1tenth_experimental_ws/install/safety_node/local/lib/python3.10/dist-packages/safety_node-0.0.0-py3.10.egg-info/dependency_links.txt
[1.291s] -- Up-to-date symlink: /home/bentoaz/f1tenth_experimental_ws/install/safety_node/local/lib/python3.10/dist-packages/safety_node-0.0.0-py3.10.egg-info/top_level.txt
[1.291s] -- Up-to-date symlink: /home/bentoaz/f1tenth_experimental_ws/install/safety_node/local/lib/python3.10/dist-packages/safety_node/__init__.py
[1.291s] -- Up-to-date symlink: /home/bentoaz/f1tenth_experimental_ws/install/safety_node/lib/safety_node/safety_node.py
[1.291s] -- Up-to-date symlink: /home/bentoaz/f1tenth_experimental_ws/install/safety_node/share/ament_index/resource_index/package_run_dependencies/safety_node
[1.291s] -- Up-to-date symlink: /home/bentoaz/f1tenth_experimental_ws/install/safety_node/share/ament_index/resource_index/parent_prefix_path/safety_node
[1.292s] -- Up-to-date symlink: /home/bentoaz/f1tenth_experimental_ws/install/safety_node/share/safety_node/environment/ament_prefix_path.sh
[1.292s] -- Up-to-date symlink: /home/bentoaz/f1tenth_experimental_ws/install/safety_node/share/safety_node/environment/ament_prefix_path.dsv
[1.292s] -- Up-to-date symlink: /home/bentoaz/f1tenth_experimental_ws/install/safety_node/share/safety_node/environment/path.sh
[1.292s] -- Up-to-date symlink: /home/bentoaz/f1tenth_experimental_ws/install/safety_node/share/safety_node/environment/path.dsv
[1.292s] -- Up-to-date symlink: /home/bentoaz/f1tenth_experimental_ws/install/safety_node/share/safety_node/local_setup.bash
[1.292s] -- Up-to-date symlink: /home/bentoaz/f1tenth_experimental_ws/install/safety_node/share/safety_node/local_setup.sh
[1.292s] -- Up-to-date symlink: /home/bentoaz/f1tenth_experimental_ws/install/safety_node/share/safety_node/local_setup.zsh
[1.293s] -- Up-to-date symlink: /home/bentoaz/f1tenth_experimental_ws/install/safety_node/share/safety_node/local_setup.dsv
[1.293s] -- Symlinking: /home/bentoaz/f1tenth_experimental_ws/install/safety_node/share/safety_node/package.dsv
[1.319s] -- Up-to-date symlink: /home/bentoaz/f1tenth_experimental_ws/install/safety_node/share/ament_index/resource_index/packages/safety_node
[1.319s] -- Up-to-date symlink: /home/bentoaz/f1tenth_experimental_ws/install/safety_node/share/safety_node/cmake/safety_nodeConfig.cmake
[1.319s] -- Up-to-date symlink: /home/bentoaz/f1tenth_experimental_ws/install/safety_node/share/safety_node/cmake/safety_nodeConfig-version.cmake
[1.319s] -- Up-to-date symlink: /home/bentoaz/f1tenth_experimental_ws/install/safety_node/share/safety_node/package.xml
[1.400s] Listing '/home/bentoaz/f1tenth_experimental_ws/install/safety_node/local/lib/python3.10/dist-packages/safety_node'...
[1.414s] Invoked command in '/home/bentoaz/f1tenth_experimental_ws/build/safety_node' returned '0': CMAKE_PREFIX_PATH=${CMAKE_PREFIX_PATH}:/home/bentoaz/f1tenth_experimental_ws/install/stanley_avoidance:/home/bentoaz/f1tenth_experimental_ws/install/particle_filter:/home/bentoaz/f1tenth_experimental_ws/install/local_planner:/home/bentoaz/f1tenth_gym_ros/install/f1tenth_gym_ros:/home/bentoaz/autoware/install/autoware_carla_interface:/home/bentoaz/autoware/install/ros2agnocast:/home/bentoaz/autoware/install/autoware_adapi_visualizers:/opt/ros/humble /usr/bin/cmake --install /home/bentoaz/f1tenth_experimental_ws/build/safety_node
