running develop
running egg_info
writing stanley_avoidance.egg-info/PKG-INFO
writing dependency_links to stanley_avoidance.egg-info/dependency_links.txt
writing entry points to stanley_avoidance.egg-info/entry_points.txt
writing requirements to stanley_avoidance.egg-info/requires.txt
writing top-level names to stanley_avoidance.egg-info/top_level.txt
reading manifest file 'stanley_avoidance.egg-info/SOURCES.txt'
writing manifest file 'stanley_avoidance.egg-info/SOURCES.txt'
running build_ext
Creating /home/bentoaz/f1tenth_experimental_ws/install/stanley_avoidance/lib/python3.10/site-packages/stanley-avoidance.egg-link (link to .)
Installing stanley_avoidance script to /home/bentoaz/f1tenth_experimental_ws/install/stanley_avoidance/lib/stanley_avoidance

Installed /home/bentoaz/f1tenth_experimental_ws/build/stanley_avoidance
running symlink_data
symbolically linking /home/bentoaz/f1tenth_experimental_ws/build/stanley_avoidance/resource/stanley_avoidance -> /home/bentoaz/f1tenth_experimental_ws/install/stanley_avoidance/share/ament_index/resource_index/packages
symbolically linking /home/bentoaz/f1tenth_experimental_ws/build/stanley_avoidance/package.xml -> /home/bentoaz/f1tenth_experimental_ws/install/stanley_avoidance/share/stanley_avoidance
symbolically linking /home/bentoaz/f1tenth_experimental_ws/build/stanley_avoidance/launch/sim_stanley_avoidance_launch.py -> /home/bentoaz/f1tenth_experimental_ws/install/stanley_avoidance/share/stanley_avoidance/launch
symbolically linking /home/bentoaz/f1tenth_experimental_ws/build/stanley_avoidance/launch/stanley_avoidance_launch.py -> /home/bentoaz/f1tenth_experimental_ws/install/stanley_avoidance/share/stanley_avoidance/launch
symbolically linking /home/bentoaz/f1tenth_experimental_ws/build/stanley_avoidance/launch/sim_multi_agent_stanley_avoidance_launch.py -> /home/bentoaz/f1tenth_experimental_ws/install/stanley_avoidance/share/stanley_avoidance/launch
symbolically linking /home/bentoaz/f1tenth_experimental_ws/build/stanley_avoidance/launch/stanley_avoidance.rviz -> /home/bentoaz/f1tenth_experimental_ws/install/stanley_avoidance/share/stanley_avoidance/launch
symbolically linking /home/bentoaz/f1tenth_experimental_ws/build/stanley_avoidance/config/sim_config.yaml -> /home/bentoaz/f1tenth_experimental_ws/install/stanley_avoidance/share/stanley_avoidance/config
symbolically linking /home/bentoaz/f1tenth_experimental_ws/build/stanley_avoidance/config/config.yaml -> /home/bentoaz/f1tenth_experimental_ws/install/stanley_avoidance/share/stanley_avoidance/config
