/home/bentoaz/NSF_IRES_2025_Codebase/control/install/traj_planning/lib/python3.10/site-packages/traj_planning/__init__.py
/home/bentoaz/NSF_IRES_2025_Codebase/control/install/traj_planning/lib/python3.10/site-packages/traj_planning/traj_server.py
/home/bentoaz/NSF_IRES_2025_Codebase/control/install/traj_planning/lib/python3.10/site-packages/traj_planning/constants.py
/home/bentoaz/NSF_IRES_2025_Codebase/control/install/traj_planning/lib/python3.10/site-packages/traj_planning/traj_selecter.py
/home/bentoaz/NSF_IRES_2025_Codebase/control/install/traj_planning/lib/python3.10/site-packages/traj_planning/visualizer.py
/home/bentoaz/NSF_IRES_2025_Codebase/control/install/traj_planning/lib/python3.10/site-packages/traj_planning/local_planner.py
/home/bentoaz/NSF_IRES_2025_Codebase/control/install/traj_planning/lib/python3.10/site-packages/traj_planning/__pycache__/__init__.cpython-310.pyc
/home/bentoaz/NSF_IRES_2025_Codebase/control/install/traj_planning/lib/python3.10/site-packages/traj_planning/__pycache__/traj_server.cpython-310.pyc
/home/bentoaz/NSF_IRES_2025_Codebase/control/install/traj_planning/lib/python3.10/site-packages/traj_planning/__pycache__/constants.cpython-310.pyc
/home/bentoaz/NSF_IRES_2025_Codebase/control/install/traj_planning/lib/python3.10/site-packages/traj_planning/__pycache__/traj_selecter.cpython-310.pyc
/home/bentoaz/NSF_IRES_2025_Codebase/control/install/traj_planning/lib/python3.10/site-packages/traj_planning/__pycache__/visualizer.cpython-310.pyc
/home/bentoaz/NSF_IRES_2025_Codebase/control/install/traj_planning/lib/python3.10/site-packages/traj_planning/__pycache__/local_planner.cpython-310.pyc
/home/bentoaz/NSF_IRES_2025_Codebase/control/install/traj_planning/share/ament_index/resource_index/packages/traj_planning
/home/bentoaz/NSF_IRES_2025_Codebase/control/install/traj_planning/share/traj_planning/package.xml
/home/bentoaz/NSF_IRES_2025_Codebase/control/install/traj_planning/lib/python3.10/site-packages/traj_planning-0.0.0-py3.10.egg-info/requires.txt
/home/bentoaz/NSF_IRES_2025_Codebase/control/install/traj_planning/lib/python3.10/site-packages/traj_planning-0.0.0-py3.10.egg-info/zip-safe
/home/bentoaz/NSF_IRES_2025_Codebase/control/install/traj_planning/lib/python3.10/site-packages/traj_planning-0.0.0-py3.10.egg-info/SOURCES.txt
/home/bentoaz/NSF_IRES_2025_Codebase/control/install/traj_planning/lib/python3.10/site-packages/traj_planning-0.0.0-py3.10.egg-info/entry_points.txt
/home/bentoaz/NSF_IRES_2025_Codebase/control/install/traj_planning/lib/python3.10/site-packages/traj_planning-0.0.0-py3.10.egg-info/dependency_links.txt
/home/bentoaz/NSF_IRES_2025_Codebase/control/install/traj_planning/lib/python3.10/site-packages/traj_planning-0.0.0-py3.10.egg-info/top_level.txt
/home/bentoaz/NSF_IRES_2025_Codebase/control/install/traj_planning/lib/python3.10/site-packages/traj_planning-0.0.0-py3.10.egg-info/PKG-INFO
/home/bentoaz/NSF_IRES_2025_Codebase/control/install/traj_planning/lib/traj_planning/local_planner
/home/bentoaz/NSF_IRES_2025_Codebase/control/install/traj_planning/lib/traj_planning/traj_selecter
/home/bentoaz/NSF_IRES_2025_Codebase/control/install/traj_planning/lib/traj_planning/traj_server
/home/bentoaz/NSF_IRES_2025_Codebase/control/install/traj_planning/lib/traj_planning/visualizer
