[0.000000] (-) TimerEvent: {}
[0.000418] (traj_planning_msg) JobQueued: {'identifier': 'traj_planning_msg', 'dependencies': OrderedDict()}
[0.000495] (traj_planning) JobQueued: {'identifier': 'traj_planning', 'dependencies': OrderedDict([('traj_planning_msg', '/home/bentoaz/NSF_IRES_2025_Codebase/control/install/traj_planning_msg')])}
[0.000612] (traj_planning_msg) JobStarted: {'identifier': 'traj_planning_msg'}
[0.005808] (traj_planning_msg) JobProgress: {'identifier': 'traj_planning_msg', 'progress': 'cmake'}
[0.006701] (traj_planning_msg) JobProgress: {'identifier': 'traj_planning_msg', 'progress': 'build'}
[0.006725] (traj_planning_msg) Command: {'cmd': ['/usr/bin/cmake', '--build', '/home/bentoaz/NSF_IRES_2025_Codebase/control/build/traj_planning_msg', '--', '-j16', '-l16'], 'cwd': '/home/bentoaz/NSF_IRES_2025_Codebase/control/build/traj_planning_msg', 'env': OrderedDict([('LANGUAGE', 'en_CA:en'), ('USER', 'bentoaz'), ('XDG_SESSION_TYPE', 'x11'), ('SHLVL', '1'), ('LD_LIBRARY_PATH', '/home/bentoaz/NSF_IRES_2025_Codebase/control/install/traj_planning_msg/lib:/home/bentoaz/CARLA_PROJECT/ros2_bridge_ws/ros-bridge/install/rviz_carla_plugin/lib:/home/bentoaz/CARLA_PROJECT/ros2_bridge_ws/ros-bridge/install/carla_waypoint_types/lib:/home/bentoaz/CARLA_PROJECT/ros2_bridge_ws/ros-bridge/install/carla_ros_scenario_runner_types/lib:/home/bentoaz/CARLA_PROJECT/ros2_bridge_ws/ros-bridge/install/carla_ackermann_msgs/lib:/home/bentoaz/CARLA_PROJECT/ros2_bridge_ws/ros-bridge/install/carla_msgs/lib:/opt/ros/humble/opt/rviz_ogre_vendor/lib:/opt/ros/humble/lib/x86_64-linux-gnu:/opt/ros/humble/lib'), ('HOME', '/home/bentoaz'), ('OLDPWD', '/home/bentoaz/NSF_IRES_2025_Codebase'), ('DESKTOP_SESSION', 'ubuntu'), ('ROS_PYTHON_VERSION', '3'), ('GNOME_SHELL_SESSION_MODE', 'ubuntu'), ('GTK_MODULES', 'gail:atk-bridge'), ('SYSTEMD_EXEC_PID', '2913'), ('DBUS_SESSION_BUS_ADDRESS', 'unix:path=/run/user/1001/bus'), ('COLORTERM', 'truecolor'), ('COLCON_PREFIX_PATH', '/home/bentoaz/NSF_IRES_2025_Codebase/control/install:/home/bentoaz/CARLA_PROJECT/ros2_bridge_ws/ros-bridge/install'), ('ROS_DISTRO', 'humble'), ('GTK_IM_MODULE', 'ibus'), ('LOGNAME', 'bentoaz'), ('_', '/usr/bin/colcon'), ('ROS_VERSION', '2'), ('XDG_SESSION_CLASS', 'user'), ('USERNAME', 'bentoaz'), ('TERM', 'xterm-256color'), ('GNOME_DESKTOP_SESSION_ID', 'this-is-deprecated'), ('ROS_LOCALHOST_ONLY', '0'), ('WINDOWPATH', '2'), ('PATH', '/opt/ros/humble/bin:/usr/local/sbin:/usr/local/bin:/usr/sbin:/usr/bin:/sbin:/bin:/usr/games:/usr/local/games:/snap/bin:/snap/bin'), ('SESSION_MANAGER', 'local/bhargav-Precision-3580:@/tmp/.ICE-unix/2667,unix/bhargav-Precision-3580:/tmp/.ICE-unix/2667'), ('XDG_MENU_PREFIX', 'gnome-'), ('GNOME_TERMINAL_SCREEN', '/org/gnome/Terminal/screen/df0e3174_2cf3_41ca_bd7f_2bd7e89fe4d8'), ('XDG_RUNTIME_DIR', '/run/user/1001'), ('DISPLAY', ':1'), ('LANG', 'en_US.UTF-8'), ('XDG_CURRENT_DESKTOP', 'ubuntu:GNOME'), ('XMODIFIERS', '@im=ibus'), ('XDG_SESSION_DESKTOP', 'ubuntu'), ('XAUTHORITY', '/run/user/1001/gdm/Xauthority'), ('GNOME_TERMINAL_SERVICE', ':1.98'), ('SSH_AGENT_LAUNCHER', 'gnome-keyring'), ('SSH_AUTH_SOCK', '/run/user/1001/keyring/ssh'), ('AMENT_PREFIX_PATH', '/home/bentoaz/NSF_IRES_2025_Codebase/control/install/traj_planning_msg:/home/bentoaz/NSF_IRES_2025_Codebase/control/install/traj_planning:/home/bentoaz/CARLA_PROJECT/ros2_bridge_ws/ros-bridge/install/carla_ad_demo:/home/bentoaz/CARLA_PROJECT/ros2_bridge_ws/ros-bridge/install/rviz_carla_plugin:/home/bentoaz/CARLA_PROJECT/ros2_bridge_ws/ros-bridge/install/rqt_carla_control:/home/bentoaz/CARLA_PROJECT/ros2_bridge_ws/ros-bridge/install/pcl_recorder:/home/bentoaz/CARLA_PROJECT/ros2_bridge_ws/ros-bridge/install/carla_waypoint_publisher:/home/bentoaz/CARLA_PROJECT/ros2_bridge_ws/ros-bridge/install/carla_ackermann_control:/home/bentoaz/CARLA_PROJECT/ros2_bridge_ws/ros-bridge/install/carla_ros_bridge:/home/bentoaz/CARLA_PROJECT/ros2_bridge_ws/ros-bridge/install/carla_spawn_objects:/home/bentoaz/CARLA_PROJECT/ros2_bridge_ws/ros-bridge/install/carla_manual_control:/home/bentoaz/CARLA_PROJECT/ros2_bridge_ws/ros-bridge/install/carla_ad_agent:/home/bentoaz/CARLA_PROJECT/ros2_bridge_ws/ros-bridge/install/ros_compatibility:/home/bentoaz/CARLA_PROJECT/ros2_bridge_ws/ros-bridge/install/navigation:/home/bentoaz/CARLA_PROJECT/ros2_bridge_ws/ros-bridge/install/carla_waypoint_types:/home/bentoaz/CARLA_PROJECT/ros2_bridge_ws/ros-bridge/install/carla_walker_agent:/home/bentoaz/CARLA_PROJECT/ros2_bridge_ws/ros-bridge/install/carla_twist_to_control:/home/bentoaz/CARLA_PROJECT/ros2_bridge_ws/ros-bridge/install/carla_ros_scenario_runner:/home/bentoaz/CARLA_PROJECT/ros2_bridge_ws/ros-bridge/install/carla_ros_scenario_runner_types:/home/bentoaz/CARLA_PROJECT/ros2_bridge_ws/ros-bridge/install/carla_ackermann_msgs:/home/bentoaz/CARLA_PROJECT/ros2_bridge_ws/ros-bridge/install/carla_msgs:/home/bentoaz/CARLA_PROJECT/ros2_bridge_ws/ros-bridge/install/carla_common:/opt/ros/humble'), ('SHELL', '/bin/bash'), ('QT_ACCESSIBILITY', '1'), ('GDMSESSION', 'ubuntu'), ('GPG_AGENT_INFO', '/run/user/1001/gnupg/S.gpg-agent:0:1'), ('QT_IM_MODULE', 'ibus'), ('PWD', '/home/bentoaz/NSF_IRES_2025_Codebase/control/build/traj_planning_msg'), ('LC_ALL', 'en_US.UTF-8'), ('XDG_CONFIG_DIRS', '/etc/xdg/xdg-ubuntu:/etc/xdg'), ('XDG_DATA_DIRS', '/usr/share/ubuntu:/usr/share/gnome:/usr/local/share/:/usr/share/:/var/lib/snapd/desktop'), ('PYTHONPATH', '/home/bentoaz/NSF_IRES_2025_Codebase/control/install/traj_planning/lib/python3.10/site-packages:/home/bentoaz/CARLA_PROJECT/ros2_bridge_ws/ros-bridge/install/rqt_carla_control/lib/python3.10/site-packages:/home/bentoaz/CARLA_PROJECT/ros2_bridge_ws/ros-bridge/install/carla_waypoint_publisher/lib/python3.10/site-packages:/home/bentoaz/CARLA_PROJECT/ros2_bridge_ws/ros-bridge/install/carla_ackermann_control/lib/python3.10/site-packages:/home/bentoaz/CARLA_PROJECT/ros2_bridge_ws/ros-bridge/install/carla_ros_bridge/lib/python3.10/site-packages:/home/bentoaz/CARLA_PROJECT/ros2_bridge_ws/ros-bridge/install/carla_spawn_objects/lib/python3.10/site-packages:/home/bentoaz/CARLA_PROJECT/ros2_bridge_ws/ros-bridge/install/carla_manual_control/lib/python3.10/site-packages:/home/bentoaz/CARLA_PROJECT/ros2_bridge_ws/ros-bridge/install/carla_ad_agent/lib/python3.10/site-packages:/home/bentoaz/CARLA_PROJECT/ros2_bridge_ws/ros-bridge/install/ros_compatibility/lib/python3.10/site-packages:/home/bentoaz/CARLA_PROJECT/ros2_bridge_ws/ros-bridge/install/navigation/lib/python3.10/site-packages:/home/bentoaz/CARLA_PROJECT/ros2_bridge_ws/ros-bridge/install/carla_waypoint_types/local/lib/python3.10/dist-packages:/home/bentoaz/CARLA_PROJECT/ros2_bridge_ws/ros-bridge/install/carla_walker_agent/lib/python3.10/site-packages:/home/bentoaz/CARLA_PROJECT/ros2_bridge_ws/ros-bridge/install/carla_twist_to_control/lib/python3.10/site-packages:/home/bentoaz/CARLA_PROJECT/ros2_bridge_ws/ros-bridge/install/carla_ros_scenario_runner/lib/python3.10/site-packages:/home/bentoaz/CARLA_PROJECT/ros2_bridge_ws/ros-bridge/install/carla_ros_scenario_runner_types/local/lib/python3.10/dist-packages:/home/bentoaz/CARLA_PROJECT/ros2_bridge_ws/ros-bridge/install/carla_ackermann_msgs/local/lib/python3.10/dist-packages:/home/bentoaz/CARLA_PROJECT/ros2_bridge_ws/ros-bridge/install/carla_msgs/local/lib/python3.10/dist-packages:/home/bentoaz/CARLA_PROJECT/ros2_bridge_ws/ros-bridge/install/carla_common/lib/python3.10/site-packages:/opt/ros/humble/lib/python3.10/site-packages:/opt/ros/humble/local/lib/python3.10/dist-packages'), ('COLCON', '1'), ('VTE_VERSION', '6800'), ('CMAKE_PREFIX_PATH', '/home/bentoaz/NSF_IRES_2025_Codebase/control/install/traj_planning_msg:/home/bentoaz/CARLA_PROJECT/ros2_bridge_ws/ros-bridge/install/carla_ad_demo:/home/bentoaz/CARLA_PROJECT/ros2_bridge_ws/ros-bridge/install/rviz_carla_plugin:/home/bentoaz/CARLA_PROJECT/ros2_bridge_ws/ros-bridge/install/pcl_recorder:/home/bentoaz/CARLA_PROJECT/ros2_bridge_ws/ros-bridge/install/carla_waypoint_types:/home/bentoaz/CARLA_PROJECT/ros2_bridge_ws/ros-bridge/install/carla_ros_scenario_runner_types:/home/bentoaz/CARLA_PROJECT/ros2_bridge_ws/ros-bridge/install/carla_ackermann_msgs:/home/bentoaz/CARLA_PROJECT/ros2_bridge_ws/ros-bridge/install/carla_msgs:/home/bentoaz/NSF_IRES_2025_Codebase/control/install/traj_planning:/home/bentoaz/CARLA_PROJECT/ros2_bridge_ws/ros-bridge/install/rqt_carla_control:/home/bentoaz/CARLA_PROJECT/ros2_bridge_ws/ros-bridge/install/carla_waypoint_publisher:/home/bentoaz/CARLA_PROJECT/ros2_bridge_ws/ros-bridge/install/carla_ackermann_control:/home/bentoaz/CARLA_PROJECT/ros2_bridge_ws/ros-bridge/install/carla_ros_bridge:/home/bentoaz/CARLA_PROJECT/ros2_bridge_ws/ros-bridge/install/carla_spawn_objects:/home/bentoaz/CARLA_PROJECT/ros2_bridge_ws/ros-bridge/install/carla_manual_control:/home/bentoaz/CARLA_PROJECT/ros2_bridge_ws/ros-bridge/install/carla_ad_agent:/home/bentoaz/CARLA_PROJECT/ros2_bridge_ws/ros-bridge/install/ros_compatibility:/home/bentoaz/CARLA_PROJECT/ros2_bridge_ws/ros-bridge/install/navigation:/home/bentoaz/CARLA_PROJECT/ros2_bridge_ws/ros-bridge/install/carla_walker_agent:/home/bentoaz/CARLA_PROJECT/ros2_bridge_ws/ros-bridge/install/carla_twist_to_control:/home/bentoaz/CARLA_PROJECT/ros2_bridge_ws/ros-bridge/install/carla_ros_scenario_runner:/home/bentoaz/CARLA_PROJECT/ros2_bridge_ws/ros-bridge/install/carla_common:/opt/ros/humble')]), 'shell': False}
[0.025729] (traj_planning_msg) StdoutLine: {'line': b'-- Found ament_cmake: 1.3.11 (/opt/ros/humble/share/ament_cmake/cmake)\n'}
[0.099991] (-) TimerEvent: {}
[0.108995] (traj_planning_msg) StdoutLine: {'line': b'-- Found ament_lint_auto: 0.12.12 (/opt/ros/humble/share/ament_lint_auto/cmake)\n'}
[0.151841] (traj_planning_msg) StdoutLine: {'line': b'-- Found std_msgs: 4.8.0 (/opt/ros/humble/share/std_msgs/cmake)\n'}
[0.164918] (traj_planning_msg) StdoutLine: {'line': b'-- Found rosidl_generator_c: 3.1.6 (/opt/ros/humble/share/rosidl_generator_c/cmake)\n'}
[0.166168] (traj_planning_msg) StdoutLine: {'line': b'-- Found rosidl_adapter: 3.1.6 (/opt/ros/humble/share/rosidl_adapter/cmake)\n'}
[0.169092] (traj_planning_msg) StdoutLine: {'line': b'-- Found rosidl_generator_cpp: 3.1.6 (/opt/ros/humble/share/rosidl_generator_cpp/cmake)\n'}
[0.174312] (traj_planning_msg) StdoutLine: {'line': b'-- Using all available rosidl_typesupport_c: rosidl_typesupport_fastrtps_c;rosidl_typesupport_introspection_c\n'}
[0.180996] (traj_planning_msg) StdoutLine: {'line': b'-- Using all available rosidl_typesupport_cpp: rosidl_typesupport_fastrtps_cpp;rosidl_typesupport_introspection_cpp\n'}
[0.192514] (traj_planning_msg) StdoutLine: {'line': b'-- Found nav_msgs: 4.8.0 (/opt/ros/humble/share/nav_msgs/cmake)\n'}
[0.200127] (-) TimerEvent: {}
[0.210155] (traj_planning_msg) StdoutLine: {'line': b'-- Found rosidl_default_generators: 1.2.0 (/opt/ros/humble/share/rosidl_default_generators/cmake)\n'}
[0.300383] (-) TimerEvent: {}
[0.354497] (traj_planning_msg) StdoutLine: {'line': b'-- Found ament_cmake_ros: 0.10.0 (/opt/ros/humble/share/ament_cmake_ros/cmake)\n'}
[0.400473] (-) TimerEvent: {}
[0.500847] (-) TimerEvent: {}
[0.601202] (-) TimerEvent: {}
[0.644240] (traj_planning_msg) StdoutLine: {'line': b'-- Using all available rosidl_typesupport_c: rosidl_typesupport_fastrtps_c;rosidl_typesupport_introspection_c\n'}
[0.701436] (-) TimerEvent: {}
[0.752986] (traj_planning_msg) StdoutLine: {'line': b'-- Using all available rosidl_typesupport_cpp: rosidl_typesupport_fastrtps_cpp;rosidl_typesupport_introspection_cpp\n'}
[0.769182] (traj_planning_msg) StdoutLine: {'line': b'-- Found PythonInterp: /usr/bin/python3 (found suitable version "3.10.12", minimum required is "3.6") \n'}
[0.772077] (traj_planning_msg) StdoutLine: {'line': b'-- Found python_cmake_module: 0.10.0 (/opt/ros/humble/share/python_cmake_module/cmake)\n'}
[0.792876] (traj_planning_msg) StdoutLine: {'line': b'-- Found PythonLibs: /usr/lib/x86_64-linux-gnu/libpython3.10.so (found suitable version "3.10.12", minimum required is "3.5") \n'}
[0.792967] (traj_planning_msg) StdoutLine: {'line': b'-- Using PYTHON_EXECUTABLE: /usr/bin/python3\n'}
[0.792998] (traj_planning_msg) StdoutLine: {'line': b'-- Using PYTHON_INCLUDE_DIRS: /usr/include/python3.10\n'}
[0.793025] (traj_planning_msg) StdoutLine: {'line': b'-- Using PYTHON_LIBRARIES: /usr/lib/x86_64-linux-gnu/libpython3.10.so\n'}
[0.801497] (-) TimerEvent: {}
[0.814383] (traj_planning_msg) StdoutLine: {'line': b'-- Found PythonExtra: .so  \n'}
[0.868154] (traj_planning_msg) StdoutLine: {'line': b"-- Added test 'lint_cmake' to check CMake code style\n"}
[0.868582] (traj_planning_msg) StdoutLine: {'line': b"-- Added test 'xmllint' to check XML markup files\n"}
[0.870010] (traj_planning_msg) StdoutLine: {'line': b'-- Configuring done\n'}
[0.887228] (traj_planning_msg) StdoutLine: {'line': b'-- Generating done\n'}
[0.893828] (traj_planning_msg) StdoutLine: {'line': b'-- Build files have been written to: /home/bentoaz/NSF_IRES_2025_Codebase/control/build/traj_planning_msg\n'}
[0.901601] (-) TimerEvent: {}
[0.913764] (traj_planning_msg) StdoutLine: {'line': b'\x1b[35m\x1b[1mConsolidate compiler generated dependencies of target traj_planning_msg__rosidl_generator_c\x1b[0m\n'}
[0.922125] (traj_planning_msg) StdoutLine: {'line': b'[  3%] Built target traj_planning_msg__cpp\n'}
[0.923197] (traj_planning_msg) StdoutLine: {'line': b'[ 12%] Built target traj_planning_msg__rosidl_generator_c\n'}
[0.929145] (traj_planning_msg) StdoutLine: {'line': b'\x1b[35m\x1b[1mConsolidate compiler generated dependencies of target traj_planning_msg__rosidl_typesupport_cpp\x1b[0m\n'}
[0.929479] (traj_planning_msg) StdoutLine: {'line': b'\x1b[35m\x1b[1mConsolidate compiler generated dependencies of target traj_planning_msg__rosidl_typesupport_c\x1b[0m\n'}
[0.929590] (traj_planning_msg) StdoutLine: {'line': b'\x1b[35m\x1b[1mConsolidate compiler generated dependencies of target traj_planning_msg__rosidl_typesupport_fastrtps_cpp\x1b[0m\n'}
[0.929729] (traj_planning_msg) StdoutLine: {'line': b'[ 12%] Built target ament_cmake_python_copy_traj_planning_msg\n'}
[0.931645] (traj_planning_msg) StdoutLine: {'line': b'\x1b[35m\x1b[1mConsolidate compiler generated dependencies of target traj_planning_msg__rosidl_typesupport_introspection_cpp\x1b[0m\n'}
[0.932141] (traj_planning_msg) StdoutLine: {'line': b'\x1b[35m\x1b[1mConsolidate compiler generated dependencies of target traj_planning_msg__rosidl_typesupport_introspection_c\x1b[0m\n'}
[0.933152] (traj_planning_msg) StdoutLine: {'line': b'\x1b[35m\x1b[1mConsolidate compiler generated dependencies of target traj_planning_msg__rosidl_typesupport_fastrtps_c\x1b[0m\n'}
[0.936501] (traj_planning_msg) StdoutLine: {'line': b'[ 22%] Built target traj_planning_msg__rosidl_typesupport_c\n'}
[0.938012] (traj_planning_msg) StdoutLine: {'line': b'[ 32%] Built target traj_planning_msg__rosidl_typesupport_cpp\n'}
[0.941076] (traj_planning_msg) StdoutLine: {'line': b'[ 51%] Built target traj_planning_msg__rosidl_typesupport_introspection_cpp\n'}
[0.941260] (traj_planning_msg) StdoutLine: {'line': b'[ 51%] Built target traj_planning_msg__rosidl_typesupport_fastrtps_cpp\n'}
[0.941563] (traj_planning_msg) StdoutLine: {'line': b'[ 61%] Built target traj_planning_msg__rosidl_typesupport_introspection_c\n'}
[0.943021] (traj_planning_msg) StdoutLine: {'line': b'[ 70%] Built target traj_planning_msg__rosidl_typesupport_fastrtps_c\n'}
[0.957737] (traj_planning_msg) StdoutLine: {'line': b'[ 70%] Built target traj_planning_msg\n'}
[0.974290] (traj_planning_msg) StdoutLine: {'line': b'[ 74%] \x1b[34m\x1b[1mGenerating Python code for ROS interfaces\x1b[0m\n'}
[1.001731] (-) TimerEvent: {}
[1.095058] (traj_planning_msg) StdoutLine: {'line': b'running egg_info\n'}
[1.095307] (traj_planning_msg) StdoutLine: {'line': b'creating traj_planning_msg.egg-info\n'}
[1.095506] (traj_planning_msg) StdoutLine: {'line': b'writing traj_planning_msg.egg-info/PKG-INFO\n'}
[1.095583] (traj_planning_msg) StdoutLine: {'line': b'writing dependency_links to traj_planning_msg.egg-info/dependency_links.txt\n'}
[1.095728] (traj_planning_msg) StdoutLine: {'line': b'writing top-level names to traj_planning_msg.egg-info/top_level.txt\n'}
[1.095817] (traj_planning_msg) StdoutLine: {'line': b"writing manifest file 'traj_planning_msg.egg-info/SOURCES.txt'\n"}
[1.096753] (traj_planning_msg) StdoutLine: {'line': b"reading manifest file 'traj_planning_msg.egg-info/SOURCES.txt'\n"}
[1.096964] (traj_planning_msg) StdoutLine: {'line': b"writing manifest file 'traj_planning_msg.egg-info/SOURCES.txt'\n"}
[1.101849] (-) TimerEvent: {}
[1.115286] (traj_planning_msg) StdoutLine: {'line': b'[ 74%] Built target ament_cmake_python_build_traj_planning_msg_egg\n'}
[1.147716] (traj_planning_msg) StdoutLine: {'line': b'[ 74%] Built target traj_planning_msg__py\n'}
[1.161286] (traj_planning_msg) StdoutLine: {'line': b'[ 77%] \x1b[32mBuilding C object CMakeFiles/traj_planning_msg__rosidl_generator_py.dir/rosidl_generator_py/traj_planning_msg/msg/_path_list_s.c.o\x1b[0m\n'}
[1.202117] (-) TimerEvent: {}
[1.238294] (traj_planning_msg) StdoutLine: {'line': b'[ 80%] \x1b[32m\x1b[1mLinking C shared library rosidl_generator_py/traj_planning_msg/libtraj_planning_msg__rosidl_generator_py.so\x1b[0m\n'}
[1.264487] (traj_planning_msg) StdoutLine: {'line': b'[ 80%] Built target traj_planning_msg__rosidl_generator_py\n'}
[1.279603] (traj_planning_msg) StdoutLine: {'line': b'[ 83%] \x1b[32mBuilding C object CMakeFiles/traj_planning_msg__rosidl_typesupport_fastrtps_c__pyext.dir/rosidl_generator_py/traj_planning_msg/_traj_planning_msg_s.ep.rosidl_typesupport_fastrtps_c.c.o\x1b[0m\n'}
[1.280653] (traj_planning_msg) StdoutLine: {'line': b'[ 87%] \x1b[32mBuilding C object CMakeFiles/traj_planning_msg__rosidl_typesupport_c__pyext.dir/rosidl_generator_py/traj_planning_msg/_traj_planning_msg_s.ep.rosidl_typesupport_c.c.o\x1b[0m\n'}
[1.280736] (traj_planning_msg) StdoutLine: {'line': b'[ 90%] \x1b[32mBuilding C object CMakeFiles/traj_planning_msg__rosidl_typesupport_introspection_c__pyext.dir/rosidl_generator_py/traj_planning_msg/_traj_planning_msg_s.ep.rosidl_typesupport_introspection_c.c.o\x1b[0m\n'}
[1.302380] (-) TimerEvent: {}
[1.335462] (traj_planning_msg) StdoutLine: {'line': b'[ 93%] \x1b[32m\x1b[1mLinking C shared library rosidl_generator_py/traj_planning_msg/traj_planning_msg_s__rosidl_typesupport_introspection_c.cpython-310-x86_64-linux-gnu.so\x1b[0m\n'}
[1.337110] (traj_planning_msg) StdoutLine: {'line': b'[ 96%] \x1b[32m\x1b[1mLinking C shared library rosidl_generator_py/traj_planning_msg/traj_planning_msg_s__rosidl_typesupport_c.cpython-310-x86_64-linux-gnu.so\x1b[0m\n'}
[1.338879] (traj_planning_msg) StdoutLine: {'line': b'[100%] \x1b[32m\x1b[1mLinking C shared library rosidl_generator_py/traj_planning_msg/traj_planning_msg_s__rosidl_typesupport_fastrtps_c.cpython-310-x86_64-linux-gnu.so\x1b[0m\n'}
[1.364454] (traj_planning_msg) StdoutLine: {'line': b'[100%] Built target traj_planning_msg__rosidl_typesupport_c__pyext\n'}
[1.364620] (traj_planning_msg) StdoutLine: {'line': b'[100%] Built target traj_planning_msg__rosidl_typesupport_introspection_c__pyext\n'}
[1.369153] (traj_planning_msg) StdoutLine: {'line': b'[100%] Built target traj_planning_msg__rosidl_typesupport_fastrtps_c__pyext\n'}
[1.376049] (traj_planning_msg) CommandEnded: {'returncode': 0}
[1.376638] (traj_planning_msg) JobProgress: {'identifier': 'traj_planning_msg', 'progress': 'install'}
[1.383370] (traj_planning_msg) Command: {'cmd': ['/usr/bin/cmake', '--install', '/home/bentoaz/NSF_IRES_2025_Codebase/control/build/traj_planning_msg'], 'cwd': '/home/bentoaz/NSF_IRES_2025_Codebase/control/build/traj_planning_msg', 'env': OrderedDict([('LANGUAGE', 'en_CA:en'), ('USER', 'bentoaz'), ('XDG_SESSION_TYPE', 'x11'), ('SHLVL', '1'), ('LD_LIBRARY_PATH', '/home/bentoaz/NSF_IRES_2025_Codebase/control/install/traj_planning_msg/lib:/home/bentoaz/CARLA_PROJECT/ros2_bridge_ws/ros-bridge/install/rviz_carla_plugin/lib:/home/bentoaz/CARLA_PROJECT/ros2_bridge_ws/ros-bridge/install/carla_waypoint_types/lib:/home/bentoaz/CARLA_PROJECT/ros2_bridge_ws/ros-bridge/install/carla_ros_scenario_runner_types/lib:/home/bentoaz/CARLA_PROJECT/ros2_bridge_ws/ros-bridge/install/carla_ackermann_msgs/lib:/home/bentoaz/CARLA_PROJECT/ros2_bridge_ws/ros-bridge/install/carla_msgs/lib:/opt/ros/humble/opt/rviz_ogre_vendor/lib:/opt/ros/humble/lib/x86_64-linux-gnu:/opt/ros/humble/lib'), ('HOME', '/home/bentoaz'), ('OLDPWD', '/home/bentoaz/NSF_IRES_2025_Codebase'), ('DESKTOP_SESSION', 'ubuntu'), ('ROS_PYTHON_VERSION', '3'), ('GNOME_SHELL_SESSION_MODE', 'ubuntu'), ('GTK_MODULES', 'gail:atk-bridge'), ('SYSTEMD_EXEC_PID', '2913'), ('DBUS_SESSION_BUS_ADDRESS', 'unix:path=/run/user/1001/bus'), ('COLORTERM', 'truecolor'), ('COLCON_PREFIX_PATH', '/home/bentoaz/NSF_IRES_2025_Codebase/control/install:/home/bentoaz/CARLA_PROJECT/ros2_bridge_ws/ros-bridge/install'), ('ROS_DISTRO', 'humble'), ('GTK_IM_MODULE', 'ibus'), ('LOGNAME', 'bentoaz'), ('_', '/usr/bin/colcon'), ('ROS_VERSION', '2'), ('XDG_SESSION_CLASS', 'user'), ('USERNAME', 'bentoaz'), ('TERM', 'xterm-256color'), ('GNOME_DESKTOP_SESSION_ID', 'this-is-deprecated'), ('ROS_LOCALHOST_ONLY', '0'), ('WINDOWPATH', '2'), ('PATH', '/opt/ros/humble/bin:/usr/local/sbin:/usr/local/bin:/usr/sbin:/usr/bin:/sbin:/bin:/usr/games:/usr/local/games:/snap/bin:/snap/bin'), ('SESSION_MANAGER', 'local/bhargav-Precision-3580:@/tmp/.ICE-unix/2667,unix/bhargav-Precision-3580:/tmp/.ICE-unix/2667'), ('XDG_MENU_PREFIX', 'gnome-'), ('GNOME_TERMINAL_SCREEN', '/org/gnome/Terminal/screen/df0e3174_2cf3_41ca_bd7f_2bd7e89fe4d8'), ('XDG_RUNTIME_DIR', '/run/user/1001'), ('DISPLAY', ':1'), ('LANG', 'en_US.UTF-8'), ('XDG_CURRENT_DESKTOP', 'ubuntu:GNOME'), ('XMODIFIERS', '@im=ibus'), ('XDG_SESSION_DESKTOP', 'ubuntu'), ('XAUTHORITY', '/run/user/1001/gdm/Xauthority'), ('GNOME_TERMINAL_SERVICE', ':1.98'), ('SSH_AGENT_LAUNCHER', 'gnome-keyring'), ('SSH_AUTH_SOCK', '/run/user/1001/keyring/ssh'), ('AMENT_PREFIX_PATH', '/home/bentoaz/NSF_IRES_2025_Codebase/control/install/traj_planning_msg:/home/bentoaz/NSF_IRES_2025_Codebase/control/install/traj_planning:/home/bentoaz/CARLA_PROJECT/ros2_bridge_ws/ros-bridge/install/carla_ad_demo:/home/bentoaz/CARLA_PROJECT/ros2_bridge_ws/ros-bridge/install/rviz_carla_plugin:/home/bentoaz/CARLA_PROJECT/ros2_bridge_ws/ros-bridge/install/rqt_carla_control:/home/bentoaz/CARLA_PROJECT/ros2_bridge_ws/ros-bridge/install/pcl_recorder:/home/bentoaz/CARLA_PROJECT/ros2_bridge_ws/ros-bridge/install/carla_waypoint_publisher:/home/bentoaz/CARLA_PROJECT/ros2_bridge_ws/ros-bridge/install/carla_ackermann_control:/home/bentoaz/CARLA_PROJECT/ros2_bridge_ws/ros-bridge/install/carla_ros_bridge:/home/bentoaz/CARLA_PROJECT/ros2_bridge_ws/ros-bridge/install/carla_spawn_objects:/home/bentoaz/CARLA_PROJECT/ros2_bridge_ws/ros-bridge/install/carla_manual_control:/home/bentoaz/CARLA_PROJECT/ros2_bridge_ws/ros-bridge/install/carla_ad_agent:/home/bentoaz/CARLA_PROJECT/ros2_bridge_ws/ros-bridge/install/ros_compatibility:/home/bentoaz/CARLA_PROJECT/ros2_bridge_ws/ros-bridge/install/navigation:/home/bentoaz/CARLA_PROJECT/ros2_bridge_ws/ros-bridge/install/carla_waypoint_types:/home/bentoaz/CARLA_PROJECT/ros2_bridge_ws/ros-bridge/install/carla_walker_agent:/home/bentoaz/CARLA_PROJECT/ros2_bridge_ws/ros-bridge/install/carla_twist_to_control:/home/bentoaz/CARLA_PROJECT/ros2_bridge_ws/ros-bridge/install/carla_ros_scenario_runner:/home/bentoaz/CARLA_PROJECT/ros2_bridge_ws/ros-bridge/install/carla_ros_scenario_runner_types:/home/bentoaz/CARLA_PROJECT/ros2_bridge_ws/ros-bridge/install/carla_ackermann_msgs:/home/bentoaz/CARLA_PROJECT/ros2_bridge_ws/ros-bridge/install/carla_msgs:/home/bentoaz/CARLA_PROJECT/ros2_bridge_ws/ros-bridge/install/carla_common:/opt/ros/humble'), ('SHELL', '/bin/bash'), ('QT_ACCESSIBILITY', '1'), ('GDMSESSION', 'ubuntu'), ('GPG_AGENT_INFO', '/run/user/1001/gnupg/S.gpg-agent:0:1'), ('QT_IM_MODULE', 'ibus'), ('PWD', '/home/bentoaz/NSF_IRES_2025_Codebase/control/build/traj_planning_msg'), ('LC_ALL', 'en_US.UTF-8'), ('XDG_CONFIG_DIRS', '/etc/xdg/xdg-ubuntu:/etc/xdg'), ('XDG_DATA_DIRS', '/usr/share/ubuntu:/usr/share/gnome:/usr/local/share/:/usr/share/:/var/lib/snapd/desktop'), ('PYTHONPATH', '/home/bentoaz/NSF_IRES_2025_Codebase/control/install/traj_planning/lib/python3.10/site-packages:/home/bentoaz/CARLA_PROJECT/ros2_bridge_ws/ros-bridge/install/rqt_carla_control/lib/python3.10/site-packages:/home/bentoaz/CARLA_PROJECT/ros2_bridge_ws/ros-bridge/install/carla_waypoint_publisher/lib/python3.10/site-packages:/home/bentoaz/CARLA_PROJECT/ros2_bridge_ws/ros-bridge/install/carla_ackermann_control/lib/python3.10/site-packages:/home/bentoaz/CARLA_PROJECT/ros2_bridge_ws/ros-bridge/install/carla_ros_bridge/lib/python3.10/site-packages:/home/bentoaz/CARLA_PROJECT/ros2_bridge_ws/ros-bridge/install/carla_spawn_objects/lib/python3.10/site-packages:/home/bentoaz/CARLA_PROJECT/ros2_bridge_ws/ros-bridge/install/carla_manual_control/lib/python3.10/site-packages:/home/bentoaz/CARLA_PROJECT/ros2_bridge_ws/ros-bridge/install/carla_ad_agent/lib/python3.10/site-packages:/home/bentoaz/CARLA_PROJECT/ros2_bridge_ws/ros-bridge/install/ros_compatibility/lib/python3.10/site-packages:/home/bentoaz/CARLA_PROJECT/ros2_bridge_ws/ros-bridge/install/navigation/lib/python3.10/site-packages:/home/bentoaz/CARLA_PROJECT/ros2_bridge_ws/ros-bridge/install/carla_waypoint_types/local/lib/python3.10/dist-packages:/home/bentoaz/CARLA_PROJECT/ros2_bridge_ws/ros-bridge/install/carla_walker_agent/lib/python3.10/site-packages:/home/bentoaz/CARLA_PROJECT/ros2_bridge_ws/ros-bridge/install/carla_twist_to_control/lib/python3.10/site-packages:/home/bentoaz/CARLA_PROJECT/ros2_bridge_ws/ros-bridge/install/carla_ros_scenario_runner/lib/python3.10/site-packages:/home/bentoaz/CARLA_PROJECT/ros2_bridge_ws/ros-bridge/install/carla_ros_scenario_runner_types/local/lib/python3.10/dist-packages:/home/bentoaz/CARLA_PROJECT/ros2_bridge_ws/ros-bridge/install/carla_ackermann_msgs/local/lib/python3.10/dist-packages:/home/bentoaz/CARLA_PROJECT/ros2_bridge_ws/ros-bridge/install/carla_msgs/local/lib/python3.10/dist-packages:/home/bentoaz/CARLA_PROJECT/ros2_bridge_ws/ros-bridge/install/carla_common/lib/python3.10/site-packages:/opt/ros/humble/lib/python3.10/site-packages:/opt/ros/humble/local/lib/python3.10/dist-packages'), ('COLCON', '1'), ('VTE_VERSION', '6800'), ('CMAKE_PREFIX_PATH', '/home/bentoaz/NSF_IRES_2025_Codebase/control/install/traj_planning_msg:/home/bentoaz/CARLA_PROJECT/ros2_bridge_ws/ros-bridge/install/carla_ad_demo:/home/bentoaz/CARLA_PROJECT/ros2_bridge_ws/ros-bridge/install/rviz_carla_plugin:/home/bentoaz/CARLA_PROJECT/ros2_bridge_ws/ros-bridge/install/pcl_recorder:/home/bentoaz/CARLA_PROJECT/ros2_bridge_ws/ros-bridge/install/carla_waypoint_types:/home/bentoaz/CARLA_PROJECT/ros2_bridge_ws/ros-bridge/install/carla_ros_scenario_runner_types:/home/bentoaz/CARLA_PROJECT/ros2_bridge_ws/ros-bridge/install/carla_ackermann_msgs:/home/bentoaz/CARLA_PROJECT/ros2_bridge_ws/ros-bridge/install/carla_msgs:/home/bentoaz/NSF_IRES_2025_Codebase/control/install/traj_planning:/home/bentoaz/CARLA_PROJECT/ros2_bridge_ws/ros-bridge/install/rqt_carla_control:/home/bentoaz/CARLA_PROJECT/ros2_bridge_ws/ros-bridge/install/carla_waypoint_publisher:/home/bentoaz/CARLA_PROJECT/ros2_bridge_ws/ros-bridge/install/carla_ackermann_control:/home/bentoaz/CARLA_PROJECT/ros2_bridge_ws/ros-bridge/install/carla_ros_bridge:/home/bentoaz/CARLA_PROJECT/ros2_bridge_ws/ros-bridge/install/carla_spawn_objects:/home/bentoaz/CARLA_PROJECT/ros2_bridge_ws/ros-bridge/install/carla_manual_control:/home/bentoaz/CARLA_PROJECT/ros2_bridge_ws/ros-bridge/install/carla_ad_agent:/home/bentoaz/CARLA_PROJECT/ros2_bridge_ws/ros-bridge/install/ros_compatibility:/home/bentoaz/CARLA_PROJECT/ros2_bridge_ws/ros-bridge/install/navigation:/home/bentoaz/CARLA_PROJECT/ros2_bridge_ws/ros-bridge/install/carla_walker_agent:/home/bentoaz/CARLA_PROJECT/ros2_bridge_ws/ros-bridge/install/carla_twist_to_control:/home/bentoaz/CARLA_PROJECT/ros2_bridge_ws/ros-bridge/install/carla_ros_scenario_runner:/home/bentoaz/CARLA_PROJECT/ros2_bridge_ws/ros-bridge/install/carla_common:/opt/ros/humble')]), 'shell': False}
[1.389239] (traj_planning_msg) StdoutLine: {'line': b'-- Install configuration: ""\n'}
[1.389342] (traj_planning_msg) StdoutLine: {'line': b'-- Up-to-date: /home/bentoaz/NSF_IRES_2025_Codebase/control/install/traj_planning_msg/share/ament_index/resource_index/rosidl_interfaces/traj_planning_msg\n'}
[1.389406] (traj_planning_msg) StdoutLine: {'line': b'-- Up-to-date: /home/bentoaz/NSF_IRES_2025_Codebase/control/install/traj_planning_msg/include/traj_planning_msg/traj_planning_msg\n'}
[1.389471] (traj_planning_msg) StdoutLine: {'line': b'-- Up-to-date: /home/bentoaz/NSF_IRES_2025_Codebase/control/install/traj_planning_msg/include/traj_planning_msg/traj_planning_msg/msg\n'}
[1.389650] (traj_planning_msg) StdoutLine: {'line': b'-- Up-to-date: /home/bentoaz/NSF_IRES_2025_Codebase/control/install/traj_planning_msg/include/traj_planning_msg/traj_planning_msg/msg/path_list.h\n'}
[1.389702] (traj_planning_msg) StdoutLine: {'line': b'-- Up-to-date: /home/bentoaz/NSF_IRES_2025_Codebase/control/install/traj_planning_msg/include/traj_planning_msg/traj_planning_msg/msg/rosidl_generator_c__visibility_control.h\n'}
[1.389736] (traj_planning_msg) StdoutLine: {'line': b'-- Up-to-date: /home/bentoaz/NSF_IRES_2025_Codebase/control/install/traj_planning_msg/include/traj_planning_msg/traj_planning_msg/msg/detail\n'}
[1.389769] (traj_planning_msg) StdoutLine: {'line': b'-- Up-to-date: /home/bentoaz/NSF_IRES_2025_Codebase/control/install/traj_planning_msg/include/traj_planning_msg/traj_planning_msg/msg/detail/path_list__struct.h\n'}
[1.389801] (traj_planning_msg) StdoutLine: {'line': b'-- Up-to-date: /home/bentoaz/NSF_IRES_2025_Codebase/control/install/traj_planning_msg/include/traj_planning_msg/traj_planning_msg/msg/detail/path_list__functions.h\n'}
[1.389833] (traj_planning_msg) StdoutLine: {'line': b'-- Up-to-date: /home/bentoaz/NSF_IRES_2025_Codebase/control/install/traj_planning_msg/include/traj_planning_msg/traj_planning_msg/msg/detail/path_list__type_support.h\n'}
[1.389860] (traj_planning_msg) StdoutLine: {'line': b'-- Up-to-date: /home/bentoaz/NSF_IRES_2025_Codebase/control/install/traj_planning_msg/include/traj_planning_msg/traj_planning_msg/msg/detail/path_list__functions.c\n'}
[1.389885] (traj_planning_msg) StdoutLine: {'line': b'-- Up-to-date: /home/bentoaz/NSF_IRES_2025_Codebase/control/install/traj_planning_msg/share/traj_planning_msg/environment/library_path.sh\n'}
[1.389910] (traj_planning_msg) StdoutLine: {'line': b'-- Installing: /home/bentoaz/NSF_IRES_2025_Codebase/control/install/traj_planning_msg/share/traj_planning_msg/environment/library_path.dsv\n'}
[1.389933] (traj_planning_msg) StdoutLine: {'line': b'-- Up-to-date: /home/bentoaz/NSF_IRES_2025_Codebase/control/install/traj_planning_msg/lib/libtraj_planning_msg__rosidl_generator_c.so\n'}
[1.389979] (traj_planning_msg) StdoutLine: {'line': b'-- Up-to-date: /home/bentoaz/NSF_IRES_2025_Codebase/control/install/traj_planning_msg/include/traj_planning_msg/traj_planning_msg\n'}
[1.390007] (traj_planning_msg) StdoutLine: {'line': b'-- Up-to-date: /home/bentoaz/NSF_IRES_2025_Codebase/control/install/traj_planning_msg/include/traj_planning_msg/traj_planning_msg/msg\n'}
[1.390032] (traj_planning_msg) StdoutLine: {'line': b'-- Up-to-date: /home/bentoaz/NSF_IRES_2025_Codebase/control/install/traj_planning_msg/include/traj_planning_msg/traj_planning_msg/msg/rosidl_typesupport_fastrtps_c__visibility_control.h\n'}
[1.390058] (traj_planning_msg) StdoutLine: {'line': b'-- Up-to-date: /home/bentoaz/NSF_IRES_2025_Codebase/control/install/traj_planning_msg/include/traj_planning_msg/traj_planning_msg/msg/detail\n'}
[1.390082] (traj_planning_msg) StdoutLine: {'line': b'-- Up-to-date: /home/bentoaz/NSF_IRES_2025_Codebase/control/install/traj_planning_msg/include/traj_planning_msg/traj_planning_msg/msg/detail/path_list__rosidl_typesupport_fastrtps_c.h\n'}
[1.390168] (traj_planning_msg) StdoutLine: {'line': b'-- Up-to-date: /home/bentoaz/NSF_IRES_2025_Codebase/control/install/traj_planning_msg/lib/libtraj_planning_msg__rosidl_typesupport_fastrtps_c.so\n'}
[1.390198] (traj_planning_msg) StdoutLine: {'line': b'-- Up-to-date: /home/bentoaz/NSF_IRES_2025_Codebase/control/install/traj_planning_msg/include/traj_planning_msg/traj_planning_msg\n'}
[1.390223] (traj_planning_msg) StdoutLine: {'line': b'-- Up-to-date: /home/bentoaz/NSF_IRES_2025_Codebase/control/install/traj_planning_msg/include/traj_planning_msg/traj_planning_msg/msg\n'}
[1.390264] (traj_planning_msg) StdoutLine: {'line': b'-- Up-to-date: /home/bentoaz/NSF_IRES_2025_Codebase/control/install/traj_planning_msg/include/traj_planning_msg/traj_planning_msg/msg/path_list.hpp\n'}
[1.390287] (traj_planning_msg) StdoutLine: {'line': b'-- Up-to-date: /home/bentoaz/NSF_IRES_2025_Codebase/control/install/traj_planning_msg/include/traj_planning_msg/traj_planning_msg/msg/detail\n'}
[1.390311] (traj_planning_msg) StdoutLine: {'line': b'-- Up-to-date: /home/bentoaz/NSF_IRES_2025_Codebase/control/install/traj_planning_msg/include/traj_planning_msg/traj_planning_msg/msg/detail/path_list__builder.hpp\n'}
[1.390333] (traj_planning_msg) StdoutLine: {'line': b'-- Up-to-date: /home/bentoaz/NSF_IRES_2025_Codebase/control/install/traj_planning_msg/include/traj_planning_msg/traj_planning_msg/msg/detail/path_list__traits.hpp\n'}
[1.390550] (traj_planning_msg) StdoutLine: {'line': b'-- Up-to-date: /home/bentoaz/NSF_IRES_2025_Codebase/control/install/traj_planning_msg/include/traj_planning_msg/traj_planning_msg/msg/detail/path_list__type_support.hpp\n'}
[1.390596] (traj_planning_msg) StdoutLine: {'line': b'-- Up-to-date: /home/bentoaz/NSF_IRES_2025_Codebase/control/install/traj_planning_msg/include/traj_planning_msg/traj_planning_msg/msg/detail/path_list__struct.hpp\n'}
[1.390628] (traj_planning_msg) StdoutLine: {'line': b'-- Up-to-date: /home/bentoaz/NSF_IRES_2025_Codebase/control/install/traj_planning_msg/include/traj_planning_msg/traj_planning_msg/msg/rosidl_generator_cpp__visibility_control.hpp\n'}
[1.390656] (traj_planning_msg) StdoutLine: {'line': b'-- Up-to-date: /home/bentoaz/NSF_IRES_2025_Codebase/control/install/traj_planning_msg/include/traj_planning_msg/traj_planning_msg\n'}
[1.390681] (traj_planning_msg) StdoutLine: {'line': b'-- Up-to-date: /home/bentoaz/NSF_IRES_2025_Codebase/control/install/traj_planning_msg/include/traj_planning_msg/traj_planning_msg/msg\n'}
[1.390707] (traj_planning_msg) StdoutLine: {'line': b'-- Up-to-date: /home/bentoaz/NSF_IRES_2025_Codebase/control/install/traj_planning_msg/include/traj_planning_msg/traj_planning_msg/msg/detail\n'}
[1.390731] (traj_planning_msg) StdoutLine: {'line': b'-- Up-to-date: /home/bentoaz/NSF_IRES_2025_Codebase/control/install/traj_planning_msg/include/traj_planning_msg/traj_planning_msg/msg/detail/dds_fastrtps\n'}
[1.390755] (traj_planning_msg) StdoutLine: {'line': b'-- Up-to-date: /home/bentoaz/NSF_IRES_2025_Codebase/control/install/traj_planning_msg/include/traj_planning_msg/traj_planning_msg/msg/detail/path_list__rosidl_typesupport_fastrtps_cpp.hpp\n'}
[1.390778] (traj_planning_msg) StdoutLine: {'line': b'-- Up-to-date: /home/bentoaz/NSF_IRES_2025_Codebase/control/install/traj_planning_msg/include/traj_planning_msg/traj_planning_msg/msg/rosidl_typesupport_fastrtps_cpp__visibility_control.h\n'}
[1.390803] (traj_planning_msg) StdoutLine: {'line': b'-- Up-to-date: /home/bentoaz/NSF_IRES_2025_Codebase/control/install/traj_planning_msg/lib/libtraj_planning_msg__rosidl_typesupport_fastrtps_cpp.so\n'}
[1.390828] (traj_planning_msg) StdoutLine: {'line': b'-- Up-to-date: /home/bentoaz/NSF_IRES_2025_Codebase/control/install/traj_planning_msg/include/traj_planning_msg/traj_planning_msg\n'}
[1.390872] (traj_planning_msg) StdoutLine: {'line': b'-- Up-to-date: /home/bentoaz/NSF_IRES_2025_Codebase/control/install/traj_planning_msg/include/traj_planning_msg/traj_planning_msg/msg\n'}
[1.390901] (traj_planning_msg) StdoutLine: {'line': b'-- Up-to-date: /home/bentoaz/NSF_IRES_2025_Codebase/control/install/traj_planning_msg/include/traj_planning_msg/traj_planning_msg/msg/detail\n'}
[1.390952] (traj_planning_msg) StdoutLine: {'line': b'-- Up-to-date: /home/bentoaz/NSF_IRES_2025_Codebase/control/install/traj_planning_msg/include/traj_planning_msg/traj_planning_msg/msg/detail/path_list__rosidl_typesupport_introspection_c.h\n'}
[1.390979] (traj_planning_msg) StdoutLine: {'line': b'-- Up-to-date: /home/bentoaz/NSF_IRES_2025_Codebase/control/install/traj_planning_msg/include/traj_planning_msg/traj_planning_msg/msg/detail/path_list__type_support.c\n'}
[1.391006] (traj_planning_msg) StdoutLine: {'line': b'-- Up-to-date: /home/bentoaz/NSF_IRES_2025_Codebase/control/install/traj_planning_msg/include/traj_planning_msg/traj_planning_msg/msg/rosidl_typesupport_introspection_c__visibility_control.h\n'}
[1.391046] (traj_planning_msg) StdoutLine: {'line': b'-- Up-to-date: /home/bentoaz/NSF_IRES_2025_Codebase/control/install/traj_planning_msg/lib/libtraj_planning_msg__rosidl_typesupport_introspection_c.so\n'}
[1.391071] (traj_planning_msg) StdoutLine: {'line': b'-- Up-to-date: /home/bentoaz/NSF_IRES_2025_Codebase/control/install/traj_planning_msg/lib/libtraj_planning_msg__rosidl_typesupport_c.so\n'}
[1.391097] (traj_planning_msg) StdoutLine: {'line': b'-- Up-to-date: /home/bentoaz/NSF_IRES_2025_Codebase/control/install/traj_planning_msg/include/traj_planning_msg/traj_planning_msg\n'}
[1.391138] (traj_planning_msg) StdoutLine: {'line': b'-- Up-to-date: /home/bentoaz/NSF_IRES_2025_Codebase/control/install/traj_planning_msg/include/traj_planning_msg/traj_planning_msg/msg\n'}
[1.391163] (traj_planning_msg) StdoutLine: {'line': b'-- Up-to-date: /home/bentoaz/NSF_IRES_2025_Codebase/control/install/traj_planning_msg/include/traj_planning_msg/traj_planning_msg/msg/detail\n'}
[1.391194] (traj_planning_msg) StdoutLine: {'line': b'-- Up-to-date: /home/bentoaz/NSF_IRES_2025_Codebase/control/install/traj_planning_msg/include/traj_planning_msg/traj_planning_msg/msg/detail/path_list__type_support.cpp\n'}
[1.391223] (traj_planning_msg) StdoutLine: {'line': b'-- Up-to-date: /home/bentoaz/NSF_IRES_2025_Codebase/control/install/traj_planning_msg/include/traj_planning_msg/traj_planning_msg/msg/detail/path_list__rosidl_typesupport_introspection_cpp.hpp\n'}
[1.391267] (traj_planning_msg) StdoutLine: {'line': b'-- Up-to-date: /home/bentoaz/NSF_IRES_2025_Codebase/control/install/traj_planning_msg/lib/libtraj_planning_msg__rosidl_typesupport_introspection_cpp.so\n'}
[1.391291] (traj_planning_msg) StdoutLine: {'line': b'-- Up-to-date: /home/bentoaz/NSF_IRES_2025_Codebase/control/install/traj_planning_msg/lib/libtraj_planning_msg__rosidl_typesupport_cpp.so\n'}
[1.391315] (traj_planning_msg) StdoutLine: {'line': b'-- Installing: /home/bentoaz/NSF_IRES_2025_Codebase/control/install/traj_planning_msg/share/traj_planning_msg/environment/pythonpath.sh\n'}
[1.391339] (traj_planning_msg) StdoutLine: {'line': b'-- Installing: /home/bentoaz/NSF_IRES_2025_Codebase/control/install/traj_planning_msg/share/traj_planning_msg/environment/pythonpath.dsv\n'}
[1.391363] (traj_planning_msg) StdoutLine: {'line': b'-- Installing: /home/bentoaz/NSF_IRES_2025_Codebase/control/install/traj_planning_msg/local/lib/python3.10/dist-packages/traj_planning_msg-0.0.0-py3.10.egg-info\n'}
[1.391390] (traj_planning_msg) StdoutLine: {'line': b'-- Installing: /home/bentoaz/NSF_IRES_2025_Codebase/control/install/traj_planning_msg/local/lib/python3.10/dist-packages/traj_planning_msg-0.0.0-py3.10.egg-info/SOURCES.txt\n'}
[1.391420] (traj_planning_msg) StdoutLine: {'line': b'-- Installing: /home/bentoaz/NSF_IRES_2025_Codebase/control/install/traj_planning_msg/local/lib/python3.10/dist-packages/traj_planning_msg-0.0.0-py3.10.egg-info/dependency_links.txt\n'}
[1.391468] (traj_planning_msg) StdoutLine: {'line': b'-- Installing: /home/bentoaz/NSF_IRES_2025_Codebase/control/install/traj_planning_msg/local/lib/python3.10/dist-packages/traj_planning_msg-0.0.0-py3.10.egg-info/top_level.txt\n'}
[1.391499] (traj_planning_msg) StdoutLine: {'line': b'-- Installing: /home/bentoaz/NSF_IRES_2025_Codebase/control/install/traj_planning_msg/local/lib/python3.10/dist-packages/traj_planning_msg-0.0.0-py3.10.egg-info/PKG-INFO\n'}
[1.391525] (traj_planning_msg) StdoutLine: {'line': b'-- Installing: /home/bentoaz/NSF_IRES_2025_Codebase/control/install/traj_planning_msg/local/lib/python3.10/dist-packages/traj_planning_msg\n'}
[1.391550] (traj_planning_msg) StdoutLine: {'line': b'-- Installing: /home/bentoaz/NSF_IRES_2025_Codebase/control/install/traj_planning_msg/local/lib/python3.10/dist-packages/traj_planning_msg/msg\n'}
[1.391576] (traj_planning_msg) StdoutLine: {'line': b'-- Installing: /home/bentoaz/NSF_IRES_2025_Codebase/control/install/traj_planning_msg/local/lib/python3.10/dist-packages/traj_planning_msg/msg/__init__.py\n'}
[1.391652] (traj_planning_msg) StdoutLine: {'line': b'-- Installing: /home/bentoaz/NSF_IRES_2025_Codebase/control/install/traj_planning_msg/local/lib/python3.10/dist-packages/traj_planning_msg/msg/_path_list_s.c\n'}
[1.391679] (traj_planning_msg) StdoutLine: {'line': b'-- Installing: /home/bentoaz/NSF_IRES_2025_Codebase/control/install/traj_planning_msg/local/lib/python3.10/dist-packages/traj_planning_msg/msg/_path_list.py\n'}
[1.391701] (traj_planning_msg) StdoutLine: {'line': b'-- Installing: /home/bentoaz/NSF_IRES_2025_Codebase/control/install/traj_planning_msg/local/lib/python3.10/dist-packages/traj_planning_msg/__init__.py\n'}
[1.391725] (traj_planning_msg) StdoutLine: {'line': b'-- Installing: /home/bentoaz/NSF_IRES_2025_Codebase/control/install/traj_planning_msg/local/lib/python3.10/dist-packages/traj_planning_msg/traj_planning_msg_s__rosidl_typesupport_introspection_c.cpython-310-x86_64-linux-gnu.so\n'}
[1.391748] (traj_planning_msg) StdoutLine: {'line': b'-- Installing: /home/bentoaz/NSF_IRES_2025_Codebase/control/install/traj_planning_msg/local/lib/python3.10/dist-packages/traj_planning_msg/_traj_planning_msg_s.ep.rosidl_typesupport_introspection_c.c\n'}
[1.391771] (traj_planning_msg) StdoutLine: {'line': b'-- Installing: /home/bentoaz/NSF_IRES_2025_Codebase/control/install/traj_planning_msg/local/lib/python3.10/dist-packages/traj_planning_msg/_traj_planning_msg_s.ep.rosidl_typesupport_fastrtps_c.c\n'}
[1.391795] (traj_planning_msg) StdoutLine: {'line': b'-- Installing: /home/bentoaz/NSF_IRES_2025_Codebase/control/install/traj_planning_msg/local/lib/python3.10/dist-packages/traj_planning_msg/traj_planning_msg_s__rosidl_typesupport_fastrtps_c.cpython-310-x86_64-linux-gnu.so\n'}
[1.391817] (traj_planning_msg) StdoutLine: {'line': b'-- Installing: /home/bentoaz/NSF_IRES_2025_Codebase/control/install/traj_planning_msg/local/lib/python3.10/dist-packages/traj_planning_msg/_traj_planning_msg_s.ep.rosidl_typesupport_c.c\n'}
[1.391851] (traj_planning_msg) StdoutLine: {'line': b'-- Installing: /home/bentoaz/NSF_IRES_2025_Codebase/control/install/traj_planning_msg/local/lib/python3.10/dist-packages/traj_planning_msg/libtraj_planning_msg__rosidl_generator_py.so\n'}
[1.391877] (traj_planning_msg) StdoutLine: {'line': b'-- Installing: /home/bentoaz/NSF_IRES_2025_Codebase/control/install/traj_planning_msg/local/lib/python3.10/dist-packages/traj_planning_msg/traj_planning_msg_s__rosidl_typesupport_c.cpython-310-x86_64-linux-gnu.so\n'}
[1.402453] (-) TimerEvent: {}
[1.415796] (traj_planning_msg) StdoutLine: {'line': b"Listing '/home/bentoaz/NSF_IRES_2025_Codebase/control/install/traj_planning_msg/local/lib/python3.10/dist-packages/traj_planning_msg'...\n"}
[1.415930] (traj_planning_msg) StdoutLine: {'line': b"Compiling '/home/bentoaz/NSF_IRES_2025_Codebase/control/install/traj_planning_msg/local/lib/python3.10/dist-packages/traj_planning_msg/__init__.py'...\n"}
[1.415992] (traj_planning_msg) StdoutLine: {'line': b"Listing '/home/bentoaz/NSF_IRES_2025_Codebase/control/install/traj_planning_msg/local/lib/python3.10/dist-packages/traj_planning_msg/msg'...\n"}
[1.416048] (traj_planning_msg) StdoutLine: {'line': b"Compiling '/home/bentoaz/NSF_IRES_2025_Codebase/control/install/traj_planning_msg/local/lib/python3.10/dist-packages/traj_planning_msg/msg/__init__.py'...\n"}
[1.416102] (traj_planning_msg) StdoutLine: {'line': b"Compiling '/home/bentoaz/NSF_IRES_2025_Codebase/control/install/traj_planning_msg/local/lib/python3.10/dist-packages/traj_planning_msg/msg/_path_list.py'...\n"}
[1.418380] (traj_planning_msg) StdoutLine: {'line': b'-- Installing: /home/bentoaz/NSF_IRES_2025_Codebase/control/install/traj_planning_msg/local/lib/python3.10/dist-packages/traj_planning_msg/traj_planning_msg_s__rosidl_typesupport_fastrtps_c.cpython-310-x86_64-linux-gnu.so\n'}
[1.418558] (traj_planning_msg) StdoutLine: {'line': b'-- Set runtime path of "/home/bentoaz/NSF_IRES_2025_Codebase/control/install/traj_planning_msg/local/lib/python3.10/dist-packages/traj_planning_msg/traj_planning_msg_s__rosidl_typesupport_fastrtps_c.cpython-310-x86_64-linux-gnu.so" to ""\n'}
[1.418656] (traj_planning_msg) StdoutLine: {'line': b'-- Installing: /home/bentoaz/NSF_IRES_2025_Codebase/control/install/traj_planning_msg/local/lib/python3.10/dist-packages/traj_planning_msg/traj_planning_msg_s__rosidl_typesupport_introspection_c.cpython-310-x86_64-linux-gnu.so\n'}
[1.418741] (traj_planning_msg) StdoutLine: {'line': b'-- Set runtime path of "/home/bentoaz/NSF_IRES_2025_Codebase/control/install/traj_planning_msg/local/lib/python3.10/dist-packages/traj_planning_msg/traj_planning_msg_s__rosidl_typesupport_introspection_c.cpython-310-x86_64-linux-gnu.so" to ""\n'}
[1.418803] (traj_planning_msg) StdoutLine: {'line': b'-- Installing: /home/bentoaz/NSF_IRES_2025_Codebase/control/install/traj_planning_msg/local/lib/python3.10/dist-packages/traj_planning_msg/traj_planning_msg_s__rosidl_typesupport_c.cpython-310-x86_64-linux-gnu.so\n'}
[1.418888] (traj_planning_msg) StdoutLine: {'line': b'-- Set runtime path of "/home/bentoaz/NSF_IRES_2025_Codebase/control/install/traj_planning_msg/local/lib/python3.10/dist-packages/traj_planning_msg/traj_planning_msg_s__rosidl_typesupport_c.cpython-310-x86_64-linux-gnu.so" to ""\n'}
[1.418951] (traj_planning_msg) StdoutLine: {'line': b'-- Installing: /home/bentoaz/NSF_IRES_2025_Codebase/control/install/traj_planning_msg/lib/libtraj_planning_msg__rosidl_generator_py.so\n'}
[1.419091] (traj_planning_msg) StdoutLine: {'line': b'-- Set runtime path of "/home/bentoaz/NSF_IRES_2025_Codebase/control/install/traj_planning_msg/lib/libtraj_planning_msg__rosidl_generator_py.so" to ""\n'}
[1.419189] (traj_planning_msg) StdoutLine: {'line': b'-- Up-to-date: /home/bentoaz/NSF_IRES_2025_Codebase/control/install/traj_planning_msg/share/traj_planning_msg/msg/PathList.idl\n'}
[1.419297] (traj_planning_msg) StdoutLine: {'line': b'-- Up-to-date: /home/bentoaz/NSF_IRES_2025_Codebase/control/install/traj_planning_msg/share/traj_planning_msg/msg/PathList.msg\n'}
[1.419358] (traj_planning_msg) StdoutLine: {'line': b'-- Up-to-date: /home/bentoaz/NSF_IRES_2025_Codebase/control/install/traj_planning_msg/share/ament_index/resource_index/package_run_dependencies/traj_planning_msg\n'}
[1.419416] (traj_planning_msg) StdoutLine: {'line': b'-- Installing: /home/bentoaz/NSF_IRES_2025_Codebase/control/install/traj_planning_msg/share/ament_index/resource_index/parent_prefix_path/traj_planning_msg\n'}
[1.419472] (traj_planning_msg) StdoutLine: {'line': b'-- Up-to-date: /home/bentoaz/NSF_IRES_2025_Codebase/control/install/traj_planning_msg/share/traj_planning_msg/environment/ament_prefix_path.sh\n'}
[1.419529] (traj_planning_msg) StdoutLine: {'line': b'-- Installing: /home/bentoaz/NSF_IRES_2025_Codebase/control/install/traj_planning_msg/share/traj_planning_msg/environment/ament_prefix_path.dsv\n'}
[1.419584] (traj_planning_msg) StdoutLine: {'line': b'-- Up-to-date: /home/bentoaz/NSF_IRES_2025_Codebase/control/install/traj_planning_msg/share/traj_planning_msg/environment/path.sh\n'}
[1.419640] (traj_planning_msg) StdoutLine: {'line': b'-- Installing: /home/bentoaz/NSF_IRES_2025_Codebase/control/install/traj_planning_msg/share/traj_planning_msg/environment/path.dsv\n'}
[1.419695] (traj_planning_msg) StdoutLine: {'line': b'-- Up-to-date: /home/bentoaz/NSF_IRES_2025_Codebase/control/install/traj_planning_msg/share/traj_planning_msg/local_setup.bash\n'}
[1.419751] (traj_planning_msg) StdoutLine: {'line': b'-- Installing: /home/bentoaz/NSF_IRES_2025_Codebase/control/install/traj_planning_msg/share/traj_planning_msg/local_setup.sh\n'}
[1.419806] (traj_planning_msg) StdoutLine: {'line': b'-- Up-to-date: /home/bentoaz/NSF_IRES_2025_Codebase/control/install/traj_planning_msg/share/traj_planning_msg/local_setup.zsh\n'}
[1.419960] (traj_planning_msg) StdoutLine: {'line': b'-- Installing: /home/bentoaz/NSF_IRES_2025_Codebase/control/install/traj_planning_msg/share/traj_planning_msg/local_setup.dsv\n'}
[1.420032] (traj_planning_msg) StdoutLine: {'line': b'-- Installing: /home/bentoaz/NSF_IRES_2025_Codebase/control/install/traj_planning_msg/share/traj_planning_msg/package.dsv\n'}
[1.420093] (traj_planning_msg) StdoutLine: {'line': b'-- Up-to-date: /home/bentoaz/NSF_IRES_2025_Codebase/control/install/traj_planning_msg/share/ament_index/resource_index/packages/traj_planning_msg\n'}
[1.420159] (traj_planning_msg) StdoutLine: {'line': b'-- Up-to-date: /home/bentoaz/NSF_IRES_2025_Codebase/control/install/traj_planning_msg/share/traj_planning_msg/cmake/export_traj_planning_msg__rosidl_generator_cExport.cmake\n'}
[1.420243] (traj_planning_msg) StdoutLine: {'line': b'-- Up-to-date: /home/bentoaz/NSF_IRES_2025_Codebase/control/install/traj_planning_msg/share/traj_planning_msg/cmake/export_traj_planning_msg__rosidl_generator_cExport-noconfig.cmake\n'}
[1.420301] (traj_planning_msg) StdoutLine: {'line': b'-- Up-to-date: /home/bentoaz/NSF_IRES_2025_Codebase/control/install/traj_planning_msg/share/traj_planning_msg/cmake/export_traj_planning_msg__rosidl_typesupport_fastrtps_cExport.cmake\n'}
[1.420353] (traj_planning_msg) StdoutLine: {'line': b'-- Up-to-date: /home/bentoaz/NSF_IRES_2025_Codebase/control/install/traj_planning_msg/share/traj_planning_msg/cmake/export_traj_planning_msg__rosidl_typesupport_fastrtps_cExport-noconfig.cmake\n'}
[1.420406] (traj_planning_msg) StdoutLine: {'line': b'-- Up-to-date: /home/bentoaz/NSF_IRES_2025_Codebase/control/install/traj_planning_msg/share/traj_planning_msg/cmake/export_traj_planning_msg__rosidl_generator_cppExport.cmake\n'}
[1.420458] (traj_planning_msg) StdoutLine: {'line': b'-- Up-to-date: /home/bentoaz/NSF_IRES_2025_Codebase/control/install/traj_planning_msg/share/traj_planning_msg/cmake/export_traj_planning_msg__rosidl_typesupport_fastrtps_cppExport.cmake\n'}
[1.420511] (traj_planning_msg) StdoutLine: {'line': b'-- Up-to-date: /home/bentoaz/NSF_IRES_2025_Codebase/control/install/traj_planning_msg/share/traj_planning_msg/cmake/export_traj_planning_msg__rosidl_typesupport_fastrtps_cppExport-noconfig.cmake\n'}
[1.420564] (traj_planning_msg) StdoutLine: {'line': b'-- Up-to-date: /home/bentoaz/NSF_IRES_2025_Codebase/control/install/traj_planning_msg/share/traj_planning_msg/cmake/traj_planning_msg__rosidl_typesupport_introspection_cExport.cmake\n'}
[1.420617] (traj_planning_msg) StdoutLine: {'line': b'-- Up-to-date: /home/bentoaz/NSF_IRES_2025_Codebase/control/install/traj_planning_msg/share/traj_planning_msg/cmake/traj_planning_msg__rosidl_typesupport_introspection_cExport-noconfig.cmake\n'}
[1.420669] (traj_planning_msg) StdoutLine: {'line': b'-- Up-to-date: /home/bentoaz/NSF_IRES_2025_Codebase/control/install/traj_planning_msg/share/traj_planning_msg/cmake/traj_planning_msg__rosidl_typesupport_cExport.cmake\n'}
[1.420722] (traj_planning_msg) StdoutLine: {'line': b'-- Up-to-date: /home/bentoaz/NSF_IRES_2025_Codebase/control/install/traj_planning_msg/share/traj_planning_msg/cmake/traj_planning_msg__rosidl_typesupport_cExport-noconfig.cmake\n'}
[1.420779] (traj_planning_msg) StdoutLine: {'line': b'-- Up-to-date: /home/bentoaz/NSF_IRES_2025_Codebase/control/install/traj_planning_msg/share/traj_planning_msg/cmake/traj_planning_msg__rosidl_typesupport_introspection_cppExport.cmake\n'}
[1.420832] (traj_planning_msg) StdoutLine: {'line': b'-- Up-to-date: /home/bentoaz/NSF_IRES_2025_Codebase/control/install/traj_planning_msg/share/traj_planning_msg/cmake/traj_planning_msg__rosidl_typesupport_introspection_cppExport-noconfig.cmake\n'}
[1.420884] (traj_planning_msg) StdoutLine: {'line': b'-- Up-to-date: /home/bentoaz/NSF_IRES_2025_Codebase/control/install/traj_planning_msg/share/traj_planning_msg/cmake/traj_planning_msg__rosidl_typesupport_cppExport.cmake\n'}
[1.420938] (traj_planning_msg) StdoutLine: {'line': b'-- Up-to-date: /home/bentoaz/NSF_IRES_2025_Codebase/control/install/traj_planning_msg/share/traj_planning_msg/cmake/traj_planning_msg__rosidl_typesupport_cppExport-noconfig.cmake\n'}
[1.420990] (traj_planning_msg) StdoutLine: {'line': b'-- Installing: /home/bentoaz/NSF_IRES_2025_Codebase/control/install/traj_planning_msg/share/traj_planning_msg/cmake/export_traj_planning_msg__rosidl_generator_pyExport.cmake\n'}
[1.421045] (traj_planning_msg) StdoutLine: {'line': b'-- Installing: /home/bentoaz/NSF_IRES_2025_Codebase/control/install/traj_planning_msg/share/traj_planning_msg/cmake/export_traj_planning_msg__rosidl_generator_pyExport-noconfig.cmake\n'}
[1.421131] (traj_planning_msg) StdoutLine: {'line': b'-- Up-to-date: /home/bentoaz/NSF_IRES_2025_Codebase/control/install/traj_planning_msg/share/traj_planning_msg/cmake/rosidl_cmake-extras.cmake\n'}
[1.421191] (traj_planning_msg) StdoutLine: {'line': b'-- Up-to-date: /home/bentoaz/NSF_IRES_2025_Codebase/control/install/traj_planning_msg/share/traj_planning_msg/cmake/ament_cmake_export_dependencies-extras.cmake\n'}
[1.421399] (traj_planning_msg) StdoutLine: {'line': b'-- Up-to-date: /home/bentoaz/NSF_IRES_2025_Codebase/control/install/traj_planning_msg/share/traj_planning_msg/cmake/ament_cmake_export_include_directories-extras.cmake\n'}
[1.421455] (traj_planning_msg) StdoutLine: {'line': b'-- Up-to-date: /home/bentoaz/NSF_IRES_2025_Codebase/control/install/traj_planning_msg/share/traj_planning_msg/cmake/ament_cmake_export_libraries-extras.cmake\n'}
[1.421542] (traj_planning_msg) StdoutLine: {'line': b'-- Installing: /home/bentoaz/NSF_IRES_2025_Codebase/control/install/traj_planning_msg/share/traj_planning_msg/cmake/ament_cmake_export_targets-extras.cmake\n'}
[1.421645] (traj_planning_msg) StdoutLine: {'line': b'-- Installing: /home/bentoaz/NSF_IRES_2025_Codebase/control/install/traj_planning_msg/share/traj_planning_msg/cmake/rosidl_cmake_export_typesupport_targets-extras.cmake\n'}
[1.421754] (traj_planning_msg) StdoutLine: {'line': b'-- Up-to-date: /home/bentoaz/NSF_IRES_2025_Codebase/control/install/traj_planning_msg/share/traj_planning_msg/cmake/rosidl_cmake_export_typesupport_libraries-extras.cmake\n'}
[1.421790] (traj_planning_msg) StdoutLine: {'line': b'-- Up-to-date: /home/bentoaz/NSF_IRES_2025_Codebase/control/install/traj_planning_msg/share/traj_planning_msg/cmake/traj_planning_msgConfig.cmake\n'}
[1.421820] (traj_planning_msg) StdoutLine: {'line': b'-- Up-to-date: /home/bentoaz/NSF_IRES_2025_Codebase/control/install/traj_planning_msg/share/traj_planning_msg/cmake/traj_planning_msgConfig-version.cmake\n'}
[1.421848] (traj_planning_msg) StdoutLine: {'line': b'-- Up-to-date: /home/bentoaz/NSF_IRES_2025_Codebase/control/install/traj_planning_msg/share/traj_planning_msg/package.xml\n'}
[1.422088] (traj_planning_msg) CommandEnded: {'returncode': 0}
[1.436590] (traj_planning_msg) JobEnded: {'identifier': 'traj_planning_msg', 'rc': 0}
[1.437122] (traj_planning) JobStarted: {'identifier': 'traj_planning'}
[1.502657] (-) TimerEvent: {}
[1.603383] (-) TimerEvent: {}
[1.703899] (-) TimerEvent: {}
[1.804169] (-) TimerEvent: {}
[1.818013] (traj_planning) Command: {'cmd': ['/usr/bin/python3', '-W', 'ignore:setup.py install is deprecated', '-W', 'ignore:easy_install command is deprecated', 'setup.py', 'egg_info', '--egg-base', '../../build/traj_planning', 'build', '--build-base', '/home/bentoaz/NSF_IRES_2025_Codebase/control/build/traj_planning/build', 'install', '--record', '/home/bentoaz/NSF_IRES_2025_Codebase/control/build/traj_planning/install.log', '--single-version-externally-managed', 'install_data'], 'cwd': '/home/bentoaz/NSF_IRES_2025_Codebase/control/src/traj_planning', 'env': {'LANGUAGE': 'en_CA:en', 'USER': 'bentoaz', 'XDG_SESSION_TYPE': 'x11', 'SHLVL': '1', 'LD_LIBRARY_PATH': '/home/bentoaz/NSF_IRES_2025_Codebase/control/install/traj_planning_msg/lib:/home/bentoaz/CARLA_PROJECT/ros2_bridge_ws/ros-bridge/install/rviz_carla_plugin/lib:/home/bentoaz/CARLA_PROJECT/ros2_bridge_ws/ros-bridge/install/carla_waypoint_types/lib:/home/bentoaz/CARLA_PROJECT/ros2_bridge_ws/ros-bridge/install/carla_ros_scenario_runner_types/lib:/home/bentoaz/CARLA_PROJECT/ros2_bridge_ws/ros-bridge/install/carla_ackermann_msgs/lib:/home/bentoaz/CARLA_PROJECT/ros2_bridge_ws/ros-bridge/install/carla_msgs/lib:/opt/ros/humble/opt/rviz_ogre_vendor/lib:/opt/ros/humble/lib/x86_64-linux-gnu:/opt/ros/humble/lib', 'HOME': '/home/bentoaz', 'OLDPWD': '/home/bentoaz/NSF_IRES_2025_Codebase', 'DESKTOP_SESSION': 'ubuntu', 'ROS_PYTHON_VERSION': '3', 'GNOME_SHELL_SESSION_MODE': 'ubuntu', 'GTK_MODULES': 'gail:atk-bridge', 'SYSTEMD_EXEC_PID': '2913', 'DBUS_SESSION_BUS_ADDRESS': 'unix:path=/run/user/1001/bus', 'COLORTERM': 'truecolor', 'COLCON_PREFIX_PATH': '/home/bentoaz/NSF_IRES_2025_Codebase/control/install:/home/bentoaz/CARLA_PROJECT/ros2_bridge_ws/ros-bridge/install', 'ROS_DISTRO': 'humble', 'GTK_IM_MODULE': 'ibus', 'LOGNAME': 'bentoaz', '_': '/usr/bin/colcon', 'ROS_VERSION': '2', 'XDG_SESSION_CLASS': 'user', 'USERNAME': 'bentoaz', 'TERM': 'xterm-256color', 'GNOME_DESKTOP_SESSION_ID': 'this-is-deprecated', 'ROS_LOCALHOST_ONLY': '0', 'WINDOWPATH': '2', 'PATH': '/opt/ros/humble/bin:/usr/local/sbin:/usr/local/bin:/usr/sbin:/usr/bin:/sbin:/bin:/usr/games:/usr/local/games:/snap/bin:/snap/bin', 'SESSION_MANAGER': 'local/bhargav-Precision-3580:@/tmp/.ICE-unix/2667,unix/bhargav-Precision-3580:/tmp/.ICE-unix/2667', 'XDG_MENU_PREFIX': 'gnome-', 'GNOME_TERMINAL_SCREEN': '/org/gnome/Terminal/screen/df0e3174_2cf3_41ca_bd7f_2bd7e89fe4d8', 'XDG_RUNTIME_DIR': '/run/user/1001', 'DISPLAY': ':1', 'LANG': 'en_US.UTF-8', 'XDG_CURRENT_DESKTOP': 'ubuntu:GNOME', 'XMODIFIERS': '@im=ibus', 'XDG_SESSION_DESKTOP': 'ubuntu', 'XAUTHORITY': '/run/user/1001/gdm/Xauthority', 'GNOME_TERMINAL_SERVICE': ':1.98', 'SSH_AGENT_LAUNCHER': 'gnome-keyring', 'SSH_AUTH_SOCK': '/run/user/1001/keyring/ssh', 'AMENT_PREFIX_PATH': '/home/bentoaz/NSF_IRES_2025_Codebase/control/install/traj_planning_msg:/home/bentoaz/NSF_IRES_2025_Codebase/control/install/traj_planning:/home/bentoaz/CARLA_PROJECT/ros2_bridge_ws/ros-bridge/install/carla_ad_demo:/home/bentoaz/CARLA_PROJECT/ros2_bridge_ws/ros-bridge/install/rviz_carla_plugin:/home/bentoaz/CARLA_PROJECT/ros2_bridge_ws/ros-bridge/install/rqt_carla_control:/home/bentoaz/CARLA_PROJECT/ros2_bridge_ws/ros-bridge/install/pcl_recorder:/home/bentoaz/CARLA_PROJECT/ros2_bridge_ws/ros-bridge/install/carla_waypoint_publisher:/home/bentoaz/CARLA_PROJECT/ros2_bridge_ws/ros-bridge/install/carla_ackermann_control:/home/bentoaz/CARLA_PROJECT/ros2_bridge_ws/ros-bridge/install/carla_ros_bridge:/home/bentoaz/CARLA_PROJECT/ros2_bridge_ws/ros-bridge/install/carla_spawn_objects:/home/bentoaz/CARLA_PROJECT/ros2_bridge_ws/ros-bridge/install/carla_manual_control:/home/bentoaz/CARLA_PROJECT/ros2_bridge_ws/ros-bridge/install/carla_ad_agent:/home/bentoaz/CARLA_PROJECT/ros2_bridge_ws/ros-bridge/install/ros_compatibility:/home/bentoaz/CARLA_PROJECT/ros2_bridge_ws/ros-bridge/install/navigation:/home/bentoaz/CARLA_PROJECT/ros2_bridge_ws/ros-bridge/install/carla_waypoint_types:/home/bentoaz/CARLA_PROJECT/ros2_bridge_ws/ros-bridge/install/carla_walker_agent:/home/bentoaz/CARLA_PROJECT/ros2_bridge_ws/ros-bridge/install/carla_twist_to_control:/home/bentoaz/CARLA_PROJECT/ros2_bridge_ws/ros-bridge/install/carla_ros_scenario_runner:/home/bentoaz/CARLA_PROJECT/ros2_bridge_ws/ros-bridge/install/carla_ros_scenario_runner_types:/home/bentoaz/CARLA_PROJECT/ros2_bridge_ws/ros-bridge/install/carla_ackermann_msgs:/home/bentoaz/CARLA_PROJECT/ros2_bridge_ws/ros-bridge/install/carla_msgs:/home/bentoaz/CARLA_PROJECT/ros2_bridge_ws/ros-bridge/install/carla_common:/opt/ros/humble', 'SHELL': '/bin/bash', 'QT_ACCESSIBILITY': '1', 'GDMSESSION': 'ubuntu', 'GPG_AGENT_INFO': '/run/user/1001/gnupg/S.gpg-agent:0:1', 'QT_IM_MODULE': 'ibus', 'PWD': '/home/bentoaz/NSF_IRES_2025_Codebase/control/build/traj_planning', 'LC_ALL': 'en_US.UTF-8', 'XDG_CONFIG_DIRS': '/etc/xdg/xdg-ubuntu:/etc/xdg', 'XDG_DATA_DIRS': '/usr/share/ubuntu:/usr/share/gnome:/usr/local/share/:/usr/share/:/var/lib/snapd/desktop', 'PYTHONPATH': '/home/bentoaz/NSF_IRES_2025_Codebase/control/build/traj_planning/prefix_override:/usr/lib/python3/dist-packages/colcon_core/task/python/colcon_distutils_commands:/home/bentoaz/NSF_IRES_2025_Codebase/control/install/traj_planning/lib/python3.10/site-packages:/home/bentoaz/NSF_IRES_2025_Codebase/control/install/traj_planning_msg/local/lib/python3.10/dist-packages:/home/bentoaz/NSF_IRES_2025_Codebase/control/install/traj_planning/lib/python3.10/site-packages:/home/bentoaz/CARLA_PROJECT/ros2_bridge_ws/ros-bridge/install/rqt_carla_control/lib/python3.10/site-packages:/home/bentoaz/CARLA_PROJECT/ros2_bridge_ws/ros-bridge/install/carla_waypoint_publisher/lib/python3.10/site-packages:/home/bentoaz/CARLA_PROJECT/ros2_bridge_ws/ros-bridge/install/carla_ackermann_control/lib/python3.10/site-packages:/home/bentoaz/CARLA_PROJECT/ros2_bridge_ws/ros-bridge/install/carla_ros_bridge/lib/python3.10/site-packages:/home/bentoaz/CARLA_PROJECT/ros2_bridge_ws/ros-bridge/install/carla_spawn_objects/lib/python3.10/site-packages:/home/bentoaz/CARLA_PROJECT/ros2_bridge_ws/ros-bridge/install/carla_manual_control/lib/python3.10/site-packages:/home/bentoaz/CARLA_PROJECT/ros2_bridge_ws/ros-bridge/install/carla_ad_agent/lib/python3.10/site-packages:/home/bentoaz/CARLA_PROJECT/ros2_bridge_ws/ros-bridge/install/ros_compatibility/lib/python3.10/site-packages:/home/bentoaz/CARLA_PROJECT/ros2_bridge_ws/ros-bridge/install/navigation/lib/python3.10/site-packages:/home/bentoaz/CARLA_PROJECT/ros2_bridge_ws/ros-bridge/install/carla_waypoint_types/local/lib/python3.10/dist-packages:/home/bentoaz/CARLA_PROJECT/ros2_bridge_ws/ros-bridge/install/carla_walker_agent/lib/python3.10/site-packages:/home/bentoaz/CARLA_PROJECT/ros2_bridge_ws/ros-bridge/install/carla_twist_to_control/lib/python3.10/site-packages:/home/bentoaz/CARLA_PROJECT/ros2_bridge_ws/ros-bridge/install/carla_ros_scenario_runner/lib/python3.10/site-packages:/home/bentoaz/CARLA_PROJECT/ros2_bridge_ws/ros-bridge/install/carla_ros_scenario_runner_types/local/lib/python3.10/dist-packages:/home/bentoaz/CARLA_PROJECT/ros2_bridge_ws/ros-bridge/install/carla_ackermann_msgs/local/lib/python3.10/dist-packages:/home/bentoaz/CARLA_PROJECT/ros2_bridge_ws/ros-bridge/install/carla_msgs/local/lib/python3.10/dist-packages:/home/bentoaz/CARLA_PROJECT/ros2_bridge_ws/ros-bridge/install/carla_common/lib/python3.10/site-packages:/opt/ros/humble/lib/python3.10/site-packages:/opt/ros/humble/local/lib/python3.10/dist-packages', 'COLCON': '1', 'VTE_VERSION': '6800', 'CMAKE_PREFIX_PATH': '/home/bentoaz/NSF_IRES_2025_Codebase/control/install/traj_planning_msg:/home/bentoaz/CARLA_PROJECT/ros2_bridge_ws/ros-bridge/install/carla_ad_demo:/home/bentoaz/CARLA_PROJECT/ros2_bridge_ws/ros-bridge/install/rviz_carla_plugin:/home/bentoaz/CARLA_PROJECT/ros2_bridge_ws/ros-bridge/install/pcl_recorder:/home/bentoaz/CARLA_PROJECT/ros2_bridge_ws/ros-bridge/install/carla_waypoint_types:/home/bentoaz/CARLA_PROJECT/ros2_bridge_ws/ros-bridge/install/carla_ros_scenario_runner_types:/home/bentoaz/CARLA_PROJECT/ros2_bridge_ws/ros-bridge/install/carla_ackermann_msgs:/home/bentoaz/CARLA_PROJECT/ros2_bridge_ws/ros-bridge/install/carla_msgs'}, 'shell': False}
[1.904362] (-) TimerEvent: {}
[1.963447] (traj_planning) StdoutLine: {'line': b'running egg_info\n'}
[1.963660] (traj_planning) StdoutLine: {'line': b'writing ../../build/traj_planning/traj_planning.egg-info/PKG-INFO\n'}
[1.963903] (traj_planning) StdoutLine: {'line': b'writing dependency_links to ../../build/traj_planning/traj_planning.egg-info/dependency_links.txt\n'}
[1.964032] (traj_planning) StdoutLine: {'line': b'writing entry points to ../../build/traj_planning/traj_planning.egg-info/entry_points.txt\n'}
[1.964091] (traj_planning) StdoutLine: {'line': b'writing requirements to ../../build/traj_planning/traj_planning.egg-info/requires.txt\n'}
[1.964145] (traj_planning) StdoutLine: {'line': b'writing top-level names to ../../build/traj_planning/traj_planning.egg-info/top_level.txt\n'}
[1.965432] (traj_planning) StdoutLine: {'line': b"reading manifest file '../../build/traj_planning/traj_planning.egg-info/SOURCES.txt'\n"}
[1.966093] (traj_planning) StdoutLine: {'line': b"writing manifest file '../../build/traj_planning/traj_planning.egg-info/SOURCES.txt'\n"}
[1.966228] (traj_planning) StdoutLine: {'line': b'running build\n'}
[1.966299] (traj_planning) StdoutLine: {'line': b'running build_py\n'}
[1.966460] (traj_planning) StdoutLine: {'line': b'running install\n'}
[1.966537] (traj_planning) StdoutLine: {'line': b'running install_lib\n'}
[1.967527] (traj_planning) StdoutLine: {'line': b'running install_data\n'}
[1.967670] (traj_planning) StdoutLine: {'line': b'running install_egg_info\n'}
[1.969179] (traj_planning) StdoutLine: {'line': b"removing '/home/bentoaz/NSF_IRES_2025_Codebase/control/install/traj_planning/lib/python3.10/site-packages/traj_planning-0.0.0-py3.10.egg-info' (and everything under it)\n"}
[1.969336] (traj_planning) StdoutLine: {'line': b'Copying ../../build/traj_planning/traj_planning.egg-info to /home/bentoaz/NSF_IRES_2025_Codebase/control/install/traj_planning/lib/python3.10/site-packages/traj_planning-0.0.0-py3.10.egg-info\n'}
[1.969792] (traj_planning) StdoutLine: {'line': b'running install_scripts\n'}
[1.982475] (traj_planning) StdoutLine: {'line': b'Installing traj_server script to /home/bentoaz/NSF_IRES_2025_Codebase/control/install/traj_planning/lib/traj_planning\n'}
[1.982613] (traj_planning) StdoutLine: {'line': b"writing list of installed files to '/home/bentoaz/NSF_IRES_2025_Codebase/control/build/traj_planning/install.log'\n"}
[1.994691] (traj_planning) CommandEnded: {'returncode': 0}
[1.998197] (traj_planning) JobEnded: {'identifier': 'traj_planning', 'rc': 0}
[1.998762] (-) EventReactorShutdown: {}
