[0.952s] Invoking command in '/home/bentoaz/f1tenth_experimental_ws/build/local_planner': AMENT_PREFIX_PATH=/home/bentoaz/f1tenth_experimental_ws/install/local_planner_msgs:${AMENT_PREFIX_PATH} CMAKE_PREFIX_PATH=/home/bentoaz/f1tenth_experimental_ws/install/local_planner_msgs:${CMAKE_PREFIX_PATH} LD_LIBRARY_PATH=/home/bentoaz/f1tenth_experimental_ws/install/local_planner_msgs/lib:${LD_LIBRARY_PATH} PYTHONPATH=/home/bentoaz/f1tenth_experimental_ws/build/local_planner/prefix_override:/usr/lib/python3/dist-packages/colcon_core/task/python/colcon_distutils_commands:/home/bentoaz/f1tenth_experimental_ws/install/local_planner/lib/python3.10/site-packages:/home/bentoaz/f1tenth_experimental_ws/install/local_planner_msgs/local/lib/python3.10/dist-packages:${PYTHONPATH} /usr/bin/python3 -W ignore:setup.py install is deprecated -W ignore:easy_install command is deprecated setup.py develop --editable --build-directory /home/bentoaz/f1tenth_experimental_ws/build/local_planner/build --no-deps symlink_data
[1.205s] running develop
[1.365s] running egg_info
[1.365s] creating local_planner.egg-info
[1.366s] writing local_planner.egg-info/PKG-INFO
[1.366s] writing dependency_links to local_planner.egg-info/dependency_links.txt
[1.366s] writing entry points to local_planner.egg-info/entry_points.txt
[1.366s] writing requirements to local_planner.egg-info/requires.txt
[1.366s] writing top-level names to local_planner.egg-info/top_level.txt
[1.366s] writing manifest file 'local_planner.egg-info/SOURCES.txt'
[1.367s] reading manifest file 'local_planner.egg-info/SOURCES.txt'
[1.368s] writing manifest file 'local_planner.egg-info/SOURCES.txt'
[1.397s] running build_ext
[1.397s] Creating /home/bentoaz/f1tenth_experimental_ws/install/local_planner/lib/python3.10/site-packages/local-planner.egg-link (link to .)
[1.397s] Installing traj_selecter script to /home/bentoaz/f1tenth_experimental_ws/install/local_planner/lib/local_planner
[1.397s] Installing traj_server script to /home/bentoaz/f1tenth_experimental_ws/install/local_planner/lib/local_planner
[1.398s] Installing visualizer script to /home/bentoaz/f1tenth_experimental_ws/install/local_planner/lib/local_planner
[1.398s] 
[1.398s] Installed /home/bentoaz/f1tenth_experimental_ws/build/local_planner
[1.398s] running symlink_data
[1.432s] Invoked command in '/home/bentoaz/f1tenth_experimental_ws/build/local_planner' returned '0': AMENT_PREFIX_PATH=/home/bentoaz/f1tenth_experimental_ws/install/local_planner_msgs:${AMENT_PREFIX_PATH} CMAKE_PREFIX_PATH=/home/bentoaz/f1tenth_experimental_ws/install/local_planner_msgs:${CMAKE_PREFIX_PATH} LD_LIBRARY_PATH=/home/bentoaz/f1tenth_experimental_ws/install/local_planner_msgs/lib:${LD_LIBRARY_PATH} PYTHONPATH=/home/bentoaz/f1tenth_experimental_ws/build/local_planner/prefix_override:/usr/lib/python3/dist-packages/colcon_core/task/python/colcon_distutils_commands:/home/bentoaz/f1tenth_experimental_ws/install/local_planner/lib/python3.10/site-packages:/home/bentoaz/f1tenth_experimental_ws/install/local_planner_msgs/local/lib/python3.10/dist-packages:${PYTHONPATH} /usr/bin/python3 -W ignore:setup.py install is deprecated -W ignore:easy_install command is deprecated setup.py develop --editable --build-directory /home/bentoaz/f1tenth_experimental_ws/build/local_planner/build --no-deps symlink_data
