[0.311s] Invoking command in '/home/bentoaz/f1tenth_experimental_ws/build/wall_follow': CMAKE_PREFIX_PATH=${CMAKE_PREFIX_PATH}:/home/bentoaz/f1tenth_gym_ros/install/f1tenth_gym_ros:/home/bentoaz/autoware/install/autoware_carla_interface:/home/bentoaz/autoware/install/ros2agnocast:/home/bentoaz/autoware/install/autoware_adapi_visualizers:/opt/ros/humble /usr/bin/cmake --build /home/bentoaz/f1tenth_experimental_ws/build/wall_follow -- -j16 -l16
[0.696s] [35m[1mConsolidate compiler generated dependencies of target wall_follow_node[0m
[0.696s] [100%] Built target wall_follow_node
[0.696s] [100%] Built target ament_cmake_python_copy_wall_follow_setup
[0.696s] [100%] Built target ament_cmake_python_copy_wall_follow
[0.836s] /usr/lib/python3/dist-packages/setuptools/dist.py:723: UserWarning: Usage of dash-separated 'script-dir' will not be supported in future versions. Please use the underscore name 'script_dir' instead
[0.836s]   warnings.warn(
[0.837s] /usr/lib/python3/dist-packages/setuptools/dist.py:723: UserWarning: Usage of dash-separated 'install-scripts' will not be supported in future versions. Please use the underscore name 'install_scripts' instead
[0.837s]   warnings.warn(
[0.840s] running egg_info
[0.841s] writing wall_follow.egg-info/PKG-INFO
[0.842s] writing dependency_links to wall_follow.egg-info/dependency_links.txt
[0.842s] writing top-level names to wall_follow.egg-info/top_level.txt
[0.843s] reading manifest file 'wall_follow.egg-info/SOURCES.txt'
[0.844s] writing manifest file 'wall_follow.egg-info/SOURCES.txt'
[0.884s] [100%] Built target ament_cmake_python_build_wall_follow_egg
[0.911s] Invoked command in '/home/bentoaz/f1tenth_experimental_ws/build/wall_follow' returned '0': CMAKE_PREFIX_PATH=${CMAKE_PREFIX_PATH}:/home/bentoaz/f1tenth_gym_ros/install/f1tenth_gym_ros:/home/bentoaz/autoware/install/autoware_carla_interface:/home/bentoaz/autoware/install/ros2agnocast:/home/bentoaz/autoware/install/autoware_adapi_visualizers:/opt/ros/humble /usr/bin/cmake --build /home/bentoaz/f1tenth_experimental_ws/build/wall_follow -- -j16 -l16
[0.913s] Invoking command in '/home/bentoaz/f1tenth_experimental_ws/build/wall_follow': CMAKE_PREFIX_PATH=${CMAKE_PREFIX_PATH}:/home/bentoaz/f1tenth_gym_ros/install/f1tenth_gym_ros:/home/bentoaz/autoware/install/autoware_carla_interface:/home/bentoaz/autoware/install/ros2agnocast:/home/bentoaz/autoware/install/autoware_adapi_visualizers:/opt/ros/humble /usr/bin/cmake --install /home/bentoaz/f1tenth_experimental_ws/build/wall_follow
[0.935s] -- Install configuration: ""
[0.935s] -- Installing: /home/bentoaz/f1tenth_experimental_ws/install/wall_follow/lib/wall_follow/wall_follow_node
[0.937s] -- Set runtime path of "/home/bentoaz/f1tenth_experimental_ws/install/wall_follow/lib/wall_follow/wall_follow_node" to ""
[0.937s] -- Installing: /home/bentoaz/f1tenth_experimental_ws/install/wall_follow/share/wall_follow/environment/pythonpath.sh
[0.937s] -- Installing: /home/bentoaz/f1tenth_experimental_ws/install/wall_follow/share/wall_follow/environment/pythonpath.dsv
[0.937s] -- Installing: /home/bentoaz/f1tenth_experimental_ws/install/wall_follow/local/lib/python3.10/dist-packages/wall_follow-0.0.0-py3.10.egg-info
[0.937s] -- Installing: /home/bentoaz/f1tenth_experimental_ws/install/wall_follow/local/lib/python3.10/dist-packages/wall_follow-0.0.0-py3.10.egg-info/SOURCES.txt
[0.937s] -- Installing: /home/bentoaz/f1tenth_experimental_ws/install/wall_follow/local/lib/python3.10/dist-packages/wall_follow-0.0.0-py3.10.egg-info/dependency_links.txt
[0.937s] -- Installing: /home/bentoaz/f1tenth_experimental_ws/install/wall_follow/local/lib/python3.10/dist-packages/wall_follow-0.0.0-py3.10.egg-info/top_level.txt
[0.937s] -- Installing: /home/bentoaz/f1tenth_experimental_ws/install/wall_follow/local/lib/python3.10/dist-packages/wall_follow-0.0.0-py3.10.egg-info/PKG-INFO
[0.937s] -- Installing: /home/bentoaz/f1tenth_experimental_ws/install/wall_follow/local/lib/python3.10/dist-packages/wall_follow
[0.937s] -- Installing: /home/bentoaz/f1tenth_experimental_ws/install/wall_follow/local/lib/python3.10/dist-packages/wall_follow/__init__.py
[0.983s] Listing '/home/bentoaz/f1tenth_experimental_ws/install/wall_follow/local/lib/python3.10/dist-packages/wall_follow'...
[0.983s] Compiling '/home/bentoaz/f1tenth_experimental_ws/install/wall_follow/local/lib/python3.10/dist-packages/wall_follow/__init__.py'...
[0.986s] -- Installing: /home/bentoaz/f1tenth_experimental_ws/install/wall_follow/lib/wall_follow/wall_follow_node.py
[0.986s] -- Installing: /home/bentoaz/f1tenth_experimental_ws/install/wall_follow/share/ament_index/resource_index/package_run_dependencies/wall_follow
[0.987s] -- Installing: /home/bentoaz/f1tenth_experimental_ws/install/wall_follow/share/ament_index/resource_index/parent_prefix_path/wall_follow
[0.987s] -- Installing: /home/bentoaz/f1tenth_experimental_ws/install/wall_follow/share/wall_follow/environment/ament_prefix_path.sh
[0.987s] -- Installing: /home/bentoaz/f1tenth_experimental_ws/install/wall_follow/share/wall_follow/environment/ament_prefix_path.dsv
[0.987s] -- Installing: /home/bentoaz/f1tenth_experimental_ws/install/wall_follow/share/wall_follow/environment/path.sh
[0.987s] -- Installing: /home/bentoaz/f1tenth_experimental_ws/install/wall_follow/share/wall_follow/environment/path.dsv
[0.987s] -- Installing: /home/bentoaz/f1tenth_experimental_ws/install/wall_follow/share/wall_follow/local_setup.bash
[0.987s] -- Installing: /home/bentoaz/f1tenth_experimental_ws/install/wall_follow/share/wall_follow/local_setup.sh
[0.987s] -- Installing: /home/bentoaz/f1tenth_experimental_ws/install/wall_follow/share/wall_follow/local_setup.zsh
[0.987s] -- Installing: /home/bentoaz/f1tenth_experimental_ws/install/wall_follow/share/wall_follow/local_setup.dsv
[0.987s] -- Installing: /home/bentoaz/f1tenth_experimental_ws/install/wall_follow/share/wall_follow/package.dsv
[0.987s] -- Installing: /home/bentoaz/f1tenth_experimental_ws/install/wall_follow/share/ament_index/resource_index/packages/wall_follow
[0.987s] -- Installing: /home/bentoaz/f1tenth_experimental_ws/install/wall_follow/share/wall_follow/cmake/wall_followConfig.cmake
[0.987s] -- Installing: /home/bentoaz/f1tenth_experimental_ws/install/wall_follow/share/wall_follow/cmake/wall_followConfig-version.cmake
[0.987s] -- Installing: /home/bentoaz/f1tenth_experimental_ws/install/wall_follow/share/wall_follow/package.xml
[1.186s] Invoked command in '/home/bentoaz/f1tenth_experimental_ws/build/wall_follow' returned '0': CMAKE_PREFIX_PATH=${CMAKE_PREFIX_PATH}:/home/bentoaz/f1tenth_gym_ros/install/f1tenth_gym_ros:/home/bentoaz/autoware/install/autoware_carla_interface:/home/bentoaz/autoware/install/ros2agnocast:/home/bentoaz/autoware/install/autoware_adapi_visualizers:/opt/ros/humble /usr/bin/cmake --install /home/bentoaz/f1tenth_experimental_ws/build/wall_follow
