[0.809s] Invoking command in '/home/bentoaz/f1tenth_experimental_ws/build/waypoint_generator': CMAKE_PREFIX_PATH=${CMAKE_PREFIX_PATH}:/home/bentoaz/f1tenth_experimental_ws/install/stanley_avoidance:/home/bentoaz/f1tenth_experimental_ws/install/particle_filter:/home/bentoaz/f1tenth_experimental_ws/install/local_planner:/home/bentoaz/f1tenth_gym_ros/install/f1tenth_gym_ros:/home/bentoaz/autoware/install/autoware_carla_interface:/home/bentoaz/autoware/install/ros2agnocast:/home/bentoaz/autoware/install/autoware_adapi_visualizers:/opt/ros/humble /usr/bin/cmake --build /home/bentoaz/f1tenth_experimental_ws/build/waypoint_generator -- -j16 -l16
[0.966s] [35m[1mConsolidate compiler generated dependencies of target waypoint_generator[0m
[1.007s] [100%] Built target waypoint_generator
[1.032s] Invoked command in '/home/bentoaz/f1tenth_experimental_ws/build/waypoint_generator' returned '0': CMAKE_PREFIX_PATH=${CMAKE_PREFIX_PATH}:/home/bentoaz/f1tenth_experimental_ws/install/stanley_avoidance:/home/bentoaz/f1tenth_experimental_ws/install/particle_filter:/home/bentoaz/f1tenth_experimental_ws/install/local_planner:/home/bentoaz/f1tenth_gym_ros/install/f1tenth_gym_ros:/home/bentoaz/autoware/install/autoware_carla_interface:/home/bentoaz/autoware/install/ros2agnocast:/home/bentoaz/autoware/install/autoware_adapi_visualizers:/opt/ros/humble /usr/bin/cmake --build /home/bentoaz/f1tenth_experimental_ws/build/waypoint_generator -- -j16 -l16
[1.033s] Invoking command in '/home/bentoaz/f1tenth_experimental_ws/build/waypoint_generator': CMAKE_PREFIX_PATH=${CMAKE_PREFIX_PATH}:/home/bentoaz/f1tenth_experimental_ws/install/stanley_avoidance:/home/bentoaz/f1tenth_experimental_ws/install/particle_filter:/home/bentoaz/f1tenth_experimental_ws/install/local_planner:/home/bentoaz/f1tenth_gym_ros/install/f1tenth_gym_ros:/home/bentoaz/autoware/install/autoware_carla_interface:/home/bentoaz/autoware/install/ros2agnocast:/home/bentoaz/autoware/install/autoware_adapi_visualizers:/opt/ros/humble /usr/bin/cmake --install /home/bentoaz/f1tenth_experimental_ws/build/waypoint_generator
[1.068s] -- Install configuration: ""
[1.069s] -- Execute custom install script
[1.069s] -- Up-to-date symlink: /home/bentoaz/f1tenth_experimental_ws/install/waypoint_generator/lib/waypoint_generator/waypoint_generator
[1.069s] -- Up-to-date symlink: /home/bentoaz/f1tenth_experimental_ws/install/waypoint_generator/share/ament_index/resource_index/package_run_dependencies/waypoint_generator
[1.069s] -- Up-to-date symlink: /home/bentoaz/f1tenth_experimental_ws/install/waypoint_generator/share/ament_index/resource_index/parent_prefix_path/waypoint_generator
[1.069s] -- Up-to-date symlink: /home/bentoaz/f1tenth_experimental_ws/install/waypoint_generator/share/waypoint_generator/environment/ament_prefix_path.sh
[1.070s] -- Up-to-date symlink: /home/bentoaz/f1tenth_experimental_ws/install/waypoint_generator/share/waypoint_generator/environment/ament_prefix_path.dsv
[1.070s] -- Up-to-date symlink: /home/bentoaz/f1tenth_experimental_ws/install/waypoint_generator/share/waypoint_generator/environment/path.sh
[1.070s] -- Up-to-date symlink: /home/bentoaz/f1tenth_experimental_ws/install/waypoint_generator/share/waypoint_generator/environment/path.dsv
[1.070s] -- Up-to-date symlink: /home/bentoaz/f1tenth_experimental_ws/install/waypoint_generator/share/waypoint_generator/local_setup.bash
[1.070s] -- Up-to-date symlink: /home/bentoaz/f1tenth_experimental_ws/install/waypoint_generator/share/waypoint_generator/local_setup.sh
[1.070s] -- Up-to-date symlink: /home/bentoaz/f1tenth_experimental_ws/install/waypoint_generator/share/waypoint_generator/local_setup.zsh
[1.070s] -- Up-to-date symlink: /home/bentoaz/f1tenth_experimental_ws/install/waypoint_generator/share/waypoint_generator/local_setup.dsv
[1.071s] -- Up-to-date symlink: /home/bentoaz/f1tenth_experimental_ws/install/waypoint_generator/share/waypoint_generator/package.dsv
[1.071s] -- Up-to-date symlink: /home/bentoaz/f1tenth_experimental_ws/install/waypoint_generator/share/ament_index/resource_index/packages/waypoint_generator
[1.071s] -- Up-to-date symlink: /home/bentoaz/f1tenth_experimental_ws/install/waypoint_generator/share/waypoint_generator/cmake/waypoint_generatorConfig.cmake
[1.071s] -- Up-to-date symlink: /home/bentoaz/f1tenth_experimental_ws/install/waypoint_generator/share/waypoint_generator/cmake/waypoint_generatorConfig-version.cmake
[1.071s] -- Up-to-date symlink: /home/bentoaz/f1tenth_experimental_ws/install/waypoint_generator/share/waypoint_generator/package.xml
[1.329s] Invoked command in '/home/bentoaz/f1tenth_experimental_ws/build/waypoint_generator' returned '0': CMAKE_PREFIX_PATH=${CMAKE_PREFIX_PATH}:/home/bentoaz/f1tenth_experimental_ws/install/stanley_avoidance:/home/bentoaz/f1tenth_experimental_ws/install/particle_filter:/home/bentoaz/f1tenth_experimental_ws/install/local_planner:/home/bentoaz/f1tenth_gym_ros/install/f1tenth_gym_ros:/home/bentoaz/autoware/install/autoware_carla_interface:/home/bentoaz/autoware/install/ros2agnocast:/home/bentoaz/autoware/install/autoware_adapi_visualizers:/opt/ros/humble /usr/bin/cmake --install /home/bentoaz/f1tenth_experimental_ws/build/waypoint_generator
