-- The C compiler identification is GNU 11.4.0
-- The CXX compiler identification is GNU 11.4.0
-- Detecting C compiler ABI info
-- Detecting C compiler ABI info - done
-- Check for working C compiler: /usr/bin/cc - skipped
-- Detecting C compile features
-- Detecting C compile features - done
-- Detecting CXX compiler ABI info
-- Detecting CXX compiler ABI info - done
-- Check for working CXX compiler: /usr/bin/c++ - skipped
-- Detecting CXX compile features
-- Detecting CXX compile features - done
-- Found ament_cmake: 1.3.11 (/opt/ros/humble/share/ament_cmake/cmake)
-- Found Python3: /usr/bin/python3 (found version "3.10.12") found components: Interpreter 
-- Found ament_lint_auto: 0.12.12 (/opt/ros/humble/share/ament_lint_auto/cmake)
-- Found std_msgs: 4.9.0 (/opt/ros/humble/share/std_msgs/cmake)
-- Found rosidl_generator_c: 3.1.6 (/opt/ros/humble/share/rosidl_generator_c/cmake)
-- Found rosidl_adapter: 3.1.6 (/opt/ros/humble/share/rosidl_adapter/cmake)
-- Found rosidl_generator_cpp: 3.1.6 (/opt/ros/humble/share/rosidl_generator_cpp/cmake)
-- Using all available rosidl_typesupport_c: rosidl_typesupport_fastrtps_c;rosidl_typesupport_introspection_c
-- Using all available rosidl_typesupport_cpp: rosidl_typesupport_fastrtps_cpp;rosidl_typesupport_introspection_cpp
-- Found nav_msgs: 4.9.0 (/opt/ros/humble/share/nav_msgs/cmake)
-- Found rosidl_default_generators: 1.2.0 (/opt/ros/humble/share/rosidl_default_generators/cmake)
-- Found ament_cmake_ros: 0.10.0 (/opt/ros/humble/share/ament_cmake_ros/cmake)
-- Using all available rosidl_typesupport_c: rosidl_typesupport_fastrtps_c;rosidl_typesupport_introspection_c
-- Using all available rosidl_typesupport_cpp: rosidl_typesupport_fastrtps_cpp;rosidl_typesupport_introspection_cpp
-- Found PythonInterp: /usr/bin/python3 (found suitable version "3.10.12", minimum required is "3.6") 
-- Found python_cmake_module: 0.10.0 (/opt/ros/humble/share/python_cmake_module/cmake)
-- Found PythonLibs: /usr/lib/x86_64-linux-gnu/libpython3.10.so (found suitable version "3.10.12", minimum required is "3.5") 
-- Using PYTHON_EXECUTABLE: /usr/bin/python3
-- Using PYTHON_INCLUDE_DIRS: /usr/include/python3.10
-- Using PYTHON_LIBRARIES: /usr/lib/x86_64-linux-gnu/libpython3.10.so
-- Found PythonExtra: .so  
-- Added test 'lint_cmake' to check CMake code style
-- Added test 'xmllint' to check XML markup files
-- Configuring done
-- Generating done
-- Build files have been written to: /home/bentoaz/f1tenth_experimental_ws/build/local_planner_msgs
[  2%] [34m[1mGenerating C code for ROS interfaces[0m
[  5%] [34m[1mGenerating C++ code for ROS interfaces[0m
[  5%] Built target ament_cmake_python_copy_local_planner_msgs
[  5%] Built target local_planner_msgs__cpp
[  7%] [32mBuilding C object CMakeFiles/local_planner_msgs__rosidl_generator_c.dir/rosidl_generator_c/local_planner_msgs/msg/detail/trajectory_list__functions.c.o[0m
[ 10%] [32mBuilding C object CMakeFiles/local_planner_msgs__rosidl_generator_c.dir/rosidl_generator_c/local_planner_msgs/msg/detail/trajectory__functions.c.o[0m
[ 12%] [34m[1mGenerating C++ type support dispatch for ROS interfaces[0m
[ 15%] [34m[1mGenerating C++ introspection for ROS interfaces[0m
running egg_info
creating local_planner_msgs.egg-info
writing local_planner_msgs.egg-info/PKG-INFO
writing dependency_links to local_planner_msgs.egg-info/dependency_links.txt
writing top-level names to local_planner_msgs.egg-info/top_level.txt
[ 17%] [34m[1mGenerating C++ type support for eProsima Fast-RTPS[0m
writing manifest file 'local_planner_msgs.egg-info/SOURCES.txt'
reading manifest file 'local_planner_msgs.egg-info/SOURCES.txt'
writing manifest file 'local_planner_msgs.egg-info/SOURCES.txt'
[ 17%] Built target ament_cmake_python_build_local_planner_msgs_egg
[ 20%] [32m[1mLinking C shared library liblocal_planner_msgs__rosidl_generator_c.so[0m
[ 20%] Built target local_planner_msgs__rosidl_generator_c
[ 23%] [34m[1mGenerating C introspection for ROS interfaces[0m
[ 25%] [34m[1mGenerating C type support for eProsima Fast-RTPS[0m
[ 28%] [34m[1mGenerating C type support dispatch for ROS interfaces[0m
[ 30%] [32mBuilding CXX object CMakeFiles/local_planner_msgs__rosidl_typesupport_cpp.dir/rosidl_typesupport_cpp/local_planner_msgs/msg/trajectory_list__type_support.cpp.o[0m
[ 33%] [32mBuilding CXX object CMakeFiles/local_planner_msgs__rosidl_typesupport_cpp.dir/rosidl_typesupport_cpp/local_planner_msgs/msg/trajectory__type_support.cpp.o[0m
[ 35%] [32mBuilding CXX object CMakeFiles/local_planner_msgs__rosidl_typesupport_fastrtps_cpp.dir/rosidl_typesupport_fastrtps_cpp/local_planner_msgs/msg/detail/dds_fastrtps/trajectory_list__type_support.cpp.o[0m
[ 38%] [32mBuilding CXX object CMakeFiles/local_planner_msgs__rosidl_typesupport_fastrtps_cpp.dir/rosidl_typesupport_fastrtps_cpp/local_planner_msgs/msg/detail/dds_fastrtps/trajectory__type_support.cpp.o[0m
[ 41%] [32mBuilding CXX object CMakeFiles/local_planner_msgs__rosidl_typesupport_introspection_cpp.dir/rosidl_typesupport_introspection_cpp/local_planner_msgs/msg/detail/trajectory__type_support.cpp.o[0m
[ 43%] [32mBuilding CXX object CMakeFiles/local_planner_msgs__rosidl_typesupport_introspection_cpp.dir/rosidl_typesupport_introspection_cpp/local_planner_msgs/msg/detail/trajectory_list__type_support.cpp.o[0m
[ 46%] [32mBuilding CXX object CMakeFiles/local_planner_msgs__rosidl_typesupport_c.dir/rosidl_typesupport_c/local_planner_msgs/msg/trajectory_list__type_support.cpp.o[0m
[ 48%] [32mBuilding CXX object CMakeFiles/local_planner_msgs__rosidl_typesupport_c.dir/rosidl_typesupport_c/local_planner_msgs/msg/trajectory__type_support.cpp.o[0m
[ 51%] [32mBuilding C object CMakeFiles/local_planner_msgs__rosidl_typesupport_introspection_c.dir/rosidl_typesupport_introspection_c/local_planner_msgs/msg/detail/trajectory_list__type_support.c.o[0m
[ 53%] [32mBuilding C object CMakeFiles/local_planner_msgs__rosidl_typesupport_introspection_c.dir/rosidl_typesupport_introspection_c/local_planner_msgs/msg/detail/trajectory__type_support.c.o[0m
[ 58%] [32mBuilding CXX object CMakeFiles/local_planner_msgs__rosidl_typesupport_fastrtps_c.dir/rosidl_typesupport_fastrtps_c/local_planner_msgs/msg/detail/trajectory__type_support_c.cpp.o[0m
[ 58%] [32mBuilding CXX object CMakeFiles/local_planner_msgs__rosidl_typesupport_fastrtps_c.dir/rosidl_typesupport_fastrtps_c/local_planner_msgs/msg/detail/trajectory_list__type_support_c.cpp.o[0m
[ 61%] [32m[1mLinking CXX shared library liblocal_planner_msgs__rosidl_typesupport_cpp.so[0m
[ 64%] [32m[1mLinking CXX shared library liblocal_planner_msgs__rosidl_typesupport_c.so[0m
[ 66%] [32m[1mLinking C shared library liblocal_planner_msgs__rosidl_typesupport_introspection_c.so[0m
[ 66%] Built target local_planner_msgs__rosidl_typesupport_cpp
[ 66%] Built target local_planner_msgs__rosidl_typesupport_c
[ 66%] Built target local_planner_msgs__rosidl_typesupport_introspection_c
[ 69%] [32m[1mLinking CXX shared library liblocal_planner_msgs__rosidl_typesupport_fastrtps_cpp.so[0m
[ 71%] [32m[1mLinking CXX shared library liblocal_planner_msgs__rosidl_typesupport_introspection_cpp.so[0m
[ 71%] Built target local_planner_msgs__rosidl_typesupport_fastrtps_cpp
[ 74%] [32m[1mLinking CXX shared library liblocal_planner_msgs__rosidl_typesupport_fastrtps_c.so[0m
[ 74%] Built target local_planner_msgs__rosidl_typesupport_fastrtps_c
[ 74%] Built target local_planner_msgs__rosidl_typesupport_introspection_cpp
[ 74%] Built target local_planner_msgs
[ 76%] [34m[1mGenerating Python code for ROS interfaces[0m
[ 76%] Built target local_planner_msgs__py
[ 82%] [32mBuilding C object CMakeFiles/local_planner_msgs__rosidl_generator_py.dir/rosidl_generator_py/local_planner_msgs/msg/_trajectory_s.c.o[0m
[ 82%] [32mBuilding C object CMakeFiles/local_planner_msgs__rosidl_generator_py.dir/rosidl_generator_py/local_planner_msgs/msg/_trajectory_list_s.c.o[0m
[ 84%] [32m[1mLinking C shared library rosidl_generator_py/local_planner_msgs/liblocal_planner_msgs__rosidl_generator_py.so[0m
[ 84%] Built target local_planner_msgs__rosidl_generator_py
[ 87%] [32mBuilding C object CMakeFiles/local_planner_msgs__rosidl_typesupport_fastrtps_c__pyext.dir/rosidl_generator_py/local_planner_msgs/_local_planner_msgs_s.ep.rosidl_typesupport_fastrtps_c.c.o[0m
[ 89%] [32mBuilding C object CMakeFiles/local_planner_msgs__rosidl_typesupport_introspection_c__pyext.dir/rosidl_generator_py/local_planner_msgs/_local_planner_msgs_s.ep.rosidl_typesupport_introspection_c.c.o[0m
[ 92%] [32mBuilding C object CMakeFiles/local_planner_msgs__rosidl_typesupport_c__pyext.dir/rosidl_generator_py/local_planner_msgs/_local_planner_msgs_s.ep.rosidl_typesupport_c.c.o[0m
[ 94%] [32m[1mLinking C shared library rosidl_generator_py/local_planner_msgs/local_planner_msgs_s__rosidl_typesupport_introspection_c.cpython-310-x86_64-linux-gnu.so[0m
[ 97%] [32m[1mLinking C shared library rosidl_generator_py/local_planner_msgs/local_planner_msgs_s__rosidl_typesupport_fastrtps_c.cpython-310-x86_64-linux-gnu.so[0m
[100%] [32m[1mLinking C shared library rosidl_generator_py/local_planner_msgs/local_planner_msgs_s__rosidl_typesupport_c.cpython-310-x86_64-linux-gnu.so[0m
[100%] Built target local_planner_msgs__rosidl_typesupport_introspection_c__pyext
[100%] Built target local_planner_msgs__rosidl_typesupport_fastrtps_c__pyext
[100%] Built target local_planner_msgs__rosidl_typesupport_c__pyext
-- Install configuration: ""
-- Installing: /home/bentoaz/f1tenth_experimental_ws/install/local_planner_msgs/share/ament_index/resource_index/rosidl_interfaces/local_planner_msgs
-- Installing: /home/bentoaz/f1tenth_experimental_ws/install/local_planner_msgs/include/local_planner_msgs/local_planner_msgs
-- Installing: /home/bentoaz/f1tenth_experimental_ws/install/local_planner_msgs/include/local_planner_msgs/local_planner_msgs/msg
-- Installing: /home/bentoaz/f1tenth_experimental_ws/install/local_planner_msgs/include/local_planner_msgs/local_planner_msgs/msg/trajectory_list.h
-- Installing: /home/bentoaz/f1tenth_experimental_ws/install/local_planner_msgs/include/local_planner_msgs/local_planner_msgs/msg/rosidl_generator_c__visibility_control.h
-- Installing: /home/bentoaz/f1tenth_experimental_ws/install/local_planner_msgs/include/local_planner_msgs/local_planner_msgs/msg/detail
-- Installing: /home/bentoaz/f1tenth_experimental_ws/install/local_planner_msgs/include/local_planner_msgs/local_planner_msgs/msg/detail/trajectory_list__struct.h
-- Installing: /home/bentoaz/f1tenth_experimental_ws/install/local_planner_msgs/include/local_planner_msgs/local_planner_msgs/msg/detail/trajectory__functions.h
-- Installing: /home/bentoaz/f1tenth_experimental_ws/install/local_planner_msgs/include/local_planner_msgs/local_planner_msgs/msg/detail/trajectory_list__functions.h
-- Installing: /home/bentoaz/f1tenth_experimental_ws/install/local_planner_msgs/include/local_planner_msgs/local_planner_msgs/msg/detail/trajectory_list__functions.c
-- Installing: /home/bentoaz/f1tenth_experimental_ws/install/local_planner_msgs/include/local_planner_msgs/local_planner_msgs/msg/detail/trajectory__type_support.h
-- Installing: /home/bentoaz/f1tenth_experimental_ws/install/local_planner_msgs/include/local_planner_msgs/local_planner_msgs/msg/detail/trajectory_list__type_support.h
-- Installing: /home/bentoaz/f1tenth_experimental_ws/install/local_planner_msgs/include/local_planner_msgs/local_planner_msgs/msg/detail/trajectory__functions.c
-- Installing: /home/bentoaz/f1tenth_experimental_ws/install/local_planner_msgs/include/local_planner_msgs/local_planner_msgs/msg/detail/trajectory__struct.h
-- Installing: /home/bentoaz/f1tenth_experimental_ws/install/local_planner_msgs/include/local_planner_msgs/local_planner_msgs/msg/trajectory.h
-- Installing: /home/bentoaz/f1tenth_experimental_ws/install/local_planner_msgs/share/local_planner_msgs/environment/library_path.sh
-- Installing: /home/bentoaz/f1tenth_experimental_ws/install/local_planner_msgs/share/local_planner_msgs/environment/library_path.dsv
-- Installing: /home/bentoaz/f1tenth_experimental_ws/install/local_planner_msgs/lib/liblocal_planner_msgs__rosidl_generator_c.so
-- Set runtime path of "/home/bentoaz/f1tenth_experimental_ws/install/local_planner_msgs/lib/liblocal_planner_msgs__rosidl_generator_c.so" to ""
-- Up-to-date: /home/bentoaz/f1tenth_experimental_ws/install/local_planner_msgs/include/local_planner_msgs/local_planner_msgs
-- Up-to-date: /home/bentoaz/f1tenth_experimental_ws/install/local_planner_msgs/include/local_planner_msgs/local_planner_msgs/msg
-- Installing: /home/bentoaz/f1tenth_experimental_ws/install/local_planner_msgs/include/local_planner_msgs/local_planner_msgs/msg/rosidl_typesupport_fastrtps_c__visibility_control.h
-- Up-to-date: /home/bentoaz/f1tenth_experimental_ws/install/local_planner_msgs/include/local_planner_msgs/local_planner_msgs/msg/detail
-- Installing: /home/bentoaz/f1tenth_experimental_ws/install/local_planner_msgs/include/local_planner_msgs/local_planner_msgs/msg/detail/trajectory_list__rosidl_typesupport_fastrtps_c.h
-- Installing: /home/bentoaz/f1tenth_experimental_ws/install/local_planner_msgs/include/local_planner_msgs/local_planner_msgs/msg/detail/trajectory__rosidl_typesupport_fastrtps_c.h
-- Installing: /home/bentoaz/f1tenth_experimental_ws/install/local_planner_msgs/lib/liblocal_planner_msgs__rosidl_typesupport_fastrtps_c.so
-- Set runtime path of "/home/bentoaz/f1tenth_experimental_ws/install/local_planner_msgs/lib/liblocal_planner_msgs__rosidl_typesupport_fastrtps_c.so" to ""
-- Up-to-date: /home/bentoaz/f1tenth_experimental_ws/install/local_planner_msgs/include/local_planner_msgs/local_planner_msgs
-- Up-to-date: /home/bentoaz/f1tenth_experimental_ws/install/local_planner_msgs/include/local_planner_msgs/local_planner_msgs/msg
-- Installing: /home/bentoaz/f1tenth_experimental_ws/install/local_planner_msgs/include/local_planner_msgs/local_planner_msgs/msg/trajectory_list.hpp
-- Installing: /home/bentoaz/f1tenth_experimental_ws/install/local_planner_msgs/include/local_planner_msgs/local_planner_msgs/msg/trajectory.hpp
-- Up-to-date: /home/bentoaz/f1tenth_experimental_ws/install/local_planner_msgs/include/local_planner_msgs/local_planner_msgs/msg/detail
-- Installing: /home/bentoaz/f1tenth_experimental_ws/install/local_planner_msgs/include/local_planner_msgs/local_planner_msgs/msg/detail/trajectory__traits.hpp
-- Installing: /home/bentoaz/f1tenth_experimental_ws/install/local_planner_msgs/include/local_planner_msgs/local_planner_msgs/msg/detail/trajectory__builder.hpp
-- Installing: /home/bentoaz/f1tenth_experimental_ws/install/local_planner_msgs/include/local_planner_msgs/local_planner_msgs/msg/detail/trajectory_list__traits.hpp
-- Installing: /home/bentoaz/f1tenth_experimental_ws/install/local_planner_msgs/include/local_planner_msgs/local_planner_msgs/msg/detail/trajectory_list__struct.hpp
-- Installing: /home/bentoaz/f1tenth_experimental_ws/install/local_planner_msgs/include/local_planner_msgs/local_planner_msgs/msg/detail/trajectory_list__builder.hpp
-- Installing: /home/bentoaz/f1tenth_experimental_ws/install/local_planner_msgs/include/local_planner_msgs/local_planner_msgs/msg/detail/trajectory_list__type_support.hpp
-- Installing: /home/bentoaz/f1tenth_experimental_ws/install/local_planner_msgs/include/local_planner_msgs/local_planner_msgs/msg/detail/trajectory__struct.hpp
-- Installing: /home/bentoaz/f1tenth_experimental_ws/install/local_planner_msgs/include/local_planner_msgs/local_planner_msgs/msg/detail/trajectory__type_support.hpp
-- Installing: /home/bentoaz/f1tenth_experimental_ws/install/local_planner_msgs/include/local_planner_msgs/local_planner_msgs/msg/rosidl_generator_cpp__visibility_control.hpp
-- Up-to-date: /home/bentoaz/f1tenth_experimental_ws/install/local_planner_msgs/include/local_planner_msgs/local_planner_msgs
-- Up-to-date: /home/bentoaz/f1tenth_experimental_ws/install/local_planner_msgs/include/local_planner_msgs/local_planner_msgs/msg
-- Up-to-date: /home/bentoaz/f1tenth_experimental_ws/install/local_planner_msgs/include/local_planner_msgs/local_planner_msgs/msg/detail
-- Installing: /home/bentoaz/f1tenth_experimental_ws/install/local_planner_msgs/include/local_planner_msgs/local_planner_msgs/msg/detail/trajectory__rosidl_typesupport_fastrtps_cpp.hpp
-- Installing: /home/bentoaz/f1tenth_experimental_ws/install/local_planner_msgs/include/local_planner_msgs/local_planner_msgs/msg/detail/trajectory_list__rosidl_typesupport_fastrtps_cpp.hpp
-- Installing: /home/bentoaz/f1tenth_experimental_ws/install/local_planner_msgs/include/local_planner_msgs/local_planner_msgs/msg/detail/dds_fastrtps
-- Installing: /home/bentoaz/f1tenth_experimental_ws/install/local_planner_msgs/include/local_planner_msgs/local_planner_msgs/msg/rosidl_typesupport_fastrtps_cpp__visibility_control.h
-- Installing: /home/bentoaz/f1tenth_experimental_ws/install/local_planner_msgs/lib/liblocal_planner_msgs__rosidl_typesupport_fastrtps_cpp.so
-- Set runtime path of "/home/bentoaz/f1tenth_experimental_ws/install/local_planner_msgs/lib/liblocal_planner_msgs__rosidl_typesupport_fastrtps_cpp.so" to ""
-- Up-to-date: /home/bentoaz/f1tenth_experimental_ws/install/local_planner_msgs/include/local_planner_msgs/local_planner_msgs
-- Up-to-date: /home/bentoaz/f1tenth_experimental_ws/install/local_planner_msgs/include/local_planner_msgs/local_planner_msgs/msg
-- Up-to-date: /home/bentoaz/f1tenth_experimental_ws/install/local_planner_msgs/include/local_planner_msgs/local_planner_msgs/msg/detail
-- Installing: /home/bentoaz/f1tenth_experimental_ws/install/local_planner_msgs/include/local_planner_msgs/local_planner_msgs/msg/detail/trajectory__rosidl_typesupport_introspection_c.h
-- Installing: /home/bentoaz/f1tenth_experimental_ws/install/local_planner_msgs/include/local_planner_msgs/local_planner_msgs/msg/detail/trajectory_list__rosidl_typesupport_introspection_c.h
-- Installing: /home/bentoaz/f1tenth_experimental_ws/install/local_planner_msgs/include/local_planner_msgs/local_planner_msgs/msg/detail/trajectory_list__type_support.c
-- Installing: /home/bentoaz/f1tenth_experimental_ws/install/local_planner_msgs/include/local_planner_msgs/local_planner_msgs/msg/detail/trajectory__type_support.c
-- Installing: /home/bentoaz/f1tenth_experimental_ws/install/local_planner_msgs/include/local_planner_msgs/local_planner_msgs/msg/rosidl_typesupport_introspection_c__visibility_control.h
-- Installing: /home/bentoaz/f1tenth_experimental_ws/install/local_planner_msgs/lib/liblocal_planner_msgs__rosidl_typesupport_introspection_c.so
-- Set runtime path of "/home/bentoaz/f1tenth_experimental_ws/install/local_planner_msgs/lib/liblocal_planner_msgs__rosidl_typesupport_introspection_c.so" to ""
-- Installing: /home/bentoaz/f1tenth_experimental_ws/install/local_planner_msgs/lib/liblocal_planner_msgs__rosidl_typesupport_c.so
-- Set runtime path of "/home/bentoaz/f1tenth_experimental_ws/install/local_planner_msgs/lib/liblocal_planner_msgs__rosidl_typesupport_c.so" to ""
-- Up-to-date: /home/bentoaz/f1tenth_experimental_ws/install/local_planner_msgs/include/local_planner_msgs/local_planner_msgs
-- Up-to-date: /home/bentoaz/f1tenth_experimental_ws/install/local_planner_msgs/include/local_planner_msgs/local_planner_msgs/msg
-- Up-to-date: /home/bentoaz/f1tenth_experimental_ws/install/local_planner_msgs/include/local_planner_msgs/local_planner_msgs/msg/detail
-- Installing: /home/bentoaz/f1tenth_experimental_ws/install/local_planner_msgs/include/local_planner_msgs/local_planner_msgs/msg/detail/trajectory__rosidl_typesupport_introspection_cpp.hpp
-- Installing: /home/bentoaz/f1tenth_experimental_ws/install/local_planner_msgs/include/local_planner_msgs/local_planner_msgs/msg/detail/trajectory_list__rosidl_typesupport_introspection_cpp.hpp
-- Installing: /home/bentoaz/f1tenth_experimental_ws/install/local_planner_msgs/include/local_planner_msgs/local_planner_msgs/msg/detail/trajectory_list__type_support.cpp
-- Installing: /home/bentoaz/f1tenth_experimental_ws/install/local_planner_msgs/include/local_planner_msgs/local_planner_msgs/msg/detail/trajectory__type_support.cpp
-- Installing: /home/bentoaz/f1tenth_experimental_ws/install/local_planner_msgs/lib/liblocal_planner_msgs__rosidl_typesupport_introspection_cpp.so
-- Set runtime path of "/home/bentoaz/f1tenth_experimental_ws/install/local_planner_msgs/lib/liblocal_planner_msgs__rosidl_typesupport_introspection_cpp.so" to ""
-- Installing: /home/bentoaz/f1tenth_experimental_ws/install/local_planner_msgs/lib/liblocal_planner_msgs__rosidl_typesupport_cpp.so
-- Set runtime path of "/home/bentoaz/f1tenth_experimental_ws/install/local_planner_msgs/lib/liblocal_planner_msgs__rosidl_typesupport_cpp.so" to ""
-- Installing: /home/bentoaz/f1tenth_experimental_ws/install/local_planner_msgs/share/local_planner_msgs/environment/pythonpath.sh
-- Installing: /home/bentoaz/f1tenth_experimental_ws/install/local_planner_msgs/share/local_planner_msgs/environment/pythonpath.dsv
-- Installing: /home/bentoaz/f1tenth_experimental_ws/install/local_planner_msgs/local/lib/python3.10/dist-packages/local_planner_msgs-0.0.0-py3.10.egg-info
-- Installing: /home/bentoaz/f1tenth_experimental_ws/install/local_planner_msgs/local/lib/python3.10/dist-packages/local_planner_msgs-0.0.0-py3.10.egg-info/SOURCES.txt
-- Installing: /home/bentoaz/f1tenth_experimental_ws/install/local_planner_msgs/local/lib/python3.10/dist-packages/local_planner_msgs-0.0.0-py3.10.egg-info/dependency_links.txt
-- Installing: /home/bentoaz/f1tenth_experimental_ws/install/local_planner_msgs/local/lib/python3.10/dist-packages/local_planner_msgs-0.0.0-py3.10.egg-info/top_level.txt
-- Installing: /home/bentoaz/f1tenth_experimental_ws/install/local_planner_msgs/local/lib/python3.10/dist-packages/local_planner_msgs-0.0.0-py3.10.egg-info/PKG-INFO
-- Installing: /home/bentoaz/f1tenth_experimental_ws/install/local_planner_msgs/local/lib/python3.10/dist-packages/local_planner_msgs
-- Installing: /home/bentoaz/f1tenth_experimental_ws/install/local_planner_msgs/local/lib/python3.10/dist-packages/local_planner_msgs/msg
-- Installing: /home/bentoaz/f1tenth_experimental_ws/install/local_planner_msgs/local/lib/python3.10/dist-packages/local_planner_msgs/msg/__init__.py
-- Installing: /home/bentoaz/f1tenth_experimental_ws/install/local_planner_msgs/local/lib/python3.10/dist-packages/local_planner_msgs/msg/_trajectory.py
-- Installing: /home/bentoaz/f1tenth_experimental_ws/install/local_planner_msgs/local/lib/python3.10/dist-packages/local_planner_msgs/msg/_trajectory_list_s.c
-- Installing: /home/bentoaz/f1tenth_experimental_ws/install/local_planner_msgs/local/lib/python3.10/dist-packages/local_planner_msgs/msg/_trajectory_s.c
-- Installing: /home/bentoaz/f1tenth_experimental_ws/install/local_planner_msgs/local/lib/python3.10/dist-packages/local_planner_msgs/msg/_trajectory_list.py
-- Installing: /home/bentoaz/f1tenth_experimental_ws/install/local_planner_msgs/local/lib/python3.10/dist-packages/local_planner_msgs/local_planner_msgs_s__rosidl_typesupport_fastrtps_c.cpython-310-x86_64-linux-gnu.so
-- Installing: /home/bentoaz/f1tenth_experimental_ws/install/local_planner_msgs/local/lib/python3.10/dist-packages/local_planner_msgs/__init__.py
-- Installing: /home/bentoaz/f1tenth_experimental_ws/install/local_planner_msgs/local/lib/python3.10/dist-packages/local_planner_msgs/_local_planner_msgs_s.ep.rosidl_typesupport_fastrtps_c.c
-- Installing: /home/bentoaz/f1tenth_experimental_ws/install/local_planner_msgs/local/lib/python3.10/dist-packages/local_planner_msgs/liblocal_planner_msgs__rosidl_generator_py.so
-- Installing: /home/bentoaz/f1tenth_experimental_ws/install/local_planner_msgs/local/lib/python3.10/dist-packages/local_planner_msgs/local_planner_msgs_s__rosidl_typesupport_c.cpython-310-x86_64-linux-gnu.so
-- Installing: /home/bentoaz/f1tenth_experimental_ws/install/local_planner_msgs/local/lib/python3.10/dist-packages/local_planner_msgs/_local_planner_msgs_s.ep.rosidl_typesupport_c.c
-- Installing: /home/bentoaz/f1tenth_experimental_ws/install/local_planner_msgs/local/lib/python3.10/dist-packages/local_planner_msgs/local_planner_msgs_s__rosidl_typesupport_introspection_c.cpython-310-x86_64-linux-gnu.so
-- Installing: /home/bentoaz/f1tenth_experimental_ws/install/local_planner_msgs/local/lib/python3.10/dist-packages/local_planner_msgs/_local_planner_msgs_s.ep.rosidl_typesupport_introspection_c.c
Listing '/home/bentoaz/f1tenth_experimental_ws/install/local_planner_msgs/local/lib/python3.10/dist-packages/local_planner_msgs'...
Compiling '/home/bentoaz/f1tenth_experimental_ws/install/local_planner_msgs/local/lib/python3.10/dist-packages/local_planner_msgs/__init__.py'...
Listing '/home/bentoaz/f1tenth_experimental_ws/install/local_planner_msgs/local/lib/python3.10/dist-packages/local_planner_msgs/msg'...
Compiling '/home/bentoaz/f1tenth_experimental_ws/install/local_planner_msgs/local/lib/python3.10/dist-packages/local_planner_msgs/msg/__init__.py'...
Compiling '/home/bentoaz/f1tenth_experimental_ws/install/local_planner_msgs/local/lib/python3.10/dist-packages/local_planner_msgs/msg/_trajectory.py'...
Compiling '/home/bentoaz/f1tenth_experimental_ws/install/local_planner_msgs/local/lib/python3.10/dist-packages/local_planner_msgs/msg/_trajectory_list.py'...
-- Installing: /home/bentoaz/f1tenth_experimental_ws/install/local_planner_msgs/local/lib/python3.10/dist-packages/local_planner_msgs/local_planner_msgs_s__rosidl_typesupport_fastrtps_c.cpython-310-x86_64-linux-gnu.so
-- Set runtime path of "/home/bentoaz/f1tenth_experimental_ws/install/local_planner_msgs/local/lib/python3.10/dist-packages/local_planner_msgs/local_planner_msgs_s__rosidl_typesupport_fastrtps_c.cpython-310-x86_64-linux-gnu.so" to ""
-- Installing: /home/bentoaz/f1tenth_experimental_ws/install/local_planner_msgs/local/lib/python3.10/dist-packages/local_planner_msgs/local_planner_msgs_s__rosidl_typesupport_introspection_c.cpython-310-x86_64-linux-gnu.so
-- Set runtime path of "/home/bentoaz/f1tenth_experimental_ws/install/local_planner_msgs/local/lib/python3.10/dist-packages/local_planner_msgs/local_planner_msgs_s__rosidl_typesupport_introspection_c.cpython-310-x86_64-linux-gnu.so" to ""
-- Installing: /home/bentoaz/f1tenth_experimental_ws/install/local_planner_msgs/local/lib/python3.10/dist-packages/local_planner_msgs/local_planner_msgs_s__rosidl_typesupport_c.cpython-310-x86_64-linux-gnu.so
-- Set runtime path of "/home/bentoaz/f1tenth_experimental_ws/install/local_planner_msgs/local/lib/python3.10/dist-packages/local_planner_msgs/local_planner_msgs_s__rosidl_typesupport_c.cpython-310-x86_64-linux-gnu.so" to ""
-- Installing: /home/bentoaz/f1tenth_experimental_ws/install/local_planner_msgs/lib/liblocal_planner_msgs__rosidl_generator_py.so
-- Set runtime path of "/home/bentoaz/f1tenth_experimental_ws/install/local_planner_msgs/lib/liblocal_planner_msgs__rosidl_generator_py.so" to ""
-- Installing: /home/bentoaz/f1tenth_experimental_ws/install/local_planner_msgs/share/local_planner_msgs/msg/TrajectoryList.idl
-- Installing: /home/bentoaz/f1tenth_experimental_ws/install/local_planner_msgs/share/local_planner_msgs/msg/Trajectory.idl
-- Installing: /home/bentoaz/f1tenth_experimental_ws/install/local_planner_msgs/share/local_planner_msgs/msg/TrajectoryList.msg
-- Installing: /home/bentoaz/f1tenth_experimental_ws/install/local_planner_msgs/share/local_planner_msgs/msg/Trajectory.msg
-- Installing: /home/bentoaz/f1tenth_experimental_ws/install/local_planner_msgs/share/ament_index/resource_index/package_run_dependencies/local_planner_msgs
-- Installing: /home/bentoaz/f1tenth_experimental_ws/install/local_planner_msgs/share/ament_index/resource_index/parent_prefix_path/local_planner_msgs
-- Installing: /home/bentoaz/f1tenth_experimental_ws/install/local_planner_msgs/share/local_planner_msgs/environment/ament_prefix_path.sh
-- Installing: /home/bentoaz/f1tenth_experimental_ws/install/local_planner_msgs/share/local_planner_msgs/environment/ament_prefix_path.dsv
-- Installing: /home/bentoaz/f1tenth_experimental_ws/install/local_planner_msgs/share/local_planner_msgs/environment/path.sh
-- Installing: /home/bentoaz/f1tenth_experimental_ws/install/local_planner_msgs/share/local_planner_msgs/environment/path.dsv
-- Installing: /home/bentoaz/f1tenth_experimental_ws/install/local_planner_msgs/share/local_planner_msgs/local_setup.bash
-- Installing: /home/bentoaz/f1tenth_experimental_ws/install/local_planner_msgs/share/local_planner_msgs/local_setup.sh
-- Installing: /home/bentoaz/f1tenth_experimental_ws/install/local_planner_msgs/share/local_planner_msgs/local_setup.zsh
-- Installing: /home/bentoaz/f1tenth_experimental_ws/install/local_planner_msgs/share/local_planner_msgs/local_setup.dsv
-- Installing: /home/bentoaz/f1tenth_experimental_ws/install/local_planner_msgs/share/local_planner_msgs/package.dsv
-- Installing: /home/bentoaz/f1tenth_experimental_ws/install/local_planner_msgs/share/ament_index/resource_index/packages/local_planner_msgs
-- Installing: /home/bentoaz/f1tenth_experimental_ws/install/local_planner_msgs/share/local_planner_msgs/cmake/export_local_planner_msgs__rosidl_generator_cExport.cmake
-- Installing: /home/bentoaz/f1tenth_experimental_ws/install/local_planner_msgs/share/local_planner_msgs/cmake/export_local_planner_msgs__rosidl_generator_cExport-noconfig.cmake
-- Installing: /home/bentoaz/f1tenth_experimental_ws/install/local_planner_msgs/share/local_planner_msgs/cmake/export_local_planner_msgs__rosidl_typesupport_fastrtps_cExport.cmake
-- Installing: /home/bentoaz/f1tenth_experimental_ws/install/local_planner_msgs/share/local_planner_msgs/cmake/export_local_planner_msgs__rosidl_typesupport_fastrtps_cExport-noconfig.cmake
-- Installing: /home/bentoaz/f1tenth_experimental_ws/install/local_planner_msgs/share/local_planner_msgs/cmake/export_local_planner_msgs__rosidl_generator_cppExport.cmake
-- Installing: /home/bentoaz/f1tenth_experimental_ws/install/local_planner_msgs/share/local_planner_msgs/cmake/export_local_planner_msgs__rosidl_typesupport_fastrtps_cppExport.cmake
-- Installing: /home/bentoaz/f1tenth_experimental_ws/install/local_planner_msgs/share/local_planner_msgs/cmake/export_local_planner_msgs__rosidl_typesupport_fastrtps_cppExport-noconfig.cmake
-- Installing: /home/bentoaz/f1tenth_experimental_ws/install/local_planner_msgs/share/local_planner_msgs/cmake/local_planner_msgs__rosidl_typesupport_introspection_cExport.cmake
-- Installing: /home/bentoaz/f1tenth_experimental_ws/install/local_planner_msgs/share/local_planner_msgs/cmake/local_planner_msgs__rosidl_typesupport_introspection_cExport-noconfig.cmake
-- Installing: /home/bentoaz/f1tenth_experimental_ws/install/local_planner_msgs/share/local_planner_msgs/cmake/local_planner_msgs__rosidl_typesupport_cExport.cmake
-- Installing: /home/bentoaz/f1tenth_experimental_ws/install/local_planner_msgs/share/local_planner_msgs/cmake/local_planner_msgs__rosidl_typesupport_cExport-noconfig.cmake
-- Installing: /home/bentoaz/f1tenth_experimental_ws/install/local_planner_msgs/share/local_planner_msgs/cmake/local_planner_msgs__rosidl_typesupport_introspection_cppExport.cmake
-- Installing: /home/bentoaz/f1tenth_experimental_ws/install/local_planner_msgs/share/local_planner_msgs/cmake/local_planner_msgs__rosidl_typesupport_introspection_cppExport-noconfig.cmake
-- Installing: /home/bentoaz/f1tenth_experimental_ws/install/local_planner_msgs/share/local_planner_msgs/cmake/local_planner_msgs__rosidl_typesupport_cppExport.cmake
-- Installing: /home/bentoaz/f1tenth_experimental_ws/install/local_planner_msgs/share/local_planner_msgs/cmake/local_planner_msgs__rosidl_typesupport_cppExport-noconfig.cmake
-- Installing: /home/bentoaz/f1tenth_experimental_ws/install/local_planner_msgs/share/local_planner_msgs/cmake/export_local_planner_msgs__rosidl_generator_pyExport.cmake
-- Installing: /home/bentoaz/f1tenth_experimental_ws/install/local_planner_msgs/share/local_planner_msgs/cmake/export_local_planner_msgs__rosidl_generator_pyExport-noconfig.cmake
-- Installing: /home/bentoaz/f1tenth_experimental_ws/install/local_planner_msgs/share/local_planner_msgs/cmake/rosidl_cmake-extras.cmake
-- Installing: /home/bentoaz/f1tenth_experimental_ws/install/local_planner_msgs/share/local_planner_msgs/cmake/ament_cmake_export_dependencies-extras.cmake
-- Installing: /home/bentoaz/f1tenth_experimental_ws/install/local_planner_msgs/share/local_planner_msgs/cmake/ament_cmake_export_include_directories-extras.cmake
-- Installing: /home/bentoaz/f1tenth_experimental_ws/install/local_planner_msgs/share/local_planner_msgs/cmake/ament_cmake_export_libraries-extras.cmake
-- Installing: /home/bentoaz/f1tenth_experimental_ws/install/local_planner_msgs/share/local_planner_msgs/cmake/ament_cmake_export_targets-extras.cmake
-- Installing: /home/bentoaz/f1tenth_experimental_ws/install/local_planner_msgs/share/local_planner_msgs/cmake/rosidl_cmake_export_typesupport_targets-extras.cmake
-- Installing: /home/bentoaz/f1tenth_experimental_ws/install/local_planner_msgs/share/local_planner_msgs/cmake/rosidl_cmake_export_typesupport_libraries-extras.cmake
-- Installing: /home/bentoaz/f1tenth_experimental_ws/install/local_planner_msgs/share/local_planner_msgs/cmake/local_planner_msgsConfig.cmake
-- Installing: /home/bentoaz/f1tenth_experimental_ws/install/local_planner_msgs/share/local_planner_msgs/cmake/local_planner_msgsConfig-version.cmake
-- Installing: /home/bentoaz/f1tenth_experimental_ws/install/local_planner_msgs/share/local_planner_msgs/package.xml
