[0.129s] DEBUG:colcon:Command line arguments: ['/usr/bin/colcon', 'build']
[0.129s] DEBUG:colcon:Parsed command line arguments: Namespace(log_base=None, log_level=None, verb_name='build', build_base='build', install_base='install', merge_install=False, symlink_install=False, test_result_base=None, continue_on_error=False, executor='parallel', parallel_workers=16, event_handlers=None, ignore_user_meta=False, metas=['./colcon.meta'], base_paths=['.'], packages_ignore=None, packages_ignore_regex=None, paths=None, packages_up_to=None, packages_up_to_regex=None, packages_above=None, packages_above_and_dependencies=None, packages_above_depth=None, packages_select_by_dep=None, packages_skip_by_dep=None, packages_skip_up_to=None, packages_select_build_failed=False, packages_skip_build_finished=False, packages_select_test_failures=False, packages_skip_test_passed=False, packages_select=None, packages_skip=None, packages_select_regex=None, packages_skip_regex=None, packages_start=None, packages_end=None, allow_overriding=[], cmake_args=None, cmake_target=None, cmake_target_skip_unavailable=False, cmake_clean_cache=False, cmake_clean_first=False, cmake_force_configure=False, ament_cmake_args=None, catkin_cmake_args=None, catkin_skip_building_tests=False, mixin_files=None, mixin=None, verb_parser=<colcon_mixin.mixin.mixin_argument.MixinArgumentDecorator object at 0x749a3c705540>, verb_extension=<colcon_core.verb.build.BuildVerb object at 0x749a3c705090>, main=<bound method BuildVerb.main of <colcon_core.verb.build.BuildVerb object at 0x749a3c705090>>, mixin_verb=('build',))
[0.341s] Level 1:colcon.colcon_core.package_discovery:discover_packages(colcon_meta) check parameters
[0.341s] Level 1:colcon.colcon_core.package_discovery:discover_packages(recursive) check parameters
[0.341s] Level 1:colcon.colcon_core.package_discovery:discover_packages(ignore) check parameters
[0.341s] Level 1:colcon.colcon_core.package_discovery:discover_packages(path) check parameters
[0.341s] Level 1:colcon.colcon_core.package_discovery:discover_packages(colcon_meta) discover
[0.341s] Level 1:colcon.colcon_core.package_discovery:discover_packages(recursive) discover
[0.341s] INFO:colcon.colcon_core.package_discovery:Crawling recursively for packages in '/home/bentoaz/NSF_IRES_2025_Codebase/control'
[0.341s] Level 1:colcon.colcon_core.package_identification:_identify(.) by extensions ['ignore', 'ignore_ament_install']
[0.341s] Level 1:colcon.colcon_core.package_identification:_identify(.) by extension 'ignore'
[0.341s] Level 1:colcon.colcon_core.package_identification:_identify(.) by extension 'ignore_ament_install'
[0.342s] Level 1:colcon.colcon_core.package_identification:_identify(.) by extensions ['colcon_pkg']
[0.342s] Level 1:colcon.colcon_core.package_identification:_identify(.) by extension 'colcon_pkg'
[0.342s] Level 1:colcon.colcon_core.package_identification:_identify(.) by extensions ['colcon_meta']
[0.342s] Level 1:colcon.colcon_core.package_identification:_identify(.) by extension 'colcon_meta'
[0.342s] Level 1:colcon.colcon_core.package_identification:_identify(.) by extensions ['ros']
[0.342s] Level 1:colcon.colcon_core.package_identification:_identify(.) by extension 'ros'
[0.360s] Level 1:colcon.colcon_core.package_identification:_identify(.) by extensions ['cmake', 'python']
[0.360s] Level 1:colcon.colcon_core.package_identification:_identify(.) by extension 'cmake'
[0.360s] Level 1:colcon.colcon_core.package_identification:_identify(.) by extension 'python'
[0.360s] Level 1:colcon.colcon_core.package_identification:_identify(.) by extensions ['python_setup_py']
[0.360s] Level 1:colcon.colcon_core.package_identification:_identify(.) by extension 'python_setup_py'
[0.360s] Level 1:colcon.colcon_core.package_identification:_identify(build) by extensions ['ignore', 'ignore_ament_install']
[0.360s] Level 1:colcon.colcon_core.package_identification:_identify(build) by extension 'ignore'
[0.360s] Level 1:colcon.colcon_core.package_identification:_identify(build) ignored
[0.360s] Level 1:colcon.colcon_core.package_identification:_identify(install) by extensions ['ignore', 'ignore_ament_install']
[0.360s] Level 1:colcon.colcon_core.package_identification:_identify(install) by extension 'ignore'
[0.360s] Level 1:colcon.colcon_core.package_identification:_identify(install) ignored
[0.360s] Level 1:colcon.colcon_core.package_identification:_identify(log) by extensions ['ignore', 'ignore_ament_install']
[0.360s] Level 1:colcon.colcon_core.package_identification:_identify(log) by extension 'ignore'
[0.360s] Level 1:colcon.colcon_core.package_identification:_identify(log) ignored
[0.360s] Level 1:colcon.colcon_core.package_identification:_identify(src) by extensions ['ignore', 'ignore_ament_install']
[0.361s] Level 1:colcon.colcon_core.package_identification:_identify(src) by extension 'ignore'
[0.361s] Level 1:colcon.colcon_core.package_identification:_identify(src) by extension 'ignore_ament_install'
[0.361s] Level 1:colcon.colcon_core.package_identification:_identify(src) by extensions ['colcon_pkg']
[0.361s] Level 1:colcon.colcon_core.package_identification:_identify(src) by extension 'colcon_pkg'
[0.361s] Level 1:colcon.colcon_core.package_identification:_identify(src) by extensions ['colcon_meta']
[0.361s] Level 1:colcon.colcon_core.package_identification:_identify(src) by extension 'colcon_meta'
[0.361s] Level 1:colcon.colcon_core.package_identification:_identify(src) by extensions ['ros']
[0.361s] Level 1:colcon.colcon_core.package_identification:_identify(src) by extension 'ros'
[0.361s] Level 1:colcon.colcon_core.package_identification:_identify(src) by extensions ['cmake', 'python']
[0.361s] Level 1:colcon.colcon_core.package_identification:_identify(src) by extension 'cmake'
[0.361s] Level 1:colcon.colcon_core.package_identification:_identify(src) by extension 'python'
[0.361s] Level 1:colcon.colcon_core.package_identification:_identify(src) by extensions ['python_setup_py']
[0.361s] Level 1:colcon.colcon_core.package_identification:_identify(src) by extension 'python_setup_py'
[0.361s] Level 1:colcon.colcon_core.package_identification:_identify(src/traj_planning) by extensions ['ignore', 'ignore_ament_install']
[0.361s] Level 1:colcon.colcon_core.package_identification:_identify(src/traj_planning) by extension 'ignore'
[0.361s] Level 1:colcon.colcon_core.package_identification:_identify(src/traj_planning) by extension 'ignore_ament_install'
[0.361s] Level 1:colcon.colcon_core.package_identification:_identify(src/traj_planning) by extensions ['colcon_pkg']
[0.361s] Level 1:colcon.colcon_core.package_identification:_identify(src/traj_planning) by extension 'colcon_pkg'
[0.361s] Level 1:colcon.colcon_core.package_identification:_identify(src/traj_planning) by extensions ['colcon_meta']
[0.361s] Level 1:colcon.colcon_core.package_identification:_identify(src/traj_planning) by extension 'colcon_meta'
[0.361s] Level 1:colcon.colcon_core.package_identification:_identify(src/traj_planning) by extensions ['ros']
[0.361s] Level 1:colcon.colcon_core.package_identification:_identify(src/traj_planning) by extension 'ros'
[0.363s] DEBUG:colcon.colcon_core.package_identification:Package 'src/traj_planning' with type 'ros.ament_python' and name 'traj_planning'
[0.363s] Level 1:colcon.colcon_core.package_identification:_identify(src/traj_planning_msg) by extensions ['ignore', 'ignore_ament_install']
[0.363s] Level 1:colcon.colcon_core.package_identification:_identify(src/traj_planning_msg) by extension 'ignore'
[0.364s] Level 1:colcon.colcon_core.package_identification:_identify(src/traj_planning_msg) by extension 'ignore_ament_install'
[0.364s] Level 1:colcon.colcon_core.package_identification:_identify(src/traj_planning_msg) by extensions ['colcon_pkg']
[0.364s] Level 1:colcon.colcon_core.package_identification:_identify(src/traj_planning_msg) by extension 'colcon_pkg'
[0.364s] Level 1:colcon.colcon_core.package_identification:_identify(src/traj_planning_msg) by extensions ['colcon_meta']
[0.364s] Level 1:colcon.colcon_core.package_identification:_identify(src/traj_planning_msg) by extension 'colcon_meta'
[0.364s] Level 1:colcon.colcon_core.package_identification:_identify(src/traj_planning_msg) by extensions ['ros']
[0.364s] Level 1:colcon.colcon_core.package_identification:_identify(src/traj_planning_msg) by extension 'ros'
[0.364s] DEBUG:colcon.colcon_core.package_identification:Package 'src/traj_planning_msg' with type 'ros.ament_cmake' and name 'traj_planning_msg'
[0.364s] Level 1:colcon.colcon_core.package_discovery:discover_packages(recursive) using defaults
[0.364s] Level 1:colcon.colcon_core.package_discovery:discover_packages(ignore) discover
[0.364s] Level 1:colcon.colcon_core.package_discovery:discover_packages(ignore) using defaults
[0.364s] Level 1:colcon.colcon_core.package_discovery:discover_packages(path) discover
[0.364s] Level 1:colcon.colcon_core.package_discovery:discover_packages(path) using defaults
[0.387s] Level 1:colcon.colcon_core.package_discovery:discover_packages(prefix_path) check parameters
[0.387s] Level 1:colcon.colcon_core.package_discovery:discover_packages(prefix_path) discover
[0.400s] DEBUG:colcon.colcon_installed_package_information.package_discovery:Found 2 installed packages in /home/bentoaz/NSF_IRES_2025_Codebase/control/install
[0.401s] DEBUG:colcon.colcon_installed_package_information.package_discovery:Found 20 installed packages in /home/bentoaz/CARLA_PROJECT/ros2_bridge_ws/ros-bridge/install
[0.408s] DEBUG:colcon.colcon_installed_package_information.package_discovery:Found 403 installed packages in /home/bentoaz/autoware/install
[0.410s] DEBUG:colcon.colcon_installed_package_information.package_discovery:Found 1 installed packages in /home/bentoaz/CARLA_PROJECT/carla_ros2_ws/install
[0.411s] DEBUG:colcon.colcon_installed_package_information.package_discovery:Found 359 installed packages in /opt/ros/humble
[0.412s] Level 1:colcon.colcon_core.package_discovery:discover_packages(prefix_path) using defaults
[0.650s] Level 5:colcon.colcon_core.verb:set package 'traj_planning_msg' build argument 'cmake_args' from command line to 'None'
[0.650s] Level 5:colcon.colcon_core.verb:set package 'traj_planning_msg' build argument 'cmake_target' from command line to 'None'
[0.650s] Level 5:colcon.colcon_core.verb:set package 'traj_planning_msg' build argument 'cmake_target_skip_unavailable' from command line to 'False'
[0.650s] Level 5:colcon.colcon_core.verb:set package 'traj_planning_msg' build argument 'cmake_clean_cache' from command line to 'False'
[0.650s] Level 5:colcon.colcon_core.verb:set package 'traj_planning_msg' build argument 'cmake_clean_first' from command line to 'False'
[0.650s] Level 5:colcon.colcon_core.verb:set package 'traj_planning_msg' build argument 'cmake_force_configure' from command line to 'False'
[0.650s] Level 5:colcon.colcon_core.verb:set package 'traj_planning_msg' build argument 'ament_cmake_args' from command line to 'None'
[0.650s] Level 5:colcon.colcon_core.verb:set package 'traj_planning_msg' build argument 'catkin_cmake_args' from command line to 'None'
[0.650s] Level 5:colcon.colcon_core.verb:set package 'traj_planning_msg' build argument 'catkin_skip_building_tests' from command line to 'False'
[0.650s] DEBUG:colcon.colcon_core.verb:Building package 'traj_planning_msg' with the following arguments: {'ament_cmake_args': None, 'build_base': '/home/bentoaz/NSF_IRES_2025_Codebase/control/build/traj_planning_msg', 'catkin_cmake_args': None, 'catkin_skip_building_tests': False, 'cmake_args': None, 'cmake_clean_cache': False, 'cmake_clean_first': False, 'cmake_force_configure': False, 'cmake_target': None, 'cmake_target_skip_unavailable': False, 'install_base': '/home/bentoaz/NSF_IRES_2025_Codebase/control/install/traj_planning_msg', 'merge_install': False, 'path': '/home/bentoaz/NSF_IRES_2025_Codebase/control/src/traj_planning_msg', 'symlink_install': False, 'test_result_base': None}
[0.650s] Level 5:colcon.colcon_core.verb:set package 'traj_planning' build argument 'cmake_args' from command line to 'None'
[0.650s] Level 5:colcon.colcon_core.verb:set package 'traj_planning' build argument 'cmake_target' from command line to 'None'
[0.650s] Level 5:colcon.colcon_core.verb:set package 'traj_planning' build argument 'cmake_target_skip_unavailable' from command line to 'False'
[0.650s] Level 5:colcon.colcon_core.verb:set package 'traj_planning' build argument 'cmake_clean_cache' from command line to 'False'
[0.650s] Level 5:colcon.colcon_core.verb:set package 'traj_planning' build argument 'cmake_clean_first' from command line to 'False'
[0.650s] Level 5:colcon.colcon_core.verb:set package 'traj_planning' build argument 'cmake_force_configure' from command line to 'False'
[0.650s] Level 5:colcon.colcon_core.verb:set package 'traj_planning' build argument 'ament_cmake_args' from command line to 'None'
[0.650s] Level 5:colcon.colcon_core.verb:set package 'traj_planning' build argument 'catkin_cmake_args' from command line to 'None'
[0.650s] Level 5:colcon.colcon_core.verb:set package 'traj_planning' build argument 'catkin_skip_building_tests' from command line to 'False'
[0.650s] DEBUG:colcon.colcon_core.verb:Building package 'traj_planning' with the following arguments: {'ament_cmake_args': None, 'build_base': '/home/bentoaz/NSF_IRES_2025_Codebase/control/build/traj_planning', 'catkin_cmake_args': None, 'catkin_skip_building_tests': False, 'cmake_args': None, 'cmake_clean_cache': False, 'cmake_clean_first': False, 'cmake_force_configure': False, 'cmake_target': None, 'cmake_target_skip_unavailable': False, 'install_base': '/home/bentoaz/NSF_IRES_2025_Codebase/control/install/traj_planning', 'merge_install': False, 'path': '/home/bentoaz/NSF_IRES_2025_Codebase/control/src/traj_planning', 'symlink_install': False, 'test_result_base': None}
[0.651s] INFO:colcon.colcon_core.executor:Executing jobs using 'parallel' executor
[0.652s] DEBUG:colcon.colcon_parallel_executor.executor.parallel:run_until_complete
[0.652s] INFO:colcon.colcon_ros.task.ament_cmake.build:Building ROS package in '/home/bentoaz/NSF_IRES_2025_Codebase/control/src/traj_planning_msg' with build type 'ament_cmake'
[0.652s] INFO:colcon.colcon_cmake.task.cmake.build:Building CMake package in '/home/bentoaz/NSF_IRES_2025_Codebase/control/src/traj_planning_msg'
[0.656s] INFO:colcon.colcon_core.plugin_system:Skipping extension 'colcon_core.shell.bat': Not used on non-Windows systems
[0.656s] INFO:colcon.colcon_core.shell:Skip shell extension 'powershell' for command environment: Not usable outside of PowerShell
[0.656s] DEBUG:colcon.colcon_core.shell:Skip shell extension 'dsv' for command environment
[0.697s] DEBUG:colcon.colcon_core.event_handler.log_command:Invoking command in '/home/bentoaz/NSF_IRES_2025_Codebase/control/build/traj_planning_msg': CMAKE_PREFIX_PATH=${CMAKE_PREFIX_PATH}:/home/bentoaz/NSF_IRES_2025_Codebase/control/install/traj_planning:/home/bentoaz/CARLA_PROJECT/ros2_bridge_ws/ros-bridge/install/rqt_carla_control:/home/bentoaz/CARLA_PROJECT/ros2_bridge_ws/ros-bridge/install/carla_waypoint_publisher:/home/bentoaz/CARLA_PROJECT/ros2_bridge_ws/ros-bridge/install/carla_ackermann_control:/home/bentoaz/CARLA_PROJECT/ros2_bridge_ws/ros-bridge/install/carla_ros_bridge:/home/bentoaz/CARLA_PROJECT/ros2_bridge_ws/ros-bridge/install/carla_spawn_objects:/home/bentoaz/CARLA_PROJECT/ros2_bridge_ws/ros-bridge/install/carla_manual_control:/home/bentoaz/CARLA_PROJECT/ros2_bridge_ws/ros-bridge/install/carla_ad_agent:/home/bentoaz/CARLA_PROJECT/ros2_bridge_ws/ros-bridge/install/ros_compatibility:/home/bentoaz/CARLA_PROJECT/ros2_bridge_ws/ros-bridge/install/navigation:/home/bentoaz/CARLA_PROJECT/ros2_bridge_ws/ros-bridge/install/carla_walker_agent:/home/bentoaz/CARLA_PROJECT/ros2_bridge_ws/ros-bridge/install/carla_twist_to_control:/home/bentoaz/CARLA_PROJECT/ros2_bridge_ws/ros-bridge/install/carla_ros_scenario_runner:/home/bentoaz/CARLA_PROJECT/ros2_bridge_ws/ros-bridge/install/carla_common:/home/bentoaz/CARLA_PROJECT/carla_ros2_ws/install/navigation:/home/bentoaz/autoware/install/autoware_carla_interface:/home/bentoaz/autoware/install/ros2agnocast:/home/bentoaz/autoware/install/autoware_adapi_visualizers:/opt/ros/humble /usr/bin/cmake /home/bentoaz/NSF_IRES_2025_Codebase/control/src/traj_planning_msg -DCMAKE_INSTALL_PREFIX=/home/bentoaz/NSF_IRES_2025_Codebase/control/install/traj_planning_msg
[3.454s] DEBUG:colcon.colcon_core.event_handler.log_command:Invoked command in '/home/bentoaz/NSF_IRES_2025_Codebase/control/build/traj_planning_msg' returned '0': CMAKE_PREFIX_PATH=${CMAKE_PREFIX_PATH}:/home/bentoaz/NSF_IRES_2025_Codebase/control/install/traj_planning:/home/bentoaz/CARLA_PROJECT/ros2_bridge_ws/ros-bridge/install/rqt_carla_control:/home/bentoaz/CARLA_PROJECT/ros2_bridge_ws/ros-bridge/install/carla_waypoint_publisher:/home/bentoaz/CARLA_PROJECT/ros2_bridge_ws/ros-bridge/install/carla_ackermann_control:/home/bentoaz/CARLA_PROJECT/ros2_bridge_ws/ros-bridge/install/carla_ros_bridge:/home/bentoaz/CARLA_PROJECT/ros2_bridge_ws/ros-bridge/install/carla_spawn_objects:/home/bentoaz/CARLA_PROJECT/ros2_bridge_ws/ros-bridge/install/carla_manual_control:/home/bentoaz/CARLA_PROJECT/ros2_bridge_ws/ros-bridge/install/carla_ad_agent:/home/bentoaz/CARLA_PROJECT/ros2_bridge_ws/ros-bridge/install/ros_compatibility:/home/bentoaz/CARLA_PROJECT/ros2_bridge_ws/ros-bridge/install/navigation:/home/bentoaz/CARLA_PROJECT/ros2_bridge_ws/ros-bridge/install/carla_walker_agent:/home/bentoaz/CARLA_PROJECT/ros2_bridge_ws/ros-bridge/install/carla_twist_to_control:/home/bentoaz/CARLA_PROJECT/ros2_bridge_ws/ros-bridge/install/carla_ros_scenario_runner:/home/bentoaz/CARLA_PROJECT/ros2_bridge_ws/ros-bridge/install/carla_common:/home/bentoaz/CARLA_PROJECT/carla_ros2_ws/install/navigation:/home/bentoaz/autoware/install/autoware_carla_interface:/home/bentoaz/autoware/install/ros2agnocast:/home/bentoaz/autoware/install/autoware_adapi_visualizers:/opt/ros/humble /usr/bin/cmake /home/bentoaz/NSF_IRES_2025_Codebase/control/src/traj_planning_msg -DCMAKE_INSTALL_PREFIX=/home/bentoaz/NSF_IRES_2025_Codebase/control/install/traj_planning_msg
[3.456s] DEBUG:colcon.colcon_core.event_handler.log_command:Invoking command in '/home/bentoaz/NSF_IRES_2025_Codebase/control/build/traj_planning_msg': CMAKE_PREFIX_PATH=${CMAKE_PREFIX_PATH}:/home/bentoaz/NSF_IRES_2025_Codebase/control/install/traj_planning:/home/bentoaz/CARLA_PROJECT/ros2_bridge_ws/ros-bridge/install/rqt_carla_control:/home/bentoaz/CARLA_PROJECT/ros2_bridge_ws/ros-bridge/install/carla_waypoint_publisher:/home/bentoaz/CARLA_PROJECT/ros2_bridge_ws/ros-bridge/install/carla_ackermann_control:/home/bentoaz/CARLA_PROJECT/ros2_bridge_ws/ros-bridge/install/carla_ros_bridge:/home/bentoaz/CARLA_PROJECT/ros2_bridge_ws/ros-bridge/install/carla_spawn_objects:/home/bentoaz/CARLA_PROJECT/ros2_bridge_ws/ros-bridge/install/carla_manual_control:/home/bentoaz/CARLA_PROJECT/ros2_bridge_ws/ros-bridge/install/carla_ad_agent:/home/bentoaz/CARLA_PROJECT/ros2_bridge_ws/ros-bridge/install/ros_compatibility:/home/bentoaz/CARLA_PROJECT/ros2_bridge_ws/ros-bridge/install/navigation:/home/bentoaz/CARLA_PROJECT/ros2_bridge_ws/ros-bridge/install/carla_walker_agent:/home/bentoaz/CARLA_PROJECT/ros2_bridge_ws/ros-bridge/install/carla_twist_to_control:/home/bentoaz/CARLA_PROJECT/ros2_bridge_ws/ros-bridge/install/carla_ros_scenario_runner:/home/bentoaz/CARLA_PROJECT/ros2_bridge_ws/ros-bridge/install/carla_common:/home/bentoaz/CARLA_PROJECT/carla_ros2_ws/install/navigation:/home/bentoaz/autoware/install/autoware_carla_interface:/home/bentoaz/autoware/install/ros2agnocast:/home/bentoaz/autoware/install/autoware_adapi_visualizers:/opt/ros/humble /usr/bin/cmake --build /home/bentoaz/NSF_IRES_2025_Codebase/control/build/traj_planning_msg -- -j16 -l16
[4.108s] DEBUG:colcon.colcon_core.event_handler.log_command:Invoked command in '/home/bentoaz/NSF_IRES_2025_Codebase/control/build/traj_planning_msg' returned '0': CMAKE_PREFIX_PATH=${CMAKE_PREFIX_PATH}:/home/bentoaz/NSF_IRES_2025_Codebase/control/install/traj_planning:/home/bentoaz/CARLA_PROJECT/ros2_bridge_ws/ros-bridge/install/rqt_carla_control:/home/bentoaz/CARLA_PROJECT/ros2_bridge_ws/ros-bridge/install/carla_waypoint_publisher:/home/bentoaz/CARLA_PROJECT/ros2_bridge_ws/ros-bridge/install/carla_ackermann_control:/home/bentoaz/CARLA_PROJECT/ros2_bridge_ws/ros-bridge/install/carla_ros_bridge:/home/bentoaz/CARLA_PROJECT/ros2_bridge_ws/ros-bridge/install/carla_spawn_objects:/home/bentoaz/CARLA_PROJECT/ros2_bridge_ws/ros-bridge/install/carla_manual_control:/home/bentoaz/CARLA_PROJECT/ros2_bridge_ws/ros-bridge/install/carla_ad_agent:/home/bentoaz/CARLA_PROJECT/ros2_bridge_ws/ros-bridge/install/ros_compatibility:/home/bentoaz/CARLA_PROJECT/ros2_bridge_ws/ros-bridge/install/navigation:/home/bentoaz/CARLA_PROJECT/ros2_bridge_ws/ros-bridge/install/carla_walker_agent:/home/bentoaz/CARLA_PROJECT/ros2_bridge_ws/ros-bridge/install/carla_twist_to_control:/home/bentoaz/CARLA_PROJECT/ros2_bridge_ws/ros-bridge/install/carla_ros_scenario_runner:/home/bentoaz/CARLA_PROJECT/ros2_bridge_ws/ros-bridge/install/carla_common:/home/bentoaz/CARLA_PROJECT/carla_ros2_ws/install/navigation:/home/bentoaz/autoware/install/autoware_carla_interface:/home/bentoaz/autoware/install/ros2agnocast:/home/bentoaz/autoware/install/autoware_adapi_visualizers:/opt/ros/humble /usr/bin/cmake --build /home/bentoaz/NSF_IRES_2025_Codebase/control/build/traj_planning_msg -- -j16 -l16
[4.135s] DEBUG:colcon.colcon_core.event_handler.log_command:Invoking command in '/home/bentoaz/NSF_IRES_2025_Codebase/control/build/traj_planning_msg': CMAKE_PREFIX_PATH=${CMAKE_PREFIX_PATH}:/home/bentoaz/NSF_IRES_2025_Codebase/control/install/traj_planning:/home/bentoaz/CARLA_PROJECT/ros2_bridge_ws/ros-bridge/install/rqt_carla_control:/home/bentoaz/CARLA_PROJECT/ros2_bridge_ws/ros-bridge/install/carla_waypoint_publisher:/home/bentoaz/CARLA_PROJECT/ros2_bridge_ws/ros-bridge/install/carla_ackermann_control:/home/bentoaz/CARLA_PROJECT/ros2_bridge_ws/ros-bridge/install/carla_ros_bridge:/home/bentoaz/CARLA_PROJECT/ros2_bridge_ws/ros-bridge/install/carla_spawn_objects:/home/bentoaz/CARLA_PROJECT/ros2_bridge_ws/ros-bridge/install/carla_manual_control:/home/bentoaz/CARLA_PROJECT/ros2_bridge_ws/ros-bridge/install/carla_ad_agent:/home/bentoaz/CARLA_PROJECT/ros2_bridge_ws/ros-bridge/install/ros_compatibility:/home/bentoaz/CARLA_PROJECT/ros2_bridge_ws/ros-bridge/install/navigation:/home/bentoaz/CARLA_PROJECT/ros2_bridge_ws/ros-bridge/install/carla_walker_agent:/home/bentoaz/CARLA_PROJECT/ros2_bridge_ws/ros-bridge/install/carla_twist_to_control:/home/bentoaz/CARLA_PROJECT/ros2_bridge_ws/ros-bridge/install/carla_ros_scenario_runner:/home/bentoaz/CARLA_PROJECT/ros2_bridge_ws/ros-bridge/install/carla_common:/home/bentoaz/CARLA_PROJECT/carla_ros2_ws/install/navigation:/home/bentoaz/autoware/install/autoware_carla_interface:/home/bentoaz/autoware/install/ros2agnocast:/home/bentoaz/autoware/install/autoware_adapi_visualizers:/opt/ros/humble /usr/bin/cmake --install /home/bentoaz/NSF_IRES_2025_Codebase/control/build/traj_planning_msg
[4.282s] Level 1:colcon.colcon_core.environment:create_environment_scripts_only(traj_planning_msg)
[4.282s] DEBUG:colcon.colcon_core.event_handler.log_command:Invoked command in '/home/bentoaz/NSF_IRES_2025_Codebase/control/build/traj_planning_msg' returned '0': CMAKE_PREFIX_PATH=${CMAKE_PREFIX_PATH}:/home/bentoaz/NSF_IRES_2025_Codebase/control/install/traj_planning:/home/bentoaz/CARLA_PROJECT/ros2_bridge_ws/ros-bridge/install/rqt_carla_control:/home/bentoaz/CARLA_PROJECT/ros2_bridge_ws/ros-bridge/install/carla_waypoint_publisher:/home/bentoaz/CARLA_PROJECT/ros2_bridge_ws/ros-bridge/install/carla_ackermann_control:/home/bentoaz/CARLA_PROJECT/ros2_bridge_ws/ros-bridge/install/carla_ros_bridge:/home/bentoaz/CARLA_PROJECT/ros2_bridge_ws/ros-bridge/install/carla_spawn_objects:/home/bentoaz/CARLA_PROJECT/ros2_bridge_ws/ros-bridge/install/carla_manual_control:/home/bentoaz/CARLA_PROJECT/ros2_bridge_ws/ros-bridge/install/carla_ad_agent:/home/bentoaz/CARLA_PROJECT/ros2_bridge_ws/ros-bridge/install/ros_compatibility:/home/bentoaz/CARLA_PROJECT/ros2_bridge_ws/ros-bridge/install/navigation:/home/bentoaz/CARLA_PROJECT/ros2_bridge_ws/ros-bridge/install/carla_walker_agent:/home/bentoaz/CARLA_PROJECT/ros2_bridge_ws/ros-bridge/install/carla_twist_to_control:/home/bentoaz/CARLA_PROJECT/ros2_bridge_ws/ros-bridge/install/carla_ros_scenario_runner:/home/bentoaz/CARLA_PROJECT/ros2_bridge_ws/ros-bridge/install/carla_common:/home/bentoaz/CARLA_PROJECT/carla_ros2_ws/install/navigation:/home/bentoaz/autoware/install/autoware_carla_interface:/home/bentoaz/autoware/install/ros2agnocast:/home/bentoaz/autoware/install/autoware_adapi_visualizers:/opt/ros/humble /usr/bin/cmake --install /home/bentoaz/NSF_IRES_2025_Codebase/control/build/traj_planning_msg
[4.287s] Level 1:colcon.colcon_core.environment:checking '/home/bentoaz/NSF_IRES_2025_Codebase/control/install/traj_planning_msg' for CMake module files
[4.288s] Level 1:colcon.colcon_core.environment:checking '/home/bentoaz/NSF_IRES_2025_Codebase/control/install/traj_planning_msg' for CMake config files
[4.289s] Level 1:colcon.colcon_core.shell:create_environment_hook('traj_planning_msg', 'cmake_prefix_path')
[4.289s] INFO:colcon.colcon_core.shell:Creating environment hook '/home/bentoaz/NSF_IRES_2025_Codebase/control/install/traj_planning_msg/share/traj_planning_msg/hook/cmake_prefix_path.ps1'
[4.290s] INFO:colcon.colcon_core.shell:Creating environment descriptor '/home/bentoaz/NSF_IRES_2025_Codebase/control/install/traj_planning_msg/share/traj_planning_msg/hook/cmake_prefix_path.dsv'
[4.291s] INFO:colcon.colcon_core.shell:Creating environment hook '/home/bentoaz/NSF_IRES_2025_Codebase/control/install/traj_planning_msg/share/traj_planning_msg/hook/cmake_prefix_path.sh'
[4.292s] Level 1:colcon.colcon_core.environment:checking '/home/bentoaz/NSF_IRES_2025_Codebase/control/install/traj_planning_msg/lib'
[4.292s] Level 1:colcon.colcon_core.shell:create_environment_hook('traj_planning_msg', 'ld_library_path_lib')
[4.292s] INFO:colcon.colcon_core.shell:Creating environment hook '/home/bentoaz/NSF_IRES_2025_Codebase/control/install/traj_planning_msg/share/traj_planning_msg/hook/ld_library_path_lib.ps1'
[4.293s] INFO:colcon.colcon_core.shell:Creating environment descriptor '/home/bentoaz/NSF_IRES_2025_Codebase/control/install/traj_planning_msg/share/traj_planning_msg/hook/ld_library_path_lib.dsv'
[4.293s] INFO:colcon.colcon_core.shell:Creating environment hook '/home/bentoaz/NSF_IRES_2025_Codebase/control/install/traj_planning_msg/share/traj_planning_msg/hook/ld_library_path_lib.sh'
[4.294s] Level 1:colcon.colcon_core.environment:checking '/home/bentoaz/NSF_IRES_2025_Codebase/control/install/traj_planning_msg/bin'
[4.294s] Level 1:colcon.colcon_core.environment:checking '/home/bentoaz/NSF_IRES_2025_Codebase/control/install/traj_planning_msg/lib/pkgconfig/traj_planning_msg.pc'
[4.294s] Level 1:colcon.colcon_core.environment:checking '/home/bentoaz/NSF_IRES_2025_Codebase/control/install/traj_planning_msg/lib/python3.10/site-packages'
[4.294s] Level 1:colcon.colcon_core.environment:checking '/home/bentoaz/NSF_IRES_2025_Codebase/control/install/traj_planning_msg/bin'
[4.295s] INFO:colcon.colcon_core.shell:Creating package script '/home/bentoaz/NSF_IRES_2025_Codebase/control/install/traj_planning_msg/share/traj_planning_msg/package.ps1'
[4.296s] INFO:colcon.colcon_core.shell:Creating package descriptor '/home/bentoaz/NSF_IRES_2025_Codebase/control/install/traj_planning_msg/share/traj_planning_msg/package.dsv'
[4.297s] INFO:colcon.colcon_core.shell:Creating package script '/home/bentoaz/NSF_IRES_2025_Codebase/control/install/traj_planning_msg/share/traj_planning_msg/package.sh'
[4.298s] INFO:colcon.colcon_core.shell:Creating package script '/home/bentoaz/NSF_IRES_2025_Codebase/control/install/traj_planning_msg/share/traj_planning_msg/package.bash'
[4.299s] INFO:colcon.colcon_core.shell:Creating package script '/home/bentoaz/NSF_IRES_2025_Codebase/control/install/traj_planning_msg/share/traj_planning_msg/package.zsh'
[4.300s] Level 1:colcon.colcon_core.environment:create_file_with_runtime_dependencies(/home/bentoaz/NSF_IRES_2025_Codebase/control/install/traj_planning_msg/share/colcon-core/packages/traj_planning_msg)
[4.301s] Level 1:colcon.colcon_core.environment:create_environment_scripts_only(traj_planning_msg)
[4.301s] Level 1:colcon.colcon_core.environment:checking '/home/bentoaz/NSF_IRES_2025_Codebase/control/install/traj_planning_msg' for CMake module files
[4.302s] Level 1:colcon.colcon_core.environment:checking '/home/bentoaz/NSF_IRES_2025_Codebase/control/install/traj_planning_msg' for CMake config files
[4.303s] Level 1:colcon.colcon_core.shell:create_environment_hook('traj_planning_msg', 'cmake_prefix_path')
[4.303s] INFO:colcon.colcon_core.shell:Creating environment hook '/home/bentoaz/NSF_IRES_2025_Codebase/control/install/traj_planning_msg/share/traj_planning_msg/hook/cmake_prefix_path.ps1'
[4.304s] INFO:colcon.colcon_core.shell:Creating environment descriptor '/home/bentoaz/NSF_IRES_2025_Codebase/control/install/traj_planning_msg/share/traj_planning_msg/hook/cmake_prefix_path.dsv'
[4.304s] INFO:colcon.colcon_core.shell:Creating environment hook '/home/bentoaz/NSF_IRES_2025_Codebase/control/install/traj_planning_msg/share/traj_planning_msg/hook/cmake_prefix_path.sh'
[4.305s] Level 1:colcon.colcon_core.environment:checking '/home/bentoaz/NSF_IRES_2025_Codebase/control/install/traj_planning_msg/lib'
[4.305s] Level 1:colcon.colcon_core.shell:create_environment_hook('traj_planning_msg', 'ld_library_path_lib')
[4.305s] INFO:colcon.colcon_core.shell:Creating environment hook '/home/bentoaz/NSF_IRES_2025_Codebase/control/install/traj_planning_msg/share/traj_planning_msg/hook/ld_library_path_lib.ps1'
[4.305s] INFO:colcon.colcon_core.shell:Creating environment descriptor '/home/bentoaz/NSF_IRES_2025_Codebase/control/install/traj_planning_msg/share/traj_planning_msg/hook/ld_library_path_lib.dsv'
[4.306s] INFO:colcon.colcon_core.shell:Creating environment hook '/home/bentoaz/NSF_IRES_2025_Codebase/control/install/traj_planning_msg/share/traj_planning_msg/hook/ld_library_path_lib.sh'
[4.306s] Level 1:colcon.colcon_core.environment:checking '/home/bentoaz/NSF_IRES_2025_Codebase/control/install/traj_planning_msg/bin'
[4.306s] Level 1:colcon.colcon_core.environment:checking '/home/bentoaz/NSF_IRES_2025_Codebase/control/install/traj_planning_msg/lib/pkgconfig/traj_planning_msg.pc'
[4.306s] Level 1:colcon.colcon_core.environment:checking '/home/bentoaz/NSF_IRES_2025_Codebase/control/install/traj_planning_msg/lib/python3.10/site-packages'
[4.307s] Level 1:colcon.colcon_core.environment:checking '/home/bentoaz/NSF_IRES_2025_Codebase/control/install/traj_planning_msg/bin'
[4.307s] INFO:colcon.colcon_core.shell:Creating package script '/home/bentoaz/NSF_IRES_2025_Codebase/control/install/traj_planning_msg/share/traj_planning_msg/package.ps1'
[4.308s] INFO:colcon.colcon_core.shell:Creating package descriptor '/home/bentoaz/NSF_IRES_2025_Codebase/control/install/traj_planning_msg/share/traj_planning_msg/package.dsv'
[4.308s] INFO:colcon.colcon_core.shell:Creating package script '/home/bentoaz/NSF_IRES_2025_Codebase/control/install/traj_planning_msg/share/traj_planning_msg/package.sh'
[4.309s] INFO:colcon.colcon_core.shell:Creating package script '/home/bentoaz/NSF_IRES_2025_Codebase/control/install/traj_planning_msg/share/traj_planning_msg/package.bash'
[4.309s] INFO:colcon.colcon_core.shell:Creating package script '/home/bentoaz/NSF_IRES_2025_Codebase/control/install/traj_planning_msg/share/traj_planning_msg/package.zsh'
[4.310s] Level 1:colcon.colcon_core.environment:create_file_with_runtime_dependencies(/home/bentoaz/NSF_IRES_2025_Codebase/control/install/traj_planning_msg/share/colcon-core/packages/traj_planning_msg)
[4.310s] INFO:colcon.colcon_ros.task.ament_python.build:Building ROS package in '/home/bentoaz/NSF_IRES_2025_Codebase/control/src/traj_planning' with build type 'ament_python'
[4.310s] Level 1:colcon.colcon_core.shell:create_environment_hook('traj_planning', 'ament_prefix_path')
[4.311s] INFO:colcon.colcon_core.shell:Creating environment hook '/home/bentoaz/NSF_IRES_2025_Codebase/control/install/traj_planning/share/traj_planning/hook/ament_prefix_path.ps1'
[4.312s] INFO:colcon.colcon_core.shell:Creating environment descriptor '/home/bentoaz/NSF_IRES_2025_Codebase/control/install/traj_planning/share/traj_planning/hook/ament_prefix_path.dsv'
[4.313s] INFO:colcon.colcon_core.shell:Creating environment hook '/home/bentoaz/NSF_IRES_2025_Codebase/control/install/traj_planning/share/traj_planning/hook/ament_prefix_path.sh'
[4.313s] INFO:colcon.colcon_core.shell:Skip shell extension 'powershell' for command environment: Not usable outside of PowerShell
[4.313s] DEBUG:colcon.colcon_core.shell:Skip shell extension 'dsv' for command environment
[4.793s] INFO:colcon.colcon_core.task.python.build:Building Python package in '/home/bentoaz/NSF_IRES_2025_Codebase/control/src/traj_planning'
[4.793s] INFO:colcon.colcon_core.shell:Skip shell extension 'powershell' for command environment: Not usable outside of PowerShell
[4.794s] DEBUG:colcon.colcon_core.shell:Skip shell extension 'dsv' for command environment
[5.423s] DEBUG:colcon.colcon_core.event_handler.log_command:Invoking command in '/home/bentoaz/NSF_IRES_2025_Codebase/control/build/traj_planning': PYTHONPATH=/home/bentoaz/NSF_IRES_2025_Codebase/control/build/traj_planning/prefix_override:/usr/lib/python3/dist-packages/colcon_core/task/python/colcon_distutils_commands:/home/bentoaz/NSF_IRES_2025_Codebase/control/install/traj_planning/lib/python3.10/site-packages:${PYTHONPATH} /usr/bin/python3 -W ignore:setup.py install is deprecated -W ignore:easy_install command is deprecated setup.py develop --uninstall --editable --build-directory /home/bentoaz/NSF_IRES_2025_Codebase/control/build/traj_planning/build
[6.001s] DEBUG:colcon.colcon_core.event_handler.log_command:Invoked command in '/home/bentoaz/NSF_IRES_2025_Codebase/control/build/traj_planning' returned '0': PYTHONPATH=/home/bentoaz/NSF_IRES_2025_Codebase/control/build/traj_planning/prefix_override:/usr/lib/python3/dist-packages/colcon_core/task/python/colcon_distutils_commands:/home/bentoaz/NSF_IRES_2025_Codebase/control/install/traj_planning/lib/python3.10/site-packages:${PYTHONPATH} /usr/bin/python3 -W ignore:setup.py install is deprecated -W ignore:easy_install command is deprecated setup.py develop --uninstall --editable --build-directory /home/bentoaz/NSF_IRES_2025_Codebase/control/build/traj_planning/build
[6.002s] DEBUG:colcon.colcon_core.event_handler.log_command:Invoking command in '/home/bentoaz/NSF_IRES_2025_Codebase/control/src/traj_planning': PYTHONPATH=/home/bentoaz/NSF_IRES_2025_Codebase/control/build/traj_planning/prefix_override:/usr/lib/python3/dist-packages/colcon_core/task/python/colcon_distutils_commands:/home/bentoaz/NSF_IRES_2025_Codebase/control/install/traj_planning/lib/python3.10/site-packages:${PYTHONPATH} /usr/bin/python3 -W ignore:setup.py install is deprecated -W ignore:easy_install command is deprecated setup.py egg_info --egg-base ../../build/traj_planning build --build-base /home/bentoaz/NSF_IRES_2025_Codebase/control/build/traj_planning/build install --record /home/bentoaz/NSF_IRES_2025_Codebase/control/build/traj_planning/install.log --single-version-externally-managed install_data --force
[6.342s] Level 1:colcon.colcon_core.environment:checking '/home/bentoaz/NSF_IRES_2025_Codebase/control/install/traj_planning' for CMake module files
[6.343s] DEBUG:colcon.colcon_core.event_handler.log_command:Invoked command in '/home/bentoaz/NSF_IRES_2025_Codebase/control/src/traj_planning' returned '0': PYTHONPATH=/home/bentoaz/NSF_IRES_2025_Codebase/control/build/traj_planning/prefix_override:/usr/lib/python3/dist-packages/colcon_core/task/python/colcon_distutils_commands:/home/bentoaz/NSF_IRES_2025_Codebase/control/install/traj_planning/lib/python3.10/site-packages:${PYTHONPATH} /usr/bin/python3 -W ignore:setup.py install is deprecated -W ignore:easy_install command is deprecated setup.py egg_info --egg-base ../../build/traj_planning build --build-base /home/bentoaz/NSF_IRES_2025_Codebase/control/build/traj_planning/build install --record /home/bentoaz/NSF_IRES_2025_Codebase/control/build/traj_planning/install.log --single-version-externally-managed install_data --force
[6.343s] Level 1:colcon.colcon_core.environment:checking '/home/bentoaz/NSF_IRES_2025_Codebase/control/install/traj_planning' for CMake config files
[6.344s] Level 1:colcon.colcon_core.environment:checking '/home/bentoaz/NSF_IRES_2025_Codebase/control/install/traj_planning/lib'
[6.344s] Level 1:colcon.colcon_core.environment:checking '/home/bentoaz/NSF_IRES_2025_Codebase/control/install/traj_planning/bin'
[6.344s] Level 1:colcon.colcon_core.environment:checking '/home/bentoaz/NSF_IRES_2025_Codebase/control/install/traj_planning/lib/pkgconfig/traj_planning.pc'
[6.344s] Level 1:colcon.colcon_core.environment:checking '/home/bentoaz/NSF_IRES_2025_Codebase/control/install/traj_planning/lib/python3.10/site-packages'
[6.344s] Level 1:colcon.colcon_core.shell:create_environment_hook('traj_planning', 'pythonpath')
[6.345s] INFO:colcon.colcon_core.shell:Creating environment hook '/home/bentoaz/NSF_IRES_2025_Codebase/control/install/traj_planning/share/traj_planning/hook/pythonpath.ps1'
[6.345s] INFO:colcon.colcon_core.shell:Creating environment descriptor '/home/bentoaz/NSF_IRES_2025_Codebase/control/install/traj_planning/share/traj_planning/hook/pythonpath.dsv'
[6.346s] INFO:colcon.colcon_core.shell:Creating environment hook '/home/bentoaz/NSF_IRES_2025_Codebase/control/install/traj_planning/share/traj_planning/hook/pythonpath.sh'
[6.346s] Level 1:colcon.colcon_core.environment:checking '/home/bentoaz/NSF_IRES_2025_Codebase/control/install/traj_planning/bin'
[6.346s] Level 1:colcon.colcon_core.environment:create_environment_scripts_only(traj_planning)
[6.347s] INFO:colcon.colcon_core.shell:Creating package script '/home/bentoaz/NSF_IRES_2025_Codebase/control/install/traj_planning/share/traj_planning/package.ps1'
[6.347s] INFO:colcon.colcon_core.shell:Creating package descriptor '/home/bentoaz/NSF_IRES_2025_Codebase/control/install/traj_planning/share/traj_planning/package.dsv'
[6.347s] INFO:colcon.colcon_core.shell:Creating package script '/home/bentoaz/NSF_IRES_2025_Codebase/control/install/traj_planning/share/traj_planning/package.sh'
[6.348s] INFO:colcon.colcon_core.shell:Creating package script '/home/bentoaz/NSF_IRES_2025_Codebase/control/install/traj_planning/share/traj_planning/package.bash'
[6.348s] INFO:colcon.colcon_core.shell:Creating package script '/home/bentoaz/NSF_IRES_2025_Codebase/control/install/traj_planning/share/traj_planning/package.zsh'
[6.349s] Level 1:colcon.colcon_core.environment:create_file_with_runtime_dependencies(/home/bentoaz/NSF_IRES_2025_Codebase/control/install/traj_planning/share/colcon-core/packages/traj_planning)
[6.349s] DEBUG:colcon.colcon_parallel_executor.executor.parallel:closing loop
[6.349s] DEBUG:colcon.colcon_parallel_executor.executor.parallel:loop closed
[6.349s] DEBUG:colcon.colcon_parallel_executor.executor.parallel:run_until_complete finished with '0'
[6.350s] DEBUG:colcon.colcon_core.event_reactor:joining thread
[6.358s] INFO:colcon.colcon_core.plugin_system:Skipping extension 'colcon_notification.desktop_notification.terminal_notifier': Not used on non-Darwin systems
[6.359s] INFO:colcon.colcon_core.plugin_system:Skipping extension 'colcon_notification.desktop_notification.win32': Not used on non-Windows systems
[6.359s] INFO:colcon.colcon_notification.desktop_notification:Sending desktop notification using 'notify2'
[6.411s] DEBUG:colcon.colcon_core.event_reactor:joined thread
[6.412s] INFO:colcon.colcon_core.shell:Creating prefix script '/home/bentoaz/NSF_IRES_2025_Codebase/control/install/local_setup.ps1'
[6.413s] INFO:colcon.colcon_core.shell:Creating prefix util module '/home/bentoaz/NSF_IRES_2025_Codebase/control/install/_local_setup_util_ps1.py'
[6.415s] INFO:colcon.colcon_core.shell:Creating prefix chain script '/home/bentoaz/NSF_IRES_2025_Codebase/control/install/setup.ps1'
[6.424s] INFO:colcon.colcon_core.shell:Creating prefix script '/home/bentoaz/NSF_IRES_2025_Codebase/control/install/local_setup.sh'
[6.424s] INFO:colcon.colcon_core.shell:Creating prefix util module '/home/bentoaz/NSF_IRES_2025_Codebase/control/install/_local_setup_util_sh.py'
[6.425s] INFO:colcon.colcon_core.shell:Creating prefix chain script '/home/bentoaz/NSF_IRES_2025_Codebase/control/install/setup.sh'
[6.433s] INFO:colcon.colcon_core.shell:Creating prefix script '/home/bentoaz/NSF_IRES_2025_Codebase/control/install/local_setup.bash'
[6.434s] INFO:colcon.colcon_core.shell:Creating prefix chain script '/home/bentoaz/NSF_IRES_2025_Codebase/control/install/setup.bash'
[6.443s] INFO:colcon.colcon_core.shell:Creating prefix script '/home/bentoaz/NSF_IRES_2025_Codebase/control/install/local_setup.zsh'
[6.443s] INFO:colcon.colcon_core.shell:Creating prefix chain script '/home/bentoaz/NSF_IRES_2025_Codebase/control/install/setup.zsh'
