[0.332s] Invoking command in '/home/bentoaz/f1tenth_experimental_ws/build/wall_follow': CMAKE_PREFIX_PATH=${CMAKE_PREFIX_PATH}:/home/bentoaz/f1tenth_gym_ros/install/f1tenth_gym_ros:/home/bentoaz/autoware/install/autoware_carla_interface:/home/bentoaz/autoware/install/ros2agnocast:/home/bentoaz/autoware/install/autoware_adapi_visualizers:/opt/ros/humble /usr/bin/cmake /home/bentoaz/f1tenth_experimental_ws/src/wall_follow -DAMENT_CMAKE_SYMLINK_INSTALL=1 -DCMAKE_INSTALL_PREFIX=/home/bentoaz/f1tenth_experimental_ws/install/wall_follow
[0.832s] -- The C compiler identification is GNU 11.4.0
[0.832s] -- The CXX compiler identification is GNU 11.4.0
[0.832s] -- Detecting C compiler ABI info
[0.833s] -- Detecting C compiler ABI info - done
[0.833s] -- Check for working C compiler: /usr/bin/cc - skipped
[0.834s] -- Detecting C compile features
[0.835s] -- Detecting C compile features - done
[0.835s] -- Detecting CXX compiler ABI info
[0.895s] -- Detecting CXX compiler ABI info - done
[0.904s] -- Check for working CXX compiler: /usr/bin/c++ - skipped
[0.905s] -- Detecting CXX compile features
[0.905s] -- Detecting CXX compile features - done
[0.945s] -- Found ament_cmake: 1.3.11 (/opt/ros/humble/share/ament_cmake/cmake)
[1.192s] -- Found Python3: /usr/bin/python3 (found version "3.10.12") found components: Interpreter 
[1.315s] -- Override CMake install command with custom implementation using symlinks instead of copying resources
[1.639s] -- Found rclcpp: 16.0.12 (/opt/ros/humble/share/rclcpp/cmake)
[2.091s] -- Found rosidl_generator_c: 3.1.6 (/opt/ros/humble/share/rosidl_generator_c/cmake)
[2.167s] -- Found rosidl_adapter: 3.1.6 (/opt/ros/humble/share/rosidl_adapter/cmake)
[2.244s] -- Found rosidl_generator_cpp: 3.1.6 (/opt/ros/humble/share/rosidl_generator_cpp/cmake)
[2.374s] -- Using all available rosidl_typesupport_c: rosidl_typesupport_fastrtps_c;rosidl_typesupport_introspection_c
[2.547s] -- Using all available rosidl_typesupport_cpp: rosidl_typesupport_fastrtps_cpp;rosidl_typesupport_introspection_cpp
[2.984s] -- Found rmw_implementation_cmake: 6.1.2 (/opt/ros/humble/share/rmw_implementation_cmake/cmake)
[3.067s] -- Found rmw_cyclonedds_cpp: 1.3.4 (/opt/ros/humble/share/rmw_cyclonedds_cpp/cmake)
[3.326s] -- Using RMW implementation 'rmw_cyclonedds_cpp' as default
[3.428s] -- Looking for pthread.h
[3.605s] -- Looking for pthread.h - found
[3.605s] -- Performing Test CMAKE_HAVE_LIBC_PTHREAD
[3.770s] -- Performing Test CMAKE_HAVE_LIBC_PTHREAD - Success
[3.771s] -- Found Threads: TRUE  
[3.938s] -- Found rclpy: 3.3.16 (/opt/ros/humble/share/rclpy/cmake)
[3.955s] -- Found geometry_msgs: 4.9.0 (/opt/ros/humble/share/geometry_msgs/cmake)
[3.981s] -- Found nav_msgs: 4.9.0 (/opt/ros/humble/share/nav_msgs/cmake)
[4.010s] -- Found ackermann_msgs: 2.0.2 (/opt/ros/humble/share/ackermann_msgs/cmake)
[4.039s] -- Found sensor_msgs: 4.9.0 (/opt/ros/humble/share/sensor_msgs/cmake)
[4.291s] -- Found ament_lint_auto: 0.12.12 (/opt/ros/humble/share/ament_lint_auto/cmake)
[4.516s] -- Added test 'copyright' to check source files copyright and LICENSE
[4.520s] -- Added test 'cppcheck' to perform static code analysis on C / C++ code
[4.520s] -- Configured cppcheck include dirs: /home/bentoaz/f1tenth_experimental_ws/src/wall_follow/include
[4.520s] -- Configured cppcheck exclude dirs and/or files: 
[4.523s] -- Added test 'cpplint' to check C / C++ code against the Google style
[4.523s] -- Configured cpplint exclude dirs and/or files: 
[4.526s] -- Added test 'flake8' to check Python code syntax and style conventions
[4.529s] -- Added test 'lint_cmake' to check CMake code style
[4.532s] -- Added test 'pep257' to check Python code against some of the docstring style conventions in PEP 257
[4.536s] -- Added test 'uncrustify' to check C / C++ code style
[4.536s] -- Configured uncrustify additional arguments: 
[4.539s] -- Added test 'xmllint' to check XML markup files
[4.545s] -- Configuring done
[4.551s] -- Generating done
[4.554s] -- Build files have been written to: /home/bentoaz/f1tenth_experimental_ws/build/wall_follow
[4.561s] Invoked command in '/home/bentoaz/f1tenth_experimental_ws/build/wall_follow' returned '0': CMAKE_PREFIX_PATH=${CMAKE_PREFIX_PATH}:/home/bentoaz/f1tenth_gym_ros/install/f1tenth_gym_ros:/home/bentoaz/autoware/install/autoware_carla_interface:/home/bentoaz/autoware/install/ros2agnocast:/home/bentoaz/autoware/install/autoware_adapi_visualizers:/opt/ros/humble /usr/bin/cmake /home/bentoaz/f1tenth_experimental_ws/src/wall_follow -DAMENT_CMAKE_SYMLINK_INSTALL=1 -DCMAKE_INSTALL_PREFIX=/home/bentoaz/f1tenth_experimental_ws/install/wall_follow
[4.562s] Invoking command in '/home/bentoaz/f1tenth_experimental_ws/build/wall_follow': CMAKE_PREFIX_PATH=${CMAKE_PREFIX_PATH}:/home/bentoaz/f1tenth_gym_ros/install/f1tenth_gym_ros:/home/bentoaz/autoware/install/autoware_carla_interface:/home/bentoaz/autoware/install/ros2agnocast:/home/bentoaz/autoware/install/autoware_adapi_visualizers:/opt/ros/humble /usr/bin/cmake --build /home/bentoaz/f1tenth_experimental_ws/build/wall_follow -- -j16 -l16
[4.748s] [ 50%] [32mBuilding CXX object CMakeFiles/wall_follow_node.dir/src/wall_follow_node.cpp.o[0m
[4.772s] [ 50%] Built target ament_cmake_python_symlink_wall_follow_setup
[4.782s] [ 50%] Built target ament_cmake_python_symlink_wall_follow
[5.225s] /usr/lib/python3/dist-packages/setuptools/dist.py:723: UserWarning: Usage of dash-separated 'script-dir' will not be supported in future versions. Please use the underscore name 'script_dir' instead
[5.225s]   warnings.warn(
[5.225s] /usr/lib/python3/dist-packages/setuptools/dist.py:723: UserWarning: Usage of dash-separated 'install-scripts' will not be supported in future versions. Please use the underscore name 'install_scripts' instead
[5.225s]   warnings.warn(
[5.229s] running egg_info
[5.232s] creating wall_follow.egg-info
[5.233s] writing wall_follow.egg-info/PKG-INFO
[5.233s] writing dependency_links to wall_follow.egg-info/dependency_links.txt
[5.233s] writing top-level names to wall_follow.egg-info/top_level.txt
[5.233s] writing manifest file 'wall_follow.egg-info/SOURCES.txt'
[5.236s] reading manifest file 'wall_follow.egg-info/SOURCES.txt'
[5.237s] writing manifest file 'wall_follow.egg-info/SOURCES.txt'
[5.320s] [ 50%] Built target ament_cmake_python_build_wall_follow_egg
[13.392s] [100%] [32m[1mLinking CXX executable wall_follow_node[0m
[13.890s] [100%] Built target wall_follow_node
[13.923s] Invoked command in '/home/bentoaz/f1tenth_experimental_ws/build/wall_follow' returned '0': CMAKE_PREFIX_PATH=${CMAKE_PREFIX_PATH}:/home/bentoaz/f1tenth_gym_ros/install/f1tenth_gym_ros:/home/bentoaz/autoware/install/autoware_carla_interface:/home/bentoaz/autoware/install/ros2agnocast:/home/bentoaz/autoware/install/autoware_adapi_visualizers:/opt/ros/humble /usr/bin/cmake --build /home/bentoaz/f1tenth_experimental_ws/build/wall_follow -- -j16 -l16
[13.924s] Invoking command in '/home/bentoaz/f1tenth_experimental_ws/build/wall_follow': CMAKE_PREFIX_PATH=${CMAKE_PREFIX_PATH}:/home/bentoaz/f1tenth_gym_ros/install/f1tenth_gym_ros:/home/bentoaz/autoware/install/autoware_carla_interface:/home/bentoaz/autoware/install/ros2agnocast:/home/bentoaz/autoware/install/autoware_adapi_visualizers:/opt/ros/humble /usr/bin/cmake --install /home/bentoaz/f1tenth_experimental_ws/build/wall_follow
[13.943s] -- Install configuration: ""
[13.943s] -- Execute custom install script
[13.943s] -- Symlinking: /home/bentoaz/f1tenth_experimental_ws/install/wall_follow/lib/wall_follow/wall_follow_node
[13.964s] -- Symlinking: /home/bentoaz/f1tenth_experimental_ws/install/wall_follow/share/wall_follow/environment/pythonpath.sh
[13.989s] -- Symlinking: /home/bentoaz/f1tenth_experimental_ws/install/wall_follow/share/wall_follow/environment/pythonpath.dsv
[14.011s] -- Symlinking: /home/bentoaz/f1tenth_experimental_ws/install/wall_follow/local/lib/python3.10/dist-packages/wall_follow-0.0.0-py3.10.egg-info/PKG-INFO
[14.030s] -- Symlinking: /home/bentoaz/f1tenth_experimental_ws/install/wall_follow/local/lib/python3.10/dist-packages/wall_follow-0.0.0-py3.10.egg-info/SOURCES.txt
[14.055s] -- Symlinking: /home/bentoaz/f1tenth_experimental_ws/install/wall_follow/local/lib/python3.10/dist-packages/wall_follow-0.0.0-py3.10.egg-info/dependency_links.txt
[14.076s] -- Symlinking: /home/bentoaz/f1tenth_experimental_ws/install/wall_follow/local/lib/python3.10/dist-packages/wall_follow-0.0.0-py3.10.egg-info/top_level.txt
[14.096s] -- Symlinking: /home/bentoaz/f1tenth_experimental_ws/install/wall_follow/local/lib/python3.10/dist-packages/wall_follow/__init__.py
[14.125s] -- Symlinking: /home/bentoaz/f1tenth_experimental_ws/install/wall_follow/lib/wall_follow/wall_follow_node.py
[14.145s] -- Symlinking: /home/bentoaz/f1tenth_experimental_ws/install/wall_follow/share/ament_index/resource_index/package_run_dependencies/wall_follow
[14.165s] -- Symlinking: /home/bentoaz/f1tenth_experimental_ws/install/wall_follow/share/ament_index/resource_index/parent_prefix_path/wall_follow
[14.188s] -- Symlinking: /home/bentoaz/f1tenth_experimental_ws/install/wall_follow/share/wall_follow/environment/ament_prefix_path.sh
[14.210s] -- Symlinking: /home/bentoaz/f1tenth_experimental_ws/install/wall_follow/share/wall_follow/environment/ament_prefix_path.dsv
[14.232s] -- Symlinking: /home/bentoaz/f1tenth_experimental_ws/install/wall_follow/share/wall_follow/environment/path.sh
[14.250s] -- Symlinking: /home/bentoaz/f1tenth_experimental_ws/install/wall_follow/share/wall_follow/environment/path.dsv
[14.269s] -- Symlinking: /home/bentoaz/f1tenth_experimental_ws/install/wall_follow/share/wall_follow/local_setup.bash
[14.296s] -- Symlinking: /home/bentoaz/f1tenth_experimental_ws/install/wall_follow/share/wall_follow/local_setup.sh
[14.316s] -- Symlinking: /home/bentoaz/f1tenth_experimental_ws/install/wall_follow/share/wall_follow/local_setup.zsh
[14.341s] -- Symlinking: /home/bentoaz/f1tenth_experimental_ws/install/wall_follow/share/wall_follow/local_setup.dsv
[14.362s] -- Symlinking: /home/bentoaz/f1tenth_experimental_ws/install/wall_follow/share/wall_follow/package.dsv
[14.382s] -- Symlinking: /home/bentoaz/f1tenth_experimental_ws/install/wall_follow/share/ament_index/resource_index/packages/wall_follow
[14.404s] -- Symlinking: /home/bentoaz/f1tenth_experimental_ws/install/wall_follow/share/wall_follow/cmake/wall_followConfig.cmake
[14.423s] -- Symlinking: /home/bentoaz/f1tenth_experimental_ws/install/wall_follow/share/wall_follow/cmake/wall_followConfig-version.cmake
[14.447s] -- Symlinking: /home/bentoaz/f1tenth_experimental_ws/install/wall_follow/share/wall_follow/package.xml
[14.513s] Listing '/home/bentoaz/f1tenth_experimental_ws/install/wall_follow/local/lib/python3.10/dist-packages/wall_follow'...
[14.518s] Invoked command in '/home/bentoaz/f1tenth_experimental_ws/build/wall_follow' returned '0': CMAKE_PREFIX_PATH=${CMAKE_PREFIX_PATH}:/home/bentoaz/f1tenth_gym_ros/install/f1tenth_gym_ros:/home/bentoaz/autoware/install/autoware_carla_interface:/home/bentoaz/autoware/install/ros2agnocast:/home/bentoaz/autoware/install/autoware_adapi_visualizers:/opt/ros/humble /usr/bin/cmake --install /home/bentoaz/f1tenth_experimental_ws/build/wall_follow
