[100%] Built target scanmatch_node
[100%] Built target ament_cmake_python_symlink_scan_matching
[100%] Built target ament_cmake_python_symlink_scan_matching_setup
running egg_info
writing scan_matching.egg-info/PKG-INFO
writing dependency_links to scan_matching.egg-info/dependency_links.txt
writing top-level names to scan_matching.egg-info/top_level.txt
reading manifest file 'scan_matching.egg-info/SOURCES.txt'
writing manifest file 'scan_matching.egg-info/SOURCES.txt'
[100%] Built target ament_cmake_python_build_scan_matching_egg
-- Install configuration: ""
-- Execute custom install script
-- Up-to-date symlink: /home/bentoaz/f1tenth_experimental_ws/install/scan_matching/lib/scan_matching/scanmatch_node
-- Up-to-date symlink: /home/bentoaz/f1tenth_experimental_ws/install/scan_matching/share/scan_matching/environment/pythonpath.sh
-- Up-to-date symlink: /home/bentoaz/f1tenth_experimental_ws/install/scan_matching/share/scan_matching/environment/pythonpath.dsv
-- Up-to-date symlink: /home/bentoaz/f1tenth_experimental_ws/install/scan_matching/local/lib/python3.10/dist-packages/scan_matching-0.0.0-py3.10.egg-info/PKG-INFO
-- Up-to-date symlink: /home/bentoaz/f1tenth_experimental_ws/install/scan_matching/local/lib/python3.10/dist-packages/scan_matching-0.0.0-py3.10.egg-info/SOURCES.txt
-- Up-to-date symlink: /home/bentoaz/f1tenth_experimental_ws/install/scan_matching/local/lib/python3.10/dist-packages/scan_matching-0.0.0-py3.10.egg-info/dependency_links.txt
-- Up-to-date symlink: /home/bentoaz/f1tenth_experimental_ws/install/scan_matching/local/lib/python3.10/dist-packages/scan_matching-0.0.0-py3.10.egg-info/top_level.txt
-- Up-to-date symlink: /home/bentoaz/f1tenth_experimental_ws/install/scan_matching/local/lib/python3.10/dist-packages/scan_matching/__init__.py
-- Up-to-date symlink: /home/bentoaz/f1tenth_experimental_ws/install/scan_matching/share/ament_index/resource_index/package_run_dependencies/scan_matching
-- Up-to-date symlink: /home/bentoaz/f1tenth_experimental_ws/install/scan_matching/share/ament_index/resource_index/parent_prefix_path/scan_matching
-- Up-to-date symlink: /home/bentoaz/f1tenth_experimental_ws/install/scan_matching/share/scan_matching/environment/ament_prefix_path.sh
-- Up-to-date symlink: /home/bentoaz/f1tenth_experimental_ws/install/scan_matching/share/scan_matching/environment/ament_prefix_path.dsv
-- Up-to-date symlink: /home/bentoaz/f1tenth_experimental_ws/install/scan_matching/share/scan_matching/environment/path.sh
-- Up-to-date symlink: /home/bentoaz/f1tenth_experimental_ws/install/scan_matching/share/scan_matching/environment/path.dsv
-- Up-to-date symlink: /home/bentoaz/f1tenth_experimental_ws/install/scan_matching/share/scan_matching/local_setup.bash
-- Up-to-date symlink: /home/bentoaz/f1tenth_experimental_ws/install/scan_matching/share/scan_matching/local_setup.sh
-- Up-to-date symlink: /home/bentoaz/f1tenth_experimental_ws/install/scan_matching/share/scan_matching/local_setup.zsh
-- Up-to-date symlink: /home/bentoaz/f1tenth_experimental_ws/install/scan_matching/share/scan_matching/local_setup.dsv
-- Symlinking: /home/bentoaz/f1tenth_experimental_ws/install/scan_matching/share/scan_matching/package.dsv
-- Up-to-date symlink: /home/bentoaz/f1tenth_experimental_ws/install/scan_matching/share/ament_index/resource_index/packages/scan_matching
-- Up-to-date symlink: /home/bentoaz/f1tenth_experimental_ws/install/scan_matching/share/scan_matching/cmake/scan_matchingConfig.cmake
-- Up-to-date symlink: /home/bentoaz/f1tenth_experimental_ws/install/scan_matching/share/scan_matching/cmake/scan_matchingConfig-version.cmake
-- Up-to-date symlink: /home/bentoaz/f1tenth_experimental_ws/install/scan_matching/share/scan_matching/package.xml
Listing '/home/bentoaz/f1tenth_experimental_ws/install/scan_matching/local/lib/python3.10/dist-packages/scan_matching'...
