[0.141s] Invoking command in '/home/bentoaz/f1tenth_experimental_ws/build/local_planner_msgs': CMAKE_PREFIX_PATH=${CMAKE_PREFIX_PATH}:/home/bentoaz/f1tenth_experimental_ws/install/stanley_avoidance:/home/bentoaz/f1tenth_experimental_ws/install/particle_filter:/home/bentoaz/f1tenth_experimental_ws/install/local_planner:/home/bentoaz/f1tenth_gym_ros/install/f1tenth_gym_ros:/home/bentoaz/autoware/install/autoware_carla_interface:/home/bentoaz/autoware/install/ros2agnocast:/home/bentoaz/autoware/install/autoware_adapi_visualizers:/opt/ros/humble /usr/bin/cmake --build /home/bentoaz/f1tenth_experimental_ws/build/local_planner_msgs -- -j16 -l16
[0.906s] [  2%] Built target local_planner_msgs__cpp
[0.907s] [ 12%] Built target local_planner_msgs__rosidl_generator_c
[0.907s] [ 12%] Built target ament_cmake_python_symlink_local_planner_msgs
[0.907s] [ 23%] Built target local_planner_msgs__rosidl_typesupport_cpp
[0.908s] [ 33%] Built target local_planner_msgs__rosidl_typesupport_introspection_cpp
[0.908s] [ 43%] Built target local_planner_msgs__rosidl_typesupport_fastrtps_cpp
[0.908s] [ 53%] Built target local_planner_msgs__rosidl_typesupport_introspection_c
[0.909s] [ 64%] Built target local_planner_msgs__rosidl_typesupport_c
[0.909s] [ 74%] Built target local_planner_msgs__rosidl_typesupport_fastrtps_c
[0.909s] [ 74%] Built target local_planner_msgs
[0.909s] [ 76%] Built target local_planner_msgs__py
[0.909s] [ 84%] Built target local_planner_msgs__rosidl_generator_py
[0.910s] running egg_info
[0.910s] writing local_planner_msgs.egg-info/PKG-INFO
[0.910s] writing dependency_links to local_planner_msgs.egg-info/dependency_links.txt
[0.910s] writing top-level names to local_planner_msgs.egg-info/top_level.txt
[0.910s] reading manifest file 'local_planner_msgs.egg-info/SOURCES.txt'
[0.910s] writing manifest file 'local_planner_msgs.egg-info/SOURCES.txt'
[0.910s] [ 89%] Built target local_planner_msgs__rosidl_typesupport_c__pyext
[0.910s] [ 94%] Built target local_planner_msgs__rosidl_typesupport_introspection_c__pyext
[0.911s] [100%] Built target local_planner_msgs__rosidl_typesupport_fastrtps_c__pyext
[0.911s] [100%] Built target ament_cmake_python_build_local_planner_msgs_egg
[0.938s] Invoked command in '/home/bentoaz/f1tenth_experimental_ws/build/local_planner_msgs' returned '0': CMAKE_PREFIX_PATH=${CMAKE_PREFIX_PATH}:/home/bentoaz/f1tenth_experimental_ws/install/stanley_avoidance:/home/bentoaz/f1tenth_experimental_ws/install/particle_filter:/home/bentoaz/f1tenth_experimental_ws/install/local_planner:/home/bentoaz/f1tenth_gym_ros/install/f1tenth_gym_ros:/home/bentoaz/autoware/install/autoware_carla_interface:/home/bentoaz/autoware/install/ros2agnocast:/home/bentoaz/autoware/install/autoware_adapi_visualizers:/opt/ros/humble /usr/bin/cmake --build /home/bentoaz/f1tenth_experimental_ws/build/local_planner_msgs -- -j16 -l16
[0.940s] Invoking command in '/home/bentoaz/f1tenth_experimental_ws/build/local_planner_msgs': CMAKE_PREFIX_PATH=${CMAKE_PREFIX_PATH}:/home/bentoaz/f1tenth_experimental_ws/install/stanley_avoidance:/home/bentoaz/f1tenth_experimental_ws/install/particle_filter:/home/bentoaz/f1tenth_experimental_ws/install/local_planner:/home/bentoaz/f1tenth_gym_ros/install/f1tenth_gym_ros:/home/bentoaz/autoware/install/autoware_carla_interface:/home/bentoaz/autoware/install/ros2agnocast:/home/bentoaz/autoware/install/autoware_adapi_visualizers:/opt/ros/humble /usr/bin/cmake --install /home/bentoaz/f1tenth_experimental_ws/build/local_planner_msgs
[0.971s] -- Install configuration: ""
[0.972s] -- Execute custom install script
[0.972s] -- Up-to-date symlink: /home/bentoaz/f1tenth_experimental_ws/install/local_planner_msgs/share/ament_index/resource_index/rosidl_interfaces/local_planner_msgs
[0.973s] -- Up-to-date symlink: /home/bentoaz/f1tenth_experimental_ws/install/local_planner_msgs/include/local_planner_msgs/local_planner_msgs/msg/detail/trajectory__functions.h
[0.973s] -- Up-to-date symlink: /home/bentoaz/f1tenth_experimental_ws/install/local_planner_msgs/include/local_planner_msgs/local_planner_msgs/msg/detail/trajectory__struct.h
[0.973s] -- Up-to-date symlink: /home/bentoaz/f1tenth_experimental_ws/install/local_planner_msgs/include/local_planner_msgs/local_planner_msgs/msg/detail/trajectory__type_support.h
[0.973s] -- Up-to-date symlink: /home/bentoaz/f1tenth_experimental_ws/install/local_planner_msgs/include/local_planner_msgs/local_planner_msgs/msg/detail/trajectory_list__functions.h
[0.973s] -- Up-to-date symlink: /home/bentoaz/f1tenth_experimental_ws/install/local_planner_msgs/include/local_planner_msgs/local_planner_msgs/msg/detail/trajectory_list__struct.h
[0.973s] -- Up-to-date symlink: /home/bentoaz/f1tenth_experimental_ws/install/local_planner_msgs/include/local_planner_msgs/local_planner_msgs/msg/detail/trajectory_list__type_support.h
[0.973s] -- Up-to-date symlink: /home/bentoaz/f1tenth_experimental_ws/install/local_planner_msgs/include/local_planner_msgs/local_planner_msgs/msg/rosidl_generator_c__visibility_control.h
[0.973s] -- Up-to-date symlink: /home/bentoaz/f1tenth_experimental_ws/install/local_planner_msgs/include/local_planner_msgs/local_planner_msgs/msg/trajectory.h
[0.974s] -- Up-to-date symlink: /home/bentoaz/f1tenth_experimental_ws/install/local_planner_msgs/include/local_planner_msgs/local_planner_msgs/msg/trajectory_list.h
[0.974s] -- Up-to-date symlink: /home/bentoaz/f1tenth_experimental_ws/install/local_planner_msgs/share/local_planner_msgs/environment/library_path.sh
[0.974s] -- Up-to-date symlink: /home/bentoaz/f1tenth_experimental_ws/install/local_planner_msgs/share/local_planner_msgs/environment/library_path.dsv
[0.974s] -- Up-to-date symlink: /home/bentoaz/f1tenth_experimental_ws/install/local_planner_msgs/include/local_planner_msgs/local_planner_msgs/msg/detail/trajectory__rosidl_typesupport_fastrtps_c.h
[0.974s] -- Up-to-date symlink: /home/bentoaz/f1tenth_experimental_ws/install/local_planner_msgs/include/local_planner_msgs/local_planner_msgs/msg/detail/trajectory_list__rosidl_typesupport_fastrtps_c.h
[0.974s] -- Up-to-date symlink: /home/bentoaz/f1tenth_experimental_ws/install/local_planner_msgs/include/local_planner_msgs/local_planner_msgs/msg/rosidl_typesupport_fastrtps_c__visibility_control.h
[0.975s] -- Up-to-date symlink: /home/bentoaz/f1tenth_experimental_ws/install/local_planner_msgs/include/local_planner_msgs/local_planner_msgs/msg/detail/trajectory__builder.hpp
[0.975s] -- Up-to-date symlink: /home/bentoaz/f1tenth_experimental_ws/install/local_planner_msgs/include/local_planner_msgs/local_planner_msgs/msg/detail/trajectory__struct.hpp
[0.975s] -- Up-to-date symlink: /home/bentoaz/f1tenth_experimental_ws/install/local_planner_msgs/include/local_planner_msgs/local_planner_msgs/msg/detail/trajectory__traits.hpp
[0.975s] -- Up-to-date symlink: /home/bentoaz/f1tenth_experimental_ws/install/local_planner_msgs/include/local_planner_msgs/local_planner_msgs/msg/detail/trajectory__type_support.hpp
[0.975s] -- Up-to-date symlink: /home/bentoaz/f1tenth_experimental_ws/install/local_planner_msgs/include/local_planner_msgs/local_planner_msgs/msg/detail/trajectory_list__builder.hpp
[0.975s] -- Up-to-date symlink: /home/bentoaz/f1tenth_experimental_ws/install/local_planner_msgs/include/local_planner_msgs/local_planner_msgs/msg/detail/trajectory_list__struct.hpp
[0.975s] -- Up-to-date symlink: /home/bentoaz/f1tenth_experimental_ws/install/local_planner_msgs/include/local_planner_msgs/local_planner_msgs/msg/detail/trajectory_list__traits.hpp
[0.976s] -- Up-to-date symlink: /home/bentoaz/f1tenth_experimental_ws/install/local_planner_msgs/include/local_planner_msgs/local_planner_msgs/msg/detail/trajectory_list__type_support.hpp
[0.976s] -- Up-to-date symlink: /home/bentoaz/f1tenth_experimental_ws/install/local_planner_msgs/include/local_planner_msgs/local_planner_msgs/msg/rosidl_generator_cpp__visibility_control.hpp
[0.976s] -- Up-to-date symlink: /home/bentoaz/f1tenth_experimental_ws/install/local_planner_msgs/include/local_planner_msgs/local_planner_msgs/msg/trajectory.hpp
[0.976s] -- Up-to-date symlink: /home/bentoaz/f1tenth_experimental_ws/install/local_planner_msgs/include/local_planner_msgs/local_planner_msgs/msg/trajectory_list.hpp
[0.976s] -- Up-to-date symlink: /home/bentoaz/f1tenth_experimental_ws/install/local_planner_msgs/include/local_planner_msgs/local_planner_msgs/msg/detail/trajectory__rosidl_typesupport_fastrtps_cpp.hpp
[0.976s] -- Up-to-date symlink: /home/bentoaz/f1tenth_experimental_ws/install/local_planner_msgs/include/local_planner_msgs/local_planner_msgs/msg/detail/trajectory_list__rosidl_typesupport_fastrtps_cpp.hpp
[0.976s] -- Up-to-date symlink: /home/bentoaz/f1tenth_experimental_ws/install/local_planner_msgs/include/local_planner_msgs/local_planner_msgs/msg/rosidl_typesupport_fastrtps_cpp__visibility_control.h
[0.977s] -- Up-to-date symlink: /home/bentoaz/f1tenth_experimental_ws/install/local_planner_msgs/include/local_planner_msgs/local_planner_msgs/msg/detail/trajectory__rosidl_typesupport_introspection_c.h
[0.977s] -- Up-to-date symlink: /home/bentoaz/f1tenth_experimental_ws/install/local_planner_msgs/include/local_planner_msgs/local_planner_msgs/msg/detail/trajectory_list__rosidl_typesupport_introspection_c.h
[0.977s] -- Up-to-date symlink: /home/bentoaz/f1tenth_experimental_ws/install/local_planner_msgs/include/local_planner_msgs/local_planner_msgs/msg/rosidl_typesupport_introspection_c__visibility_control.h
[0.977s] -- Up-to-date symlink: /home/bentoaz/f1tenth_experimental_ws/install/local_planner_msgs/include/local_planner_msgs/local_planner_msgs/msg/detail/trajectory__rosidl_typesupport_introspection_cpp.hpp
[0.977s] -- Up-to-date symlink: /home/bentoaz/f1tenth_experimental_ws/install/local_planner_msgs/include/local_planner_msgs/local_planner_msgs/msg/detail/trajectory_list__rosidl_typesupport_introspection_cpp.hpp
[0.978s] -- Up-to-date symlink: /home/bentoaz/f1tenth_experimental_ws/install/local_planner_msgs/share/local_planner_msgs/environment/pythonpath.sh
[0.978s] -- Up-to-date symlink: /home/bentoaz/f1tenth_experimental_ws/install/local_planner_msgs/share/local_planner_msgs/environment/pythonpath.dsv
[0.978s] -- Up-to-date symlink: /home/bentoaz/f1tenth_experimental_ws/install/local_planner_msgs/local/lib/python3.10/dist-packages/local_planner_msgs-0.0.0-py3.10.egg-info/PKG-INFO
[0.978s] -- Up-to-date symlink: /home/bentoaz/f1tenth_experimental_ws/install/local_planner_msgs/local/lib/python3.10/dist-packages/local_planner_msgs-0.0.0-py3.10.egg-info/SOURCES.txt
[0.978s] -- Up-to-date symlink: /home/bentoaz/f1tenth_experimental_ws/install/local_planner_msgs/local/lib/python3.10/dist-packages/local_planner_msgs-0.0.0-py3.10.egg-info/dependency_links.txt
[0.978s] -- Up-to-date symlink: /home/bentoaz/f1tenth_experimental_ws/install/local_planner_msgs/local/lib/python3.10/dist-packages/local_planner_msgs-0.0.0-py3.10.egg-info/top_level.txt
[0.979s] -- Up-to-date symlink: /home/bentoaz/f1tenth_experimental_ws/install/local_planner_msgs/local/lib/python3.10/dist-packages/local_planner_msgs/__init__.py
[0.979s] -- Up-to-date symlink: /home/bentoaz/f1tenth_experimental_ws/install/local_planner_msgs/local/lib/python3.10/dist-packages/local_planner_msgs/_local_planner_msgs_s.ep.rosidl_typesupport_c.c
[0.979s] -- Up-to-date symlink: /home/bentoaz/f1tenth_experimental_ws/install/local_planner_msgs/local/lib/python3.10/dist-packages/local_planner_msgs/_local_planner_msgs_s.ep.rosidl_typesupport_fastrtps_c.c
[0.979s] -- Up-to-date symlink: /home/bentoaz/f1tenth_experimental_ws/install/local_planner_msgs/local/lib/python3.10/dist-packages/local_planner_msgs/_local_planner_msgs_s.ep.rosidl_typesupport_introspection_c.c
[0.979s] -- Up-to-date symlink: /home/bentoaz/f1tenth_experimental_ws/install/local_planner_msgs/local/lib/python3.10/dist-packages/local_planner_msgs/liblocal_planner_msgs__rosidl_generator_py.so
[0.979s] -- Up-to-date symlink: /home/bentoaz/f1tenth_experimental_ws/install/local_planner_msgs/local/lib/python3.10/dist-packages/local_planner_msgs/local_planner_msgs_s__rosidl_typesupport_c.cpython-310-x86_64-linux-gnu.so
[0.980s] -- Up-to-date symlink: /home/bentoaz/f1tenth_experimental_ws/install/local_planner_msgs/local/lib/python3.10/dist-packages/local_planner_msgs/local_planner_msgs_s__rosidl_typesupport_fastrtps_c.cpython-310-x86_64-linux-gnu.so
[0.980s] -- Up-to-date symlink: /home/bentoaz/f1tenth_experimental_ws/install/local_planner_msgs/local/lib/python3.10/dist-packages/local_planner_msgs/local_planner_msgs_s__rosidl_typesupport_introspection_c.cpython-310-x86_64-linux-gnu.so
[0.980s] -- Up-to-date symlink: /home/bentoaz/f1tenth_experimental_ws/install/local_planner_msgs/local/lib/python3.10/dist-packages/local_planner_msgs/msg/__init__.py
[0.980s] -- Up-to-date symlink: /home/bentoaz/f1tenth_experimental_ws/install/local_planner_msgs/local/lib/python3.10/dist-packages/local_planner_msgs/msg/_trajectory.py
[0.980s] -- Up-to-date symlink: /home/bentoaz/f1tenth_experimental_ws/install/local_planner_msgs/local/lib/python3.10/dist-packages/local_planner_msgs/msg/_trajectory_list.py
[0.980s] -- Up-to-date symlink: /home/bentoaz/f1tenth_experimental_ws/install/local_planner_msgs/local/lib/python3.10/dist-packages/local_planner_msgs/msg/_trajectory_list_s.c
[0.980s] -- Up-to-date symlink: /home/bentoaz/f1tenth_experimental_ws/install/local_planner_msgs/local/lib/python3.10/dist-packages/local_planner_msgs/msg/_trajectory_s.c
[0.980s] -- Up-to-date symlink: /home/bentoaz/f1tenth_experimental_ws/install/local_planner_msgs/local/lib/python3.10/dist-packages/local_planner_msgs/local_planner_msgs_s__rosidl_typesupport_fastrtps_c.cpython-310-x86_64-linux-gnu.so
[0.981s] -- Up-to-date symlink: /home/bentoaz/f1tenth_experimental_ws/install/local_planner_msgs/local/lib/python3.10/dist-packages/local_planner_msgs/local_planner_msgs_s__rosidl_typesupport_introspection_c.cpython-310-x86_64-linux-gnu.so
[0.981s] -- Up-to-date symlink: /home/bentoaz/f1tenth_experimental_ws/install/local_planner_msgs/local/lib/python3.10/dist-packages/local_planner_msgs/local_planner_msgs_s__rosidl_typesupport_c.cpython-310-x86_64-linux-gnu.so
[0.981s] -- Up-to-date symlink: /home/bentoaz/f1tenth_experimental_ws/install/local_planner_msgs/share/local_planner_msgs/msg/TrajectoryList.idl
[0.981s] -- Up-to-date symlink: /home/bentoaz/f1tenth_experimental_ws/install/local_planner_msgs/share/local_planner_msgs/msg/Trajectory.idl
[0.981s] -- Up-to-date symlink: /home/bentoaz/f1tenth_experimental_ws/install/local_planner_msgs/share/local_planner_msgs/msg/TrajectoryList.msg
[0.981s] -- Up-to-date symlink: /home/bentoaz/f1tenth_experimental_ws/install/local_planner_msgs/share/local_planner_msgs/msg/Trajectory.msg
[0.982s] -- Up-to-date symlink: /home/bentoaz/f1tenth_experimental_ws/install/local_planner_msgs/share/ament_index/resource_index/package_run_dependencies/local_planner_msgs
[0.982s] -- Up-to-date symlink: /home/bentoaz/f1tenth_experimental_ws/install/local_planner_msgs/share/ament_index/resource_index/parent_prefix_path/local_planner_msgs
[0.982s] -- Up-to-date symlink: /home/bentoaz/f1tenth_experimental_ws/install/local_planner_msgs/share/local_planner_msgs/environment/ament_prefix_path.sh
[0.982s] -- Up-to-date symlink: /home/bentoaz/f1tenth_experimental_ws/install/local_planner_msgs/share/local_planner_msgs/environment/ament_prefix_path.dsv
[0.982s] -- Up-to-date symlink: /home/bentoaz/f1tenth_experimental_ws/install/local_planner_msgs/share/local_planner_msgs/environment/path.sh
[0.982s] -- Up-to-date symlink: /home/bentoaz/f1tenth_experimental_ws/install/local_planner_msgs/share/local_planner_msgs/environment/path.dsv
[0.983s] -- Up-to-date symlink: /home/bentoaz/f1tenth_experimental_ws/install/local_planner_msgs/share/local_planner_msgs/local_setup.bash
[0.983s] -- Up-to-date symlink: /home/bentoaz/f1tenth_experimental_ws/install/local_planner_msgs/share/local_planner_msgs/local_setup.sh
[0.984s] -- Up-to-date symlink: /home/bentoaz/f1tenth_experimental_ws/install/local_planner_msgs/share/local_planner_msgs/local_setup.zsh
[0.984s] -- Up-to-date symlink: /home/bentoaz/f1tenth_experimental_ws/install/local_planner_msgs/share/local_planner_msgs/local_setup.dsv
[0.984s] -- Symlinking: /home/bentoaz/f1tenth_experimental_ws/install/local_planner_msgs/share/local_planner_msgs/package.dsv
[1.005s] -- Up-to-date symlink: /home/bentoaz/f1tenth_experimental_ws/install/local_planner_msgs/share/ament_index/resource_index/packages/local_planner_msgs
[1.005s] -- Up-to-date symlink: /home/bentoaz/f1tenth_experimental_ws/install/local_planner_msgs/share/local_planner_msgs/cmake/rosidl_cmake-extras.cmake
[1.005s] -- Up-to-date symlink: /home/bentoaz/f1tenth_experimental_ws/install/local_planner_msgs/share/local_planner_msgs/cmake/ament_cmake_export_dependencies-extras.cmake
[1.005s] -- Up-to-date symlink: /home/bentoaz/f1tenth_experimental_ws/install/local_planner_msgs/share/local_planner_msgs/cmake/ament_cmake_export_include_directories-extras.cmake
[1.006s] -- Up-to-date symlink: /home/bentoaz/f1tenth_experimental_ws/install/local_planner_msgs/share/local_planner_msgs/cmake/ament_cmake_export_libraries-extras.cmake
[1.006s] -- Up-to-date symlink: /home/bentoaz/f1tenth_experimental_ws/install/local_planner_msgs/share/local_planner_msgs/cmake/ament_cmake_export_targets-extras.cmake
[1.006s] -- Up-to-date symlink: /home/bentoaz/f1tenth_experimental_ws/install/local_planner_msgs/share/local_planner_msgs/cmake/rosidl_cmake_export_typesupport_targets-extras.cmake
[1.006s] -- Up-to-date symlink: /home/bentoaz/f1tenth_experimental_ws/install/local_planner_msgs/share/local_planner_msgs/cmake/rosidl_cmake_export_typesupport_libraries-extras.cmake
[1.006s] -- Up-to-date symlink: /home/bentoaz/f1tenth_experimental_ws/install/local_planner_msgs/share/local_planner_msgs/cmake/local_planner_msgsConfig.cmake
[1.006s] -- Up-to-date symlink: /home/bentoaz/f1tenth_experimental_ws/install/local_planner_msgs/share/local_planner_msgs/cmake/local_planner_msgsConfig-version.cmake
[1.006s] -- Up-to-date symlink: /home/bentoaz/f1tenth_experimental_ws/install/local_planner_msgs/share/local_planner_msgs/package.xml
[1.007s] -- Up-to-date: /home/bentoaz/f1tenth_experimental_ws/install/local_planner_msgs/lib/liblocal_planner_msgs__rosidl_generator_c.so
[1.007s] -- Up-to-date: /home/bentoaz/f1tenth_experimental_ws/install/local_planner_msgs/lib/liblocal_planner_msgs__rosidl_typesupport_fastrtps_c.so
[1.007s] -- Up-to-date: /home/bentoaz/f1tenth_experimental_ws/install/local_planner_msgs/lib/liblocal_planner_msgs__rosidl_typesupport_fastrtps_cpp.so
[1.007s] -- Up-to-date: /home/bentoaz/f1tenth_experimental_ws/install/local_planner_msgs/lib/liblocal_planner_msgs__rosidl_typesupport_introspection_c.so
[1.007s] -- Up-to-date: /home/bentoaz/f1tenth_experimental_ws/install/local_planner_msgs/lib/liblocal_planner_msgs__rosidl_typesupport_c.so
[1.008s] -- Up-to-date: /home/bentoaz/f1tenth_experimental_ws/install/local_planner_msgs/lib/liblocal_planner_msgs__rosidl_typesupport_introspection_cpp.so
[1.008s] -- Up-to-date: /home/bentoaz/f1tenth_experimental_ws/install/local_planner_msgs/lib/liblocal_planner_msgs__rosidl_typesupport_cpp.so
[1.089s] Listing '/home/bentoaz/f1tenth_experimental_ws/install/local_planner_msgs/local/lib/python3.10/dist-packages/local_planner_msgs'...
[1.089s] Listing '/home/bentoaz/f1tenth_experimental_ws/install/local_planner_msgs/local/lib/python3.10/dist-packages/local_planner_msgs/msg'...
[1.096s] -- Up-to-date: /home/bentoaz/f1tenth_experimental_ws/install/local_planner_msgs/lib/liblocal_planner_msgs__rosidl_generator_py.so
[1.096s] -- Up-to-date: /home/bentoaz/f1tenth_experimental_ws/install/local_planner_msgs/share/local_planner_msgs/cmake/export_local_planner_msgs__rosidl_generator_cExport.cmake
[1.096s] -- Up-to-date: /home/bentoaz/f1tenth_experimental_ws/install/local_planner_msgs/share/local_planner_msgs/cmake/export_local_planner_msgs__rosidl_generator_cExport-noconfig.cmake
[1.096s] -- Up-to-date: /home/bentoaz/f1tenth_experimental_ws/install/local_planner_msgs/share/local_planner_msgs/cmake/export_local_planner_msgs__rosidl_typesupport_fastrtps_cExport.cmake
[1.096s] -- Up-to-date: /home/bentoaz/f1tenth_experimental_ws/install/local_planner_msgs/share/local_planner_msgs/cmake/export_local_planner_msgs__rosidl_typesupport_fastrtps_cExport-noconfig.cmake
[1.096s] -- Up-to-date: /home/bentoaz/f1tenth_experimental_ws/install/local_planner_msgs/share/local_planner_msgs/cmake/export_local_planner_msgs__rosidl_generator_cppExport.cmake
[1.096s] -- Up-to-date: /home/bentoaz/f1tenth_experimental_ws/install/local_planner_msgs/share/local_planner_msgs/cmake/export_local_planner_msgs__rosidl_typesupport_fastrtps_cppExport.cmake
[1.096s] -- Up-to-date: /home/bentoaz/f1tenth_experimental_ws/install/local_planner_msgs/share/local_planner_msgs/cmake/export_local_planner_msgs__rosidl_typesupport_fastrtps_cppExport-noconfig.cmake
[1.096s] -- Up-to-date: /home/bentoaz/f1tenth_experimental_ws/install/local_planner_msgs/share/local_planner_msgs/cmake/local_planner_msgs__rosidl_typesupport_introspection_cExport.cmake
[1.096s] -- Up-to-date: /home/bentoaz/f1tenth_experimental_ws/install/local_planner_msgs/share/local_planner_msgs/cmake/local_planner_msgs__rosidl_typesupport_introspection_cExport-noconfig.cmake
[1.096s] -- Up-to-date: /home/bentoaz/f1tenth_experimental_ws/install/local_planner_msgs/share/local_planner_msgs/cmake/local_planner_msgs__rosidl_typesupport_cExport.cmake
[1.096s] -- Up-to-date: /home/bentoaz/f1tenth_experimental_ws/install/local_planner_msgs/share/local_planner_msgs/cmake/local_planner_msgs__rosidl_typesupport_cExport-noconfig.cmake
[1.096s] -- Up-to-date: /home/bentoaz/f1tenth_experimental_ws/install/local_planner_msgs/share/local_planner_msgs/cmake/local_planner_msgs__rosidl_typesupport_introspection_cppExport.cmake
[1.096s] -- Up-to-date: /home/bentoaz/f1tenth_experimental_ws/install/local_planner_msgs/share/local_planner_msgs/cmake/local_planner_msgs__rosidl_typesupport_introspection_cppExport-noconfig.cmake
[1.096s] -- Up-to-date: /home/bentoaz/f1tenth_experimental_ws/install/local_planner_msgs/share/local_planner_msgs/cmake/local_planner_msgs__rosidl_typesupport_cppExport.cmake
[1.097s] -- Up-to-date: /home/bentoaz/f1tenth_experimental_ws/install/local_planner_msgs/share/local_planner_msgs/cmake/local_planner_msgs__rosidl_typesupport_cppExport-noconfig.cmake
[1.097s] -- Up-to-date: /home/bentoaz/f1tenth_experimental_ws/install/local_planner_msgs/share/local_planner_msgs/cmake/export_local_planner_msgs__rosidl_generator_pyExport.cmake
[1.097s] -- Up-to-date: /home/bentoaz/f1tenth_experimental_ws/install/local_planner_msgs/share/local_planner_msgs/cmake/export_local_planner_msgs__rosidl_generator_pyExport-noconfig.cmake
[1.113s] Invoked command in '/home/bentoaz/f1tenth_experimental_ws/build/local_planner_msgs' returned '0': CMAKE_PREFIX_PATH=${CMAKE_PREFIX_PATH}:/home/bentoaz/f1tenth_experimental_ws/install/stanley_avoidance:/home/bentoaz/f1tenth_experimental_ws/install/particle_filter:/home/bentoaz/f1tenth_experimental_ws/install/local_planner:/home/bentoaz/f1tenth_gym_ros/install/f1tenth_gym_ros:/home/bentoaz/autoware/install/autoware_carla_interface:/home/bentoaz/autoware/install/ros2agnocast:/home/bentoaz/autoware/install/autoware_adapi_visualizers:/opt/ros/humble /usr/bin/cmake --install /home/bentoaz/f1tenth_experimental_ws/build/local_planner_msgs
