[1.008s] Invoking command in '/home/bentoaz/NSF_IRES_2025_Codebase/control/src/traj_planning': AMENT_PREFIX_PATH=/home/bentoaz/NSF_IRES_2025_Codebase/control/install/traj_planning_msg:${AMENT_PREFIX_PATH} CMAKE_PREFIX_PATH=/home/bentoaz/NSF_IRES_2025_Codebase/control/install/traj_planning_msg:${CMAKE_PREFIX_PATH} LD_LIBRARY_PATH=/home/bentoaz/NSF_IRES_2025_Codebase/control/install/traj_planning_msg/lib:${LD_LIBRARY_PATH} PYTHONPATH=/home/bentoaz/NSF_IRES_2025_Codebase/control/build/traj_planning/prefix_override:/usr/lib/python3/dist-packages/colcon_core/task/python/colcon_distutils_commands:/home/bentoaz/NSF_IRES_2025_Codebase/control/install/traj_planning/lib/python3.10/site-packages:/home/bentoaz/NSF_IRES_2025_Codebase/control/install/traj_planning_msg/local/lib/python3.10/dist-packages:${PYTHONPATH} /usr/bin/python3 -W ignore:setup.py install is deprecated -W ignore:easy_install command is deprecated setup.py egg_info --egg-base ../../build/traj_planning build --build-base /home/bentoaz/NSF_IRES_2025_Codebase/control/build/traj_planning/build install --record /home/bentoaz/NSF_IRES_2025_Codebase/control/build/traj_planning/install.log --single-version-externally-managed install_data
[1.329s] running egg_info
[1.329s] writing ../../build/traj_planning/traj_planning.egg-info/PKG-INFO
[1.329s] writing dependency_links to ../../build/traj_planning/traj_planning.egg-info/dependency_links.txt
[1.330s] writing entry points to ../../build/traj_planning/traj_planning.egg-info/entry_points.txt
[1.330s] writing requirements to ../../build/traj_planning/traj_planning.egg-info/requires.txt
[1.330s] writing top-level names to ../../build/traj_planning/traj_planning.egg-info/top_level.txt
[1.331s] reading manifest file '../../build/traj_planning/traj_planning.egg-info/SOURCES.txt'
[1.339s] writing manifest file '../../build/traj_planning/traj_planning.egg-info/SOURCES.txt'
[1.339s] running build
[1.339s] running build_py
[1.340s] copying traj_planning/local_planner.py -> /home/bentoaz/NSF_IRES_2025_Codebase/control/build/traj_planning/build/lib/traj_planning
[1.340s] running install
[1.340s] running install_lib
[1.340s] copying /home/bentoaz/NSF_IRES_2025_Codebase/control/build/traj_planning/build/lib/traj_planning/local_planner.py -> /home/bentoaz/NSF_IRES_2025_Codebase/control/install/traj_planning/lib/python3.10/site-packages/traj_planning
[1.341s] byte-compiling /home/bentoaz/NSF_IRES_2025_Codebase/control/install/traj_planning/lib/python3.10/site-packages/traj_planning/local_planner.py to local_planner.cpython-310.pyc
[1.342s] running install_data
[1.342s] running install_egg_info
[1.344s] removing '/home/bentoaz/NSF_IRES_2025_Codebase/control/install/traj_planning/lib/python3.10/site-packages/traj_planning-0.0.0-py3.10.egg-info' (and everything under it)
[1.344s] Copying ../../build/traj_planning/traj_planning.egg-info to /home/bentoaz/NSF_IRES_2025_Codebase/control/install/traj_planning/lib/python3.10/site-packages/traj_planning-0.0.0-py3.10.egg-info
[1.345s] running install_scripts
[1.367s] Installing local_planner script to /home/bentoaz/NSF_IRES_2025_Codebase/control/install/traj_planning/lib/traj_planning
[1.367s] Installing traj_selecter script to /home/bentoaz/NSF_IRES_2025_Codebase/control/install/traj_planning/lib/traj_planning
[1.367s] Installing traj_server script to /home/bentoaz/NSF_IRES_2025_Codebase/control/install/traj_planning/lib/traj_planning
[1.367s] Installing visualizer script to /home/bentoaz/NSF_IRES_2025_Codebase/control/install/traj_planning/lib/traj_planning
[1.367s] writing list of installed files to '/home/bentoaz/NSF_IRES_2025_Codebase/control/build/traj_planning/install.log'
[1.386s] Invoked command in '/home/bentoaz/NSF_IRES_2025_Codebase/control/src/traj_planning' returned '0': AMENT_PREFIX_PATH=/home/bentoaz/NSF_IRES_2025_Codebase/control/install/traj_planning_msg:${AMENT_PREFIX_PATH} CMAKE_PREFIX_PATH=/home/bentoaz/NSF_IRES_2025_Codebase/control/install/traj_planning_msg:${CMAKE_PREFIX_PATH} LD_LIBRARY_PATH=/home/bentoaz/NSF_IRES_2025_Codebase/control/install/traj_planning_msg/lib:${LD_LIBRARY_PATH} PYTHONPATH=/home/bentoaz/NSF_IRES_2025_Codebase/control/build/traj_planning/prefix_override:/usr/lib/python3/dist-packages/colcon_core/task/python/colcon_distutils_commands:/home/bentoaz/NSF_IRES_2025_Codebase/control/install/traj_planning/lib/python3.10/site-packages:/home/bentoaz/NSF_IRES_2025_Codebase/control/install/traj_planning_msg/local/lib/python3.10/dist-packages:${PYTHONPATH} /usr/bin/python3 -W ignore:setup.py install is deprecated -W ignore:easy_install command is deprecated setup.py egg_info --egg-base ../../build/traj_planning build --build-base /home/bentoaz/NSF_IRES_2025_Codebase/control/build/traj_planning/build install --record /home/bentoaz/NSF_IRES_2025_Codebase/control/build/traj_planning/install.log --single-version-externally-managed install_data
