[0.071s] DEBUG:colcon:Command line arguments: ['/usr/bin/colcon', 'build']
[0.071s] DEBUG:colcon:Parsed command line arguments: Namespace(log_base=None, log_level=None, verb_name='build', build_base='build', install_base='install', merge_install=False, symlink_install=False, test_result_base=None, continue_on_error=False, executor='parallel', parallel_workers=16, event_handlers=None, ignore_user_meta=False, metas=['./colcon.meta'], base_paths=['.'], packages_ignore=None, packages_ignore_regex=None, paths=None, packages_up_to=None, packages_up_to_regex=None, packages_above=None, packages_above_and_dependencies=None, packages_above_depth=None, packages_select_by_dep=None, packages_skip_by_dep=None, packages_skip_up_to=None, packages_select_build_failed=False, packages_skip_build_finished=False, packages_select_test_failures=False, packages_skip_test_passed=False, packages_select=None, packages_skip=None, packages_select_regex=None, packages_skip_regex=None, packages_start=None, packages_end=None, allow_overriding=[], cmake_args=None, cmake_target=None, cmake_target_skip_unavailable=False, cmake_clean_cache=False, cmake_clean_first=False, cmake_force_configure=False, ament_cmake_args=None, catkin_cmake_args=None, catkin_skip_building_tests=False, mixin_files=None, mixin=None, verb_parser=<colcon_mixin.mixin.mixin_argument.MixinArgumentDecorator object at 0x72ec9fbf7160>, verb_extension=<colcon_core.verb.build.BuildVerb object at 0x72ec9fbf6cb0>, main=<bound method BuildVerb.main of <colcon_core.verb.build.BuildVerb object at 0x72ec9fbf6cb0>>, mixin_verb=('build',))
[0.200s] Level 1:colcon.colcon_core.package_discovery:discover_packages(colcon_meta) check parameters
[0.200s] Level 1:colcon.colcon_core.package_discovery:discover_packages(recursive) check parameters
[0.200s] Level 1:colcon.colcon_core.package_discovery:discover_packages(ignore) check parameters
[0.200s] Level 1:colcon.colcon_core.package_discovery:discover_packages(path) check parameters
[0.200s] Level 1:colcon.colcon_core.package_discovery:discover_packages(colcon_meta) discover
[0.200s] Level 1:colcon.colcon_core.package_discovery:discover_packages(recursive) discover
[0.200s] INFO:colcon.colcon_core.package_discovery:Crawling recursively for packages in '/home/bentoaz/f1tenth_experimental_ws'
[0.200s] Level 1:colcon.colcon_core.package_identification:_identify(.) by extensions ['ignore', 'ignore_ament_install']
[0.200s] Level 1:colcon.colcon_core.package_identification:_identify(.) by extension 'ignore'
[0.200s] Level 1:colcon.colcon_core.package_identification:_identify(.) by extension 'ignore_ament_install'
[0.200s] Level 1:colcon.colcon_core.package_identification:_identify(.) by extensions ['colcon_pkg']
[0.200s] Level 1:colcon.colcon_core.package_identification:_identify(.) by extension 'colcon_pkg'
[0.200s] Level 1:colcon.colcon_core.package_identification:_identify(.) by extensions ['colcon_meta']
[0.200s] Level 1:colcon.colcon_core.package_identification:_identify(.) by extension 'colcon_meta'
[0.200s] Level 1:colcon.colcon_core.package_identification:_identify(.) by extensions ['ros']
[0.200s] Level 1:colcon.colcon_core.package_identification:_identify(.) by extension 'ros'
[0.207s] Level 1:colcon.colcon_core.package_identification:_identify(.) by extensions ['cmake', 'python']
[0.207s] Level 1:colcon.colcon_core.package_identification:_identify(.) by extension 'cmake'
[0.207s] Level 1:colcon.colcon_core.package_identification:_identify(.) by extension 'python'
[0.207s] Level 1:colcon.colcon_core.package_identification:_identify(.) by extensions ['python_setup_py']
[0.207s] Level 1:colcon.colcon_core.package_identification:_identify(.) by extension 'python_setup_py'
[0.207s] Level 1:colcon.colcon_core.package_identification:_identify(build) by extensions ['ignore', 'ignore_ament_install']
[0.207s] Level 1:colcon.colcon_core.package_identification:_identify(build) by extension 'ignore'
[0.207s] Level 1:colcon.colcon_core.package_identification:_identify(build) ignored
[0.207s] Level 1:colcon.colcon_core.package_identification:_identify(install) by extensions ['ignore', 'ignore_ament_install']
[0.207s] Level 1:colcon.colcon_core.package_identification:_identify(install) by extension 'ignore'
[0.207s] Level 1:colcon.colcon_core.package_identification:_identify(install) ignored
[0.207s] Level 1:colcon.colcon_core.package_identification:_identify(log) by extensions ['ignore', 'ignore_ament_install']
[0.207s] Level 1:colcon.colcon_core.package_identification:_identify(log) by extension 'ignore'
[0.207s] Level 1:colcon.colcon_core.package_identification:_identify(log) ignored
[0.207s] Level 1:colcon.colcon_core.package_identification:_identify(racelines) by extensions ['ignore', 'ignore_ament_install']
[0.207s] Level 1:colcon.colcon_core.package_identification:_identify(racelines) by extension 'ignore'
[0.207s] Level 1:colcon.colcon_core.package_identification:_identify(racelines) by extension 'ignore_ament_install'
[0.207s] Level 1:colcon.colcon_core.package_identification:_identify(racelines) by extensions ['colcon_pkg']
[0.207s] Level 1:colcon.colcon_core.package_identification:_identify(racelines) by extension 'colcon_pkg'
[0.207s] Level 1:colcon.colcon_core.package_identification:_identify(racelines) by extensions ['colcon_meta']
[0.207s] Level 1:colcon.colcon_core.package_identification:_identify(racelines) by extension 'colcon_meta'
[0.207s] Level 1:colcon.colcon_core.package_identification:_identify(racelines) by extensions ['ros']
[0.207s] Level 1:colcon.colcon_core.package_identification:_identify(racelines) by extension 'ros'
[0.208s] Level 1:colcon.colcon_core.package_identification:_identify(racelines) by extensions ['cmake', 'python']
[0.208s] Level 1:colcon.colcon_core.package_identification:_identify(racelines) by extension 'cmake'
[0.208s] Level 1:colcon.colcon_core.package_identification:_identify(racelines) by extension 'python'
[0.208s] Level 1:colcon.colcon_core.package_identification:_identify(racelines) by extensions ['python_setup_py']
[0.208s] Level 1:colcon.colcon_core.package_identification:_identify(racelines) by extension 'python_setup_py'
[0.208s] Level 1:colcon.colcon_core.package_identification:_identify(src) by extensions ['ignore', 'ignore_ament_install']
[0.208s] Level 1:colcon.colcon_core.package_identification:_identify(src) by extension 'ignore'
[0.208s] Level 1:colcon.colcon_core.package_identification:_identify(src) by extension 'ignore_ament_install'
[0.208s] Level 1:colcon.colcon_core.package_identification:_identify(src) by extensions ['colcon_pkg']
[0.208s] Level 1:colcon.colcon_core.package_identification:_identify(src) by extension 'colcon_pkg'
[0.208s] Level 1:colcon.colcon_core.package_identification:_identify(src) by extensions ['colcon_meta']
[0.208s] Level 1:colcon.colcon_core.package_identification:_identify(src) by extension 'colcon_meta'
[0.208s] Level 1:colcon.colcon_core.package_identification:_identify(src) by extensions ['ros']
[0.208s] Level 1:colcon.colcon_core.package_identification:_identify(src) by extension 'ros'
[0.208s] Level 1:colcon.colcon_core.package_identification:_identify(src) by extensions ['cmake', 'python']
[0.208s] Level 1:colcon.colcon_core.package_identification:_identify(src) by extension 'cmake'
[0.208s] Level 1:colcon.colcon_core.package_identification:_identify(src) by extension 'python'
[0.208s] Level 1:colcon.colcon_core.package_identification:_identify(src) by extensions ['python_setup_py']
[0.208s] Level 1:colcon.colcon_core.package_identification:_identify(src) by extension 'python_setup_py'
[0.208s] Level 1:colcon.colcon_core.package_identification:_identify(src/gap_follow) by extensions ['ignore', 'ignore_ament_install']
[0.208s] Level 1:colcon.colcon_core.package_identification:_identify(src/gap_follow) by extension 'ignore'
[0.208s] Level 1:colcon.colcon_core.package_identification:_identify(src/gap_follow) by extension 'ignore_ament_install'
[0.208s] Level 1:colcon.colcon_core.package_identification:_identify(src/gap_follow) by extensions ['colcon_pkg']
[0.208s] Level 1:colcon.colcon_core.package_identification:_identify(src/gap_follow) by extension 'colcon_pkg'
[0.208s] Level 1:colcon.colcon_core.package_identification:_identify(src/gap_follow) by extensions ['colcon_meta']
[0.208s] Level 1:colcon.colcon_core.package_identification:_identify(src/gap_follow) by extension 'colcon_meta'
[0.208s] Level 1:colcon.colcon_core.package_identification:_identify(src/gap_follow) by extensions ['ros']
[0.208s] Level 1:colcon.colcon_core.package_identification:_identify(src/gap_follow) by extension 'ros'
[0.210s] DEBUG:colcon.colcon_core.package_identification:Package 'src/gap_follow' with type 'ros.ament_cmake' and name 'gap_follow'
[0.210s] Level 1:colcon.colcon_core.package_identification:_identify(src/local_planner) by extensions ['ignore', 'ignore_ament_install']
[0.210s] Level 1:colcon.colcon_core.package_identification:_identify(src/local_planner) by extension 'ignore'
[0.210s] Level 1:colcon.colcon_core.package_identification:_identify(src/local_planner) by extension 'ignore_ament_install'
[0.210s] Level 1:colcon.colcon_core.package_identification:_identify(src/local_planner) by extensions ['colcon_pkg']
[0.210s] Level 1:colcon.colcon_core.package_identification:_identify(src/local_planner) by extension 'colcon_pkg'
[0.210s] Level 1:colcon.colcon_core.package_identification:_identify(src/local_planner) by extensions ['colcon_meta']
[0.210s] Level 1:colcon.colcon_core.package_identification:_identify(src/local_planner) by extension 'colcon_meta'
[0.210s] Level 1:colcon.colcon_core.package_identification:_identify(src/local_planner) by extensions ['ros']
[0.210s] Level 1:colcon.colcon_core.package_identification:_identify(src/local_planner) by extension 'ros'
[0.210s] DEBUG:colcon.colcon_core.package_identification:Package 'src/local_planner' with type 'ros.ament_python' and name 'local_planner'
[0.210s] Level 1:colcon.colcon_core.package_identification:_identify(src/local_planner_msgs) by extensions ['ignore', 'ignore_ament_install']
[0.210s] Level 1:colcon.colcon_core.package_identification:_identify(src/local_planner_msgs) by extension 'ignore'
[0.210s] Level 1:colcon.colcon_core.package_identification:_identify(src/local_planner_msgs) by extension 'ignore_ament_install'
[0.210s] Level 1:colcon.colcon_core.package_identification:_identify(src/local_planner_msgs) by extensions ['colcon_pkg']
[0.210s] Level 1:colcon.colcon_core.package_identification:_identify(src/local_planner_msgs) by extension 'colcon_pkg'
[0.210s] Level 1:colcon.colcon_core.package_identification:_identify(src/local_planner_msgs) by extensions ['colcon_meta']
[0.210s] Level 1:colcon.colcon_core.package_identification:_identify(src/local_planner_msgs) by extension 'colcon_meta'
[0.210s] Level 1:colcon.colcon_core.package_identification:_identify(src/local_planner_msgs) by extensions ['ros']
[0.210s] Level 1:colcon.colcon_core.package_identification:_identify(src/local_planner_msgs) by extension 'ros'
[0.211s] DEBUG:colcon.colcon_core.package_identification:Package 'src/local_planner_msgs' with type 'ros.ament_cmake' and name 'local_planner_msgs'
[0.211s] Level 1:colcon.colcon_core.package_identification:_identify(src/particle_filter) by extensions ['ignore', 'ignore_ament_install']
[0.211s] Level 1:colcon.colcon_core.package_identification:_identify(src/particle_filter) by extension 'ignore'
[0.211s] Level 1:colcon.colcon_core.package_identification:_identify(src/particle_filter) by extension 'ignore_ament_install'
[0.211s] Level 1:colcon.colcon_core.package_identification:_identify(src/particle_filter) by extensions ['colcon_pkg']
[0.211s] Level 1:colcon.colcon_core.package_identification:_identify(src/particle_filter) by extension 'colcon_pkg'
[0.211s] Level 1:colcon.colcon_core.package_identification:_identify(src/particle_filter) by extensions ['colcon_meta']
[0.211s] Level 1:colcon.colcon_core.package_identification:_identify(src/particle_filter) by extension 'colcon_meta'
[0.211s] Level 1:colcon.colcon_core.package_identification:_identify(src/particle_filter) by extensions ['ros']
[0.211s] Level 1:colcon.colcon_core.package_identification:_identify(src/particle_filter) by extension 'ros'
[0.212s] DEBUG:colcon.colcon_core.package_identification:Package 'src/particle_filter' with type 'ros.ament_python' and name 'particle_filter'
[0.212s] Level 1:colcon.colcon_core.package_identification:_identify(src/pure_pursuit) by extensions ['ignore', 'ignore_ament_install']
[0.212s] Level 1:colcon.colcon_core.package_identification:_identify(src/pure_pursuit) by extension 'ignore'
[0.212s] Level 1:colcon.colcon_core.package_identification:_identify(src/pure_pursuit) by extension 'ignore_ament_install'
[0.212s] Level 1:colcon.colcon_core.package_identification:_identify(src/pure_pursuit) by extensions ['colcon_pkg']
[0.212s] Level 1:colcon.colcon_core.package_identification:_identify(src/pure_pursuit) by extension 'colcon_pkg'
[0.212s] Level 1:colcon.colcon_core.package_identification:_identify(src/pure_pursuit) by extensions ['colcon_meta']
[0.212s] Level 1:colcon.colcon_core.package_identification:_identify(src/pure_pursuit) by extension 'colcon_meta'
[0.212s] Level 1:colcon.colcon_core.package_identification:_identify(src/pure_pursuit) by extensions ['ros']
[0.212s] Level 1:colcon.colcon_core.package_identification:_identify(src/pure_pursuit) by extension 'ros'
[0.212s] DEBUG:colcon.colcon_core.package_identification:Package 'src/pure_pursuit' with type 'ros.ament_cmake' and name 'pure_pursuit'
[0.212s] Level 1:colcon.colcon_core.package_identification:_identify(src/safety_node) by extensions ['ignore', 'ignore_ament_install']
[0.213s] Level 1:colcon.colcon_core.package_identification:_identify(src/safety_node) by extension 'ignore'
[0.213s] Level 1:colcon.colcon_core.package_identification:_identify(src/safety_node) by extension 'ignore_ament_install'
[0.213s] Level 1:colcon.colcon_core.package_identification:_identify(src/safety_node) by extensions ['colcon_pkg']
[0.213s] Level 1:colcon.colcon_core.package_identification:_identify(src/safety_node) by extension 'colcon_pkg'
[0.213s] Level 1:colcon.colcon_core.package_identification:_identify(src/safety_node) by extensions ['colcon_meta']
[0.213s] Level 1:colcon.colcon_core.package_identification:_identify(src/safety_node) by extension 'colcon_meta'
[0.213s] Level 1:colcon.colcon_core.package_identification:_identify(src/safety_node) by extensions ['ros']
[0.213s] Level 1:colcon.colcon_core.package_identification:_identify(src/safety_node) by extension 'ros'
[0.213s] DEBUG:colcon.colcon_core.package_identification:Package 'src/safety_node' with type 'ros.ament_cmake' and name 'safety_node'
[0.213s] Level 1:colcon.colcon_core.package_identification:_identify(src/scan_matching) by extensions ['ignore', 'ignore_ament_install']
[0.213s] Level 1:colcon.colcon_core.package_identification:_identify(src/scan_matching) by extension 'ignore'
[0.213s] Level 1:colcon.colcon_core.package_identification:_identify(src/scan_matching) by extension 'ignore_ament_install'
[0.213s] Level 1:colcon.colcon_core.package_identification:_identify(src/scan_matching) by extensions ['colcon_pkg']
[0.213s] Level 1:colcon.colcon_core.package_identification:_identify(src/scan_matching) by extension 'colcon_pkg'
[0.213s] Level 1:colcon.colcon_core.package_identification:_identify(src/scan_matching) by extensions ['colcon_meta']
[0.213s] Level 1:colcon.colcon_core.package_identification:_identify(src/scan_matching) by extension 'colcon_meta'
[0.213s] Level 1:colcon.colcon_core.package_identification:_identify(src/scan_matching) by extensions ['ros']
[0.213s] Level 1:colcon.colcon_core.package_identification:_identify(src/scan_matching) by extension 'ros'
[0.214s] DEBUG:colcon.colcon_core.package_identification:Package 'src/scan_matching' with type 'ros.ament_cmake' and name 'scan_matching'
[0.214s] Level 1:colcon.colcon_core.package_identification:_identify(src/stanley_avoidance) by extensions ['ignore', 'ignore_ament_install']
[0.214s] Level 1:colcon.colcon_core.package_identification:_identify(src/stanley_avoidance) by extension 'ignore'
[0.214s] Level 1:colcon.colcon_core.package_identification:_identify(src/stanley_avoidance) by extension 'ignore_ament_install'
[0.214s] Level 1:colcon.colcon_core.package_identification:_identify(src/stanley_avoidance) by extensions ['colcon_pkg']
[0.214s] Level 1:colcon.colcon_core.package_identification:_identify(src/stanley_avoidance) by extension 'colcon_pkg'
[0.214s] Level 1:colcon.colcon_core.package_identification:_identify(src/stanley_avoidance) by extensions ['colcon_meta']
[0.214s] Level 1:colcon.colcon_core.package_identification:_identify(src/stanley_avoidance) by extension 'colcon_meta'
[0.214s] Level 1:colcon.colcon_core.package_identification:_identify(src/stanley_avoidance) by extensions ['ros']
[0.214s] Level 1:colcon.colcon_core.package_identification:_identify(src/stanley_avoidance) by extension 'ros'
[0.215s] DEBUG:colcon.colcon_core.package_identification:Package 'src/stanley_avoidance' with type 'ros.ament_python' and name 'stanley_avoidance'
[0.215s] Level 1:colcon.colcon_core.package_identification:_identify(src/wall_follow) by extensions ['ignore', 'ignore_ament_install']
[0.215s] Level 1:colcon.colcon_core.package_identification:_identify(src/wall_follow) by extension 'ignore'
[0.215s] Level 1:colcon.colcon_core.package_identification:_identify(src/wall_follow) by extension 'ignore_ament_install'
[0.215s] Level 1:colcon.colcon_core.package_identification:_identify(src/wall_follow) by extensions ['colcon_pkg']
[0.215s] Level 1:colcon.colcon_core.package_identification:_identify(src/wall_follow) by extension 'colcon_pkg'
[0.215s] Level 1:colcon.colcon_core.package_identification:_identify(src/wall_follow) by extensions ['colcon_meta']
[0.215s] Level 1:colcon.colcon_core.package_identification:_identify(src/wall_follow) by extension 'colcon_meta'
[0.215s] Level 1:colcon.colcon_core.package_identification:_identify(src/wall_follow) by extensions ['ros']
[0.215s] Level 1:colcon.colcon_core.package_identification:_identify(src/wall_follow) by extension 'ros'
[0.215s] DEBUG:colcon.colcon_core.package_identification:Package 'src/wall_follow' with type 'ros.ament_cmake' and name 'wall_follow'
[0.215s] Level 1:colcon.colcon_core.package_identification:_identify(src/waypoint_generator) by extensions ['ignore', 'ignore_ament_install']
[0.215s] Level 1:colcon.colcon_core.package_identification:_identify(src/waypoint_generator) by extension 'ignore'
[0.215s] Level 1:colcon.colcon_core.package_identification:_identify(src/waypoint_generator) by extension 'ignore_ament_install'
[0.215s] Level 1:colcon.colcon_core.package_identification:_identify(src/waypoint_generator) by extensions ['colcon_pkg']
[0.215s] Level 1:colcon.colcon_core.package_identification:_identify(src/waypoint_generator) by extension 'colcon_pkg'
[0.215s] Level 1:colcon.colcon_core.package_identification:_identify(src/waypoint_generator) by extensions ['colcon_meta']
[0.215s] Level 1:colcon.colcon_core.package_identification:_identify(src/waypoint_generator) by extension 'colcon_meta'
[0.215s] Level 1:colcon.colcon_core.package_identification:_identify(src/waypoint_generator) by extensions ['ros']
[0.215s] Level 1:colcon.colcon_core.package_identification:_identify(src/waypoint_generator) by extension 'ros'
[0.216s] DEBUG:colcon.colcon_core.package_identification:Package 'src/waypoint_generator' with type 'ros.ament_cmake' and name 'waypoint_generator'
[0.216s] Level 1:colcon.colcon_core.package_discovery:discover_packages(recursive) using defaults
[0.216s] Level 1:colcon.colcon_core.package_discovery:discover_packages(ignore) discover
[0.216s] Level 1:colcon.colcon_core.package_discovery:discover_packages(ignore) using defaults
[0.216s] Level 1:colcon.colcon_core.package_discovery:discover_packages(path) discover
[0.216s] Level 1:colcon.colcon_core.package_discovery:discover_packages(path) using defaults
[0.231s] Level 1:colcon.colcon_core.package_discovery:discover_packages(prefix_path) check parameters
[0.231s] Level 1:colcon.colcon_core.package_discovery:discover_packages(prefix_path) discover
[0.241s] DEBUG:colcon.colcon_installed_package_information.package_discovery:Found 403 installed packages in /home/bentoaz/autoware/install
[0.242s] DEBUG:colcon.colcon_installed_package_information.package_discovery:Found 1 installed packages in /home/bentoaz/f1tenth_gym_ros/install
[0.243s] DEBUG:colcon.colcon_installed_package_information.package_discovery:Found 394 installed packages in /opt/ros/humble
[0.244s] Level 1:colcon.colcon_core.package_discovery:discover_packages(prefix_path) using defaults
[0.281s] Level 5:colcon.colcon_core.verb:set package 'gap_follow' build argument 'cmake_args' from command line to 'None'
[0.281s] Level 5:colcon.colcon_core.verb:set package 'gap_follow' build argument 'cmake_target' from command line to 'None'
[0.281s] Level 5:colcon.colcon_core.verb:set package 'gap_follow' build argument 'cmake_target_skip_unavailable' from command line to 'False'
[0.281s] Level 5:colcon.colcon_core.verb:set package 'gap_follow' build argument 'cmake_clean_cache' from command line to 'False'
[0.281s] Level 5:colcon.colcon_core.verb:set package 'gap_follow' build argument 'cmake_clean_first' from command line to 'False'
[0.281s] Level 5:colcon.colcon_core.verb:set package 'gap_follow' build argument 'cmake_force_configure' from command line to 'False'
[0.281s] Level 5:colcon.colcon_core.verb:set package 'gap_follow' build argument 'ament_cmake_args' from command line to 'None'
[0.281s] Level 5:colcon.colcon_core.verb:set package 'gap_follow' build argument 'catkin_cmake_args' from command line to 'None'
[0.281s] Level 5:colcon.colcon_core.verb:set package 'gap_follow' build argument 'catkin_skip_building_tests' from command line to 'False'
[0.281s] DEBUG:colcon.colcon_core.verb:Building package 'gap_follow' with the following arguments: {'ament_cmake_args': None, 'build_base': '/home/bentoaz/f1tenth_experimental_ws/build/gap_follow', 'catkin_cmake_args': None, 'catkin_skip_building_tests': False, 'cmake_args': None, 'cmake_clean_cache': False, 'cmake_clean_first': False, 'cmake_force_configure': False, 'cmake_target': None, 'cmake_target_skip_unavailable': False, 'install_base': '/home/bentoaz/f1tenth_experimental_ws/install/gap_follow', 'merge_install': False, 'path': '/home/bentoaz/f1tenth_experimental_ws/src/gap_follow', 'symlink_install': False, 'test_result_base': None}
[0.281s] Level 5:colcon.colcon_core.verb:set package 'local_planner_msgs' build argument 'cmake_args' from command line to 'None'
[0.281s] Level 5:colcon.colcon_core.verb:set package 'local_planner_msgs' build argument 'cmake_target' from command line to 'None'
[0.281s] Level 5:colcon.colcon_core.verb:set package 'local_planner_msgs' build argument 'cmake_target_skip_unavailable' from command line to 'False'
[0.281s] Level 5:colcon.colcon_core.verb:set package 'local_planner_msgs' build argument 'cmake_clean_cache' from command line to 'False'
[0.281s] Level 5:colcon.colcon_core.verb:set package 'local_planner_msgs' build argument 'cmake_clean_first' from command line to 'False'
[0.281s] Level 5:colcon.colcon_core.verb:set package 'local_planner_msgs' build argument 'cmake_force_configure' from command line to 'False'
[0.281s] Level 5:colcon.colcon_core.verb:set package 'local_planner_msgs' build argument 'ament_cmake_args' from command line to 'None'
[0.281s] Level 5:colcon.colcon_core.verb:set package 'local_planner_msgs' build argument 'catkin_cmake_args' from command line to 'None'
[0.281s] Level 5:colcon.colcon_core.verb:set package 'local_planner_msgs' build argument 'catkin_skip_building_tests' from command line to 'False'
[0.281s] DEBUG:colcon.colcon_core.verb:Building package 'local_planner_msgs' with the following arguments: {'ament_cmake_args': None, 'build_base': '/home/bentoaz/f1tenth_experimental_ws/build/local_planner_msgs', 'catkin_cmake_args': None, 'catkin_skip_building_tests': False, 'cmake_args': None, 'cmake_clean_cache': False, 'cmake_clean_first': False, 'cmake_force_configure': False, 'cmake_target': None, 'cmake_target_skip_unavailable': False, 'install_base': '/home/bentoaz/f1tenth_experimental_ws/install/local_planner_msgs', 'merge_install': False, 'path': '/home/bentoaz/f1tenth_experimental_ws/src/local_planner_msgs', 'symlink_install': False, 'test_result_base': None}
[0.281s] Level 5:colcon.colcon_core.verb:set package 'particle_filter' build argument 'cmake_args' from command line to 'None'
[0.281s] Level 5:colcon.colcon_core.verb:set package 'particle_filter' build argument 'cmake_target' from command line to 'None'
[0.281s] Level 5:colcon.colcon_core.verb:set package 'particle_filter' build argument 'cmake_target_skip_unavailable' from command line to 'False'
[0.281s] Level 5:colcon.colcon_core.verb:set package 'particle_filter' build argument 'cmake_clean_cache' from command line to 'False'
[0.281s] Level 5:colcon.colcon_core.verb:set package 'particle_filter' build argument 'cmake_clean_first' from command line to 'False'
[0.281s] Level 5:colcon.colcon_core.verb:set package 'particle_filter' build argument 'cmake_force_configure' from command line to 'False'
[0.281s] Level 5:colcon.colcon_core.verb:set package 'particle_filter' build argument 'ament_cmake_args' from command line to 'None'
[0.281s] Level 5:colcon.colcon_core.verb:set package 'particle_filter' build argument 'catkin_cmake_args' from command line to 'None'
[0.281s] Level 5:colcon.colcon_core.verb:set package 'particle_filter' build argument 'catkin_skip_building_tests' from command line to 'False'
[0.281s] DEBUG:colcon.colcon_core.verb:Building package 'particle_filter' with the following arguments: {'ament_cmake_args': None, 'build_base': '/home/bentoaz/f1tenth_experimental_ws/build/particle_filter', 'catkin_cmake_args': None, 'catkin_skip_building_tests': False, 'cmake_args': None, 'cmake_clean_cache': False, 'cmake_clean_first': False, 'cmake_force_configure': False, 'cmake_target': None, 'cmake_target_skip_unavailable': False, 'install_base': '/home/bentoaz/f1tenth_experimental_ws/install/particle_filter', 'merge_install': False, 'path': '/home/bentoaz/f1tenth_experimental_ws/src/particle_filter', 'symlink_install': False, 'test_result_base': None}
[0.282s] Level 5:colcon.colcon_core.verb:set package 'pure_pursuit' build argument 'cmake_args' from command line to 'None'
[0.282s] Level 5:colcon.colcon_core.verb:set package 'pure_pursuit' build argument 'cmake_target' from command line to 'None'
[0.282s] Level 5:colcon.colcon_core.verb:set package 'pure_pursuit' build argument 'cmake_target_skip_unavailable' from command line to 'False'
[0.282s] Level 5:colcon.colcon_core.verb:set package 'pure_pursuit' build argument 'cmake_clean_cache' from command line to 'False'
[0.282s] Level 5:colcon.colcon_core.verb:set package 'pure_pursuit' build argument 'cmake_clean_first' from command line to 'False'
[0.282s] Level 5:colcon.colcon_core.verb:set package 'pure_pursuit' build argument 'cmake_force_configure' from command line to 'False'
[0.282s] Level 5:colcon.colcon_core.verb:set package 'pure_pursuit' build argument 'ament_cmake_args' from command line to 'None'
[0.282s] Level 5:colcon.colcon_core.verb:set package 'pure_pursuit' build argument 'catkin_cmake_args' from command line to 'None'
[0.282s] Level 5:colcon.colcon_core.verb:set package 'pure_pursuit' build argument 'catkin_skip_building_tests' from command line to 'False'
[0.282s] DEBUG:colcon.colcon_core.verb:Building package 'pure_pursuit' with the following arguments: {'ament_cmake_args': None, 'build_base': '/home/bentoaz/f1tenth_experimental_ws/build/pure_pursuit', 'catkin_cmake_args': None, 'catkin_skip_building_tests': False, 'cmake_args': None, 'cmake_clean_cache': False, 'cmake_clean_first': False, 'cmake_force_configure': False, 'cmake_target': None, 'cmake_target_skip_unavailable': False, 'install_base': '/home/bentoaz/f1tenth_experimental_ws/install/pure_pursuit', 'merge_install': False, 'path': '/home/bentoaz/f1tenth_experimental_ws/src/pure_pursuit', 'symlink_install': False, 'test_result_base': None}
[0.282s] Level 5:colcon.colcon_core.verb:set package 'safety_node' build argument 'cmake_args' from command line to 'None'
[0.282s] Level 5:colcon.colcon_core.verb:set package 'safety_node' build argument 'cmake_target' from command line to 'None'
[0.282s] Level 5:colcon.colcon_core.verb:set package 'safety_node' build argument 'cmake_target_skip_unavailable' from command line to 'False'
[0.282s] Level 5:colcon.colcon_core.verb:set package 'safety_node' build argument 'cmake_clean_cache' from command line to 'False'
[0.282s] Level 5:colcon.colcon_core.verb:set package 'safety_node' build argument 'cmake_clean_first' from command line to 'False'
[0.282s] Level 5:colcon.colcon_core.verb:set package 'safety_node' build argument 'cmake_force_configure' from command line to 'False'
[0.282s] Level 5:colcon.colcon_core.verb:set package 'safety_node' build argument 'ament_cmake_args' from command line to 'None'
[0.282s] Level 5:colcon.colcon_core.verb:set package 'safety_node' build argument 'catkin_cmake_args' from command line to 'None'
[0.282s] Level 5:colcon.colcon_core.verb:set package 'safety_node' build argument 'catkin_skip_building_tests' from command line to 'False'
[0.282s] DEBUG:colcon.colcon_core.verb:Building package 'safety_node' with the following arguments: {'ament_cmake_args': None, 'build_base': '/home/bentoaz/f1tenth_experimental_ws/build/safety_node', 'catkin_cmake_args': None, 'catkin_skip_building_tests': False, 'cmake_args': None, 'cmake_clean_cache': False, 'cmake_clean_first': False, 'cmake_force_configure': False, 'cmake_target': None, 'cmake_target_skip_unavailable': False, 'install_base': '/home/bentoaz/f1tenth_experimental_ws/install/safety_node', 'merge_install': False, 'path': '/home/bentoaz/f1tenth_experimental_ws/src/safety_node', 'symlink_install': False, 'test_result_base': None}
[0.282s] Level 5:colcon.colcon_core.verb:set package 'scan_matching' build argument 'cmake_args' from command line to 'None'
[0.282s] Level 5:colcon.colcon_core.verb:set package 'scan_matching' build argument 'cmake_target' from command line to 'None'
[0.282s] Level 5:colcon.colcon_core.verb:set package 'scan_matching' build argument 'cmake_target_skip_unavailable' from command line to 'False'
[0.282s] Level 5:colcon.colcon_core.verb:set package 'scan_matching' build argument 'cmake_clean_cache' from command line to 'False'
[0.282s] Level 5:colcon.colcon_core.verb:set package 'scan_matching' build argument 'cmake_clean_first' from command line to 'False'
[0.282s] Level 5:colcon.colcon_core.verb:set package 'scan_matching' build argument 'cmake_force_configure' from command line to 'False'
[0.282s] Level 5:colcon.colcon_core.verb:set package 'scan_matching' build argument 'ament_cmake_args' from command line to 'None'
[0.282s] Level 5:colcon.colcon_core.verb:set package 'scan_matching' build argument 'catkin_cmake_args' from command line to 'None'
[0.282s] Level 5:colcon.colcon_core.verb:set package 'scan_matching' build argument 'catkin_skip_building_tests' from command line to 'False'
[0.282s] DEBUG:colcon.colcon_core.verb:Building package 'scan_matching' with the following arguments: {'ament_cmake_args': None, 'build_base': '/home/bentoaz/f1tenth_experimental_ws/build/scan_matching', 'catkin_cmake_args': None, 'catkin_skip_building_tests': False, 'cmake_args': None, 'cmake_clean_cache': False, 'cmake_clean_first': False, 'cmake_force_configure': False, 'cmake_target': None, 'cmake_target_skip_unavailable': False, 'install_base': '/home/bentoaz/f1tenth_experimental_ws/install/scan_matching', 'merge_install': False, 'path': '/home/bentoaz/f1tenth_experimental_ws/src/scan_matching', 'symlink_install': False, 'test_result_base': None}
[0.282s] Level 5:colcon.colcon_core.verb:set package 'stanley_avoidance' build argument 'cmake_args' from command line to 'None'
[0.282s] Level 5:colcon.colcon_core.verb:set package 'stanley_avoidance' build argument 'cmake_target' from command line to 'None'
[0.282s] Level 5:colcon.colcon_core.verb:set package 'stanley_avoidance' build argument 'cmake_target_skip_unavailable' from command line to 'False'
[0.282s] Level 5:colcon.colcon_core.verb:set package 'stanley_avoidance' build argument 'cmake_clean_cache' from command line to 'False'
[0.282s] Level 5:colcon.colcon_core.verb:set package 'stanley_avoidance' build argument 'cmake_clean_first' from command line to 'False'
[0.282s] Level 5:colcon.colcon_core.verb:set package 'stanley_avoidance' build argument 'cmake_force_configure' from command line to 'False'
[0.282s] Level 5:colcon.colcon_core.verb:set package 'stanley_avoidance' build argument 'ament_cmake_args' from command line to 'None'
[0.282s] Level 5:colcon.colcon_core.verb:set package 'stanley_avoidance' build argument 'catkin_cmake_args' from command line to 'None'
[0.282s] Level 5:colcon.colcon_core.verb:set package 'stanley_avoidance' build argument 'catkin_skip_building_tests' from command line to 'False'
[0.282s] DEBUG:colcon.colcon_core.verb:Building package 'stanley_avoidance' with the following arguments: {'ament_cmake_args': None, 'build_base': '/home/bentoaz/f1tenth_experimental_ws/build/stanley_avoidance', 'catkin_cmake_args': None, 'catkin_skip_building_tests': False, 'cmake_args': None, 'cmake_clean_cache': False, 'cmake_clean_first': False, 'cmake_force_configure': False, 'cmake_target': None, 'cmake_target_skip_unavailable': False, 'install_base': '/home/bentoaz/f1tenth_experimental_ws/install/stanley_avoidance', 'merge_install': False, 'path': '/home/bentoaz/f1tenth_experimental_ws/src/stanley_avoidance', 'symlink_install': False, 'test_result_base': None}
[0.283s] Level 5:colcon.colcon_core.verb:set package 'wall_follow' build argument 'cmake_args' from command line to 'None'
[0.283s] Level 5:colcon.colcon_core.verb:set package 'wall_follow' build argument 'cmake_target' from command line to 'None'
[0.283s] Level 5:colcon.colcon_core.verb:set package 'wall_follow' build argument 'cmake_target_skip_unavailable' from command line to 'False'
[0.283s] Level 5:colcon.colcon_core.verb:set package 'wall_follow' build argument 'cmake_clean_cache' from command line to 'False'
[0.283s] Level 5:colcon.colcon_core.verb:set package 'wall_follow' build argument 'cmake_clean_first' from command line to 'False'
[0.283s] Level 5:colcon.colcon_core.verb:set package 'wall_follow' build argument 'cmake_force_configure' from command line to 'False'
[0.283s] Level 5:colcon.colcon_core.verb:set package 'wall_follow' build argument 'ament_cmake_args' from command line to 'None'
[0.283s] Level 5:colcon.colcon_core.verb:set package 'wall_follow' build argument 'catkin_cmake_args' from command line to 'None'
[0.283s] Level 5:colcon.colcon_core.verb:set package 'wall_follow' build argument 'catkin_skip_building_tests' from command line to 'False'
[0.283s] DEBUG:colcon.colcon_core.verb:Building package 'wall_follow' with the following arguments: {'ament_cmake_args': None, 'build_base': '/home/bentoaz/f1tenth_experimental_ws/build/wall_follow', 'catkin_cmake_args': None, 'catkin_skip_building_tests': False, 'cmake_args': None, 'cmake_clean_cache': False, 'cmake_clean_first': False, 'cmake_force_configure': False, 'cmake_target': None, 'cmake_target_skip_unavailable': False, 'install_base': '/home/bentoaz/f1tenth_experimental_ws/install/wall_follow', 'merge_install': False, 'path': '/home/bentoaz/f1tenth_experimental_ws/src/wall_follow', 'symlink_install': False, 'test_result_base': None}
[0.283s] Level 5:colcon.colcon_core.verb:set package 'waypoint_generator' build argument 'cmake_args' from command line to 'None'
[0.283s] Level 5:colcon.colcon_core.verb:set package 'waypoint_generator' build argument 'cmake_target' from command line to 'None'
[0.283s] Level 5:colcon.colcon_core.verb:set package 'waypoint_generator' build argument 'cmake_target_skip_unavailable' from command line to 'False'
[0.283s] Level 5:colcon.colcon_core.verb:set package 'waypoint_generator' build argument 'cmake_clean_cache' from command line to 'False'
[0.283s] Level 5:colcon.colcon_core.verb:set package 'waypoint_generator' build argument 'cmake_clean_first' from command line to 'False'
[0.283s] Level 5:colcon.colcon_core.verb:set package 'waypoint_generator' build argument 'cmake_force_configure' from command line to 'False'
[0.283s] Level 5:colcon.colcon_core.verb:set package 'waypoint_generator' build argument 'ament_cmake_args' from command line to 'None'
[0.283s] Level 5:colcon.colcon_core.verb:set package 'waypoint_generator' build argument 'catkin_cmake_args' from command line to 'None'
[0.283s] Level 5:colcon.colcon_core.verb:set package 'waypoint_generator' build argument 'catkin_skip_building_tests' from command line to 'False'
[0.283s] DEBUG:colcon.colcon_core.verb:Building package 'waypoint_generator' with the following arguments: {'ament_cmake_args': None, 'build_base': '/home/bentoaz/f1tenth_experimental_ws/build/waypoint_generator', 'catkin_cmake_args': None, 'catkin_skip_building_tests': False, 'cmake_args': None, 'cmake_clean_cache': False, 'cmake_clean_first': False, 'cmake_force_configure': False, 'cmake_target': None, 'cmake_target_skip_unavailable': False, 'install_base': '/home/bentoaz/f1tenth_experimental_ws/install/waypoint_generator', 'merge_install': False, 'path': '/home/bentoaz/f1tenth_experimental_ws/src/waypoint_generator', 'symlink_install': False, 'test_result_base': None}
[0.283s] Level 5:colcon.colcon_core.verb:set package 'local_planner' build argument 'cmake_args' from command line to 'None'
[0.283s] Level 5:colcon.colcon_core.verb:set package 'local_planner' build argument 'cmake_target' from command line to 'None'
[0.283s] Level 5:colcon.colcon_core.verb:set package 'local_planner' build argument 'cmake_target_skip_unavailable' from command line to 'False'
[0.283s] Level 5:colcon.colcon_core.verb:set package 'local_planner' build argument 'cmake_clean_cache' from command line to 'False'
[0.283s] Level 5:colcon.colcon_core.verb:set package 'local_planner' build argument 'cmake_clean_first' from command line to 'False'
[0.283s] Level 5:colcon.colcon_core.verb:set package 'local_planner' build argument 'cmake_force_configure' from command line to 'False'
[0.283s] Level 5:colcon.colcon_core.verb:set package 'local_planner' build argument 'ament_cmake_args' from command line to 'None'
[0.284s] Level 5:colcon.colcon_core.verb:set package 'local_planner' build argument 'catkin_cmake_args' from command line to 'None'
[0.284s] Level 5:colcon.colcon_core.verb:set package 'local_planner' build argument 'catkin_skip_building_tests' from command line to 'False'
[0.284s] DEBUG:colcon.colcon_core.verb:Building package 'local_planner' with the following arguments: {'ament_cmake_args': None, 'build_base': '/home/bentoaz/f1tenth_experimental_ws/build/local_planner', 'catkin_cmake_args': None, 'catkin_skip_building_tests': False, 'cmake_args': None, 'cmake_clean_cache': False, 'cmake_clean_first': False, 'cmake_force_configure': False, 'cmake_target': None, 'cmake_target_skip_unavailable': False, 'install_base': '/home/bentoaz/f1tenth_experimental_ws/install/local_planner', 'merge_install': False, 'path': '/home/bentoaz/f1tenth_experimental_ws/src/local_planner', 'symlink_install': False, 'test_result_base': None}
[0.284s] INFO:colcon.colcon_core.executor:Executing jobs using 'parallel' executor
[0.284s] DEBUG:colcon.colcon_parallel_executor.executor.parallel:run_until_complete
[0.285s] INFO:colcon.colcon_ros.task.ament_cmake.build:Building ROS package in '/home/bentoaz/f1tenth_experimental_ws/src/local_planner_msgs' with build type 'ament_cmake'
[0.285s] INFO:colcon.colcon_cmake.task.cmake.build:Building CMake package in '/home/bentoaz/f1tenth_experimental_ws/src/local_planner_msgs'
[0.287s] INFO:colcon.colcon_core.plugin_system:Skipping extension 'colcon_core.shell.bat': Not used on non-Windows systems
[0.287s] INFO:colcon.colcon_core.shell:Skip shell extension 'powershell' for command environment: Not usable outside of PowerShell
[0.287s] DEBUG:colcon.colcon_core.shell:Skip shell extension 'dsv' for command environment
[0.299s] INFO:colcon.colcon_ros.task.ament_cmake.build:Building ROS package in '/home/bentoaz/f1tenth_experimental_ws/src/gap_follow' with build type 'ament_cmake'
[0.299s] INFO:colcon.colcon_cmake.task.cmake.build:Building CMake package in '/home/bentoaz/f1tenth_experimental_ws/src/gap_follow'
[0.299s] INFO:colcon.colcon_core.shell:Skip shell extension 'powershell' for command environment: Not usable outside of PowerShell
[0.299s] DEBUG:colcon.colcon_core.shell:Skip shell extension 'dsv' for command environment
[0.311s] INFO:colcon.colcon_ros.task.ament_python.build:Building ROS package in '/home/bentoaz/f1tenth_experimental_ws/src/particle_filter' with build type 'ament_python'
[0.311s] Level 1:colcon.colcon_core.shell:create_environment_hook('particle_filter', 'ament_prefix_path')
[0.311s] INFO:colcon.colcon_core.shell:Creating environment hook '/home/bentoaz/f1tenth_experimental_ws/install/particle_filter/share/particle_filter/hook/ament_prefix_path.ps1'
[0.311s] INFO:colcon.colcon_core.shell:Creating environment descriptor '/home/bentoaz/f1tenth_experimental_ws/install/particle_filter/share/particle_filter/hook/ament_prefix_path.dsv'
[0.312s] INFO:colcon.colcon_core.shell:Creating environment hook '/home/bentoaz/f1tenth_experimental_ws/install/particle_filter/share/particle_filter/hook/ament_prefix_path.sh'
[0.312s] INFO:colcon.colcon_core.shell:Skip shell extension 'powershell' for command environment: Not usable outside of PowerShell
[0.312s] DEBUG:colcon.colcon_core.shell:Skip shell extension 'dsv' for command environment
[0.324s] INFO:colcon.colcon_ros.task.ament_cmake.build:Building ROS package in '/home/bentoaz/f1tenth_experimental_ws/src/pure_pursuit' with build type 'ament_cmake'
[0.324s] INFO:colcon.colcon_cmake.task.cmake.build:Building CMake package in '/home/bentoaz/f1tenth_experimental_ws/src/pure_pursuit'
[0.324s] INFO:colcon.colcon_core.shell:Skip shell extension 'powershell' for command environment: Not usable outside of PowerShell
[0.324s] DEBUG:colcon.colcon_core.shell:Skip shell extension 'dsv' for command environment
[0.337s] INFO:colcon.colcon_ros.task.ament_cmake.build:Building ROS package in '/home/bentoaz/f1tenth_experimental_ws/src/safety_node' with build type 'ament_cmake'
[0.337s] INFO:colcon.colcon_cmake.task.cmake.build:Building CMake package in '/home/bentoaz/f1tenth_experimental_ws/src/safety_node'
[0.337s] INFO:colcon.colcon_core.shell:Skip shell extension 'powershell' for command environment: Not usable outside of PowerShell
[0.337s] DEBUG:colcon.colcon_core.shell:Skip shell extension 'dsv' for command environment
[0.348s] INFO:colcon.colcon_ros.task.ament_cmake.build:Building ROS package in '/home/bentoaz/f1tenth_experimental_ws/src/scan_matching' with build type 'ament_cmake'
[0.348s] INFO:colcon.colcon_cmake.task.cmake.build:Building CMake package in '/home/bentoaz/f1tenth_experimental_ws/src/scan_matching'
[0.348s] INFO:colcon.colcon_core.shell:Skip shell extension 'powershell' for command environment: Not usable outside of PowerShell
[0.348s] DEBUG:colcon.colcon_core.shell:Skip shell extension 'dsv' for command environment
[0.360s] INFO:colcon.colcon_ros.task.ament_python.build:Building ROS package in '/home/bentoaz/f1tenth_experimental_ws/src/stanley_avoidance' with build type 'ament_python'
[0.360s] Level 1:colcon.colcon_core.shell:create_environment_hook('stanley_avoidance', 'ament_prefix_path')
[0.360s] INFO:colcon.colcon_core.shell:Creating environment hook '/home/bentoaz/f1tenth_experimental_ws/install/stanley_avoidance/share/stanley_avoidance/hook/ament_prefix_path.ps1'
[0.361s] INFO:colcon.colcon_core.shell:Creating environment descriptor '/home/bentoaz/f1tenth_experimental_ws/install/stanley_avoidance/share/stanley_avoidance/hook/ament_prefix_path.dsv'
[0.361s] INFO:colcon.colcon_core.shell:Creating environment hook '/home/bentoaz/f1tenth_experimental_ws/install/stanley_avoidance/share/stanley_avoidance/hook/ament_prefix_path.sh'
[0.361s] INFO:colcon.colcon_core.shell:Skip shell extension 'powershell' for command environment: Not usable outside of PowerShell
[0.361s] DEBUG:colcon.colcon_core.shell:Skip shell extension 'dsv' for command environment
[0.373s] INFO:colcon.colcon_ros.task.ament_cmake.build:Building ROS package in '/home/bentoaz/f1tenth_experimental_ws/src/wall_follow' with build type 'ament_cmake'
[0.373s] INFO:colcon.colcon_cmake.task.cmake.build:Building CMake package in '/home/bentoaz/f1tenth_experimental_ws/src/wall_follow'
[0.373s] INFO:colcon.colcon_core.shell:Skip shell extension 'powershell' for command environment: Not usable outside of PowerShell
[0.373s] DEBUG:colcon.colcon_core.shell:Skip shell extension 'dsv' for command environment
[0.385s] INFO:colcon.colcon_ros.task.ament_cmake.build:Building ROS package in '/home/bentoaz/f1tenth_experimental_ws/src/waypoint_generator' with build type 'ament_cmake'
[0.385s] INFO:colcon.colcon_cmake.task.cmake.build:Building CMake package in '/home/bentoaz/f1tenth_experimental_ws/src/waypoint_generator'
[0.385s] INFO:colcon.colcon_core.shell:Skip shell extension 'powershell' for command environment: Not usable outside of PowerShell
[0.385s] DEBUG:colcon.colcon_core.shell:Skip shell extension 'dsv' for command environment
[0.401s] DEBUG:colcon.colcon_core.event_handler.log_command:Invoking command in '/home/bentoaz/f1tenth_experimental_ws/build/local_planner_msgs': CMAKE_PREFIX_PATH=${CMAKE_PREFIX_PATH}:/home/bentoaz/f1tenth_gym_ros/install/f1tenth_gym_ros:/home/bentoaz/autoware/install/autoware_carla_interface:/home/bentoaz/autoware/install/ros2agnocast:/home/bentoaz/autoware/install/autoware_adapi_visualizers:/opt/ros/humble /usr/bin/cmake /home/bentoaz/f1tenth_experimental_ws/src/local_planner_msgs -DCMAKE_INSTALL_PREFIX=/home/bentoaz/f1tenth_experimental_ws/install/local_planner_msgs
[0.405s] DEBUG:colcon.colcon_core.event_handler.log_command:Invoking command in '/home/bentoaz/f1tenth_experimental_ws/build/gap_follow': CMAKE_PREFIX_PATH=${CMAKE_PREFIX_PATH}:/home/bentoaz/f1tenth_gym_ros/install/f1tenth_gym_ros:/home/bentoaz/autoware/install/autoware_carla_interface:/home/bentoaz/autoware/install/ros2agnocast:/home/bentoaz/autoware/install/autoware_adapi_visualizers:/opt/ros/humble /usr/bin/cmake /home/bentoaz/f1tenth_experimental_ws/src/gap_follow -DCMAKE_INSTALL_PREFIX=/home/bentoaz/f1tenth_experimental_ws/install/gap_follow
[0.616s] INFO:colcon.colcon_core.task.python.build:Building Python package in '/home/bentoaz/f1tenth_experimental_ws/src/particle_filter'
[0.616s] INFO:colcon.colcon_core.shell:Skip shell extension 'powershell' for command environment: Not usable outside of PowerShell
[0.616s] DEBUG:colcon.colcon_core.shell:Skip shell extension 'dsv' for command environment
[0.633s] DEBUG:colcon.colcon_core.event_handler.log_command:Invoking command in '/home/bentoaz/f1tenth_experimental_ws/build/pure_pursuit': CMAKE_PREFIX_PATH=${CMAKE_PREFIX_PATH}:/home/bentoaz/f1tenth_gym_ros/install/f1tenth_gym_ros:/home/bentoaz/autoware/install/autoware_carla_interface:/home/bentoaz/autoware/install/ros2agnocast:/home/bentoaz/autoware/install/autoware_adapi_visualizers:/opt/ros/humble /usr/bin/cmake /home/bentoaz/f1tenth_experimental_ws/src/pure_pursuit -DCMAKE_INSTALL_PREFIX=/home/bentoaz/f1tenth_experimental_ws/install/pure_pursuit
[0.637s] DEBUG:colcon.colcon_core.event_handler.log_command:Invoking command in '/home/bentoaz/f1tenth_experimental_ws/build/safety_node': CMAKE_PREFIX_PATH=${CMAKE_PREFIX_PATH}:/home/bentoaz/f1tenth_gym_ros/install/f1tenth_gym_ros:/home/bentoaz/autoware/install/autoware_carla_interface:/home/bentoaz/autoware/install/ros2agnocast:/home/bentoaz/autoware/install/autoware_adapi_visualizers:/opt/ros/humble /usr/bin/cmake /home/bentoaz/f1tenth_experimental_ws/src/safety_node -DCMAKE_INSTALL_PREFIX=/home/bentoaz/f1tenth_experimental_ws/install/safety_node
[0.641s] DEBUG:colcon.colcon_core.event_handler.log_command:Invoking command in '/home/bentoaz/f1tenth_experimental_ws/build/scan_matching': CMAKE_PREFIX_PATH=${CMAKE_PREFIX_PATH}:/home/bentoaz/f1tenth_gym_ros/install/f1tenth_gym_ros:/home/bentoaz/autoware/install/autoware_carla_interface:/home/bentoaz/autoware/install/ros2agnocast:/home/bentoaz/autoware/install/autoware_adapi_visualizers:/opt/ros/humble /usr/bin/cmake /home/bentoaz/f1tenth_experimental_ws/src/scan_matching -DCMAKE_INSTALL_PREFIX=/home/bentoaz/f1tenth_experimental_ws/install/scan_matching
[0.922s] INFO:colcon.colcon_core.task.python.build:Building Python package in '/home/bentoaz/f1tenth_experimental_ws/src/stanley_avoidance'
[0.922s] INFO:colcon.colcon_core.shell:Skip shell extension 'powershell' for command environment: Not usable outside of PowerShell
[0.922s] DEBUG:colcon.colcon_core.shell:Skip shell extension 'dsv' for command environment
[0.941s] DEBUG:colcon.colcon_core.event_handler.log_command:Invoking command in '/home/bentoaz/f1tenth_experimental_ws/build/wall_follow': CMAKE_PREFIX_PATH=${CMAKE_PREFIX_PATH}:/home/bentoaz/f1tenth_gym_ros/install/f1tenth_gym_ros:/home/bentoaz/autoware/install/autoware_carla_interface:/home/bentoaz/autoware/install/ros2agnocast:/home/bentoaz/autoware/install/autoware_adapi_visualizers:/opt/ros/humble /usr/bin/cmake /home/bentoaz/f1tenth_experimental_ws/src/wall_follow -DCMAKE_INSTALL_PREFIX=/home/bentoaz/f1tenth_experimental_ws/install/wall_follow
[0.952s] DEBUG:colcon.colcon_core.event_handler.log_command:Invoking command in '/home/bentoaz/f1tenth_experimental_ws/build/waypoint_generator': CMAKE_PREFIX_PATH=${CMAKE_PREFIX_PATH}:/home/bentoaz/f1tenth_gym_ros/install/f1tenth_gym_ros:/home/bentoaz/autoware/install/autoware_carla_interface:/home/bentoaz/autoware/install/ros2agnocast:/home/bentoaz/autoware/install/autoware_adapi_visualizers:/opt/ros/humble /usr/bin/cmake /home/bentoaz/f1tenth_experimental_ws/src/waypoint_generator -DCMAKE_INSTALL_PREFIX=/home/bentoaz/f1tenth_experimental_ws/install/waypoint_generator
[1.326s] DEBUG:colcon.colcon_core.event_handler.log_command:Invoking command in '/home/bentoaz/f1tenth_experimental_ws/src/particle_filter': PYTHONPATH=/home/bentoaz/f1tenth_experimental_ws/build/particle_filter/prefix_override:/usr/lib/python3/dist-packages/colcon_core/task/python/colcon_distutils_commands:/home/bentoaz/f1tenth_experimental_ws/install/particle_filter/lib/python3.10/site-packages:${PYTHONPATH} /usr/bin/python3 -W ignore:setup.py install is deprecated -W ignore:easy_install command is deprecated setup.py egg_info --egg-base ../../build/particle_filter build --build-base /home/bentoaz/f1tenth_experimental_ws/build/particle_filter/build install --record /home/bentoaz/f1tenth_experimental_ws/build/particle_filter/install.log --install-scripts $base/lib/particle_filter --single-version-externally-managed install_data
[1.604s] DEBUG:colcon.colcon_core.event_handler.log_command:Invoking command in '/home/bentoaz/f1tenth_experimental_ws/src/stanley_avoidance': PYTHONPATH=/home/bentoaz/f1tenth_experimental_ws/build/stanley_avoidance/prefix_override:/usr/lib/python3/dist-packages/colcon_core/task/python/colcon_distutils_commands:/home/bentoaz/f1tenth_experimental_ws/install/stanley_avoidance/lib/python3.10/site-packages:${PYTHONPATH} /usr/bin/python3 -W ignore:setup.py install is deprecated -W ignore:easy_install command is deprecated setup.py egg_info --egg-base ../../build/stanley_avoidance build --build-base /home/bentoaz/f1tenth_experimental_ws/build/stanley_avoidance/build install --record /home/bentoaz/f1tenth_experimental_ws/build/stanley_avoidance/install.log --install-scripts $base/lib/stanley_avoidance --single-version-externally-managed install_data
[1.655s] DEBUG:colcon.colcon_core.event_handler.log_command:Invoked command in '/home/bentoaz/f1tenth_experimental_ws/src/particle_filter' returned '0': PYTHONPATH=/home/bentoaz/f1tenth_experimental_ws/build/particle_filter/prefix_override:/usr/lib/python3/dist-packages/colcon_core/task/python/colcon_distutils_commands:/home/bentoaz/f1tenth_experimental_ws/install/particle_filter/lib/python3.10/site-packages:${PYTHONPATH} /usr/bin/python3 -W ignore:setup.py install is deprecated -W ignore:easy_install command is deprecated setup.py egg_info --egg-base ../../build/particle_filter build --build-base /home/bentoaz/f1tenth_experimental_ws/build/particle_filter/build install --record /home/bentoaz/f1tenth_experimental_ws/build/particle_filter/install.log --install-scripts $base/lib/particle_filter --single-version-externally-managed install_data
[1.657s] Level 1:colcon.colcon_core.environment:checking '/home/bentoaz/f1tenth_experimental_ws/install/particle_filter' for CMake module files
[1.658s] Level 1:colcon.colcon_core.environment:checking '/home/bentoaz/f1tenth_experimental_ws/install/particle_filter' for CMake config files
[1.658s] Level 1:colcon.colcon_core.environment:checking '/home/bentoaz/f1tenth_experimental_ws/install/particle_filter/lib'
[1.659s] Level 1:colcon.colcon_core.environment:checking '/home/bentoaz/f1tenth_experimental_ws/install/particle_filter/bin'
[1.659s] Level 1:colcon.colcon_core.environment:checking '/home/bentoaz/f1tenth_experimental_ws/install/particle_filter/lib/pkgconfig/particle_filter.pc'
[1.659s] Level 1:colcon.colcon_core.environment:checking '/home/bentoaz/f1tenth_experimental_ws/install/particle_filter/lib/python3.10/site-packages'
[1.659s] Level 1:colcon.colcon_core.shell:create_environment_hook('particle_filter', 'pythonpath')
[1.659s] INFO:colcon.colcon_core.shell:Creating environment hook '/home/bentoaz/f1tenth_experimental_ws/install/particle_filter/share/particle_filter/hook/pythonpath.ps1'
[1.660s] INFO:colcon.colcon_core.shell:Creating environment descriptor '/home/bentoaz/f1tenth_experimental_ws/install/particle_filter/share/particle_filter/hook/pythonpath.dsv'
[1.660s] INFO:colcon.colcon_core.shell:Creating environment hook '/home/bentoaz/f1tenth_experimental_ws/install/particle_filter/share/particle_filter/hook/pythonpath.sh'
[1.661s] Level 1:colcon.colcon_core.environment:checking '/home/bentoaz/f1tenth_experimental_ws/install/particle_filter/bin'
[1.661s] Level 1:colcon.colcon_core.environment:create_environment_scripts_only(particle_filter)
[1.661s] INFO:colcon.colcon_core.shell:Creating package script '/home/bentoaz/f1tenth_experimental_ws/install/particle_filter/share/particle_filter/package.ps1'
[1.663s] INFO:colcon.colcon_core.shell:Creating package descriptor '/home/bentoaz/f1tenth_experimental_ws/install/particle_filter/share/particle_filter/package.dsv'
[1.663s] INFO:colcon.colcon_core.shell:Creating package script '/home/bentoaz/f1tenth_experimental_ws/install/particle_filter/share/particle_filter/package.sh'
[1.664s] INFO:colcon.colcon_core.shell:Creating package script '/home/bentoaz/f1tenth_experimental_ws/install/particle_filter/share/particle_filter/package.bash'
[1.665s] INFO:colcon.colcon_core.shell:Creating package script '/home/bentoaz/f1tenth_experimental_ws/install/particle_filter/share/particle_filter/package.zsh'
[1.665s] Level 1:colcon.colcon_core.environment:create_file_with_runtime_dependencies(/home/bentoaz/f1tenth_experimental_ws/install/particle_filter/share/colcon-core/packages/particle_filter)
[1.884s] Level 1:colcon.colcon_core.environment:checking '/home/bentoaz/f1tenth_experimental_ws/install/stanley_avoidance' for CMake module files
[1.884s] DEBUG:colcon.colcon_core.event_handler.log_command:Invoked command in '/home/bentoaz/f1tenth_experimental_ws/src/stanley_avoidance' returned '0': PYTHONPATH=/home/bentoaz/f1tenth_experimental_ws/build/stanley_avoidance/prefix_override:/usr/lib/python3/dist-packages/colcon_core/task/python/colcon_distutils_commands:/home/bentoaz/f1tenth_experimental_ws/install/stanley_avoidance/lib/python3.10/site-packages:${PYTHONPATH} /usr/bin/python3 -W ignore:setup.py install is deprecated -W ignore:easy_install command is deprecated setup.py egg_info --egg-base ../../build/stanley_avoidance build --build-base /home/bentoaz/f1tenth_experimental_ws/build/stanley_avoidance/build install --record /home/bentoaz/f1tenth_experimental_ws/build/stanley_avoidance/install.log --install-scripts $base/lib/stanley_avoidance --single-version-externally-managed install_data
[1.885s] Level 1:colcon.colcon_core.environment:checking '/home/bentoaz/f1tenth_experimental_ws/install/stanley_avoidance' for CMake config files
[1.885s] Level 1:colcon.colcon_core.environment:checking '/home/bentoaz/f1tenth_experimental_ws/install/stanley_avoidance/lib'
[1.885s] Level 1:colcon.colcon_core.environment:checking '/home/bentoaz/f1tenth_experimental_ws/install/stanley_avoidance/bin'
[1.885s] Level 1:colcon.colcon_core.environment:checking '/home/bentoaz/f1tenth_experimental_ws/install/stanley_avoidance/lib/pkgconfig/stanley_avoidance.pc'
[1.885s] Level 1:colcon.colcon_core.environment:checking '/home/bentoaz/f1tenth_experimental_ws/install/stanley_avoidance/lib/python3.10/site-packages'
[1.885s] Level 1:colcon.colcon_core.shell:create_environment_hook('stanley_avoidance', 'pythonpath')
[1.885s] INFO:colcon.colcon_core.shell:Creating environment hook '/home/bentoaz/f1tenth_experimental_ws/install/stanley_avoidance/share/stanley_avoidance/hook/pythonpath.ps1'
[1.886s] INFO:colcon.colcon_core.shell:Creating environment descriptor '/home/bentoaz/f1tenth_experimental_ws/install/stanley_avoidance/share/stanley_avoidance/hook/pythonpath.dsv'
[1.886s] INFO:colcon.colcon_core.shell:Creating environment hook '/home/bentoaz/f1tenth_experimental_ws/install/stanley_avoidance/share/stanley_avoidance/hook/pythonpath.sh'
[1.886s] Level 1:colcon.colcon_core.environment:checking '/home/bentoaz/f1tenth_experimental_ws/install/stanley_avoidance/bin'
[1.886s] Level 1:colcon.colcon_core.environment:create_environment_scripts_only(stanley_avoidance)
[1.886s] INFO:colcon.colcon_core.shell:Creating package script '/home/bentoaz/f1tenth_experimental_ws/install/stanley_avoidance/share/stanley_avoidance/package.ps1'
[1.887s] INFO:colcon.colcon_core.shell:Creating package descriptor '/home/bentoaz/f1tenth_experimental_ws/install/stanley_avoidance/share/stanley_avoidance/package.dsv'
[1.887s] INFO:colcon.colcon_core.shell:Creating package script '/home/bentoaz/f1tenth_experimental_ws/install/stanley_avoidance/share/stanley_avoidance/package.sh'
[1.887s] INFO:colcon.colcon_core.shell:Creating package script '/home/bentoaz/f1tenth_experimental_ws/install/stanley_avoidance/share/stanley_avoidance/package.bash'
[1.888s] INFO:colcon.colcon_core.shell:Creating package script '/home/bentoaz/f1tenth_experimental_ws/install/stanley_avoidance/share/stanley_avoidance/package.zsh'
[1.888s] Level 1:colcon.colcon_core.environment:create_file_with_runtime_dependencies(/home/bentoaz/f1tenth_experimental_ws/install/stanley_avoidance/share/colcon-core/packages/stanley_avoidance)
[4.163s] DEBUG:colcon.colcon_core.event_handler.log_command:Invoked command in '/home/bentoaz/f1tenth_experimental_ws/build/safety_node' returned '0': CMAKE_PREFIX_PATH=${CMAKE_PREFIX_PATH}:/home/bentoaz/f1tenth_gym_ros/install/f1tenth_gym_ros:/home/bentoaz/autoware/install/autoware_carla_interface:/home/bentoaz/autoware/install/ros2agnocast:/home/bentoaz/autoware/install/autoware_adapi_visualizers:/opt/ros/humble /usr/bin/cmake /home/bentoaz/f1tenth_experimental_ws/src/safety_node -DCMAKE_INSTALL_PREFIX=/home/bentoaz/f1tenth_experimental_ws/install/safety_node
[4.163s] DEBUG:colcon.colcon_core.event_handler.log_command:Invoking command in '/home/bentoaz/f1tenth_experimental_ws/build/safety_node': CMAKE_PREFIX_PATH=${CMAKE_PREFIX_PATH}:/home/bentoaz/f1tenth_gym_ros/install/f1tenth_gym_ros:/home/bentoaz/autoware/install/autoware_carla_interface:/home/bentoaz/autoware/install/ros2agnocast:/home/bentoaz/autoware/install/autoware_adapi_visualizers:/opt/ros/humble /usr/bin/cmake --build /home/bentoaz/f1tenth_experimental_ws/build/safety_node -- -j16 -l16
[4.324s] DEBUG:colcon.colcon_core.event_handler.log_command:Invoked command in '/home/bentoaz/f1tenth_experimental_ws/build/pure_pursuit' returned '0': CMAKE_PREFIX_PATH=${CMAKE_PREFIX_PATH}:/home/bentoaz/f1tenth_gym_ros/install/f1tenth_gym_ros:/home/bentoaz/autoware/install/autoware_carla_interface:/home/bentoaz/autoware/install/ros2agnocast:/home/bentoaz/autoware/install/autoware_adapi_visualizers:/opt/ros/humble /usr/bin/cmake /home/bentoaz/f1tenth_experimental_ws/src/pure_pursuit -DCMAKE_INSTALL_PREFIX=/home/bentoaz/f1tenth_experimental_ws/install/pure_pursuit
[4.325s] DEBUG:colcon.colcon_core.event_handler.log_command:Invoking command in '/home/bentoaz/f1tenth_experimental_ws/build/pure_pursuit': CMAKE_PREFIX_PATH=${CMAKE_PREFIX_PATH}:/home/bentoaz/f1tenth_gym_ros/install/f1tenth_gym_ros:/home/bentoaz/autoware/install/autoware_carla_interface:/home/bentoaz/autoware/install/ros2agnocast:/home/bentoaz/autoware/install/autoware_adapi_visualizers:/opt/ros/humble /usr/bin/cmake --build /home/bentoaz/f1tenth_experimental_ws/build/pure_pursuit -- -j16 -l16
[4.698s] DEBUG:colcon.colcon_core.event_handler.log_command:Invoked command in '/home/bentoaz/f1tenth_experimental_ws/build/scan_matching' returned '0': CMAKE_PREFIX_PATH=${CMAKE_PREFIX_PATH}:/home/bentoaz/f1tenth_gym_ros/install/f1tenth_gym_ros:/home/bentoaz/autoware/install/autoware_carla_interface:/home/bentoaz/autoware/install/ros2agnocast:/home/bentoaz/autoware/install/autoware_adapi_visualizers:/opt/ros/humble /usr/bin/cmake /home/bentoaz/f1tenth_experimental_ws/src/scan_matching -DCMAKE_INSTALL_PREFIX=/home/bentoaz/f1tenth_experimental_ws/install/scan_matching
[4.699s] DEBUG:colcon.colcon_core.event_handler.log_command:Invoking command in '/home/bentoaz/f1tenth_experimental_ws/build/scan_matching': CMAKE_PREFIX_PATH=${CMAKE_PREFIX_PATH}:/home/bentoaz/f1tenth_gym_ros/install/f1tenth_gym_ros:/home/bentoaz/autoware/install/autoware_carla_interface:/home/bentoaz/autoware/install/ros2agnocast:/home/bentoaz/autoware/install/autoware_adapi_visualizers:/opt/ros/humble /usr/bin/cmake --build /home/bentoaz/f1tenth_experimental_ws/build/scan_matching -- -j16 -l16
[4.771s] DEBUG:colcon.colcon_core.event_handler.log_command:Invoked command in '/home/bentoaz/f1tenth_experimental_ws/build/local_planner_msgs' returned '0': CMAKE_PREFIX_PATH=${CMAKE_PREFIX_PATH}:/home/bentoaz/f1tenth_gym_ros/install/f1tenth_gym_ros:/home/bentoaz/autoware/install/autoware_carla_interface:/home/bentoaz/autoware/install/ros2agnocast:/home/bentoaz/autoware/install/autoware_adapi_visualizers:/opt/ros/humble /usr/bin/cmake /home/bentoaz/f1tenth_experimental_ws/src/local_planner_msgs -DCMAKE_INSTALL_PREFIX=/home/bentoaz/f1tenth_experimental_ws/install/local_planner_msgs
[4.773s] DEBUG:colcon.colcon_core.event_handler.log_command:Invoking command in '/home/bentoaz/f1tenth_experimental_ws/build/local_planner_msgs': CMAKE_PREFIX_PATH=${CMAKE_PREFIX_PATH}:/home/bentoaz/f1tenth_gym_ros/install/f1tenth_gym_ros:/home/bentoaz/autoware/install/autoware_carla_interface:/home/bentoaz/autoware/install/ros2agnocast:/home/bentoaz/autoware/install/autoware_adapi_visualizers:/opt/ros/humble /usr/bin/cmake --build /home/bentoaz/f1tenth_experimental_ws/build/local_planner_msgs -- -j16 -l16
[4.811s] DEBUG:colcon.colcon_core.event_handler.log_command:Invoked command in '/home/bentoaz/f1tenth_experimental_ws/build/wall_follow' returned '0': CMAKE_PREFIX_PATH=${CMAKE_PREFIX_PATH}:/home/bentoaz/f1tenth_gym_ros/install/f1tenth_gym_ros:/home/bentoaz/autoware/install/autoware_carla_interface:/home/bentoaz/autoware/install/ros2agnocast:/home/bentoaz/autoware/install/autoware_adapi_visualizers:/opt/ros/humble /usr/bin/cmake /home/bentoaz/f1tenth_experimental_ws/src/wall_follow -DCMAKE_INSTALL_PREFIX=/home/bentoaz/f1tenth_experimental_ws/install/wall_follow
[4.812s] DEBUG:colcon.colcon_core.event_handler.log_command:Invoking command in '/home/bentoaz/f1tenth_experimental_ws/build/wall_follow': CMAKE_PREFIX_PATH=${CMAKE_PREFIX_PATH}:/home/bentoaz/f1tenth_gym_ros/install/f1tenth_gym_ros:/home/bentoaz/autoware/install/autoware_carla_interface:/home/bentoaz/autoware/install/ros2agnocast:/home/bentoaz/autoware/install/autoware_adapi_visualizers:/opt/ros/humble /usr/bin/cmake --build /home/bentoaz/f1tenth_experimental_ws/build/wall_follow -- -j16 -l16
[5.051s] DEBUG:colcon.colcon_core.event_handler.log_command:Invoked command in '/home/bentoaz/f1tenth_experimental_ws/build/gap_follow' returned '0': CMAKE_PREFIX_PATH=${CMAKE_PREFIX_PATH}:/home/bentoaz/f1tenth_gym_ros/install/f1tenth_gym_ros:/home/bentoaz/autoware/install/autoware_carla_interface:/home/bentoaz/autoware/install/ros2agnocast:/home/bentoaz/autoware/install/autoware_adapi_visualizers:/opt/ros/humble /usr/bin/cmake /home/bentoaz/f1tenth_experimental_ws/src/gap_follow -DCMAKE_INSTALL_PREFIX=/home/bentoaz/f1tenth_experimental_ws/install/gap_follow
[5.051s] DEBUG:colcon.colcon_core.event_handler.log_command:Invoking command in '/home/bentoaz/f1tenth_experimental_ws/build/gap_follow': CMAKE_PREFIX_PATH=${CMAKE_PREFIX_PATH}:/home/bentoaz/f1tenth_gym_ros/install/f1tenth_gym_ros:/home/bentoaz/autoware/install/autoware_carla_interface:/home/bentoaz/autoware/install/ros2agnocast:/home/bentoaz/autoware/install/autoware_adapi_visualizers:/opt/ros/humble /usr/bin/cmake --build /home/bentoaz/f1tenth_experimental_ws/build/gap_follow -- -j16 -l16
[5.390s] DEBUG:colcon.colcon_core.event_handler.log_command:Invoked command in '/home/bentoaz/f1tenth_experimental_ws/build/waypoint_generator' returned '0': CMAKE_PREFIX_PATH=${CMAKE_PREFIX_PATH}:/home/bentoaz/f1tenth_gym_ros/install/f1tenth_gym_ros:/home/bentoaz/autoware/install/autoware_carla_interface:/home/bentoaz/autoware/install/ros2agnocast:/home/bentoaz/autoware/install/autoware_adapi_visualizers:/opt/ros/humble /usr/bin/cmake /home/bentoaz/f1tenth_experimental_ws/src/waypoint_generator -DCMAKE_INSTALL_PREFIX=/home/bentoaz/f1tenth_experimental_ws/install/waypoint_generator
[5.391s] DEBUG:colcon.colcon_core.event_handler.log_command:Invoking command in '/home/bentoaz/f1tenth_experimental_ws/build/waypoint_generator': CMAKE_PREFIX_PATH=${CMAKE_PREFIX_PATH}:/home/bentoaz/f1tenth_gym_ros/install/f1tenth_gym_ros:/home/bentoaz/autoware/install/autoware_carla_interface:/home/bentoaz/autoware/install/ros2agnocast:/home/bentoaz/autoware/install/autoware_adapi_visualizers:/opt/ros/humble /usr/bin/cmake --build /home/bentoaz/f1tenth_experimental_ws/build/waypoint_generator -- -j16 -l16
[8.828s] DEBUG:colcon.colcon_core.event_handler.log_command:Invoked command in '/home/bentoaz/f1tenth_experimental_ws/build/local_planner_msgs' returned '0': CMAKE_PREFIX_PATH=${CMAKE_PREFIX_PATH}:/home/bentoaz/f1tenth_gym_ros/install/f1tenth_gym_ros:/home/bentoaz/autoware/install/autoware_carla_interface:/home/bentoaz/autoware/install/ros2agnocast:/home/bentoaz/autoware/install/autoware_adapi_visualizers:/opt/ros/humble /usr/bin/cmake --build /home/bentoaz/f1tenth_experimental_ws/build/local_planner_msgs -- -j16 -l16
[8.855s] DEBUG:colcon.colcon_core.event_handler.log_command:Invoking command in '/home/bentoaz/f1tenth_experimental_ws/build/local_planner_msgs': CMAKE_PREFIX_PATH=${CMAKE_PREFIX_PATH}:/home/bentoaz/f1tenth_gym_ros/install/f1tenth_gym_ros:/home/bentoaz/autoware/install/autoware_carla_interface:/home/bentoaz/autoware/install/ros2agnocast:/home/bentoaz/autoware/install/autoware_adapi_visualizers:/opt/ros/humble /usr/bin/cmake --install /home/bentoaz/f1tenth_experimental_ws/build/local_planner_msgs
[9.011s] Level 1:colcon.colcon_core.environment:create_environment_scripts_only(local_planner_msgs)
[9.011s] Level 1:colcon.colcon_core.environment:checking '/home/bentoaz/f1tenth_experimental_ws/install/local_planner_msgs' for CMake module files
[9.011s] DEBUG:colcon.colcon_core.event_handler.log_command:Invoked command in '/home/bentoaz/f1tenth_experimental_ws/build/local_planner_msgs' returned '0': CMAKE_PREFIX_PATH=${CMAKE_PREFIX_PATH}:/home/bentoaz/f1tenth_gym_ros/install/f1tenth_gym_ros:/home/bentoaz/autoware/install/autoware_carla_interface:/home/bentoaz/autoware/install/ros2agnocast:/home/bentoaz/autoware/install/autoware_adapi_visualizers:/opt/ros/humble /usr/bin/cmake --install /home/bentoaz/f1tenth_experimental_ws/build/local_planner_msgs
[9.012s] Level 1:colcon.colcon_core.environment:checking '/home/bentoaz/f1tenth_experimental_ws/install/local_planner_msgs' for CMake config files
[9.013s] Level 1:colcon.colcon_core.shell:create_environment_hook('local_planner_msgs', 'cmake_prefix_path')
[9.013s] INFO:colcon.colcon_core.shell:Creating environment hook '/home/bentoaz/f1tenth_experimental_ws/install/local_planner_msgs/share/local_planner_msgs/hook/cmake_prefix_path.ps1'
[9.014s] INFO:colcon.colcon_core.shell:Creating environment descriptor '/home/bentoaz/f1tenth_experimental_ws/install/local_planner_msgs/share/local_planner_msgs/hook/cmake_prefix_path.dsv'
[9.014s] INFO:colcon.colcon_core.shell:Creating environment hook '/home/bentoaz/f1tenth_experimental_ws/install/local_planner_msgs/share/local_planner_msgs/hook/cmake_prefix_path.sh'
[9.015s] Level 1:colcon.colcon_core.environment:checking '/home/bentoaz/f1tenth_experimental_ws/install/local_planner_msgs/lib'
[9.015s] Level 1:colcon.colcon_core.shell:create_environment_hook('local_planner_msgs', 'ld_library_path_lib')
[9.016s] INFO:colcon.colcon_core.shell:Creating environment hook '/home/bentoaz/f1tenth_experimental_ws/install/local_planner_msgs/share/local_planner_msgs/hook/ld_library_path_lib.ps1'
[9.016s] INFO:colcon.colcon_core.shell:Creating environment descriptor '/home/bentoaz/f1tenth_experimental_ws/install/local_planner_msgs/share/local_planner_msgs/hook/ld_library_path_lib.dsv'
[9.016s] INFO:colcon.colcon_core.shell:Creating environment hook '/home/bentoaz/f1tenth_experimental_ws/install/local_planner_msgs/share/local_planner_msgs/hook/ld_library_path_lib.sh'
[9.017s] Level 1:colcon.colcon_core.environment:checking '/home/bentoaz/f1tenth_experimental_ws/install/local_planner_msgs/bin'
[9.017s] Level 1:colcon.colcon_core.environment:checking '/home/bentoaz/f1tenth_experimental_ws/install/local_planner_msgs/lib/pkgconfig/local_planner_msgs.pc'
[9.017s] Level 1:colcon.colcon_core.environment:checking '/home/bentoaz/f1tenth_experimental_ws/install/local_planner_msgs/lib/python3.10/site-packages'
[9.017s] Level 1:colcon.colcon_core.environment:checking '/home/bentoaz/f1tenth_experimental_ws/install/local_planner_msgs/bin'
[9.018s] INFO:colcon.colcon_core.shell:Creating package script '/home/bentoaz/f1tenth_experimental_ws/install/local_planner_msgs/share/local_planner_msgs/package.ps1'
[9.018s] INFO:colcon.colcon_core.shell:Creating package descriptor '/home/bentoaz/f1tenth_experimental_ws/install/local_planner_msgs/share/local_planner_msgs/package.dsv'
[9.019s] INFO:colcon.colcon_core.shell:Creating package script '/home/bentoaz/f1tenth_experimental_ws/install/local_planner_msgs/share/local_planner_msgs/package.sh'
[9.019s] INFO:colcon.colcon_core.shell:Creating package script '/home/bentoaz/f1tenth_experimental_ws/install/local_planner_msgs/share/local_planner_msgs/package.bash'
[9.020s] INFO:colcon.colcon_core.shell:Creating package script '/home/bentoaz/f1tenth_experimental_ws/install/local_planner_msgs/share/local_planner_msgs/package.zsh'
[9.020s] Level 1:colcon.colcon_core.environment:create_file_with_runtime_dependencies(/home/bentoaz/f1tenth_experimental_ws/install/local_planner_msgs/share/colcon-core/packages/local_planner_msgs)
[9.021s] Level 1:colcon.colcon_core.environment:create_environment_scripts_only(local_planner_msgs)
[9.021s] Level 1:colcon.colcon_core.environment:checking '/home/bentoaz/f1tenth_experimental_ws/install/local_planner_msgs' for CMake module files
[9.022s] Level 1:colcon.colcon_core.environment:checking '/home/bentoaz/f1tenth_experimental_ws/install/local_planner_msgs' for CMake config files
[9.022s] Level 1:colcon.colcon_core.shell:create_environment_hook('local_planner_msgs', 'cmake_prefix_path')
[9.023s] INFO:colcon.colcon_core.shell:Creating environment hook '/home/bentoaz/f1tenth_experimental_ws/install/local_planner_msgs/share/local_planner_msgs/hook/cmake_prefix_path.ps1'
[9.023s] INFO:colcon.colcon_core.shell:Creating environment descriptor '/home/bentoaz/f1tenth_experimental_ws/install/local_planner_msgs/share/local_planner_msgs/hook/cmake_prefix_path.dsv'
[9.024s] INFO:colcon.colcon_core.shell:Creating environment hook '/home/bentoaz/f1tenth_experimental_ws/install/local_planner_msgs/share/local_planner_msgs/hook/cmake_prefix_path.sh'
[9.024s] Level 1:colcon.colcon_core.environment:checking '/home/bentoaz/f1tenth_experimental_ws/install/local_planner_msgs/lib'
[9.024s] Level 1:colcon.colcon_core.shell:create_environment_hook('local_planner_msgs', 'ld_library_path_lib')
[9.025s] INFO:colcon.colcon_core.shell:Creating environment hook '/home/bentoaz/f1tenth_experimental_ws/install/local_planner_msgs/share/local_planner_msgs/hook/ld_library_path_lib.ps1'
[9.025s] INFO:colcon.colcon_core.shell:Creating environment descriptor '/home/bentoaz/f1tenth_experimental_ws/install/local_planner_msgs/share/local_planner_msgs/hook/ld_library_path_lib.dsv'
[9.025s] INFO:colcon.colcon_core.shell:Creating environment hook '/home/bentoaz/f1tenth_experimental_ws/install/local_planner_msgs/share/local_planner_msgs/hook/ld_library_path_lib.sh'
[9.025s] Level 1:colcon.colcon_core.environment:checking '/home/bentoaz/f1tenth_experimental_ws/install/local_planner_msgs/bin'
[9.025s] Level 1:colcon.colcon_core.environment:checking '/home/bentoaz/f1tenth_experimental_ws/install/local_planner_msgs/lib/pkgconfig/local_planner_msgs.pc'
[9.026s] Level 1:colcon.colcon_core.environment:checking '/home/bentoaz/f1tenth_experimental_ws/install/local_planner_msgs/lib/python3.10/site-packages'
[9.026s] Level 1:colcon.colcon_core.environment:checking '/home/bentoaz/f1tenth_experimental_ws/install/local_planner_msgs/bin'
[9.026s] INFO:colcon.colcon_core.shell:Creating package script '/home/bentoaz/f1tenth_experimental_ws/install/local_planner_msgs/share/local_planner_msgs/package.ps1'
[9.026s] INFO:colcon.colcon_core.shell:Creating package descriptor '/home/bentoaz/f1tenth_experimental_ws/install/local_planner_msgs/share/local_planner_msgs/package.dsv'
[9.027s] INFO:colcon.colcon_core.shell:Creating package script '/home/bentoaz/f1tenth_experimental_ws/install/local_planner_msgs/share/local_planner_msgs/package.sh'
[9.027s] INFO:colcon.colcon_core.shell:Creating package script '/home/bentoaz/f1tenth_experimental_ws/install/local_planner_msgs/share/local_planner_msgs/package.bash'
[9.027s] INFO:colcon.colcon_core.shell:Creating package script '/home/bentoaz/f1tenth_experimental_ws/install/local_planner_msgs/share/local_planner_msgs/package.zsh'
[9.027s] Level 1:colcon.colcon_core.environment:create_file_with_runtime_dependencies(/home/bentoaz/f1tenth_experimental_ws/install/local_planner_msgs/share/colcon-core/packages/local_planner_msgs)
[9.028s] INFO:colcon.colcon_ros.task.ament_python.build:Building ROS package in '/home/bentoaz/f1tenth_experimental_ws/src/local_planner' with build type 'ament_python'
[9.028s] Level 1:colcon.colcon_core.shell:create_environment_hook('local_planner', 'ament_prefix_path')
[9.028s] INFO:colcon.colcon_core.shell:Creating environment hook '/home/bentoaz/f1tenth_experimental_ws/install/local_planner/share/local_planner/hook/ament_prefix_path.ps1'
[9.029s] INFO:colcon.colcon_core.shell:Creating environment descriptor '/home/bentoaz/f1tenth_experimental_ws/install/local_planner/share/local_planner/hook/ament_prefix_path.dsv'
[9.029s] INFO:colcon.colcon_core.shell:Creating environment hook '/home/bentoaz/f1tenth_experimental_ws/install/local_planner/share/local_planner/hook/ament_prefix_path.sh'
[9.030s] INFO:colcon.colcon_core.shell:Skip shell extension 'powershell' for command environment: Not usable outside of PowerShell
[9.030s] DEBUG:colcon.colcon_core.shell:Skip shell extension 'dsv' for command environment
[17.097s] DEBUG:colcon.colcon_parallel_executor.executor.parallel:closing loop
[17.097s] DEBUG:colcon.colcon_parallel_executor.executor.parallel:loop closed
[17.097s] DEBUG:colcon.colcon_parallel_executor.executor.parallel:run_until_complete finished with 'Command '['/usr/bin/python3', '-c', 'import sys;from contextlib import suppress;exec("with suppress(ImportError):    from setuptools.extern.packaging.specifiers    import SpecifierSet");exec("with suppress(ImportError):    from packaging.specifiers import SpecifierSet");from distutils.core import run_setup;dist = run_setup(    \'setup.py\', script_args=(\'--dry-run\',), stop_after=\'config\');skip_keys = (\'cmdclass\', \'distclass\', \'ext_modules\', \'metadata\');data = {    key: value for key, value in dist.__dict__.items()     if (        not key.startswith(\'_\') and         not callable(value) and         key not in skip_keys and         key not in dist.display_option_names    )};data[\'metadata\'] = {    k: v for k, v in dist.metadata.__dict__.items()     if k not in (\'license_files\', \'provides_extras\')};sys.stdout.buffer.write(repr(data).encode(\'utf-8\'))']' returned non-zero exit status 1.'
[17.097s] DEBUG:colcon.colcon_core.event_reactor:joining thread
[17.105s] INFO:colcon.colcon_core.plugin_system:Skipping extension 'colcon_notification.desktop_notification.terminal_notifier': Not used on non-Darwin systems
[17.105s] INFO:colcon.colcon_core.plugin_system:Skipping extension 'colcon_notification.desktop_notification.win32': Not used on non-Windows systems
[17.105s] INFO:colcon.colcon_notification.desktop_notification:Sending desktop notification using 'notify2'
[17.117s] DEBUG:colcon.colcon_core.event_reactor:joined thread
[17.117s] INFO:colcon.colcon_core.shell:Creating prefix script '/home/bentoaz/f1tenth_experimental_ws/install/local_setup.ps1'
[17.118s] INFO:colcon.colcon_core.shell:Creating prefix util module '/home/bentoaz/f1tenth_experimental_ws/install/_local_setup_util_ps1.py'
[17.118s] INFO:colcon.colcon_core.shell:Creating prefix chain script '/home/bentoaz/f1tenth_experimental_ws/install/setup.ps1'
[17.124s] INFO:colcon.colcon_core.shell:Creating prefix script '/home/bentoaz/f1tenth_experimental_ws/install/local_setup.sh'
[17.125s] INFO:colcon.colcon_core.shell:Creating prefix util module '/home/bentoaz/f1tenth_experimental_ws/install/_local_setup_util_sh.py'
[17.125s] INFO:colcon.colcon_core.shell:Creating prefix chain script '/home/bentoaz/f1tenth_experimental_ws/install/setup.sh'
[17.131s] INFO:colcon.colcon_core.shell:Creating prefix script '/home/bentoaz/f1tenth_experimental_ws/install/local_setup.bash'
[17.131s] INFO:colcon.colcon_core.shell:Creating prefix chain script '/home/bentoaz/f1tenth_experimental_ws/install/setup.bash'
[17.137s] INFO:colcon.colcon_core.shell:Creating prefix script '/home/bentoaz/f1tenth_experimental_ws/install/local_setup.zsh'
[17.137s] INFO:colcon.colcon_core.shell:Creating prefix chain script '/home/bentoaz/f1tenth_experimental_ws/install/setup.zsh'
