[35m[1mConsolidate compiler generated dependencies of target scanmatch_node[0m
[100%] Built target scanmatch_node
[100%] Built target ament_cmake_python_copy_scan_matching
[100%] Built target ament_cmake_python_copy_scan_matching_setup
running egg_info
writing scan_matching.egg-info/PKG-INFO
writing dependency_links to scan_matching.egg-info/dependency_links.txt
writing top-level names to scan_matching.egg-info/top_level.txt
reading manifest file 'scan_matching.egg-info/SOURCES.txt'
writing manifest file 'scan_matching.egg-info/SOURCES.txt'
[100%] Built target ament_cmake_python_build_scan_matching_egg
-- Install configuration: ""
-- Installing: /home/bentoaz/f1tenth_experimental_ws/install/scan_matching/lib/scan_matching/scanmatch_node
-- Set runtime path of "/home/bentoaz/f1tenth_experimental_ws/install/scan_matching/lib/scan_matching/scanmatch_node" to ""
-- Installing: /home/bentoaz/f1tenth_experimental_ws/install/scan_matching/share/scan_matching/environment/pythonpath.sh
-- Installing: /home/bentoaz/f1tenth_experimental_ws/install/scan_matching/share/scan_matching/environment/pythonpath.dsv
-- Installing: /home/bentoaz/f1tenth_experimental_ws/install/scan_matching/local/lib/python3.10/dist-packages/scan_matching-0.0.0-py3.10.egg-info
-- Installing: /home/bentoaz/f1tenth_experimental_ws/install/scan_matching/local/lib/python3.10/dist-packages/scan_matching-0.0.0-py3.10.egg-info/SOURCES.txt
-- Installing: /home/bentoaz/f1tenth_experimental_ws/install/scan_matching/local/lib/python3.10/dist-packages/scan_matching-0.0.0-py3.10.egg-info/dependency_links.txt
-- Installing: /home/bentoaz/f1tenth_experimental_ws/install/scan_matching/local/lib/python3.10/dist-packages/scan_matching-0.0.0-py3.10.egg-info/top_level.txt
-- Installing: /home/bentoaz/f1tenth_experimental_ws/install/scan_matching/local/lib/python3.10/dist-packages/scan_matching-0.0.0-py3.10.egg-info/PKG-INFO
-- Installing: /home/bentoaz/f1tenth_experimental_ws/install/scan_matching/local/lib/python3.10/dist-packages/scan_matching
-- Installing: /home/bentoaz/f1tenth_experimental_ws/install/scan_matching/local/lib/python3.10/dist-packages/scan_matching/__init__.py
Listing '/home/bentoaz/f1tenth_experimental_ws/install/scan_matching/local/lib/python3.10/dist-packages/scan_matching'...
Compiling '/home/bentoaz/f1tenth_experimental_ws/install/scan_matching/local/lib/python3.10/dist-packages/scan_matching/__init__.py'...
-- Installing: /home/bentoaz/f1tenth_experimental_ws/install/scan_matching/share/ament_index/resource_index/package_run_dependencies/scan_matching
-- Installing: /home/bentoaz/f1tenth_experimental_ws/install/scan_matching/share/ament_index/resource_index/parent_prefix_path/scan_matching
-- Installing: /home/bentoaz/f1tenth_experimental_ws/install/scan_matching/share/scan_matching/environment/ament_prefix_path.sh
-- Installing: /home/bentoaz/f1tenth_experimental_ws/install/scan_matching/share/scan_matching/environment/ament_prefix_path.dsv
-- Installing: /home/bentoaz/f1tenth_experimental_ws/install/scan_matching/share/scan_matching/environment/path.sh
-- Installing: /home/bentoaz/f1tenth_experimental_ws/install/scan_matching/share/scan_matching/environment/path.dsv
-- Installing: /home/bentoaz/f1tenth_experimental_ws/install/scan_matching/share/scan_matching/local_setup.bash
-- Installing: /home/bentoaz/f1tenth_experimental_ws/install/scan_matching/share/scan_matching/local_setup.sh
-- Installing: /home/bentoaz/f1tenth_experimental_ws/install/scan_matching/share/scan_matching/local_setup.zsh
-- Installing: /home/bentoaz/f1tenth_experimental_ws/install/scan_matching/share/scan_matching/local_setup.dsv
-- Installing: /home/bentoaz/f1tenth_experimental_ws/install/scan_matching/share/scan_matching/package.dsv
-- Installing: /home/bentoaz/f1tenth_experimental_ws/install/scan_matching/share/ament_index/resource_index/packages/scan_matching
-- Installing: /home/bentoaz/f1tenth_experimental_ws/install/scan_matching/share/scan_matching/cmake/scan_matchingConfig.cmake
-- Installing: /home/bentoaz/f1tenth_experimental_ws/install/scan_matching/share/scan_matching/cmake/scan_matchingConfig-version.cmake
-- Installing: /home/bentoaz/f1tenth_experimental_ws/install/scan_matching/share/scan_matching/package.xml
