[0.698s] Invoking command in '/home/bentoaz/f1tenth_experimental_ws/build/waypoint_generator': CMAKE_PREFIX_PATH=${CMAKE_PREFIX_PATH}:/home/bentoaz/f1tenth_experimental_ws/install/stanley_avoidance:/home/bentoaz/f1tenth_experimental_ws/install/particle_filter:/home/bentoaz/f1tenth_experimental_ws/install/local_planner:/home/bentoaz/f1tenth_gym_ros/install/f1tenth_gym_ros:/home/bentoaz/autoware/install/autoware_carla_interface:/home/bentoaz/autoware/install/ros2agnocast:/home/bentoaz/autoware/install/autoware_adapi_visualizers:/opt/ros/humble /usr/bin/cmake --build /home/bentoaz/f1tenth_experimental_ws/build/waypoint_generator -- -j16 -l16
[0.911s] [100%] Built target waypoint_generator
[1.134s] Invoked command in '/home/bentoaz/f1tenth_experimental_ws/build/waypoint_generator' returned '0': CMAKE_PREFIX_PATH=${CMAKE_PREFIX_PATH}:/home/bentoaz/f1tenth_experimental_ws/install/stanley_avoidance:/home/bentoaz/f1tenth_experimental_ws/install/particle_filter:/home/bentoaz/f1tenth_experimental_ws/install/local_planner:/home/bentoaz/f1tenth_gym_ros/install/f1tenth_gym_ros:/home/bentoaz/autoware/install/autoware_carla_interface:/home/bentoaz/autoware/install/ros2agnocast:/home/bentoaz/autoware/install/autoware_adapi_visualizers:/opt/ros/humble /usr/bin/cmake --build /home/bentoaz/f1tenth_experimental_ws/build/waypoint_generator -- -j16 -l16
[1.136s] Invoking command in '/home/bentoaz/f1tenth_experimental_ws/build/waypoint_generator': CMAKE_PREFIX_PATH=${CMAKE_PREFIX_PATH}:/home/bentoaz/f1tenth_experimental_ws/install/stanley_avoidance:/home/bentoaz/f1tenth_experimental_ws/install/particle_filter:/home/bentoaz/f1tenth_experimental_ws/install/local_planner:/home/bentoaz/f1tenth_gym_ros/install/f1tenth_gym_ros:/home/bentoaz/autoware/install/autoware_carla_interface:/home/bentoaz/autoware/install/ros2agnocast:/home/bentoaz/autoware/install/autoware_adapi_visualizers:/opt/ros/humble /usr/bin/cmake --install /home/bentoaz/f1tenth_experimental_ws/build/waypoint_generator
[1.168s] -- Install configuration: ""
[1.168s] -- Execute custom install script
[1.169s] -- Up-to-date symlink: /home/bentoaz/f1tenth_experimental_ws/install/waypoint_generator/lib/waypoint_generator/waypoint_generator
[1.169s] -- Up-to-date symlink: /home/bentoaz/f1tenth_experimental_ws/install/waypoint_generator/share/ament_index/resource_index/package_run_dependencies/waypoint_generator
[1.169s] -- Up-to-date symlink: /home/bentoaz/f1tenth_experimental_ws/install/waypoint_generator/share/ament_index/resource_index/parent_prefix_path/waypoint_generator
[1.169s] -- Up-to-date symlink: /home/bentoaz/f1tenth_experimental_ws/install/waypoint_generator/share/waypoint_generator/environment/ament_prefix_path.sh
[1.169s] -- Up-to-date symlink: /home/bentoaz/f1tenth_experimental_ws/install/waypoint_generator/share/waypoint_generator/environment/ament_prefix_path.dsv
[1.170s] -- Up-to-date symlink: /home/bentoaz/f1tenth_experimental_ws/install/waypoint_generator/share/waypoint_generator/environment/path.sh
[1.170s] -- Up-to-date symlink: /home/bentoaz/f1tenth_experimental_ws/install/waypoint_generator/share/waypoint_generator/environment/path.dsv
[1.170s] -- Up-to-date symlink: /home/bentoaz/f1tenth_experimental_ws/install/waypoint_generator/share/waypoint_generator/local_setup.bash
[1.170s] -- Up-to-date symlink: /home/bentoaz/f1tenth_experimental_ws/install/waypoint_generator/share/waypoint_generator/local_setup.sh
[1.170s] -- Up-to-date symlink: /home/bentoaz/f1tenth_experimental_ws/install/waypoint_generator/share/waypoint_generator/local_setup.zsh
[1.170s] -- Up-to-date symlink: /home/bentoaz/f1tenth_experimental_ws/install/waypoint_generator/share/waypoint_generator/local_setup.dsv
[1.170s] -- Symlinking: /home/bentoaz/f1tenth_experimental_ws/install/waypoint_generator/share/waypoint_generator/package.dsv
[1.206s] -- Up-to-date symlink: /home/bentoaz/f1tenth_experimental_ws/install/waypoint_generator/share/ament_index/resource_index/packages/waypoint_generator
[1.206s] -- Up-to-date symlink: /home/bentoaz/f1tenth_experimental_ws/install/waypoint_generator/share/waypoint_generator/cmake/waypoint_generatorConfig.cmake
[1.207s] -- Up-to-date symlink: /home/bentoaz/f1tenth_experimental_ws/install/waypoint_generator/share/waypoint_generator/cmake/waypoint_generatorConfig-version.cmake
[1.207s] -- Up-to-date symlink: /home/bentoaz/f1tenth_experimental_ws/install/waypoint_generator/share/waypoint_generator/package.xml
[1.209s] Invoked command in '/home/bentoaz/f1tenth_experimental_ws/build/waypoint_generator' returned '0': CMAKE_PREFIX_PATH=${CMAKE_PREFIX_PATH}:/home/bentoaz/f1tenth_experimental_ws/install/stanley_avoidance:/home/bentoaz/f1tenth_experimental_ws/install/particle_filter:/home/bentoaz/f1tenth_experimental_ws/install/local_planner:/home/bentoaz/f1tenth_gym_ros/install/f1tenth_gym_ros:/home/bentoaz/autoware/install/autoware_carla_interface:/home/bentoaz/autoware/install/ros2agnocast:/home/bentoaz/autoware/install/autoware_adapi_visualizers:/opt/ros/humble /usr/bin/cmake --install /home/bentoaz/f1tenth_experimental_ws/build/waypoint_generator
