[0.160s] DEBUG:colcon:Command line arguments: ['/usr/bin/colcon', 'build']
[0.160s] DEBUG:colcon:Parsed command line arguments: Namespace(log_base=None, log_level=None, verb_name='build', build_base='build', install_base='install', merge_install=False, symlink_install=False, test_result_base=None, continue_on_error=False, executor='parallel', parallel_workers=16, event_handlers=None, ignore_user_meta=False, metas=['./colcon.meta'], base_paths=['.'], packages_ignore=None, packages_ignore_regex=None, paths=None, packages_up_to=None, packages_up_to_regex=None, packages_above=None, packages_above_and_dependencies=None, packages_above_depth=None, packages_select_by_dep=None, packages_skip_by_dep=None, packages_skip_up_to=None, packages_select_build_failed=False, packages_skip_build_finished=False, packages_select_test_failures=False, packages_skip_test_passed=False, packages_select=None, packages_skip=None, packages_select_regex=None, packages_skip_regex=None, packages_start=None, packages_end=None, allow_overriding=[], cmake_args=None, cmake_target=None, cmake_target_skip_unavailable=False, cmake_clean_cache=False, cmake_clean_first=False, cmake_force_configure=False, ament_cmake_args=None, catkin_cmake_args=None, catkin_skip_building_tests=False, mixin_files=None, mixin=None, verb_parser=<colcon_mixin.mixin.mixin_argument.MixinArgumentDecorator object at 0x77e8b3cfce50>, verb_extension=<colcon_core.verb.build.BuildVerb object at 0x77e8b3cfc9a0>, main=<bound method BuildVerb.main of <colcon_core.verb.build.BuildVerb object at 0x77e8b3cfc9a0>>, mixin_verb=('build',))
[0.390s] Level 1:colcon.colcon_core.package_discovery:discover_packages(colcon_meta) check parameters
[0.391s] Level 1:colcon.colcon_core.package_discovery:discover_packages(recursive) check parameters
[0.391s] Level 1:colcon.colcon_core.package_discovery:discover_packages(ignore) check parameters
[0.391s] Level 1:colcon.colcon_core.package_discovery:discover_packages(path) check parameters
[0.391s] Level 1:colcon.colcon_core.package_discovery:discover_packages(colcon_meta) discover
[0.391s] Level 1:colcon.colcon_core.package_discovery:discover_packages(recursive) discover
[0.391s] INFO:colcon.colcon_core.package_discovery:Crawling recursively for packages in '/home/bentoaz/NSF_IRES_2025_Codebase/control'
[0.391s] Level 1:colcon.colcon_core.package_identification:_identify(.) by extensions ['ignore', 'ignore_ament_install']
[0.391s] Level 1:colcon.colcon_core.package_identification:_identify(.) by extension 'ignore'
[0.391s] Level 1:colcon.colcon_core.package_identification:_identify(.) by extension 'ignore_ament_install'
[0.391s] Level 1:colcon.colcon_core.package_identification:_identify(.) by extensions ['colcon_pkg']
[0.391s] Level 1:colcon.colcon_core.package_identification:_identify(.) by extension 'colcon_pkg'
[0.391s] Level 1:colcon.colcon_core.package_identification:_identify(.) by extensions ['colcon_meta']
[0.391s] Level 1:colcon.colcon_core.package_identification:_identify(.) by extension 'colcon_meta'
[0.391s] Level 1:colcon.colcon_core.package_identification:_identify(.) by extensions ['ros']
[0.391s] Level 1:colcon.colcon_core.package_identification:_identify(.) by extension 'ros'
[0.415s] Level 1:colcon.colcon_core.package_identification:_identify(.) by extensions ['cmake', 'python']
[0.415s] Level 1:colcon.colcon_core.package_identification:_identify(.) by extension 'cmake'
[0.415s] Level 1:colcon.colcon_core.package_identification:_identify(.) by extension 'python'
[0.415s] Level 1:colcon.colcon_core.package_identification:_identify(.) by extensions ['python_setup_py']
[0.415s] Level 1:colcon.colcon_core.package_identification:_identify(.) by extension 'python_setup_py'
[0.415s] Level 1:colcon.colcon_core.package_identification:_identify(build) by extensions ['ignore', 'ignore_ament_install']
[0.415s] Level 1:colcon.colcon_core.package_identification:_identify(build) by extension 'ignore'
[0.415s] Level 1:colcon.colcon_core.package_identification:_identify(build) ignored
[0.415s] Level 1:colcon.colcon_core.package_identification:_identify(install) by extensions ['ignore', 'ignore_ament_install']
[0.415s] Level 1:colcon.colcon_core.package_identification:_identify(install) by extension 'ignore'
[0.415s] Level 1:colcon.colcon_core.package_identification:_identify(install) ignored
[0.415s] Level 1:colcon.colcon_core.package_identification:_identify(log) by extensions ['ignore', 'ignore_ament_install']
[0.416s] Level 1:colcon.colcon_core.package_identification:_identify(log) by extension 'ignore'
[0.416s] Level 1:colcon.colcon_core.package_identification:_identify(log) ignored
[0.416s] Level 1:colcon.colcon_core.package_identification:_identify(src) by extensions ['ignore', 'ignore_ament_install']
[0.416s] Level 1:colcon.colcon_core.package_identification:_identify(src) by extension 'ignore'
[0.416s] Level 1:colcon.colcon_core.package_identification:_identify(src) by extension 'ignore_ament_install'
[0.416s] Level 1:colcon.colcon_core.package_identification:_identify(src) by extensions ['colcon_pkg']
[0.416s] Level 1:colcon.colcon_core.package_identification:_identify(src) by extension 'colcon_pkg'
[0.416s] Level 1:colcon.colcon_core.package_identification:_identify(src) by extensions ['colcon_meta']
[0.416s] Level 1:colcon.colcon_core.package_identification:_identify(src) by extension 'colcon_meta'
[0.416s] Level 1:colcon.colcon_core.package_identification:_identify(src) by extensions ['ros']
[0.416s] Level 1:colcon.colcon_core.package_identification:_identify(src) by extension 'ros'
[0.416s] Level 1:colcon.colcon_core.package_identification:_identify(src) by extensions ['cmake', 'python']
[0.416s] Level 1:colcon.colcon_core.package_identification:_identify(src) by extension 'cmake'
[0.416s] Level 1:colcon.colcon_core.package_identification:_identify(src) by extension 'python'
[0.416s] Level 1:colcon.colcon_core.package_identification:_identify(src) by extensions ['python_setup_py']
[0.416s] Level 1:colcon.colcon_core.package_identification:_identify(src) by extension 'python_setup_py'
[0.417s] Level 1:colcon.colcon_core.package_identification:_identify(src/traj_planning) by extensions ['ignore', 'ignore_ament_install']
[0.417s] Level 1:colcon.colcon_core.package_identification:_identify(src/traj_planning) by extension 'ignore'
[0.417s] Level 1:colcon.colcon_core.package_identification:_identify(src/traj_planning) by extension 'ignore_ament_install'
[0.417s] Level 1:colcon.colcon_core.package_identification:_identify(src/traj_planning) by extensions ['colcon_pkg']
[0.417s] Level 1:colcon.colcon_core.package_identification:_identify(src/traj_planning) by extension 'colcon_pkg'
[0.417s] Level 1:colcon.colcon_core.package_identification:_identify(src/traj_planning) by extensions ['colcon_meta']
[0.417s] Level 1:colcon.colcon_core.package_identification:_identify(src/traj_planning) by extension 'colcon_meta'
[0.417s] Level 1:colcon.colcon_core.package_identification:_identify(src/traj_planning) by extensions ['ros']
[0.417s] Level 1:colcon.colcon_core.package_identification:_identify(src/traj_planning) by extension 'ros'
[0.421s] DEBUG:colcon.colcon_core.package_identification:Package 'src/traj_planning' with type 'ros.ament_python' and name 'traj_planning'
[0.421s] Level 1:colcon.colcon_core.package_identification:_identify(src/traj_planning_msg) by extensions ['ignore', 'ignore_ament_install']
[0.421s] Level 1:colcon.colcon_core.package_identification:_identify(src/traj_planning_msg) by extension 'ignore'
[0.421s] Level 1:colcon.colcon_core.package_identification:_identify(src/traj_planning_msg) by extension 'ignore_ament_install'
[0.421s] Level 1:colcon.colcon_core.package_identification:_identify(src/traj_planning_msg) by extensions ['colcon_pkg']
[0.421s] Level 1:colcon.colcon_core.package_identification:_identify(src/traj_planning_msg) by extension 'colcon_pkg'
[0.421s] Level 1:colcon.colcon_core.package_identification:_identify(src/traj_planning_msg) by extensions ['colcon_meta']
[0.422s] Level 1:colcon.colcon_core.package_identification:_identify(src/traj_planning_msg) by extension 'colcon_meta'
[0.422s] Level 1:colcon.colcon_core.package_identification:_identify(src/traj_planning_msg) by extensions ['ros']
[0.422s] Level 1:colcon.colcon_core.package_identification:_identify(src/traj_planning_msg) by extension 'ros'
[0.423s] DEBUG:colcon.colcon_core.package_identification:Package 'src/traj_planning_msg' with type 'ros.ament_cmake' and name 'traj_planning_msg'
[0.423s] Level 1:colcon.colcon_core.package_discovery:discover_packages(recursive) using defaults
[0.423s] Level 1:colcon.colcon_core.package_discovery:discover_packages(ignore) discover
[0.423s] Level 1:colcon.colcon_core.package_discovery:discover_packages(ignore) using defaults
[0.423s] Level 1:colcon.colcon_core.package_discovery:discover_packages(path) discover
[0.423s] Level 1:colcon.colcon_core.package_discovery:discover_packages(path) using defaults
[0.463s] Level 1:colcon.colcon_core.package_discovery:discover_packages(prefix_path) check parameters
[0.463s] Level 1:colcon.colcon_core.package_discovery:discover_packages(prefix_path) discover
[0.537s] DEBUG:colcon.colcon_installed_package_information.package_discovery:Found 20 installed packages in /home/bentoaz/CARLA_PROJECT/ros2_bridge_ws/ros-bridge/install
[0.538s] DEBUG:colcon.colcon_installed_package_information.package_discovery:Found 2 installed packages in /home/bentoaz/NSF_IRES_2025_Codebase/control/install
[0.545s] DEBUG:colcon.colcon_installed_package_information.package_discovery:Found 403 installed packages in /home/bentoaz/autoware/install
[0.547s] DEBUG:colcon.colcon_installed_package_information.package_discovery:Found 1 installed packages in /home/bentoaz/CARLA_PROJECT/carla_ros2_ws/install
[0.549s] DEBUG:colcon.colcon_installed_package_information.package_discovery:Found 359 installed packages in /opt/ros/humble
[0.550s] Level 1:colcon.colcon_core.package_discovery:discover_packages(prefix_path) using defaults
[1.181s] Level 5:colcon.colcon_core.verb:set package 'traj_planning_msg' build argument 'cmake_args' from command line to 'None'
[1.181s] Level 5:colcon.colcon_core.verb:set package 'traj_planning_msg' build argument 'cmake_target' from command line to 'None'
[1.181s] Level 5:colcon.colcon_core.verb:set package 'traj_planning_msg' build argument 'cmake_target_skip_unavailable' from command line to 'False'
[1.181s] Level 5:colcon.colcon_core.verb:set package 'traj_planning_msg' build argument 'cmake_clean_cache' from command line to 'False'
[1.181s] Level 5:colcon.colcon_core.verb:set package 'traj_planning_msg' build argument 'cmake_clean_first' from command line to 'False'
[1.181s] Level 5:colcon.colcon_core.verb:set package 'traj_planning_msg' build argument 'cmake_force_configure' from command line to 'False'
[1.181s] Level 5:colcon.colcon_core.verb:set package 'traj_planning_msg' build argument 'ament_cmake_args' from command line to 'None'
[1.181s] Level 5:colcon.colcon_core.verb:set package 'traj_planning_msg' build argument 'catkin_cmake_args' from command line to 'None'
[1.181s] Level 5:colcon.colcon_core.verb:set package 'traj_planning_msg' build argument 'catkin_skip_building_tests' from command line to 'False'
[1.181s] DEBUG:colcon.colcon_core.verb:Building package 'traj_planning_msg' with the following arguments: {'ament_cmake_args': None, 'build_base': '/home/bentoaz/NSF_IRES_2025_Codebase/control/build/traj_planning_msg', 'catkin_cmake_args': None, 'catkin_skip_building_tests': False, 'cmake_args': None, 'cmake_clean_cache': False, 'cmake_clean_first': False, 'cmake_force_configure': False, 'cmake_target': None, 'cmake_target_skip_unavailable': False, 'install_base': '/home/bentoaz/NSF_IRES_2025_Codebase/control/install/traj_planning_msg', 'merge_install': False, 'path': '/home/bentoaz/NSF_IRES_2025_Codebase/control/src/traj_planning_msg', 'symlink_install': False, 'test_result_base': None}
[1.181s] Level 5:colcon.colcon_core.verb:set package 'traj_planning' build argument 'cmake_args' from command line to 'None'
[1.181s] Level 5:colcon.colcon_core.verb:set package 'traj_planning' build argument 'cmake_target' from command line to 'None'
[1.181s] Level 5:colcon.colcon_core.verb:set package 'traj_planning' build argument 'cmake_target_skip_unavailable' from command line to 'False'
[1.181s] Level 5:colcon.colcon_core.verb:set package 'traj_planning' build argument 'cmake_clean_cache' from command line to 'False'
[1.182s] Level 5:colcon.colcon_core.verb:set package 'traj_planning' build argument 'cmake_clean_first' from command line to 'False'
[1.182s] Level 5:colcon.colcon_core.verb:set package 'traj_planning' build argument 'cmake_force_configure' from command line to 'False'
[1.182s] Level 5:colcon.colcon_core.verb:set package 'traj_planning' build argument 'ament_cmake_args' from command line to 'None'
[1.182s] Level 5:colcon.colcon_core.verb:set package 'traj_planning' build argument 'catkin_cmake_args' from command line to 'None'
[1.182s] Level 5:colcon.colcon_core.verb:set package 'traj_planning' build argument 'catkin_skip_building_tests' from command line to 'False'
[1.182s] DEBUG:colcon.colcon_core.verb:Building package 'traj_planning' with the following arguments: {'ament_cmake_args': None, 'build_base': '/home/bentoaz/NSF_IRES_2025_Codebase/control/build/traj_planning', 'catkin_cmake_args': None, 'catkin_skip_building_tests': False, 'cmake_args': None, 'cmake_clean_cache': False, 'cmake_clean_first': False, 'cmake_force_configure': False, 'cmake_target': None, 'cmake_target_skip_unavailable': False, 'install_base': '/home/bentoaz/NSF_IRES_2025_Codebase/control/install/traj_planning', 'merge_install': False, 'path': '/home/bentoaz/NSF_IRES_2025_Codebase/control/src/traj_planning', 'symlink_install': False, 'test_result_base': None}
[1.182s] INFO:colcon.colcon_core.executor:Executing jobs using 'parallel' executor
[1.183s] DEBUG:colcon.colcon_parallel_executor.executor.parallel:run_until_complete
[1.183s] INFO:colcon.colcon_ros.task.ament_cmake.build:Building ROS package in '/home/bentoaz/NSF_IRES_2025_Codebase/control/src/traj_planning_msg' with build type 'ament_cmake'
[1.183s] INFO:colcon.colcon_cmake.task.cmake.build:Building CMake package in '/home/bentoaz/NSF_IRES_2025_Codebase/control/src/traj_planning_msg'
[1.193s] INFO:colcon.colcon_core.plugin_system:Skipping extension 'colcon_core.shell.bat': Not used on non-Windows systems
[1.193s] INFO:colcon.colcon_core.shell:Skip shell extension 'powershell' for command environment: Not usable outside of PowerShell
[1.193s] DEBUG:colcon.colcon_core.shell:Skip shell extension 'dsv' for command environment
[1.233s] DEBUG:colcon.colcon_core.event_handler.log_command:Invoking command in '/home/bentoaz/NSF_IRES_2025_Codebase/control/build/traj_planning_msg': CMAKE_PREFIX_PATH=${CMAKE_PREFIX_PATH}:/home/bentoaz/NSF_IRES_2025_Codebase/control/install/traj_planning:/home/bentoaz/CARLA_PROJECT/carla_ros2_ws/install/navigation:/home/bentoaz/CARLA_PROJECT/ros2_bridge_ws/ros-bridge/install/rqt_carla_control:/home/bentoaz/CARLA_PROJECT/ros2_bridge_ws/ros-bridge/install/carla_waypoint_publisher:/home/bentoaz/CARLA_PROJECT/ros2_bridge_ws/ros-bridge/install/carla_ackermann_control:/home/bentoaz/CARLA_PROJECT/ros2_bridge_ws/ros-bridge/install/carla_ros_bridge:/home/bentoaz/CARLA_PROJECT/ros2_bridge_ws/ros-bridge/install/carla_spawn_objects:/home/bentoaz/CARLA_PROJECT/ros2_bridge_ws/ros-bridge/install/carla_manual_control:/home/bentoaz/CARLA_PROJECT/ros2_bridge_ws/ros-bridge/install/carla_ad_agent:/home/bentoaz/CARLA_PROJECT/ros2_bridge_ws/ros-bridge/install/ros_compatibility:/home/bentoaz/CARLA_PROJECT/ros2_bridge_ws/ros-bridge/install/navigation:/home/bentoaz/CARLA_PROJECT/ros2_bridge_ws/ros-bridge/install/carla_walker_agent:/home/bentoaz/CARLA_PROJECT/ros2_bridge_ws/ros-bridge/install/carla_twist_to_control:/home/bentoaz/CARLA_PROJECT/ros2_bridge_ws/ros-bridge/install/carla_ros_scenario_runner:/home/bentoaz/CARLA_PROJECT/ros2_bridge_ws/ros-bridge/install/carla_common:/home/bentoaz/autoware/install/autoware_carla_interface:/home/bentoaz/autoware/install/ros2agnocast:/home/bentoaz/autoware/install/autoware_adapi_visualizers:/opt/ros/humble /usr/bin/cmake /home/bentoaz/NSF_IRES_2025_Codebase/control/src/traj_planning_msg -DCMAKE_INSTALL_PREFIX=/home/bentoaz/NSF_IRES_2025_Codebase/control/install/traj_planning_msg
[4.601s] DEBUG:colcon.colcon_core.event_handler.log_command:Invoked command in '/home/bentoaz/NSF_IRES_2025_Codebase/control/build/traj_planning_msg' returned '0': CMAKE_PREFIX_PATH=${CMAKE_PREFIX_PATH}:/home/bentoaz/NSF_IRES_2025_Codebase/control/install/traj_planning:/home/bentoaz/CARLA_PROJECT/carla_ros2_ws/install/navigation:/home/bentoaz/CARLA_PROJECT/ros2_bridge_ws/ros-bridge/install/rqt_carla_control:/home/bentoaz/CARLA_PROJECT/ros2_bridge_ws/ros-bridge/install/carla_waypoint_publisher:/home/bentoaz/CARLA_PROJECT/ros2_bridge_ws/ros-bridge/install/carla_ackermann_control:/home/bentoaz/CARLA_PROJECT/ros2_bridge_ws/ros-bridge/install/carla_ros_bridge:/home/bentoaz/CARLA_PROJECT/ros2_bridge_ws/ros-bridge/install/carla_spawn_objects:/home/bentoaz/CARLA_PROJECT/ros2_bridge_ws/ros-bridge/install/carla_manual_control:/home/bentoaz/CARLA_PROJECT/ros2_bridge_ws/ros-bridge/install/carla_ad_agent:/home/bentoaz/CARLA_PROJECT/ros2_bridge_ws/ros-bridge/install/ros_compatibility:/home/bentoaz/CARLA_PROJECT/ros2_bridge_ws/ros-bridge/install/navigation:/home/bentoaz/CARLA_PROJECT/ros2_bridge_ws/ros-bridge/install/carla_walker_agent:/home/bentoaz/CARLA_PROJECT/ros2_bridge_ws/ros-bridge/install/carla_twist_to_control:/home/bentoaz/CARLA_PROJECT/ros2_bridge_ws/ros-bridge/install/carla_ros_scenario_runner:/home/bentoaz/CARLA_PROJECT/ros2_bridge_ws/ros-bridge/install/carla_common:/home/bentoaz/autoware/install/autoware_carla_interface:/home/bentoaz/autoware/install/ros2agnocast:/home/bentoaz/autoware/install/autoware_adapi_visualizers:/opt/ros/humble /usr/bin/cmake /home/bentoaz/NSF_IRES_2025_Codebase/control/src/traj_planning_msg -DCMAKE_INSTALL_PREFIX=/home/bentoaz/NSF_IRES_2025_Codebase/control/install/traj_planning_msg
[4.603s] DEBUG:colcon.colcon_core.event_handler.log_command:Invoking command in '/home/bentoaz/NSF_IRES_2025_Codebase/control/build/traj_planning_msg': CMAKE_PREFIX_PATH=${CMAKE_PREFIX_PATH}:/home/bentoaz/NSF_IRES_2025_Codebase/control/install/traj_planning:/home/bentoaz/CARLA_PROJECT/carla_ros2_ws/install/navigation:/home/bentoaz/CARLA_PROJECT/ros2_bridge_ws/ros-bridge/install/rqt_carla_control:/home/bentoaz/CARLA_PROJECT/ros2_bridge_ws/ros-bridge/install/carla_waypoint_publisher:/home/bentoaz/CARLA_PROJECT/ros2_bridge_ws/ros-bridge/install/carla_ackermann_control:/home/bentoaz/CARLA_PROJECT/ros2_bridge_ws/ros-bridge/install/carla_ros_bridge:/home/bentoaz/CARLA_PROJECT/ros2_bridge_ws/ros-bridge/install/carla_spawn_objects:/home/bentoaz/CARLA_PROJECT/ros2_bridge_ws/ros-bridge/install/carla_manual_control:/home/bentoaz/CARLA_PROJECT/ros2_bridge_ws/ros-bridge/install/carla_ad_agent:/home/bentoaz/CARLA_PROJECT/ros2_bridge_ws/ros-bridge/install/ros_compatibility:/home/bentoaz/CARLA_PROJECT/ros2_bridge_ws/ros-bridge/install/navigation:/home/bentoaz/CARLA_PROJECT/ros2_bridge_ws/ros-bridge/install/carla_walker_agent:/home/bentoaz/CARLA_PROJECT/ros2_bridge_ws/ros-bridge/install/carla_twist_to_control:/home/bentoaz/CARLA_PROJECT/ros2_bridge_ws/ros-bridge/install/carla_ros_scenario_runner:/home/bentoaz/CARLA_PROJECT/ros2_bridge_ws/ros-bridge/install/carla_common:/home/bentoaz/autoware/install/autoware_carla_interface:/home/bentoaz/autoware/install/ros2agnocast:/home/bentoaz/autoware/install/autoware_adapi_visualizers:/opt/ros/humble /usr/bin/cmake --build /home/bentoaz/NSF_IRES_2025_Codebase/control/build/traj_planning_msg -- -j16 -l16
[5.402s] DEBUG:colcon.colcon_core.event_handler.log_command:Invoked command in '/home/bentoaz/NSF_IRES_2025_Codebase/control/build/traj_planning_msg' returned '0': CMAKE_PREFIX_PATH=${CMAKE_PREFIX_PATH}:/home/bentoaz/NSF_IRES_2025_Codebase/control/install/traj_planning:/home/bentoaz/CARLA_PROJECT/carla_ros2_ws/install/navigation:/home/bentoaz/CARLA_PROJECT/ros2_bridge_ws/ros-bridge/install/rqt_carla_control:/home/bentoaz/CARLA_PROJECT/ros2_bridge_ws/ros-bridge/install/carla_waypoint_publisher:/home/bentoaz/CARLA_PROJECT/ros2_bridge_ws/ros-bridge/install/carla_ackermann_control:/home/bentoaz/CARLA_PROJECT/ros2_bridge_ws/ros-bridge/install/carla_ros_bridge:/home/bentoaz/CARLA_PROJECT/ros2_bridge_ws/ros-bridge/install/carla_spawn_objects:/home/bentoaz/CARLA_PROJECT/ros2_bridge_ws/ros-bridge/install/carla_manual_control:/home/bentoaz/CARLA_PROJECT/ros2_bridge_ws/ros-bridge/install/carla_ad_agent:/home/bentoaz/CARLA_PROJECT/ros2_bridge_ws/ros-bridge/install/ros_compatibility:/home/bentoaz/CARLA_PROJECT/ros2_bridge_ws/ros-bridge/install/navigation:/home/bentoaz/CARLA_PROJECT/ros2_bridge_ws/ros-bridge/install/carla_walker_agent:/home/bentoaz/CARLA_PROJECT/ros2_bridge_ws/ros-bridge/install/carla_twist_to_control:/home/bentoaz/CARLA_PROJECT/ros2_bridge_ws/ros-bridge/install/carla_ros_scenario_runner:/home/bentoaz/CARLA_PROJECT/ros2_bridge_ws/ros-bridge/install/carla_common:/home/bentoaz/autoware/install/autoware_carla_interface:/home/bentoaz/autoware/install/ros2agnocast:/home/bentoaz/autoware/install/autoware_adapi_visualizers:/opt/ros/humble /usr/bin/cmake --build /home/bentoaz/NSF_IRES_2025_Codebase/control/build/traj_planning_msg -- -j16 -l16
[5.439s] DEBUG:colcon.colcon_core.event_handler.log_command:Invoking command in '/home/bentoaz/NSF_IRES_2025_Codebase/control/build/traj_planning_msg': CMAKE_PREFIX_PATH=${CMAKE_PREFIX_PATH}:/home/bentoaz/NSF_IRES_2025_Codebase/control/install/traj_planning:/home/bentoaz/CARLA_PROJECT/carla_ros2_ws/install/navigation:/home/bentoaz/CARLA_PROJECT/ros2_bridge_ws/ros-bridge/install/rqt_carla_control:/home/bentoaz/CARLA_PROJECT/ros2_bridge_ws/ros-bridge/install/carla_waypoint_publisher:/home/bentoaz/CARLA_PROJECT/ros2_bridge_ws/ros-bridge/install/carla_ackermann_control:/home/bentoaz/CARLA_PROJECT/ros2_bridge_ws/ros-bridge/install/carla_ros_bridge:/home/bentoaz/CARLA_PROJECT/ros2_bridge_ws/ros-bridge/install/carla_spawn_objects:/home/bentoaz/CARLA_PROJECT/ros2_bridge_ws/ros-bridge/install/carla_manual_control:/home/bentoaz/CARLA_PROJECT/ros2_bridge_ws/ros-bridge/install/carla_ad_agent:/home/bentoaz/CARLA_PROJECT/ros2_bridge_ws/ros-bridge/install/ros_compatibility:/home/bentoaz/CARLA_PROJECT/ros2_bridge_ws/ros-bridge/install/navigation:/home/bentoaz/CARLA_PROJECT/ros2_bridge_ws/ros-bridge/install/carla_walker_agent:/home/bentoaz/CARLA_PROJECT/ros2_bridge_ws/ros-bridge/install/carla_twist_to_control:/home/bentoaz/CARLA_PROJECT/ros2_bridge_ws/ros-bridge/install/carla_ros_scenario_runner:/home/bentoaz/CARLA_PROJECT/ros2_bridge_ws/ros-bridge/install/carla_common:/home/bentoaz/autoware/install/autoware_carla_interface:/home/bentoaz/autoware/install/ros2agnocast:/home/bentoaz/autoware/install/autoware_adapi_visualizers:/opt/ros/humble /usr/bin/cmake --install /home/bentoaz/NSF_IRES_2025_Codebase/control/build/traj_planning_msg
[5.630s] Level 1:colcon.colcon_core.environment:create_environment_scripts_only(traj_planning_msg)
[5.631s] DEBUG:colcon.colcon_core.event_handler.log_command:Invoked command in '/home/bentoaz/NSF_IRES_2025_Codebase/control/build/traj_planning_msg' returned '0': CMAKE_PREFIX_PATH=${CMAKE_PREFIX_PATH}:/home/bentoaz/NSF_IRES_2025_Codebase/control/install/traj_planning:/home/bentoaz/CARLA_PROJECT/carla_ros2_ws/install/navigation:/home/bentoaz/CARLA_PROJECT/ros2_bridge_ws/ros-bridge/install/rqt_carla_control:/home/bentoaz/CARLA_PROJECT/ros2_bridge_ws/ros-bridge/install/carla_waypoint_publisher:/home/bentoaz/CARLA_PROJECT/ros2_bridge_ws/ros-bridge/install/carla_ackermann_control:/home/bentoaz/CARLA_PROJECT/ros2_bridge_ws/ros-bridge/install/carla_ros_bridge:/home/bentoaz/CARLA_PROJECT/ros2_bridge_ws/ros-bridge/install/carla_spawn_objects:/home/bentoaz/CARLA_PROJECT/ros2_bridge_ws/ros-bridge/install/carla_manual_control:/home/bentoaz/CARLA_PROJECT/ros2_bridge_ws/ros-bridge/install/carla_ad_agent:/home/bentoaz/CARLA_PROJECT/ros2_bridge_ws/ros-bridge/install/ros_compatibility:/home/bentoaz/CARLA_PROJECT/ros2_bridge_ws/ros-bridge/install/navigation:/home/bentoaz/CARLA_PROJECT/ros2_bridge_ws/ros-bridge/install/carla_walker_agent:/home/bentoaz/CARLA_PROJECT/ros2_bridge_ws/ros-bridge/install/carla_twist_to_control:/home/bentoaz/CARLA_PROJECT/ros2_bridge_ws/ros-bridge/install/carla_ros_scenario_runner:/home/bentoaz/CARLA_PROJECT/ros2_bridge_ws/ros-bridge/install/carla_common:/home/bentoaz/autoware/install/autoware_carla_interface:/home/bentoaz/autoware/install/ros2agnocast:/home/bentoaz/autoware/install/autoware_adapi_visualizers:/opt/ros/humble /usr/bin/cmake --install /home/bentoaz/NSF_IRES_2025_Codebase/control/build/traj_planning_msg
[5.638s] Level 1:colcon.colcon_core.environment:checking '/home/bentoaz/NSF_IRES_2025_Codebase/control/install/traj_planning_msg' for CMake module files
[5.639s] Level 1:colcon.colcon_core.environment:checking '/home/bentoaz/NSF_IRES_2025_Codebase/control/install/traj_planning_msg' for CMake config files
[5.641s] Level 1:colcon.colcon_core.shell:create_environment_hook('traj_planning_msg', 'cmake_prefix_path')
[5.641s] INFO:colcon.colcon_core.shell:Creating environment hook '/home/bentoaz/NSF_IRES_2025_Codebase/control/install/traj_planning_msg/share/traj_planning_msg/hook/cmake_prefix_path.ps1'
[5.643s] INFO:colcon.colcon_core.shell:Creating environment descriptor '/home/bentoaz/NSF_IRES_2025_Codebase/control/install/traj_planning_msg/share/traj_planning_msg/hook/cmake_prefix_path.dsv'
[5.644s] INFO:colcon.colcon_core.shell:Creating environment hook '/home/bentoaz/NSF_IRES_2025_Codebase/control/install/traj_planning_msg/share/traj_planning_msg/hook/cmake_prefix_path.sh'
[5.646s] Level 1:colcon.colcon_core.environment:checking '/home/bentoaz/NSF_IRES_2025_Codebase/control/install/traj_planning_msg/lib'
[5.646s] Level 1:colcon.colcon_core.shell:create_environment_hook('traj_planning_msg', 'ld_library_path_lib')
[5.647s] INFO:colcon.colcon_core.shell:Creating environment hook '/home/bentoaz/NSF_IRES_2025_Codebase/control/install/traj_planning_msg/share/traj_planning_msg/hook/ld_library_path_lib.ps1'
[5.647s] INFO:colcon.colcon_core.shell:Creating environment descriptor '/home/bentoaz/NSF_IRES_2025_Codebase/control/install/traj_planning_msg/share/traj_planning_msg/hook/ld_library_path_lib.dsv'
[5.648s] INFO:colcon.colcon_core.shell:Creating environment hook '/home/bentoaz/NSF_IRES_2025_Codebase/control/install/traj_planning_msg/share/traj_planning_msg/hook/ld_library_path_lib.sh'
[5.648s] Level 1:colcon.colcon_core.environment:checking '/home/bentoaz/NSF_IRES_2025_Codebase/control/install/traj_planning_msg/bin'
[5.648s] Level 1:colcon.colcon_core.environment:checking '/home/bentoaz/NSF_IRES_2025_Codebase/control/install/traj_planning_msg/lib/pkgconfig/traj_planning_msg.pc'
[5.649s] Level 1:colcon.colcon_core.environment:checking '/home/bentoaz/NSF_IRES_2025_Codebase/control/install/traj_planning_msg/lib/python3.10/site-packages'
[5.651s] Level 1:colcon.colcon_core.environment:checking '/home/bentoaz/NSF_IRES_2025_Codebase/control/install/traj_planning_msg/bin'
[5.652s] INFO:colcon.colcon_core.shell:Creating package script '/home/bentoaz/NSF_IRES_2025_Codebase/control/install/traj_planning_msg/share/traj_planning_msg/package.ps1'
[5.654s] INFO:colcon.colcon_core.shell:Creating package descriptor '/home/bentoaz/NSF_IRES_2025_Codebase/control/install/traj_planning_msg/share/traj_planning_msg/package.dsv'
[5.658s] INFO:colcon.colcon_core.shell:Creating package script '/home/bentoaz/NSF_IRES_2025_Codebase/control/install/traj_planning_msg/share/traj_planning_msg/package.sh'
[5.659s] INFO:colcon.colcon_core.shell:Creating package script '/home/bentoaz/NSF_IRES_2025_Codebase/control/install/traj_planning_msg/share/traj_planning_msg/package.bash'
[5.660s] INFO:colcon.colcon_core.shell:Creating package script '/home/bentoaz/NSF_IRES_2025_Codebase/control/install/traj_planning_msg/share/traj_planning_msg/package.zsh'
[5.662s] Level 1:colcon.colcon_core.environment:create_file_with_runtime_dependencies(/home/bentoaz/NSF_IRES_2025_Codebase/control/install/traj_planning_msg/share/colcon-core/packages/traj_planning_msg)
[5.662s] Level 1:colcon.colcon_core.environment:create_environment_scripts_only(traj_planning_msg)
[5.663s] Level 1:colcon.colcon_core.environment:checking '/home/bentoaz/NSF_IRES_2025_Codebase/control/install/traj_planning_msg' for CMake module files
[5.663s] Level 1:colcon.colcon_core.environment:checking '/home/bentoaz/NSF_IRES_2025_Codebase/control/install/traj_planning_msg' for CMake config files
[5.664s] Level 1:colcon.colcon_core.shell:create_environment_hook('traj_planning_msg', 'cmake_prefix_path')
[5.665s] INFO:colcon.colcon_core.shell:Creating environment hook '/home/bentoaz/NSF_IRES_2025_Codebase/control/install/traj_planning_msg/share/traj_planning_msg/hook/cmake_prefix_path.ps1'
[5.666s] INFO:colcon.colcon_core.shell:Creating environment descriptor '/home/bentoaz/NSF_IRES_2025_Codebase/control/install/traj_planning_msg/share/traj_planning_msg/hook/cmake_prefix_path.dsv'
[5.666s] INFO:colcon.colcon_core.shell:Creating environment hook '/home/bentoaz/NSF_IRES_2025_Codebase/control/install/traj_planning_msg/share/traj_planning_msg/hook/cmake_prefix_path.sh'
[5.667s] Level 1:colcon.colcon_core.environment:checking '/home/bentoaz/NSF_IRES_2025_Codebase/control/install/traj_planning_msg/lib'
[5.667s] Level 1:colcon.colcon_core.shell:create_environment_hook('traj_planning_msg', 'ld_library_path_lib')
[5.667s] INFO:colcon.colcon_core.shell:Creating environment hook '/home/bentoaz/NSF_IRES_2025_Codebase/control/install/traj_planning_msg/share/traj_planning_msg/hook/ld_library_path_lib.ps1'
[5.668s] INFO:colcon.colcon_core.shell:Creating environment descriptor '/home/bentoaz/NSF_IRES_2025_Codebase/control/install/traj_planning_msg/share/traj_planning_msg/hook/ld_library_path_lib.dsv'
[5.668s] INFO:colcon.colcon_core.shell:Creating environment hook '/home/bentoaz/NSF_IRES_2025_Codebase/control/install/traj_planning_msg/share/traj_planning_msg/hook/ld_library_path_lib.sh'
[5.669s] Level 1:colcon.colcon_core.environment:checking '/home/bentoaz/NSF_IRES_2025_Codebase/control/install/traj_planning_msg/bin'
[5.669s] Level 1:colcon.colcon_core.environment:checking '/home/bentoaz/NSF_IRES_2025_Codebase/control/install/traj_planning_msg/lib/pkgconfig/traj_planning_msg.pc'
[5.669s] Level 1:colcon.colcon_core.environment:checking '/home/bentoaz/NSF_IRES_2025_Codebase/control/install/traj_planning_msg/lib/python3.10/site-packages'
[5.669s] Level 1:colcon.colcon_core.environment:checking '/home/bentoaz/NSF_IRES_2025_Codebase/control/install/traj_planning_msg/bin'
[5.670s] INFO:colcon.colcon_core.shell:Creating package script '/home/bentoaz/NSF_IRES_2025_Codebase/control/install/traj_planning_msg/share/traj_planning_msg/package.ps1'
[5.671s] INFO:colcon.colcon_core.shell:Creating package descriptor '/home/bentoaz/NSF_IRES_2025_Codebase/control/install/traj_planning_msg/share/traj_planning_msg/package.dsv'
[5.671s] INFO:colcon.colcon_core.shell:Creating package script '/home/bentoaz/NSF_IRES_2025_Codebase/control/install/traj_planning_msg/share/traj_planning_msg/package.sh'
[5.672s] INFO:colcon.colcon_core.shell:Creating package script '/home/bentoaz/NSF_IRES_2025_Codebase/control/install/traj_planning_msg/share/traj_planning_msg/package.bash'
[5.673s] INFO:colcon.colcon_core.shell:Creating package script '/home/bentoaz/NSF_IRES_2025_Codebase/control/install/traj_planning_msg/share/traj_planning_msg/package.zsh'
[5.673s] Level 1:colcon.colcon_core.environment:create_file_with_runtime_dependencies(/home/bentoaz/NSF_IRES_2025_Codebase/control/install/traj_planning_msg/share/colcon-core/packages/traj_planning_msg)
[5.674s] INFO:colcon.colcon_ros.task.ament_python.build:Building ROS package in '/home/bentoaz/NSF_IRES_2025_Codebase/control/src/traj_planning' with build type 'ament_python'
[5.674s] Level 1:colcon.colcon_core.shell:create_environment_hook('traj_planning', 'ament_prefix_path')
[5.675s] INFO:colcon.colcon_core.shell:Creating environment hook '/home/bentoaz/NSF_IRES_2025_Codebase/control/install/traj_planning/share/traj_planning/hook/ament_prefix_path.ps1'
[5.676s] INFO:colcon.colcon_core.shell:Creating environment descriptor '/home/bentoaz/NSF_IRES_2025_Codebase/control/install/traj_planning/share/traj_planning/hook/ament_prefix_path.dsv'
[5.677s] INFO:colcon.colcon_core.shell:Creating environment hook '/home/bentoaz/NSF_IRES_2025_Codebase/control/install/traj_planning/share/traj_planning/hook/ament_prefix_path.sh'
[5.677s] INFO:colcon.colcon_core.shell:Skip shell extension 'powershell' for command environment: Not usable outside of PowerShell
[5.677s] DEBUG:colcon.colcon_core.shell:Skip shell extension 'dsv' for command environment
[6.137s] INFO:colcon.colcon_core.task.python.build:Building Python package in '/home/bentoaz/NSF_IRES_2025_Codebase/control/src/traj_planning'
[6.137s] INFO:colcon.colcon_core.shell:Skip shell extension 'powershell' for command environment: Not usable outside of PowerShell
[6.137s] DEBUG:colcon.colcon_core.shell:Skip shell extension 'dsv' for command environment
[6.936s] DEBUG:colcon.colcon_core.event_handler.log_command:Invoking command in '/home/bentoaz/NSF_IRES_2025_Codebase/control/build/traj_planning': PYTHONPATH=/home/bentoaz/NSF_IRES_2025_Codebase/control/build/traj_planning/prefix_override:/usr/lib/python3/dist-packages/colcon_core/task/python/colcon_distutils_commands:/home/bentoaz/NSF_IRES_2025_Codebase/control/install/traj_planning/lib/python3.10/site-packages:${PYTHONPATH} /usr/bin/python3 -W ignore:setup.py install is deprecated -W ignore:easy_install command is deprecated setup.py develop --uninstall --editable --build-directory /home/bentoaz/NSF_IRES_2025_Codebase/control/build/traj_planning/build
[7.720s] DEBUG:colcon.colcon_core.event_handler.log_command:Invoked command in '/home/bentoaz/NSF_IRES_2025_Codebase/control/build/traj_planning' returned '0': PYTHONPATH=/home/bentoaz/NSF_IRES_2025_Codebase/control/build/traj_planning/prefix_override:/usr/lib/python3/dist-packages/colcon_core/task/python/colcon_distutils_commands:/home/bentoaz/NSF_IRES_2025_Codebase/control/install/traj_planning/lib/python3.10/site-packages:${PYTHONPATH} /usr/bin/python3 -W ignore:setup.py install is deprecated -W ignore:easy_install command is deprecated setup.py develop --uninstall --editable --build-directory /home/bentoaz/NSF_IRES_2025_Codebase/control/build/traj_planning/build
[7.723s] DEBUG:colcon.colcon_core.event_handler.log_command:Invoking command in '/home/bentoaz/NSF_IRES_2025_Codebase/control/src/traj_planning': PYTHONPATH=/home/bentoaz/NSF_IRES_2025_Codebase/control/build/traj_planning/prefix_override:/usr/lib/python3/dist-packages/colcon_core/task/python/colcon_distutils_commands:/home/bentoaz/NSF_IRES_2025_Codebase/control/install/traj_planning/lib/python3.10/site-packages:${PYTHONPATH} /usr/bin/python3 -W ignore:setup.py install is deprecated -W ignore:easy_install command is deprecated setup.py egg_info --egg-base ../../build/traj_planning build --build-base /home/bentoaz/NSF_IRES_2025_Codebase/control/build/traj_planning/build install --record /home/bentoaz/NSF_IRES_2025_Codebase/control/build/traj_planning/install.log --single-version-externally-managed install_data --force
[8.167s] Level 1:colcon.colcon_core.environment:checking '/home/bentoaz/NSF_IRES_2025_Codebase/control/install/traj_planning' for CMake module files
[8.167s] DEBUG:colcon.colcon_core.event_handler.log_command:Invoked command in '/home/bentoaz/NSF_IRES_2025_Codebase/control/src/traj_planning' returned '0': PYTHONPATH=/home/bentoaz/NSF_IRES_2025_Codebase/control/build/traj_planning/prefix_override:/usr/lib/python3/dist-packages/colcon_core/task/python/colcon_distutils_commands:/home/bentoaz/NSF_IRES_2025_Codebase/control/install/traj_planning/lib/python3.10/site-packages:${PYTHONPATH} /usr/bin/python3 -W ignore:setup.py install is deprecated -W ignore:easy_install command is deprecated setup.py egg_info --egg-base ../../build/traj_planning build --build-base /home/bentoaz/NSF_IRES_2025_Codebase/control/build/traj_planning/build install --record /home/bentoaz/NSF_IRES_2025_Codebase/control/build/traj_planning/install.log --single-version-externally-managed install_data --force
[8.168s] Level 1:colcon.colcon_core.environment:checking '/home/bentoaz/NSF_IRES_2025_Codebase/control/install/traj_planning' for CMake config files
[8.168s] Level 1:colcon.colcon_core.environment:checking '/home/bentoaz/NSF_IRES_2025_Codebase/control/install/traj_planning/lib'
[8.169s] Level 1:colcon.colcon_core.environment:checking '/home/bentoaz/NSF_IRES_2025_Codebase/control/install/traj_planning/bin'
[8.169s] Level 1:colcon.colcon_core.environment:checking '/home/bentoaz/NSF_IRES_2025_Codebase/control/install/traj_planning/lib/pkgconfig/traj_planning.pc'
[8.169s] Level 1:colcon.colcon_core.environment:checking '/home/bentoaz/NSF_IRES_2025_Codebase/control/install/traj_planning/lib/python3.10/site-packages'
[8.169s] Level 1:colcon.colcon_core.shell:create_environment_hook('traj_planning', 'pythonpath')
[8.169s] INFO:colcon.colcon_core.shell:Creating environment hook '/home/bentoaz/NSF_IRES_2025_Codebase/control/install/traj_planning/share/traj_planning/hook/pythonpath.ps1'
[8.170s] INFO:colcon.colcon_core.shell:Creating environment descriptor '/home/bentoaz/NSF_IRES_2025_Codebase/control/install/traj_planning/share/traj_planning/hook/pythonpath.dsv'
[8.171s] INFO:colcon.colcon_core.shell:Creating environment hook '/home/bentoaz/NSF_IRES_2025_Codebase/control/install/traj_planning/share/traj_planning/hook/pythonpath.sh'
[8.172s] Level 1:colcon.colcon_core.environment:checking '/home/bentoaz/NSF_IRES_2025_Codebase/control/install/traj_planning/bin'
[8.172s] Level 1:colcon.colcon_core.environment:create_environment_scripts_only(traj_planning)
[8.173s] INFO:colcon.colcon_core.shell:Creating package script '/home/bentoaz/NSF_IRES_2025_Codebase/control/install/traj_planning/share/traj_planning/package.ps1'
[8.174s] INFO:colcon.colcon_core.shell:Creating package descriptor '/home/bentoaz/NSF_IRES_2025_Codebase/control/install/traj_planning/share/traj_planning/package.dsv'
[8.175s] INFO:colcon.colcon_core.shell:Creating package script '/home/bentoaz/NSF_IRES_2025_Codebase/control/install/traj_planning/share/traj_planning/package.sh'
[8.175s] INFO:colcon.colcon_core.shell:Creating package script '/home/bentoaz/NSF_IRES_2025_Codebase/control/install/traj_planning/share/traj_planning/package.bash'
[8.176s] INFO:colcon.colcon_core.shell:Creating package script '/home/bentoaz/NSF_IRES_2025_Codebase/control/install/traj_planning/share/traj_planning/package.zsh'
[8.176s] Level 1:colcon.colcon_core.environment:create_file_with_runtime_dependencies(/home/bentoaz/NSF_IRES_2025_Codebase/control/install/traj_planning/share/colcon-core/packages/traj_planning)
[8.177s] DEBUG:colcon.colcon_parallel_executor.executor.parallel:closing loop
[8.177s] DEBUG:colcon.colcon_parallel_executor.executor.parallel:loop closed
[8.177s] DEBUG:colcon.colcon_parallel_executor.executor.parallel:run_until_complete finished with '0'
[8.177s] DEBUG:colcon.colcon_core.event_reactor:joining thread
[8.188s] INFO:colcon.colcon_core.plugin_system:Skipping extension 'colcon_notification.desktop_notification.terminal_notifier': Not used on non-Darwin systems
[8.188s] INFO:colcon.colcon_core.plugin_system:Skipping extension 'colcon_notification.desktop_notification.win32': Not used on non-Windows systems
[8.188s] INFO:colcon.colcon_notification.desktop_notification:Sending desktop notification using 'notify2'
[8.237s] DEBUG:colcon.colcon_core.event_reactor:joined thread
[8.237s] INFO:colcon.colcon_core.shell:Creating prefix script '/home/bentoaz/NSF_IRES_2025_Codebase/control/install/local_setup.ps1'
[8.239s] INFO:colcon.colcon_core.shell:Creating prefix util module '/home/bentoaz/NSF_IRES_2025_Codebase/control/install/_local_setup_util_ps1.py'
[8.241s] INFO:colcon.colcon_core.shell:Creating prefix chain script '/home/bentoaz/NSF_IRES_2025_Codebase/control/install/setup.ps1'
[8.252s] INFO:colcon.colcon_core.shell:Creating prefix script '/home/bentoaz/NSF_IRES_2025_Codebase/control/install/local_setup.sh'
[8.253s] INFO:colcon.colcon_core.shell:Creating prefix util module '/home/bentoaz/NSF_IRES_2025_Codebase/control/install/_local_setup_util_sh.py'
[8.253s] INFO:colcon.colcon_core.shell:Creating prefix chain script '/home/bentoaz/NSF_IRES_2025_Codebase/control/install/setup.sh'
[8.264s] INFO:colcon.colcon_core.shell:Creating prefix script '/home/bentoaz/NSF_IRES_2025_Codebase/control/install/local_setup.bash'
[8.265s] INFO:colcon.colcon_core.shell:Creating prefix chain script '/home/bentoaz/NSF_IRES_2025_Codebase/control/install/setup.bash'
[8.275s] INFO:colcon.colcon_core.shell:Creating prefix script '/home/bentoaz/NSF_IRES_2025_Codebase/control/install/local_setup.zsh'
[8.275s] INFO:colcon.colcon_core.shell:Creating prefix chain script '/home/bentoaz/NSF_IRES_2025_Codebase/control/install/setup.zsh'
