[  0%] Built target ament_cmake_python_symlink_wall_follow
[100%] Built target wall_follow_node
[100%] Built target ament_cmake_python_symlink_wall_follow_setup
/usr/lib/python3/dist-packages/setuptools/dist.py:723: UserWarning: Usage of dash-separated 'script-dir' will not be supported in future versions. Please use the underscore name 'script_dir' instead
  warnings.warn(
/usr/lib/python3/dist-packages/setuptools/dist.py:723: UserWarning: Usage of dash-separated 'install-scripts' will not be supported in future versions. Please use the underscore name 'install_scripts' instead
  warnings.warn(
running egg_info
writing wall_follow.egg-info/PKG-INFO
writing dependency_links to wall_follow.egg-info/dependency_links.txt
writing top-level names to wall_follow.egg-info/top_level.txt
reading manifest file 'wall_follow.egg-info/SOURCES.txt'
writing manifest file 'wall_follow.egg-info/SOURCES.txt'
[100%] Built target ament_cmake_python_build_wall_follow_egg
-- Install configuration: ""
-- Execute custom install script
-- Up-to-date symlink: /home/bentoaz/f1tenth_experimental_ws/install/wall_follow/lib/wall_follow/wall_follow_node
-- Up-to-date symlink: /home/bentoaz/f1tenth_experimental_ws/install/wall_follow/share/wall_follow/environment/pythonpath.sh
-- Up-to-date symlink: /home/bentoaz/f1tenth_experimental_ws/install/wall_follow/share/wall_follow/environment/pythonpath.dsv
-- Up-to-date symlink: /home/bentoaz/f1tenth_experimental_ws/install/wall_follow/local/lib/python3.10/dist-packages/wall_follow-0.0.0-py3.10.egg-info/PKG-INFO
-- Up-to-date symlink: /home/bentoaz/f1tenth_experimental_ws/install/wall_follow/local/lib/python3.10/dist-packages/wall_follow-0.0.0-py3.10.egg-info/SOURCES.txt
-- Up-to-date symlink: /home/bentoaz/f1tenth_experimental_ws/install/wall_follow/local/lib/python3.10/dist-packages/wall_follow-0.0.0-py3.10.egg-info/dependency_links.txt
-- Up-to-date symlink: /home/bentoaz/f1tenth_experimental_ws/install/wall_follow/local/lib/python3.10/dist-packages/wall_follow-0.0.0-py3.10.egg-info/top_level.txt
-- Up-to-date symlink: /home/bentoaz/f1tenth_experimental_ws/install/wall_follow/local/lib/python3.10/dist-packages/wall_follow/__init__.py
-- Up-to-date symlink: /home/bentoaz/f1tenth_experimental_ws/install/wall_follow/lib/wall_follow/wall_follow_node.py
-- Up-to-date symlink: /home/bentoaz/f1tenth_experimental_ws/install/wall_follow/share/ament_index/resource_index/package_run_dependencies/wall_follow
-- Up-to-date symlink: /home/bentoaz/f1tenth_experimental_ws/install/wall_follow/share/ament_index/resource_index/parent_prefix_path/wall_follow
-- Up-to-date symlink: /home/bentoaz/f1tenth_experimental_ws/install/wall_follow/share/wall_follow/environment/ament_prefix_path.sh
-- Up-to-date symlink: /home/bentoaz/f1tenth_experimental_ws/install/wall_follow/share/wall_follow/environment/ament_prefix_path.dsv
-- Up-to-date symlink: /home/bentoaz/f1tenth_experimental_ws/install/wall_follow/share/wall_follow/environment/path.sh
-- Up-to-date symlink: /home/bentoaz/f1tenth_experimental_ws/install/wall_follow/share/wall_follow/environment/path.dsv
-- Up-to-date symlink: /home/bentoaz/f1tenth_experimental_ws/install/wall_follow/share/wall_follow/local_setup.bash
-- Up-to-date symlink: /home/bentoaz/f1tenth_experimental_ws/install/wall_follow/share/wall_follow/local_setup.sh
-- Up-to-date symlink: /home/bentoaz/f1tenth_experimental_ws/install/wall_follow/share/wall_follow/local_setup.zsh
-- Up-to-date symlink: /home/bentoaz/f1tenth_experimental_ws/install/wall_follow/share/wall_follow/local_setup.dsv
-- Symlinking: /home/bentoaz/f1tenth_experimental_ws/install/wall_follow/share/wall_follow/package.dsv
-- Up-to-date symlink: /home/bentoaz/f1tenth_experimental_ws/install/wall_follow/share/ament_index/resource_index/packages/wall_follow
-- Up-to-date symlink: /home/bentoaz/f1tenth_experimental_ws/install/wall_follow/share/wall_follow/cmake/wall_followConfig.cmake
-- Up-to-date symlink: /home/bentoaz/f1tenth_experimental_ws/install/wall_follow/share/wall_follow/cmake/wall_followConfig-version.cmake
-- Up-to-date symlink: /home/bentoaz/f1tenth_experimental_ws/install/wall_follow/share/wall_follow/package.xml
Listing '/home/bentoaz/f1tenth_experimental_ws/install/wall_follow/local/lib/python3.10/dist-packages/wall_follow'...
