[0.563s] Invoking command in '/home/bentoaz/f1tenth_experimental_ws/build/wall_follow': CMAKE_PREFIX_PATH=${CMAKE_PREFIX_PATH}:/home/bentoaz/f1tenth_experimental_ws/install/stanley_avoidance:/home/bentoaz/f1tenth_experimental_ws/install/particle_filter:/home/bentoaz/f1tenth_experimental_ws/install/local_planner:/home/bentoaz/f1tenth_gym_ros/install/f1tenth_gym_ros:/home/bentoaz/autoware/install/autoware_carla_interface:/home/bentoaz/autoware/install/ros2agnocast:/home/bentoaz/autoware/install/autoware_adapi_visualizers:/opt/ros/humble /usr/bin/cmake /home/bentoaz/f1tenth_experimental_ws/src/wall_follow -DAMENT_CMAKE_SYMLINK_INSTALL=1 -DCMAKE_INSTALL_PREFIX=/home/bentoaz/f1tenth_experimental_ws/install/wall_follow
[0.668s] -- The C compiler identification is GNU 11.4.0
[0.738s] -- The CXX compiler identification is GNU 11.4.0
[0.750s] -- Detecting C compiler ABI info
[0.922s] -- Detecting C compiler ABI info - done
[0.930s] -- Check for working C compiler: /usr/bin/cc - skipped
[0.930s] -- Detecting C compile features
[0.930s] -- Detecting C compile features - done
[0.934s] -- Detecting CXX compiler ABI info
[1.093s] -- Detecting CXX compiler ABI info - done
[1.102s] -- Check for working CXX compiler: /usr/bin/c++ - skipped
[1.102s] -- Detecting CXX compile features
[1.103s] -- Detecting CXX compile features - done
[1.144s] -- Found ament_cmake: 1.3.11 (/opt/ros/humble/share/ament_cmake/cmake)
[1.560s] -- Found Python3: /usr/bin/python3 (found version "3.10.12") found components: Interpreter 
[1.640s] -- Override CMake install command with custom implementation using symlinks instead of copying resources
[1.953s] -- Found rclcpp: 16.0.12 (/opt/ros/humble/share/rclcpp/cmake)
[2.212s] -- Found rosidl_generator_c: 3.1.6 (/opt/ros/humble/share/rosidl_generator_c/cmake)
[2.252s] -- Found rosidl_adapter: 3.1.6 (/opt/ros/humble/share/rosidl_adapter/cmake)
[2.295s] -- Found rosidl_generator_cpp: 3.1.6 (/opt/ros/humble/share/rosidl_generator_cpp/cmake)
[2.368s] -- Using all available rosidl_typesupport_c: rosidl_typesupport_fastrtps_c;rosidl_typesupport_introspection_c
[2.457s] -- Using all available rosidl_typesupport_cpp: rosidl_typesupport_fastrtps_cpp;rosidl_typesupport_introspection_cpp
[2.691s] -- Found rmw_implementation_cmake: 6.1.2 (/opt/ros/humble/share/rmw_implementation_cmake/cmake)
[2.743s] -- Found rmw_cyclonedds_cpp: 1.3.4 (/opt/ros/humble/share/rmw_cyclonedds_cpp/cmake)
[2.923s] -- Using RMW implementation 'rmw_cyclonedds_cpp' as default
[2.978s] -- Looking for pthread.h
[3.132s] -- Looking for pthread.h - found
[3.133s] -- Performing Test CMAKE_HAVE_LIBC_PTHREAD
[3.304s] -- Performing Test CMAKE_HAVE_LIBC_PTHREAD - Success
[3.304s] -- Found Threads: TRUE  
[3.438s] -- Found rclpy: 3.3.16 (/opt/ros/humble/share/rclpy/cmake)
[3.456s] -- Found geometry_msgs: 4.9.0 (/opt/ros/humble/share/geometry_msgs/cmake)
[3.481s] -- Found nav_msgs: 4.9.0 (/opt/ros/humble/share/nav_msgs/cmake)
[3.510s] -- Found ackermann_msgs: 2.0.2 (/opt/ros/humble/share/ackermann_msgs/cmake)
[3.556s] -- Found sensor_msgs: 4.9.0 (/opt/ros/humble/share/sensor_msgs/cmake)
[3.858s] -- Found ament_lint_auto: 0.12.12 (/opt/ros/humble/share/ament_lint_auto/cmake)
[4.130s] -- Added test 'copyright' to check source files copyright and LICENSE
[4.138s] -- Added test 'cppcheck' to perform static code analysis on C / C++ code
[4.139s] -- Configured cppcheck include dirs: /home/bentoaz/f1tenth_experimental_ws/src/wall_follow/include
[4.139s] -- Configured cppcheck exclude dirs and/or files: 
[4.146s] -- Added test 'cpplint' to check C / C++ code against the Google style
[4.147s] -- Configured cpplint exclude dirs and/or files: 
[4.154s] -- Added test 'flake8' to check Python code syntax and style conventions
[4.161s] -- Added test 'lint_cmake' to check CMake code style
[4.169s] -- Added test 'pep257' to check Python code against some of the docstring style conventions in PEP 257
[4.176s] -- Added test 'uncrustify' to check C / C++ code style
[4.176s] -- Configured uncrustify additional arguments: 
[4.183s] -- Added test 'xmllint' to check XML markup files
[4.197s] -- Configuring done
[4.208s] -- Generating done
[4.212s] -- Build files have been written to: /home/bentoaz/f1tenth_experimental_ws/build/wall_follow
[4.223s] Invoked command in '/home/bentoaz/f1tenth_experimental_ws/build/wall_follow' returned '0': CMAKE_PREFIX_PATH=${CMAKE_PREFIX_PATH}:/home/bentoaz/f1tenth_experimental_ws/install/stanley_avoidance:/home/bentoaz/f1tenth_experimental_ws/install/particle_filter:/home/bentoaz/f1tenth_experimental_ws/install/local_planner:/home/bentoaz/f1tenth_gym_ros/install/f1tenth_gym_ros:/home/bentoaz/autoware/install/autoware_carla_interface:/home/bentoaz/autoware/install/ros2agnocast:/home/bentoaz/autoware/install/autoware_adapi_visualizers:/opt/ros/humble /usr/bin/cmake /home/bentoaz/f1tenth_experimental_ws/src/wall_follow -DAMENT_CMAKE_SYMLINK_INSTALL=1 -DCMAKE_INSTALL_PREFIX=/home/bentoaz/f1tenth_experimental_ws/install/wall_follow
[4.224s] Invoking command in '/home/bentoaz/f1tenth_experimental_ws/build/wall_follow': CMAKE_PREFIX_PATH=${CMAKE_PREFIX_PATH}:/home/bentoaz/f1tenth_experimental_ws/install/stanley_avoidance:/home/bentoaz/f1tenth_experimental_ws/install/particle_filter:/home/bentoaz/f1tenth_experimental_ws/install/local_planner:/home/bentoaz/f1tenth_gym_ros/install/f1tenth_gym_ros:/home/bentoaz/autoware/install/autoware_carla_interface:/home/bentoaz/autoware/install/ros2agnocast:/home/bentoaz/autoware/install/autoware_adapi_visualizers:/opt/ros/humble /usr/bin/cmake --build /home/bentoaz/f1tenth_experimental_ws/build/wall_follow -- -j16 -l16
[4.361s] [ 50%] [32mBuilding CXX object CMakeFiles/wall_follow_node.dir/src/wall_follow_node.cpp.o[0m
[4.395s] [ 50%] Built target ament_cmake_python_symlink_wall_follow_setup
[4.403s] [ 50%] Built target ament_cmake_python_symlink_wall_follow
[4.722s] /usr/lib/python3/dist-packages/setuptools/dist.py:723: UserWarning: Usage of dash-separated 'script-dir' will not be supported in future versions. Please use the underscore name 'script_dir' instead
[4.723s]   warnings.warn(
[4.723s] /usr/lib/python3/dist-packages/setuptools/dist.py:723: UserWarning: Usage of dash-separated 'install-scripts' will not be supported in future versions. Please use the underscore name 'install_scripts' instead
[4.723s]   warnings.warn(
[4.727s] running egg_info
[4.727s] creating wall_follow.egg-info
[4.727s] writing wall_follow.egg-info/PKG-INFO
[4.728s] writing dependency_links to wall_follow.egg-info/dependency_links.txt
[4.728s] writing top-level names to wall_follow.egg-info/top_level.txt
[4.728s] writing manifest file 'wall_follow.egg-info/SOURCES.txt'
[4.729s] reading manifest file 'wall_follow.egg-info/SOURCES.txt'
[4.730s] writing manifest file 'wall_follow.egg-info/SOURCES.txt'
[4.770s] [ 50%] Built target ament_cmake_python_build_wall_follow_egg
[12.952s] [100%] [32m[1mLinking CXX executable wall_follow_node[0m
[13.374s] [100%] Built target wall_follow_node
