[0.794s] Invoking command in '/home/bentoaz/f1tenth_experimental_ws/build/wall_follow': CMAKE_PREFIX_PATH=${CMAKE_PREFIX_PATH}:/home/bentoaz/f1tenth_experimental_ws/install/stanley_avoidance:/home/bentoaz/f1tenth_experimental_ws/install/particle_filter:/home/bentoaz/f1tenth_experimental_ws/install/local_planner:/home/bentoaz/f1tenth_gym_ros/install/f1tenth_gym_ros:/home/bentoaz/autoware/install/autoware_carla_interface:/home/bentoaz/autoware/install/ros2agnocast:/home/bentoaz/autoware/install/autoware_adapi_visualizers:/opt/ros/humble /usr/bin/cmake --build /home/bentoaz/f1tenth_experimental_ws/build/wall_follow -- -j16 -l16
[1.017s] [100%] Built target wall_follow_node
[1.026s] [100%] Built target ament_cmake_python_symlink_wall_follow
[1.044s] [100%] Built target ament_cmake_python_symlink_wall_follow_setup
[1.368s] /usr/lib/python3/dist-packages/setuptools/dist.py:723: UserWarning: Usage of dash-separated 'script-dir' will not be supported in future versions. Please use the underscore name 'script_dir' instead
[1.368s]   warnings.warn(
[1.368s] /usr/lib/python3/dist-packages/setuptools/dist.py:723: UserWarning: Usage of dash-separated 'install-scripts' will not be supported in future versions. Please use the underscore name 'install_scripts' instead
[1.368s]   warnings.warn(
[1.372s] running egg_info
[1.373s] writing wall_follow.egg-info/PKG-INFO
[1.373s] writing dependency_links to wall_follow.egg-info/dependency_links.txt
[1.373s] writing top-level names to wall_follow.egg-info/top_level.txt
[1.374s] reading manifest file 'wall_follow.egg-info/SOURCES.txt'
[1.375s] writing manifest file 'wall_follow.egg-info/SOURCES.txt'
[1.415s] [100%] Built target ament_cmake_python_build_wall_follow_egg
[1.522s] Invoked command in '/home/bentoaz/f1tenth_experimental_ws/build/wall_follow' returned '0': CMAKE_PREFIX_PATH=${CMAKE_PREFIX_PATH}:/home/bentoaz/f1tenth_experimental_ws/install/stanley_avoidance:/home/bentoaz/f1tenth_experimental_ws/install/particle_filter:/home/bentoaz/f1tenth_experimental_ws/install/local_planner:/home/bentoaz/f1tenth_gym_ros/install/f1tenth_gym_ros:/home/bentoaz/autoware/install/autoware_carla_interface:/home/bentoaz/autoware/install/ros2agnocast:/home/bentoaz/autoware/install/autoware_adapi_visualizers:/opt/ros/humble /usr/bin/cmake --build /home/bentoaz/f1tenth_experimental_ws/build/wall_follow -- -j16 -l16
[1.523s] Invoking command in '/home/bentoaz/f1tenth_experimental_ws/build/wall_follow': CMAKE_PREFIX_PATH=${CMAKE_PREFIX_PATH}:/home/bentoaz/f1tenth_experimental_ws/install/stanley_avoidance:/home/bentoaz/f1tenth_experimental_ws/install/particle_filter:/home/bentoaz/f1tenth_experimental_ws/install/local_planner:/home/bentoaz/f1tenth_gym_ros/install/f1tenth_gym_ros:/home/bentoaz/autoware/install/autoware_carla_interface:/home/bentoaz/autoware/install/ros2agnocast:/home/bentoaz/autoware/install/autoware_adapi_visualizers:/opt/ros/humble /usr/bin/cmake --install /home/bentoaz/f1tenth_experimental_ws/build/wall_follow
[1.542s] -- Install configuration: ""
[1.543s] -- Execute custom install script
[1.543s] -- Up-to-date symlink: /home/bentoaz/f1tenth_experimental_ws/install/wall_follow/lib/wall_follow/wall_follow_node
[1.543s] -- Up-to-date symlink: /home/bentoaz/f1tenth_experimental_ws/install/wall_follow/share/wall_follow/environment/pythonpath.sh
[1.543s] -- Up-to-date symlink: /home/bentoaz/f1tenth_experimental_ws/install/wall_follow/share/wall_follow/environment/pythonpath.dsv
[1.543s] -- Up-to-date symlink: /home/bentoaz/f1tenth_experimental_ws/install/wall_follow/local/lib/python3.10/dist-packages/wall_follow-0.0.0-py3.10.egg-info/PKG-INFO
[1.543s] -- Up-to-date symlink: /home/bentoaz/f1tenth_experimental_ws/install/wall_follow/local/lib/python3.10/dist-packages/wall_follow-0.0.0-py3.10.egg-info/SOURCES.txt
[1.543s] -- Up-to-date symlink: /home/bentoaz/f1tenth_experimental_ws/install/wall_follow/local/lib/python3.10/dist-packages/wall_follow-0.0.0-py3.10.egg-info/dependency_links.txt
[1.544s] -- Up-to-date symlink: /home/bentoaz/f1tenth_experimental_ws/install/wall_follow/local/lib/python3.10/dist-packages/wall_follow-0.0.0-py3.10.egg-info/top_level.txt
[1.544s] -- Up-to-date symlink: /home/bentoaz/f1tenth_experimental_ws/install/wall_follow/local/lib/python3.10/dist-packages/wall_follow/__init__.py
[1.544s] -- Up-to-date symlink: /home/bentoaz/f1tenth_experimental_ws/install/wall_follow/lib/wall_follow/wall_follow_node.py
[1.544s] -- Up-to-date symlink: /home/bentoaz/f1tenth_experimental_ws/install/wall_follow/share/ament_index/resource_index/package_run_dependencies/wall_follow
[1.544s] -- Up-to-date symlink: /home/bentoaz/f1tenth_experimental_ws/install/wall_follow/share/ament_index/resource_index/parent_prefix_path/wall_follow
[1.544s] -- Up-to-date symlink: /home/bentoaz/f1tenth_experimental_ws/install/wall_follow/share/wall_follow/environment/ament_prefix_path.sh
[1.544s] -- Up-to-date symlink: /home/bentoaz/f1tenth_experimental_ws/install/wall_follow/share/wall_follow/environment/ament_prefix_path.dsv
[1.544s] -- Up-to-date symlink: /home/bentoaz/f1tenth_experimental_ws/install/wall_follow/share/wall_follow/environment/path.sh
[1.544s] -- Up-to-date symlink: /home/bentoaz/f1tenth_experimental_ws/install/wall_follow/share/wall_follow/environment/path.dsv
[1.544s] -- Up-to-date symlink: /home/bentoaz/f1tenth_experimental_ws/install/wall_follow/share/wall_follow/local_setup.bash
[1.544s] -- Up-to-date symlink: /home/bentoaz/f1tenth_experimental_ws/install/wall_follow/share/wall_follow/local_setup.sh
[1.545s] -- Up-to-date symlink: /home/bentoaz/f1tenth_experimental_ws/install/wall_follow/share/wall_follow/local_setup.zsh
[1.545s] -- Up-to-date symlink: /home/bentoaz/f1tenth_experimental_ws/install/wall_follow/share/wall_follow/local_setup.dsv
[1.545s] -- Symlinking: /home/bentoaz/f1tenth_experimental_ws/install/wall_follow/share/wall_follow/package.dsv
[1.570s] -- Up-to-date symlink: /home/bentoaz/f1tenth_experimental_ws/install/wall_follow/share/ament_index/resource_index/packages/wall_follow
[1.570s] -- Up-to-date symlink: /home/bentoaz/f1tenth_experimental_ws/install/wall_follow/share/wall_follow/cmake/wall_followConfig.cmake
[1.570s] -- Up-to-date symlink: /home/bentoaz/f1tenth_experimental_ws/install/wall_follow/share/wall_follow/cmake/wall_followConfig-version.cmake
[1.570s] -- Up-to-date symlink: /home/bentoaz/f1tenth_experimental_ws/install/wall_follow/share/wall_follow/package.xml
[1.649s] Listing '/home/bentoaz/f1tenth_experimental_ws/install/wall_follow/local/lib/python3.10/dist-packages/wall_follow'...
[1.656s] Invoked command in '/home/bentoaz/f1tenth_experimental_ws/build/wall_follow' returned '0': CMAKE_PREFIX_PATH=${CMAKE_PREFIX_PATH}:/home/bentoaz/f1tenth_experimental_ws/install/stanley_avoidance:/home/bentoaz/f1tenth_experimental_ws/install/particle_filter:/home/bentoaz/f1tenth_experimental_ws/install/local_planner:/home/bentoaz/f1tenth_gym_ros/install/f1tenth_gym_ros:/home/bentoaz/autoware/install/autoware_carla_interface:/home/bentoaz/autoware/install/ros2agnocast:/home/bentoaz/autoware/install/autoware_adapi_visualizers:/opt/ros/humble /usr/bin/cmake --install /home/bentoaz/f1tenth_experimental_ws/build/wall_follow
