running develop
running egg_info
creating local_planner.egg-info
writing local_planner.egg-info/PKG-INFO
writing dependency_links to local_planner.egg-info/dependency_links.txt
writing entry points to local_planner.egg-info/entry_points.txt
writing requirements to local_planner.egg-info/requires.txt
writing top-level names to local_planner.egg-info/top_level.txt
writing manifest file 'local_planner.egg-info/SOURCES.txt'
reading manifest file 'local_planner.egg-info/SOURCES.txt'
writing manifest file 'local_planner.egg-info/SOURCES.txt'
running build_ext
Creating /home/bentoaz/f1tenth_experimental_ws/install/local_planner/lib/python3.10/site-packages/local-planner.egg-link (link to .)
Installing debug_node script to /home/bentoaz/f1tenth_experimental_ws/install/local_planner/lib/local_planner
Installing pause script to /home/bentoaz/f1tenth_experimental_ws/install/local_planner/lib/local_planner
Installing traj_selecter script to /home/bentoaz/f1tenth_experimental_ws/install/local_planner/lib/local_planner
Installing traj_server script to /home/bentoaz/f1tenth_experimental_ws/install/local_planner/lib/local_planner
Installing visualizer script to /home/bentoaz/f1tenth_experimental_ws/install/local_planner/lib/local_planner

Installed /home/bentoaz/f1tenth_experimental_ws/build/local_planner
running symlink_data
symbolically linking /home/bentoaz/f1tenth_experimental_ws/build/local_planner/launch/local_planner_launch.py -> /home/bentoaz/f1tenth_experimental_ws/install/local_planner/share/local_planner/launch
error: [Errno 17] File exists: '/home/bentoaz/f1tenth_experimental_ws/build/local_planner/launch/local_planner_launch.py' -> '/home/bentoaz/f1tenth_experimental_ws/install/local_planner/share/local_planner/launch/local_planner_launch.py'
