[0.724s] Invoking command in '/home/bentoaz/NSF_IRES_2025_Codebase/control/src/traj_planning': AMENT_PREFIX_PATH=/home/bentoaz/NSF_IRES_2025_Codebase/control/install/traj_planning_msg:${AMENT_PREFIX_PATH} CMAKE_PREFIX_PATH=/home/bentoaz/NSF_IRES_2025_Codebase/control/install/traj_planning_msg:${CMAKE_PREFIX_PATH} LD_LIBRARY_PATH=/home/bentoaz/NSF_IRES_2025_Codebase/control/install/traj_planning_msg/lib:${LD_LIBRARY_PATH} PYTHONPATH=/home/bentoaz/NSF_IRES_2025_Codebase/control/build/traj_planning/prefix_override:/usr/lib/python3/dist-packages/colcon_core/task/python/colcon_distutils_commands:/home/bentoaz/NSF_IRES_2025_Codebase/control/install/traj_planning/lib/python3.10/site-packages:/home/bentoaz/NSF_IRES_2025_Codebase/control/install/traj_planning_msg/local/lib/python3.10/dist-packages:${PYTHONPATH} /usr/bin/python3 -W ignore:setup.py install is deprecated -W ignore:easy_install command is deprecated setup.py egg_info --egg-base ../../build/traj_planning build --build-base /home/bentoaz/NSF_IRES_2025_Codebase/control/build/traj_planning/build install --record /home/bentoaz/NSF_IRES_2025_Codebase/control/build/traj_planning/install.log --single-version-externally-managed install_data
[0.924s] running egg_info
[0.924s] writing ../../build/traj_planning/traj_planning.egg-info/PKG-INFO
[0.925s] writing dependency_links to ../../build/traj_planning/traj_planning.egg-info/dependency_links.txt
[0.925s] writing entry points to ../../build/traj_planning/traj_planning.egg-info/entry_points.txt
[0.925s] writing requirements to ../../build/traj_planning/traj_planning.egg-info/requires.txt
[0.925s] writing top-level names to ../../build/traj_planning/traj_planning.egg-info/top_level.txt
[0.926s] reading manifest file '../../build/traj_planning/traj_planning.egg-info/SOURCES.txt'
[0.934s] writing manifest file '../../build/traj_planning/traj_planning.egg-info/SOURCES.txt'
[0.934s] running build
[0.934s] running build_py
[0.934s] running install
[0.934s] running install_lib
[0.936s] running install_data
[0.936s] creating /home/bentoaz/NSF_IRES_2025_Codebase/control/install/traj_planning/share/traj_planning/launch
[0.936s] copying launch/carla_ros.launch.py -> /home/bentoaz/NSF_IRES_2025_Codebase/control/install/traj_planning/share/traj_planning/launch
[0.936s] running install_egg_info
[0.938s] removing '/home/bentoaz/NSF_IRES_2025_Codebase/control/install/traj_planning/lib/python3.10/site-packages/traj_planning-0.0.0-py3.10.egg-info' (and everything under it)
[0.938s] Copying ../../build/traj_planning/traj_planning.egg-info to /home/bentoaz/NSF_IRES_2025_Codebase/control/install/traj_planning/lib/python3.10/site-packages/traj_planning-0.0.0-py3.10.egg-info
[0.939s] running install_scripts
[0.955s] Installing local_planner script to /home/bentoaz/NSF_IRES_2025_Codebase/control/install/traj_planning/lib/traj_planning
[0.955s] Installing traj_selecter script to /home/bentoaz/NSF_IRES_2025_Codebase/control/install/traj_planning/lib/traj_planning
[0.955s] Installing traj_server script to /home/bentoaz/NSF_IRES_2025_Codebase/control/install/traj_planning/lib/traj_planning
[0.956s] Installing visualizer script to /home/bentoaz/NSF_IRES_2025_Codebase/control/install/traj_planning/lib/traj_planning
[0.956s] writing list of installed files to '/home/bentoaz/NSF_IRES_2025_Codebase/control/build/traj_planning/install.log'
[0.973s] Invoked command in '/home/bentoaz/NSF_IRES_2025_Codebase/control/src/traj_planning' returned '0': AMENT_PREFIX_PATH=/home/bentoaz/NSF_IRES_2025_Codebase/control/install/traj_planning_msg:${AMENT_PREFIX_PATH} CMAKE_PREFIX_PATH=/home/bentoaz/NSF_IRES_2025_Codebase/control/install/traj_planning_msg:${CMAKE_PREFIX_PATH} LD_LIBRARY_PATH=/home/bentoaz/NSF_IRES_2025_Codebase/control/install/traj_planning_msg/lib:${LD_LIBRARY_PATH} PYTHONPATH=/home/bentoaz/NSF_IRES_2025_Codebase/control/build/traj_planning/prefix_override:/usr/lib/python3/dist-packages/colcon_core/task/python/colcon_distutils_commands:/home/bentoaz/NSF_IRES_2025_Codebase/control/install/traj_planning/lib/python3.10/site-packages:/home/bentoaz/NSF_IRES_2025_Codebase/control/install/traj_planning_msg/local/lib/python3.10/dist-packages:${PYTHONPATH} /usr/bin/python3 -W ignore:setup.py install is deprecated -W ignore:easy_install command is deprecated setup.py egg_info --egg-base ../../build/traj_planning build --build-base /home/bentoaz/NSF_IRES_2025_Codebase/control/build/traj_planning/build install --record /home/bentoaz/NSF_IRES_2025_Codebase/control/build/traj_planning/install.log --single-version-externally-managed install_data
