[1.345s] Invoking command in '/home/bentoaz/NSF_IRES_2025_Codebase/control/src/traj_planning': PYTHONPATH=/home/bentoaz/NSF_IRES_2025_Codebase/control/build/traj_planning/prefix_override:/usr/lib/python3/dist-packages/colcon_core/task/python/colcon_distutils_commands:/home/bentoaz/NSF_IRES_2025_Codebase/control/install/traj_planning/lib/python3.10/site-packages:${PYTHONPATH} /usr/bin/python3 -W ignore:setup.py install is deprecated -W ignore:easy_install command is deprecated setup.py egg_info --egg-base ../../build/traj_planning build --build-base /home/bentoaz/NSF_IRES_2025_Codebase/control/build/traj_planning/build install --record /home/bentoaz/NSF_IRES_2025_Codebase/control/build/traj_planning/install.log --single-version-externally-managed install_data
[1.673s] running egg_info
[1.673s] writing ../../build/traj_planning/traj_planning.egg-info/PKG-INFO
[1.673s] writing dependency_links to ../../build/traj_planning/traj_planning.egg-info/dependency_links.txt
[1.673s] writing entry points to ../../build/traj_planning/traj_planning.egg-info/entry_points.txt
[1.673s] writing requirements to ../../build/traj_planning/traj_planning.egg-info/requires.txt
[1.673s] writing top-level names to ../../build/traj_planning/traj_planning.egg-info/top_level.txt
[1.675s] reading manifest file '../../build/traj_planning/traj_planning.egg-info/SOURCES.txt'
[1.675s] writing manifest file '../../build/traj_planning/traj_planning.egg-info/SOURCES.txt'
[1.675s] running build
[1.675s] running build_py
[1.676s] copying traj_planning/visualizer.py -> /home/bentoaz/NSF_IRES_2025_Codebase/control/build/traj_planning/build/lib/traj_planning
[1.676s] running install
[1.676s] running install_lib
[1.676s] copying /home/bentoaz/NSF_IRES_2025_Codebase/control/build/traj_planning/build/lib/traj_planning/visualizer.py -> /home/bentoaz/NSF_IRES_2025_Codebase/control/install/traj_planning/lib/python3.10/site-packages/traj_planning
[1.677s] byte-compiling /home/bentoaz/NSF_IRES_2025_Codebase/control/install/traj_planning/lib/python3.10/site-packages/traj_planning/visualizer.py to visualizer.cpython-310.pyc
[1.678s] running install_data
[1.678s] running install_egg_info
[1.680s] removing '/home/bentoaz/NSF_IRES_2025_Codebase/control/install/traj_planning/lib/python3.10/site-packages/traj_planning-0.0.0-py3.10.egg-info' (and everything under it)
[1.680s] Copying ../../build/traj_planning/traj_planning.egg-info to /home/bentoaz/NSF_IRES_2025_Codebase/control/install/traj_planning/lib/python3.10/site-packages/traj_planning-0.0.0-py3.10.egg-info
[1.680s] running install_scripts
[1.696s] Installing local_planner script to /home/bentoaz/NSF_IRES_2025_Codebase/control/install/traj_planning/lib/traj_planning
[1.696s] Installing traj_selecter script to /home/bentoaz/NSF_IRES_2025_Codebase/control/install/traj_planning/lib/traj_planning
[1.697s] Installing traj_server script to /home/bentoaz/NSF_IRES_2025_Codebase/control/install/traj_planning/lib/traj_planning
[1.697s] Installing visualizer script to /home/bentoaz/NSF_IRES_2025_Codebase/control/install/traj_planning/lib/traj_planning
[1.697s] writing list of installed files to '/home/bentoaz/NSF_IRES_2025_Codebase/control/build/traj_planning/install.log'
[1.711s] Invoked command in '/home/bentoaz/NSF_IRES_2025_Codebase/control/src/traj_planning' returned '0': PYTHONPATH=/home/bentoaz/NSF_IRES_2025_Codebase/control/build/traj_planning/prefix_override:/usr/lib/python3/dist-packages/colcon_core/task/python/colcon_distutils_commands:/home/bentoaz/NSF_IRES_2025_Codebase/control/install/traj_planning/lib/python3.10/site-packages:${PYTHONPATH} /usr/bin/python3 -W ignore:setup.py install is deprecated -W ignore:easy_install command is deprecated setup.py egg_info --egg-base ../../build/traj_planning build --build-base /home/bentoaz/NSF_IRES_2025_Codebase/control/build/traj_planning/build install --record /home/bentoaz/NSF_IRES_2025_Codebase/control/build/traj_planning/install.log --single-version-externally-managed install_data
