[0.120s] Invoking command in '/home/bentoaz/f1tenth_experimental_ws/build/local_planner_msgs': CMAKE_PREFIX_PATH=${CMAKE_PREFIX_PATH}:/home/bentoaz/f1tenth_gym_ros/install/f1tenth_gym_ros:/home/bentoaz/autoware/install/autoware_carla_interface:/home/bentoaz/autoware/install/ros2agnocast:/home/bentoaz/autoware/install/autoware_adapi_visualizers:/opt/ros/humble /usr/bin/cmake /home/bentoaz/f1tenth_experimental_ws/src/local_planner_msgs -DCMAKE_INSTALL_PREFIX=/home/bentoaz/f1tenth_experimental_ws/install/local_planner_msgs
[0.665s] -- Found ament_cmake: 1.3.11 (/opt/ros/humble/share/ament_cmake/cmake)
[0.666s] -- Override CMake install command with custom implementation using symlinks instead of copying resources
[0.666s] -- Found ament_lint_auto: 0.12.12 (/opt/ros/humble/share/ament_lint_auto/cmake)
[0.667s] -- Found std_msgs: 4.9.0 (/opt/ros/humble/share/std_msgs/cmake)
[0.667s] -- Found rosidl_generator_c: 3.1.6 (/opt/ros/humble/share/rosidl_generator_c/cmake)
[0.667s] -- Found rosidl_adapter: 3.1.6 (/opt/ros/humble/share/rosidl_adapter/cmake)
[0.667s] -- Found rosidl_generator_cpp: 3.1.6 (/opt/ros/humble/share/rosidl_generator_cpp/cmake)
[0.667s] -- Using all available rosidl_typesupport_c: rosidl_typesupport_fastrtps_c;rosidl_typesupport_introspection_c
[0.667s] -- Using all available rosidl_typesupport_cpp: rosidl_typesupport_fastrtps_cpp;rosidl_typesupport_introspection_cpp
[0.667s] -- Found nav_msgs: 4.9.0 (/opt/ros/humble/share/nav_msgs/cmake)
[0.668s] -- Found rosidl_default_generators: 1.2.0 (/opt/ros/humble/share/rosidl_default_generators/cmake)
[0.812s] -- Found ament_cmake_ros: 0.10.0 (/opt/ros/humble/share/ament_cmake_ros/cmake)
[1.345s] -- Using all available rosidl_typesupport_c: rosidl_typesupport_fastrtps_c;rosidl_typesupport_introspection_c
[1.538s] -- Using all available rosidl_typesupport_cpp: rosidl_typesupport_fastrtps_cpp;rosidl_typesupport_introspection_cpp
[1.569s] -- Found python_cmake_module: 0.10.0 (/opt/ros/humble/share/python_cmake_module/cmake)
[1.596s] -- Using PYTHON_EXECUTABLE: /usr/bin/python3
[1.597s] -- Using PYTHON_INCLUDE_DIRS: /usr/include/python3.10
[1.597s] -- Using PYTHON_LIBRARIES: /usr/lib/x86_64-linux-gnu/libpython3.10.so
[2.117s] -- Added test 'lint_cmake' to check CMake code style
[2.117s] -- Added test 'xmllint' to check XML markup files
[2.119s] -- Configuring done
[2.136s] -- Generating done
[2.142s] -- Build files have been written to: /home/bentoaz/f1tenth_experimental_ws/build/local_planner_msgs
