-- The C compiler identification is GNU 11.4.0
-- The CXX compiler identification is GNU 11.4.0
-- Detecting C compiler ABI info
-- Detecting C compiler ABI info - done
-- Check for working C compiler: /usr/bin/cc - skipped
-- Detecting C compile features
-- Detecting C compile features - done
-- Detecting CXX compiler ABI info
-- Detecting CXX compiler ABI info - done
-- Check for working CXX compiler: /usr/bin/c++ - skipped
-- Detecting CXX compile features
-- Detecting CXX compile features - done
-- Found ament_cmake: 1.3.11 (/opt/ros/humble/share/ament_cmake/cmake)
-- Found Python3: /usr/bin/python3 (found version "3.10.12") found components: Interpreter 
-- Found ament_lint_auto: 0.12.12 (/opt/ros/humble/share/ament_lint_auto/cmake)
-- Found nav_msgs: 4.8.0 (/opt/ros/humble/share/nav_msgs/cmake)
-- Found rosidl_generator_c: 3.1.6 (/opt/ros/humble/share/rosidl_generator_c/cmake)
-- Found rosidl_adapter: 3.1.6 (/opt/ros/humble/share/rosidl_adapter/cmake)
-- Found rosidl_generator_cpp: 3.1.6 (/opt/ros/humble/share/rosidl_generator_cpp/cmake)
-- Using all available rosidl_typesupport_c: rosidl_typesupport_fastrtps_c;rosidl_typesupport_introspection_c
-- Using all available rosidl_typesupport_cpp: rosidl_typesupport_fastrtps_cpp;rosidl_typesupport_introspection_cpp
-- Found ament_cmake_ros: 0.10.0 (/opt/ros/humble/share/ament_cmake_ros/cmake)
-- Using all available rosidl_typesupport_c: rosidl_typesupport_fastrtps_c;rosidl_typesupport_introspection_c
-- Using all available rosidl_typesupport_cpp: rosidl_typesupport_fastrtps_cpp;rosidl_typesupport_introspection_cpp
-- Added test 'lint_cmake' to check CMake code style
-- Added test 'xmllint' to check XML markup files
-- Configuring done
-- Generating done
-- Build files have been written to: /home/bentoaz/NSF_IRES_2025_Codebase/control/build/traj_planning_msg
[  4%] [34m[1mGenerating C code for ROS interfaces[0m
[  9%] [34m[1mGenerating C++ code for ROS interfaces[0m
[  9%] Built target traj_planning_msg__cpp
[ 18%] [34m[1mGenerating C++ type support dispatch for ROS interfaces[0m
[ 18%] [34m[1mGenerating C++ introspection for ROS interfaces[0m
[ 22%] [32mBuilding C object CMakeFiles/traj_planning_msg__rosidl_generator_c.dir/rosidl_generator_c/traj_planning_msg/msg/detail/path_list__functions.c.o[0m
[ 27%] [34m[1mGenerating C++ type support for eProsima Fast-RTPS[0m
[ 31%] [32m[1mLinking C shared library libtraj_planning_msg__rosidl_generator_c.so[0m
[ 31%] Built target traj_planning_msg__rosidl_generator_c
[ 36%] [34m[1mGenerating C type support for eProsima Fast-RTPS[0m
[ 40%] [34m[1mGenerating C type support dispatch for ROS interfaces[0m
[ 45%] [34m[1mGenerating C introspection for ROS interfaces[0m
[ 50%] [32mBuilding CXX object CMakeFiles/traj_planning_msg__rosidl_typesupport_introspection_cpp.dir/rosidl_typesupport_introspection_cpp/traj_planning_msg/msg/detail/path_list__type_support.cpp.o[0m
[ 54%] [32mBuilding CXX object CMakeFiles/traj_planning_msg__rosidl_typesupport_fastrtps_cpp.dir/rosidl_typesupport_fastrtps_cpp/traj_planning_msg/msg/detail/dds_fastrtps/path_list__type_support.cpp.o[0m
[ 59%] [32mBuilding CXX object CMakeFiles/traj_planning_msg__rosidl_typesupport_cpp.dir/rosidl_typesupport_cpp/traj_planning_msg/msg/path_list__type_support.cpp.o[0m
[ 63%] [32mBuilding CXX object CMakeFiles/traj_planning_msg__rosidl_typesupport_fastrtps_c.dir/rosidl_typesupport_fastrtps_c/traj_planning_msg/msg/detail/path_list__type_support_c.cpp.o[0m
[ 68%] [32mBuilding CXX object CMakeFiles/traj_planning_msg__rosidl_typesupport_c.dir/rosidl_typesupport_c/traj_planning_msg/msg/path_list__type_support.cpp.o[0m
[ 72%] [32m[1mLinking CXX shared library libtraj_planning_msg__rosidl_typesupport_c.so[0m
[ 72%] Built target traj_planning_msg__rosidl_typesupport_c
[ 77%] [32mBuilding C object CMakeFiles/traj_planning_msg__rosidl_typesupport_introspection_c.dir/rosidl_typesupport_introspection_c/traj_planning_msg/msg/detail/path_list__type_support.c.o[0m
[ 81%] [32m[1mLinking CXX shared library libtraj_planning_msg__rosidl_typesupport_cpp.so[0m
[ 86%] [32m[1mLinking C shared library libtraj_planning_msg__rosidl_typesupport_introspection_c.so[0m
[ 86%] Built target traj_planning_msg__rosidl_typesupport_introspection_c
[ 86%] Built target traj_planning_msg__rosidl_typesupport_cpp
[ 90%] [32m[1mLinking CXX shared library libtraj_planning_msg__rosidl_typesupport_introspection_cpp.so[0m
[ 95%] [32m[1mLinking CXX shared library libtraj_planning_msg__rosidl_typesupport_fastrtps_c.so[0m
[ 95%] Built target traj_planning_msg__rosidl_typesupport_introspection_cpp
[ 95%] Built target traj_planning_msg__rosidl_typesupport_fastrtps_c
[100%] [32m[1mLinking CXX shared library libtraj_planning_msg__rosidl_typesupport_fastrtps_cpp.so[0m
[100%] Built target traj_planning_msg__rosidl_typesupport_fastrtps_cpp
[100%] Built target traj_planning_msg
-- Install configuration: ""
-- Installing: /home/bentoaz/NSF_IRES_2025_Codebase/control/install/traj_planning_msg/share/ament_index/resource_index/rosidl_interfaces/traj_planning_msg
-- Installing: /home/bentoaz/NSF_IRES_2025_Codebase/control/install/traj_planning_msg/include/traj_planning_msg/traj_planning_msg
-- Installing: /home/bentoaz/NSF_IRES_2025_Codebase/control/install/traj_planning_msg/include/traj_planning_msg/traj_planning_msg/msg
-- Installing: /home/bentoaz/NSF_IRES_2025_Codebase/control/install/traj_planning_msg/include/traj_planning_msg/traj_planning_msg/msg/path_list.h
-- Installing: /home/bentoaz/NSF_IRES_2025_Codebase/control/install/traj_planning_msg/include/traj_planning_msg/traj_planning_msg/msg/rosidl_generator_c__visibility_control.h
-- Installing: /home/bentoaz/NSF_IRES_2025_Codebase/control/install/traj_planning_msg/include/traj_planning_msg/traj_planning_msg/msg/detail
-- Installing: /home/bentoaz/NSF_IRES_2025_Codebase/control/install/traj_planning_msg/include/traj_planning_msg/traj_planning_msg/msg/detail/path_list__struct.h
-- Installing: /home/bentoaz/NSF_IRES_2025_Codebase/control/install/traj_planning_msg/include/traj_planning_msg/traj_planning_msg/msg/detail/path_list__functions.h
-- Installing: /home/bentoaz/NSF_IRES_2025_Codebase/control/install/traj_planning_msg/include/traj_planning_msg/traj_planning_msg/msg/detail/path_list__type_support.h
-- Installing: /home/bentoaz/NSF_IRES_2025_Codebase/control/install/traj_planning_msg/include/traj_planning_msg/traj_planning_msg/msg/detail/path_list__functions.c
-- Installing: /home/bentoaz/NSF_IRES_2025_Codebase/control/install/traj_planning_msg/share/traj_planning_msg/environment/library_path.sh
-- Installing: /home/bentoaz/NSF_IRES_2025_Codebase/control/install/traj_planning_msg/share/traj_planning_msg/environment/library_path.dsv
-- Installing: /home/bentoaz/NSF_IRES_2025_Codebase/control/install/traj_planning_msg/lib/libtraj_planning_msg__rosidl_generator_c.so
-- Set runtime path of "/home/bentoaz/NSF_IRES_2025_Codebase/control/install/traj_planning_msg/lib/libtraj_planning_msg__rosidl_generator_c.so" to ""
-- Up-to-date: /home/bentoaz/NSF_IRES_2025_Codebase/control/install/traj_planning_msg/include/traj_planning_msg/traj_planning_msg
-- Up-to-date: /home/bentoaz/NSF_IRES_2025_Codebase/control/install/traj_planning_msg/include/traj_planning_msg/traj_planning_msg/msg
-- Installing: /home/bentoaz/NSF_IRES_2025_Codebase/control/install/traj_planning_msg/include/traj_planning_msg/traj_planning_msg/msg/rosidl_typesupport_fastrtps_c__visibility_control.h
-- Up-to-date: /home/bentoaz/NSF_IRES_2025_Codebase/control/install/traj_planning_msg/include/traj_planning_msg/traj_planning_msg/msg/detail
-- Installing: /home/bentoaz/NSF_IRES_2025_Codebase/control/install/traj_planning_msg/include/traj_planning_msg/traj_planning_msg/msg/detail/path_list__rosidl_typesupport_fastrtps_c.h
-- Installing: /home/bentoaz/NSF_IRES_2025_Codebase/control/install/traj_planning_msg/lib/libtraj_planning_msg__rosidl_typesupport_fastrtps_c.so
-- Set runtime path of "/home/bentoaz/NSF_IRES_2025_Codebase/control/install/traj_planning_msg/lib/libtraj_planning_msg__rosidl_typesupport_fastrtps_c.so" to ""
-- Up-to-date: /home/bentoaz/NSF_IRES_2025_Codebase/control/install/traj_planning_msg/include/traj_planning_msg/traj_planning_msg
-- Up-to-date: /home/bentoaz/NSF_IRES_2025_Codebase/control/install/traj_planning_msg/include/traj_planning_msg/traj_planning_msg/msg
-- Installing: /home/bentoaz/NSF_IRES_2025_Codebase/control/install/traj_planning_msg/include/traj_planning_msg/traj_planning_msg/msg/path_list.hpp
-- Up-to-date: /home/bentoaz/NSF_IRES_2025_Codebase/control/install/traj_planning_msg/include/traj_planning_msg/traj_planning_msg/msg/detail
-- Installing: /home/bentoaz/NSF_IRES_2025_Codebase/control/install/traj_planning_msg/include/traj_planning_msg/traj_planning_msg/msg/detail/path_list__builder.hpp
-- Installing: /home/bentoaz/NSF_IRES_2025_Codebase/control/install/traj_planning_msg/include/traj_planning_msg/traj_planning_msg/msg/detail/path_list__traits.hpp
-- Installing: /home/bentoaz/NSF_IRES_2025_Codebase/control/install/traj_planning_msg/include/traj_planning_msg/traj_planning_msg/msg/detail/path_list__type_support.hpp
-- Installing: /home/bentoaz/NSF_IRES_2025_Codebase/control/install/traj_planning_msg/include/traj_planning_msg/traj_planning_msg/msg/detail/path_list__struct.hpp
-- Installing: /home/bentoaz/NSF_IRES_2025_Codebase/control/install/traj_planning_msg/include/traj_planning_msg/traj_planning_msg/msg/rosidl_generator_cpp__visibility_control.hpp
-- Up-to-date: /home/bentoaz/NSF_IRES_2025_Codebase/control/install/traj_planning_msg/include/traj_planning_msg/traj_planning_msg
-- Up-to-date: /home/bentoaz/NSF_IRES_2025_Codebase/control/install/traj_planning_msg/include/traj_planning_msg/traj_planning_msg/msg
-- Up-to-date: /home/bentoaz/NSF_IRES_2025_Codebase/control/install/traj_planning_msg/include/traj_planning_msg/traj_planning_msg/msg/detail
-- Installing: /home/bentoaz/NSF_IRES_2025_Codebase/control/install/traj_planning_msg/include/traj_planning_msg/traj_planning_msg/msg/detail/dds_fastrtps
-- Installing: /home/bentoaz/NSF_IRES_2025_Codebase/control/install/traj_planning_msg/include/traj_planning_msg/traj_planning_msg/msg/detail/path_list__rosidl_typesupport_fastrtps_cpp.hpp
-- Installing: /home/bentoaz/NSF_IRES_2025_Codebase/control/install/traj_planning_msg/include/traj_planning_msg/traj_planning_msg/msg/rosidl_typesupport_fastrtps_cpp__visibility_control.h
-- Installing: /home/bentoaz/NSF_IRES_2025_Codebase/control/install/traj_planning_msg/lib/libtraj_planning_msg__rosidl_typesupport_fastrtps_cpp.so
-- Set runtime path of "/home/bentoaz/NSF_IRES_2025_Codebase/control/install/traj_planning_msg/lib/libtraj_planning_msg__rosidl_typesupport_fastrtps_cpp.so" to ""
-- Up-to-date: /home/bentoaz/NSF_IRES_2025_Codebase/control/install/traj_planning_msg/include/traj_planning_msg/traj_planning_msg
-- Up-to-date: /home/bentoaz/NSF_IRES_2025_Codebase/control/install/traj_planning_msg/include/traj_planning_msg/traj_planning_msg/msg
-- Up-to-date: /home/bentoaz/NSF_IRES_2025_Codebase/control/install/traj_planning_msg/include/traj_planning_msg/traj_planning_msg/msg/detail
-- Installing: /home/bentoaz/NSF_IRES_2025_Codebase/control/install/traj_planning_msg/include/traj_planning_msg/traj_planning_msg/msg/detail/path_list__rosidl_typesupport_introspection_c.h
-- Installing: /home/bentoaz/NSF_IRES_2025_Codebase/control/install/traj_planning_msg/include/traj_planning_msg/traj_planning_msg/msg/detail/path_list__type_support.c
-- Installing: /home/bentoaz/NSF_IRES_2025_Codebase/control/install/traj_planning_msg/include/traj_planning_msg/traj_planning_msg/msg/rosidl_typesupport_introspection_c__visibility_control.h
-- Installing: /home/bentoaz/NSF_IRES_2025_Codebase/control/install/traj_planning_msg/lib/libtraj_planning_msg__rosidl_typesupport_introspection_c.so
-- Set runtime path of "/home/bentoaz/NSF_IRES_2025_Codebase/control/install/traj_planning_msg/lib/libtraj_planning_msg__rosidl_typesupport_introspection_c.so" to ""
-- Installing: /home/bentoaz/NSF_IRES_2025_Codebase/control/install/traj_planning_msg/lib/libtraj_planning_msg__rosidl_typesupport_c.so
-- Set runtime path of "/home/bentoaz/NSF_IRES_2025_Codebase/control/install/traj_planning_msg/lib/libtraj_planning_msg__rosidl_typesupport_c.so" to ""
-- Up-to-date: /home/bentoaz/NSF_IRES_2025_Codebase/control/install/traj_planning_msg/include/traj_planning_msg/traj_planning_msg
-- Up-to-date: /home/bentoaz/NSF_IRES_2025_Codebase/control/install/traj_planning_msg/include/traj_planning_msg/traj_planning_msg/msg
-- Up-to-date: /home/bentoaz/NSF_IRES_2025_Codebase/control/install/traj_planning_msg/include/traj_planning_msg/traj_planning_msg/msg/detail
-- Installing: /home/bentoaz/NSF_IRES_2025_Codebase/control/install/traj_planning_msg/include/traj_planning_msg/traj_planning_msg/msg/detail/path_list__type_support.cpp
-- Installing: /home/bentoaz/NSF_IRES_2025_Codebase/control/install/traj_planning_msg/include/traj_planning_msg/traj_planning_msg/msg/detail/path_list__rosidl_typesupport_introspection_cpp.hpp
-- Installing: /home/bentoaz/NSF_IRES_2025_Codebase/control/install/traj_planning_msg/lib/libtraj_planning_msg__rosidl_typesupport_introspection_cpp.so
-- Set runtime path of "/home/bentoaz/NSF_IRES_2025_Codebase/control/install/traj_planning_msg/lib/libtraj_planning_msg__rosidl_typesupport_introspection_cpp.so" to ""
-- Installing: /home/bentoaz/NSF_IRES_2025_Codebase/control/install/traj_planning_msg/lib/libtraj_planning_msg__rosidl_typesupport_cpp.so
-- Set runtime path of "/home/bentoaz/NSF_IRES_2025_Codebase/control/install/traj_planning_msg/lib/libtraj_planning_msg__rosidl_typesupport_cpp.so" to ""
-- Installing: /home/bentoaz/NSF_IRES_2025_Codebase/control/install/traj_planning_msg/share/traj_planning_msg/msg/PathList.idl
-- Installing: /home/bentoaz/NSF_IRES_2025_Codebase/control/install/traj_planning_msg/share/traj_planning_msg/msg/PathList.msg
-- Installing: /home/bentoaz/NSF_IRES_2025_Codebase/control/install/traj_planning_msg/share/ament_index/resource_index/package_run_dependencies/traj_planning_msg
-- Installing: /home/bentoaz/NSF_IRES_2025_Codebase/control/install/traj_planning_msg/share/ament_index/resource_index/parent_prefix_path/traj_planning_msg
-- Installing: /home/bentoaz/NSF_IRES_2025_Codebase/control/install/traj_planning_msg/share/traj_planning_msg/environment/ament_prefix_path.sh
-- Installing: /home/bentoaz/NSF_IRES_2025_Codebase/control/install/traj_planning_msg/share/traj_planning_msg/environment/ament_prefix_path.dsv
-- Installing: /home/bentoaz/NSF_IRES_2025_Codebase/control/install/traj_planning_msg/share/traj_planning_msg/environment/path.sh
-- Installing: /home/bentoaz/NSF_IRES_2025_Codebase/control/install/traj_planning_msg/share/traj_planning_msg/environment/path.dsv
-- Installing: /home/bentoaz/NSF_IRES_2025_Codebase/control/install/traj_planning_msg/share/traj_planning_msg/local_setup.bash
-- Installing: /home/bentoaz/NSF_IRES_2025_Codebase/control/install/traj_planning_msg/share/traj_planning_msg/local_setup.sh
-- Installing: /home/bentoaz/NSF_IRES_2025_Codebase/control/install/traj_planning_msg/share/traj_planning_msg/local_setup.zsh
-- Installing: /home/bentoaz/NSF_IRES_2025_Codebase/control/install/traj_planning_msg/share/traj_planning_msg/local_setup.dsv
-- Installing: /home/bentoaz/NSF_IRES_2025_Codebase/control/install/traj_planning_msg/share/traj_planning_msg/package.dsv
-- Installing: /home/bentoaz/NSF_IRES_2025_Codebase/control/install/traj_planning_msg/share/ament_index/resource_index/packages/traj_planning_msg
-- Installing: /home/bentoaz/NSF_IRES_2025_Codebase/control/install/traj_planning_msg/share/traj_planning_msg/cmake/export_traj_planning_msg__rosidl_generator_cExport.cmake
-- Installing: /home/bentoaz/NSF_IRES_2025_Codebase/control/install/traj_planning_msg/share/traj_planning_msg/cmake/export_traj_planning_msg__rosidl_generator_cExport-noconfig.cmake
-- Installing: /home/bentoaz/NSF_IRES_2025_Codebase/control/install/traj_planning_msg/share/traj_planning_msg/cmake/export_traj_planning_msg__rosidl_typesupport_fastrtps_cExport.cmake
-- Installing: /home/bentoaz/NSF_IRES_2025_Codebase/control/install/traj_planning_msg/share/traj_planning_msg/cmake/export_traj_planning_msg__rosidl_typesupport_fastrtps_cExport-noconfig.cmake
-- Installing: /home/bentoaz/NSF_IRES_2025_Codebase/control/install/traj_planning_msg/share/traj_planning_msg/cmake/export_traj_planning_msg__rosidl_generator_cppExport.cmake
-- Installing: /home/bentoaz/NSF_IRES_2025_Codebase/control/install/traj_planning_msg/share/traj_planning_msg/cmake/export_traj_planning_msg__rosidl_typesupport_fastrtps_cppExport.cmake
-- Installing: /home/bentoaz/NSF_IRES_2025_Codebase/control/install/traj_planning_msg/share/traj_planning_msg/cmake/export_traj_planning_msg__rosidl_typesupport_fastrtps_cppExport-noconfig.cmake
-- Installing: /home/bentoaz/NSF_IRES_2025_Codebase/control/install/traj_planning_msg/share/traj_planning_msg/cmake/traj_planning_msg__rosidl_typesupport_introspection_cExport.cmake
-- Installing: /home/bentoaz/NSF_IRES_2025_Codebase/control/install/traj_planning_msg/share/traj_planning_msg/cmake/traj_planning_msg__rosidl_typesupport_introspection_cExport-noconfig.cmake
-- Installing: /home/bentoaz/NSF_IRES_2025_Codebase/control/install/traj_planning_msg/share/traj_planning_msg/cmake/traj_planning_msg__rosidl_typesupport_cExport.cmake
-- Installing: /home/bentoaz/NSF_IRES_2025_Codebase/control/install/traj_planning_msg/share/traj_planning_msg/cmake/traj_planning_msg__rosidl_typesupport_cExport-noconfig.cmake
-- Installing: /home/bentoaz/NSF_IRES_2025_Codebase/control/install/traj_planning_msg/share/traj_planning_msg/cmake/traj_planning_msg__rosidl_typesupport_introspection_cppExport.cmake
-- Installing: /home/bentoaz/NSF_IRES_2025_Codebase/control/install/traj_planning_msg/share/traj_planning_msg/cmake/traj_planning_msg__rosidl_typesupport_introspection_cppExport-noconfig.cmake
-- Installing: /home/bentoaz/NSF_IRES_2025_Codebase/control/install/traj_planning_msg/share/traj_planning_msg/cmake/traj_planning_msg__rosidl_typesupport_cppExport.cmake
-- Installing: /home/bentoaz/NSF_IRES_2025_Codebase/control/install/traj_planning_msg/share/traj_planning_msg/cmake/traj_planning_msg__rosidl_typesupport_cppExport-noconfig.cmake
-- Installing: /home/bentoaz/NSF_IRES_2025_Codebase/control/install/traj_planning_msg/share/traj_planning_msg/cmake/rosidl_cmake-extras.cmake
-- Installing: /home/bentoaz/NSF_IRES_2025_Codebase/control/install/traj_planning_msg/share/traj_planning_msg/cmake/ament_cmake_export_dependencies-extras.cmake
-- Installing: /home/bentoaz/NSF_IRES_2025_Codebase/control/install/traj_planning_msg/share/traj_planning_msg/cmake/ament_cmake_export_include_directories-extras.cmake
-- Installing: /home/bentoaz/NSF_IRES_2025_Codebase/control/install/traj_planning_msg/share/traj_planning_msg/cmake/ament_cmake_export_libraries-extras.cmake
-- Installing: /home/bentoaz/NSF_IRES_2025_Codebase/control/install/traj_planning_msg/share/traj_planning_msg/cmake/ament_cmake_export_targets-extras.cmake
-- Installing: /home/bentoaz/NSF_IRES_2025_Codebase/control/install/traj_planning_msg/share/traj_planning_msg/cmake/rosidl_cmake_export_typesupport_targets-extras.cmake
-- Installing: /home/bentoaz/NSF_IRES_2025_Codebase/control/install/traj_planning_msg/share/traj_planning_msg/cmake/rosidl_cmake_export_typesupport_libraries-extras.cmake
-- Installing: /home/bentoaz/NSF_IRES_2025_Codebase/control/install/traj_planning_msg/share/traj_planning_msg/cmake/traj_planning_msgConfig.cmake
-- Installing: /home/bentoaz/NSF_IRES_2025_Codebase/control/install/traj_planning_msg/share/traj_planning_msg/cmake/traj_planning_msgConfig-version.cmake
-- Installing: /home/bentoaz/NSF_IRES_2025_Codebase/control/install/traj_planning_msg/share/traj_planning_msg/package.xml
