[35m[1mConsolidate compiler generated dependencies of target safety_node[0m
[100%] Built target safety_node
[100%] Built target ament_cmake_python_symlink_safety_node_setup
[100%] Built target ament_cmake_python_symlink_safety_node
running egg_info
writing safety_node.egg-info/PKG-INFO
writing dependency_links to safety_node.egg-info/dependency_links.txt
writing top-level names to safety_node.egg-info/top_level.txt
reading manifest file 'safety_node.egg-info/SOURCES.txt'
writing manifest file 'safety_node.egg-info/SOURCES.txt'
[100%] Built target ament_cmake_python_build_safety_node_egg
-- Install configuration: ""
-- Execute custom install script
-- Symlinking: /home/bentoaz/f1tenth_experimental_ws/install/safety_node/lib/safety_node/safety_node
-- Symlinking: /home/bentoaz/f1tenth_experimental_ws/install/safety_node/share/safety_node/environment/pythonpath.sh
-- Symlinking: /home/bentoaz/f1tenth_experimental_ws/install/safety_node/share/safety_node/environment/pythonpath.dsv
-- Symlinking: /home/bentoaz/f1tenth_experimental_ws/install/safety_node/local/lib/python3.10/dist-packages/safety_node-0.0.0-py3.10.egg-info/PKG-INFO
-- Symlinking: /home/bentoaz/f1tenth_experimental_ws/install/safety_node/local/lib/python3.10/dist-packages/safety_node-0.0.0-py3.10.egg-info/SOURCES.txt
-- Symlinking: /home/bentoaz/f1tenth_experimental_ws/install/safety_node/local/lib/python3.10/dist-packages/safety_node-0.0.0-py3.10.egg-info/dependency_links.txt
-- Symlinking: /home/bentoaz/f1tenth_experimental_ws/install/safety_node/local/lib/python3.10/dist-packages/safety_node-0.0.0-py3.10.egg-info/top_level.txt
-- Symlinking: /home/bentoaz/f1tenth_experimental_ws/install/safety_node/local/lib/python3.10/dist-packages/safety_node/__init__.py
-- Symlinking: /home/bentoaz/f1tenth_experimental_ws/install/safety_node/lib/safety_node/safety_node.py
-- Symlinking: /home/bentoaz/f1tenth_experimental_ws/install/safety_node/share/ament_index/resource_index/package_run_dependencies/safety_node
-- Symlinking: /home/bentoaz/f1tenth_experimental_ws/install/safety_node/share/ament_index/resource_index/parent_prefix_path/safety_node
-- Symlinking: /home/bentoaz/f1tenth_experimental_ws/install/safety_node/share/safety_node/environment/ament_prefix_path.sh
-- Symlinking: /home/bentoaz/f1tenth_experimental_ws/install/safety_node/share/safety_node/environment/ament_prefix_path.dsv
-- Symlinking: /home/bentoaz/f1tenth_experimental_ws/install/safety_node/share/safety_node/environment/path.sh
-- Symlinking: /home/bentoaz/f1tenth_experimental_ws/install/safety_node/share/safety_node/environment/path.dsv
-- Symlinking: /home/bentoaz/f1tenth_experimental_ws/install/safety_node/share/safety_node/local_setup.bash
-- Symlinking: /home/bentoaz/f1tenth_experimental_ws/install/safety_node/share/safety_node/local_setup.sh
-- Symlinking: /home/bentoaz/f1tenth_experimental_ws/install/safety_node/share/safety_node/local_setup.zsh
-- Symlinking: /home/bentoaz/f1tenth_experimental_ws/install/safety_node/share/safety_node/local_setup.dsv
-- Symlinking: /home/bentoaz/f1tenth_experimental_ws/install/safety_node/share/safety_node/package.dsv
-- Symlinking: /home/bentoaz/f1tenth_experimental_ws/install/safety_node/share/ament_index/resource_index/packages/safety_node
-- Symlinking: /home/bentoaz/f1tenth_experimental_ws/install/safety_node/share/safety_node/cmake/safety_nodeConfig.cmake
-- Symlinking: /home/bentoaz/f1tenth_experimental_ws/install/safety_node/share/safety_node/cmake/safety_nodeConfig-version.cmake
-- Symlinking: /home/bentoaz/f1tenth_experimental_ws/install/safety_node/share/safety_node/package.xml
Listing '/home/bentoaz/f1tenth_experimental_ws/install/safety_node/local/lib/python3.10/dist-packages/safety_node'...
Compiling '/home/bentoaz/f1tenth_experimental_ws/install/safety_node/local/lib/python3.10/dist-packages/safety_node/__init__.py'...
