[0.115s] Invoking command in '/home/bentoaz/f1tenth_experimental_ws/build/local_planner_msgs': CMAKE_PREFIX_PATH=${CMAKE_PREFIX_PATH}:/home/bentoaz/f1tenth_gym_ros/install/f1tenth_gym_ros:/home/bentoaz/autoware/install/autoware_carla_interface:/home/bentoaz/autoware/install/ros2agnocast:/home/bentoaz/autoware/install/autoware_adapi_visualizers:/opt/ros/humble /usr/bin/cmake /home/bentoaz/f1tenth_experimental_ws/src/local_planner_msgs -DAMENT_CMAKE_SYMLINK_INSTALL=1 -DCMAKE_INSTALL_PREFIX=/home/bentoaz/f1tenth_experimental_ws/install/local_planner_msgs
[0.907s] -- The C compiler identification is GNU 11.4.0
[0.908s] -- The CXX compiler identification is GNU 11.4.0
[0.908s] -- Detecting C compiler ABI info
[0.908s] -- Detecting C compiler ABI info - done
[0.908s] -- Check for working C compiler: /usr/bin/cc - skipped
[0.908s] -- Detecting C compile features
[0.908s] -- Detecting C compile features - done
[0.908s] -- Detecting CXX compiler ABI info
[0.909s] -- Detecting CXX compiler ABI info - done
[0.909s] -- Check for working CXX compiler: /usr/bin/c++ - skipped
[0.909s] -- Detecting CXX compile features
[0.910s] -- Detecting CXX compile features - done
[0.910s] -- Found ament_cmake: 1.3.11 (/opt/ros/humble/share/ament_cmake/cmake)
[0.929s] -- Found Python3: /usr/bin/python3 (found version "3.10.12") found components: Interpreter 
[1.007s] -- Override CMake install command with custom implementation using symlinks instead of copying resources
[1.480s] -- Found ament_lint_auto: 0.12.12 (/opt/ros/humble/share/ament_lint_auto/cmake)
[1.841s] -- Found std_msgs: 4.9.0 (/opt/ros/humble/share/std_msgs/cmake)
[2.223s] -- Found rosidl_generator_c: 3.1.6 (/opt/ros/humble/share/rosidl_generator_c/cmake)
[2.298s] -- Found rosidl_adapter: 3.1.6 (/opt/ros/humble/share/rosidl_adapter/cmake)
[2.380s] -- Found rosidl_generator_cpp: 3.1.6 (/opt/ros/humble/share/rosidl_generator_cpp/cmake)
[2.511s] -- Using all available rosidl_typesupport_c: rosidl_typesupport_fastrtps_c;rosidl_typesupport_introspection_c
[2.685s] -- Using all available rosidl_typesupport_cpp: rosidl_typesupport_fastrtps_cpp;rosidl_typesupport_introspection_cpp
[2.863s] -- Found nav_msgs: 4.9.0 (/opt/ros/humble/share/nav_msgs/cmake)
[2.966s] -- Found rosidl_default_generators: 1.2.0 (/opt/ros/humble/share/rosidl_default_generators/cmake)
[3.443s] -- Found ament_cmake_ros: 0.10.0 (/opt/ros/humble/share/ament_cmake_ros/cmake)
[4.101s] -- Using all available rosidl_typesupport_c: rosidl_typesupport_fastrtps_c;rosidl_typesupport_introspection_c
[4.394s] -- Using all available rosidl_typesupport_cpp: rosidl_typesupport_fastrtps_cpp;rosidl_typesupport_introspection_cpp
[4.446s] -- Found PythonInterp: /usr/bin/python3 (found suitable version "3.10.12", minimum required is "3.6") 
[4.482s] -- Found python_cmake_module: 0.10.0 (/opt/ros/humble/share/python_cmake_module/cmake)
[4.543s] -- Found PythonLibs: /usr/lib/x86_64-linux-gnu/libpython3.10.so (found suitable version "3.10.12", minimum required is "3.5") 
[4.543s] -- Using PYTHON_EXECUTABLE: /usr/bin/python3
[4.543s] -- Using PYTHON_INCLUDE_DIRS: /usr/include/python3.10
[4.543s] -- Using PYTHON_LIBRARIES: /usr/lib/x86_64-linux-gnu/libpython3.10.so
[4.578s] -- Found PythonExtra: .so  
[5.885s] -- Added test 'lint_cmake' to check CMake code style
[5.893s] -- Added test 'xmllint' to check XML markup files
[5.912s] -- Configuring done
[5.968s] -- Generating done
[5.983s] -- Build files have been written to: /home/bentoaz/f1tenth_experimental_ws/build/local_planner_msgs
[5.997s] Invoked command in '/home/bentoaz/f1tenth_experimental_ws/build/local_planner_msgs' returned '0': CMAKE_PREFIX_PATH=${CMAKE_PREFIX_PATH}:/home/bentoaz/f1tenth_gym_ros/install/f1tenth_gym_ros:/home/bentoaz/autoware/install/autoware_carla_interface:/home/bentoaz/autoware/install/ros2agnocast:/home/bentoaz/autoware/install/autoware_adapi_visualizers:/opt/ros/humble /usr/bin/cmake /home/bentoaz/f1tenth_experimental_ws/src/local_planner_msgs -DAMENT_CMAKE_SYMLINK_INSTALL=1 -DCMAKE_INSTALL_PREFIX=/home/bentoaz/f1tenth_experimental_ws/install/local_planner_msgs
[5.999s] Invoking command in '/home/bentoaz/f1tenth_experimental_ws/build/local_planner_msgs': CMAKE_PREFIX_PATH=${CMAKE_PREFIX_PATH}:/home/bentoaz/f1tenth_gym_ros/install/f1tenth_gym_ros:/home/bentoaz/autoware/install/autoware_carla_interface:/home/bentoaz/autoware/install/ros2agnocast:/home/bentoaz/autoware/install/autoware_adapi_visualizers:/opt/ros/humble /usr/bin/cmake --build /home/bentoaz/f1tenth_experimental_ws/build/local_planner_msgs -- -j16 -l16
[6.197s] [  2%] [34m[1mGenerating C code for ROS interfaces[0m
[6.246s] [  5%] [34m[1mGenerating C++ code for ROS interfaces[0m
[6.290s] [  5%] Built target ament_cmake_python_symlink_local_planner_msgs
[6.612s] [  7%] [32mBuilding C object CMakeFiles/local_planner_msgs__rosidl_generator_c.dir/rosidl_generator_c/local_planner_msgs/msg/detail/trajectory_list__functions.c.o[0m
[6.624s] [  7%] Built target local_planner_msgs__cpp
[6.628s] [ 10%] [32mBuilding C object CMakeFiles/local_planner_msgs__rosidl_generator_c.dir/rosidl_generator_c/local_planner_msgs/msg/detail/trajectory__functions.c.o[0m
[6.666s] [ 12%] [34m[1mGenerating C++ introspection for ROS interfaces[0m
[6.675s] [ 15%] [34m[1mGenerating C++ type support for eProsima Fast-RTPS[0m
[6.680s] [ 17%] [34m[1mGenerating C++ type support dispatch for ROS interfaces[0m
[6.737s] [ 20%] [32m[1mLinking C shared library liblocal_planner_msgs__rosidl_generator_c.so[0m
[6.856s] [ 20%] Built target local_planner_msgs__rosidl_generator_c
[6.870s] running egg_info
[6.871s] creating local_planner_msgs.egg-info
[6.872s] writing local_planner_msgs.egg-info/PKG-INFO
[6.873s] writing dependency_links to local_planner_msgs.egg-info/dependency_links.txt
[6.874s] writing top-level names to local_planner_msgs.egg-info/top_level.txt
[6.875s] writing manifest file 'local_planner_msgs.egg-info/SOURCES.txt'
[6.879s] reading manifest file 'local_planner_msgs.egg-info/SOURCES.txt'
[6.880s] writing manifest file 'local_planner_msgs.egg-info/SOURCES.txt'
[6.908s] [ 28%] [34m[1mGenerating C type support dispatch for ROS interfaces[0m
[6.908s] [ 28%] [34m[1mGenerating C type support for eProsima Fast-RTPS[0m
[6.908s] [ 28%] [34m[1mGenerating C introspection for ROS interfaces[0m
[6.960s] [ 28%] Built target ament_cmake_python_build_local_planner_msgs_egg
[7.074s] [ 33%] [32mBuilding CXX object CMakeFiles/local_planner_msgs__rosidl_typesupport_introspection_cpp.dir/rosidl_typesupport_introspection_cpp/local_planner_msgs/msg/detail/trajectory__type_support.cpp.o[0m
[7.074s] [ 33%] [32mBuilding CXX object CMakeFiles/local_planner_msgs__rosidl_typesupport_introspection_cpp.dir/rosidl_typesupport_introspection_cpp/local_planner_msgs/msg/detail/trajectory_list__type_support.cpp.o[0m
[7.181s] [ 35%] [32mBuilding CXX object CMakeFiles/local_planner_msgs__rosidl_typesupport_cpp.dir/rosidl_typesupport_cpp/local_planner_msgs/msg/trajectory__type_support.cpp.o[0m
[7.182s] [ 38%] [32mBuilding CXX object CMakeFiles/local_planner_msgs__rosidl_typesupport_cpp.dir/rosidl_typesupport_cpp/local_planner_msgs/msg/trajectory_list__type_support.cpp.o[0m
[7.236s] [ 41%] [32mBuilding CXX object CMakeFiles/local_planner_msgs__rosidl_typesupport_fastrtps_cpp.dir/rosidl_typesupport_fastrtps_cpp/local_planner_msgs/msg/detail/dds_fastrtps/trajectory__type_support.cpp.o[0m
[7.255s] [ 43%] [32mBuilding CXX object CMakeFiles/local_planner_msgs__rosidl_typesupport_fastrtps_cpp.dir/rosidl_typesupport_fastrtps_cpp/local_planner_msgs/msg/detail/dds_fastrtps/trajectory_list__type_support.cpp.o[0m
[7.428s] [ 46%] [32mBuilding CXX object CMakeFiles/local_planner_msgs__rosidl_typesupport_c.dir/rosidl_typesupport_c/local_planner_msgs/msg/trajectory_list__type_support.cpp.o[0m
[7.487s] [ 48%] [32mBuilding CXX object CMakeFiles/local_planner_msgs__rosidl_typesupport_c.dir/rosidl_typesupport_c/local_planner_msgs/msg/trajectory__type_support.cpp.o[0m
[7.499s] [ 51%] [32mBuilding CXX object CMakeFiles/local_planner_msgs__rosidl_typesupport_fastrtps_c.dir/rosidl_typesupport_fastrtps_c/local_planner_msgs/msg/detail/trajectory_list__type_support_c.cpp.o[0m
[7.534s] [ 53%] [32mBuilding CXX object CMakeFiles/local_planner_msgs__rosidl_typesupport_fastrtps_c.dir/rosidl_typesupport_fastrtps_c/local_planner_msgs/msg/detail/trajectory__type_support_c.cpp.o[0m
[7.563s] [ 56%] [32mBuilding C object CMakeFiles/local_planner_msgs__rosidl_typesupport_introspection_c.dir/rosidl_typesupport_introspection_c/local_planner_msgs/msg/detail/trajectory_list__type_support.c.o[0m
[7.588s] [ 58%] [32mBuilding C object CMakeFiles/local_planner_msgs__rosidl_typesupport_introspection_c.dir/rosidl_typesupport_introspection_c/local_planner_msgs/msg/detail/trajectory__type_support.c.o[0m
[7.606s] [ 61%] [32m[1mLinking CXX shared library liblocal_planner_msgs__rosidl_typesupport_c.so[0m
[7.665s] [ 66%] [32m[1mLinking CXX shared library liblocal_planner_msgs__rosidl_typesupport_introspection_cpp.so[0m
[7.666s] [ 66%] [32m[1mLinking CXX shared library liblocal_planner_msgs__rosidl_typesupport_cpp.so[0m
[7.718s] [ 69%] [32m[1mLinking C shared library liblocal_planner_msgs__rosidl_typesupport_introspection_c.so[0m
[7.767s] [ 69%] Built target local_planner_msgs__rosidl_typesupport_c
[7.805s] [ 69%] Built target local_planner_msgs__rosidl_typesupport_cpp
[7.832s] [ 69%] Built target local_planner_msgs__rosidl_typesupport_introspection_cpp
[7.836s] [ 69%] Built target local_planner_msgs__rosidl_typesupport_introspection_c
[7.904s] [ 71%] [32m[1mLinking CXX shared library liblocal_planner_msgs__rosidl_typesupport_fastrtps_cpp.so[0m
[7.972s] [ 74%] [32m[1mLinking CXX shared library liblocal_planner_msgs__rosidl_typesupport_fastrtps_c.so[0m
[8.068s] [ 74%] Built target local_planner_msgs__rosidl_typesupport_fastrtps_cpp
[8.079s] [ 74%] Built target local_planner_msgs__rosidl_typesupport_fastrtps_c
[8.155s] [ 74%] Built target local_planner_msgs
[8.242s] [ 76%] [34m[1mGenerating Python code for ROS interfaces[0m
[8.596s] [ 76%] Built target local_planner_msgs__py
[8.699s] [ 82%] [32mBuilding C object CMakeFiles/local_planner_msgs__rosidl_generator_py.dir/rosidl_generator_py/local_planner_msgs/msg/_trajectory_list_s.c.o[0m
[8.699s] [ 82%] [32mBuilding C object CMakeFiles/local_planner_msgs__rosidl_generator_py.dir/rosidl_generator_py/local_planner_msgs/msg/_trajectory_s.c.o[0m
[8.868s] [ 84%] [32m[1mLinking C shared library rosidl_generator_py/local_planner_msgs/liblocal_planner_msgs__rosidl_generator_py.so[0m
[8.998s] [ 84%] Built target local_planner_msgs__rosidl_generator_py
[9.075s] [ 87%] [32mBuilding C object CMakeFiles/local_planner_msgs__rosidl_typesupport_fastrtps_c__pyext.dir/rosidl_generator_py/local_planner_msgs/_local_planner_msgs_s.ep.rosidl_typesupport_fastrtps_c.c.o[0m
[9.085s] [ 89%] [32mBuilding C object CMakeFiles/local_planner_msgs__rosidl_typesupport_c__pyext.dir/rosidl_generator_py/local_planner_msgs/_local_planner_msgs_s.ep.rosidl_typesupport_c.c.o[0m
[9.105s] [ 92%] [32mBuilding C object CMakeFiles/local_planner_msgs__rosidl_typesupport_introspection_c__pyext.dir/rosidl_generator_py/local_planner_msgs/_local_planner_msgs_s.ep.rosidl_typesupport_introspection_c.c.o[0m
[9.186s] [ 94%] [32m[1mLinking C shared library rosidl_generator_py/local_planner_msgs/local_planner_msgs_s__rosidl_typesupport_c.cpython-310-x86_64-linux-gnu.so[0m
[9.236s] [ 97%] [32m[1mLinking C shared library rosidl_generator_py/local_planner_msgs/local_planner_msgs_s__rosidl_typesupport_fastrtps_c.cpython-310-x86_64-linux-gnu.so[0m
[9.281s] [100%] [32m[1mLinking C shared library rosidl_generator_py/local_planner_msgs/local_planner_msgs_s__rosidl_typesupport_introspection_c.cpython-310-x86_64-linux-gnu.so[0m
[9.313s] [100%] Built target local_planner_msgs__rosidl_typesupport_c__pyext
[9.371s] [100%] Built target local_planner_msgs__rosidl_typesupport_fastrtps_c__pyext
[9.376s] [100%] Built target local_planner_msgs__rosidl_typesupport_introspection_c__pyext
[9.400s] Invoked command in '/home/bentoaz/f1tenth_experimental_ws/build/local_planner_msgs' returned '0': CMAKE_PREFIX_PATH=${CMAKE_PREFIX_PATH}:/home/bentoaz/f1tenth_gym_ros/install/f1tenth_gym_ros:/home/bentoaz/autoware/install/autoware_carla_interface:/home/bentoaz/autoware/install/ros2agnocast:/home/bentoaz/autoware/install/autoware_adapi_visualizers:/opt/ros/humble /usr/bin/cmake --build /home/bentoaz/f1tenth_experimental_ws/build/local_planner_msgs -- -j16 -l16
[9.438s] Invoking command in '/home/bentoaz/f1tenth_experimental_ws/build/local_planner_msgs': CMAKE_PREFIX_PATH=${CMAKE_PREFIX_PATH}:/home/bentoaz/f1tenth_gym_ros/install/f1tenth_gym_ros:/home/bentoaz/autoware/install/autoware_carla_interface:/home/bentoaz/autoware/install/ros2agnocast:/home/bentoaz/autoware/install/autoware_adapi_visualizers:/opt/ros/humble /usr/bin/cmake --install /home/bentoaz/f1tenth_experimental_ws/build/local_planner_msgs
[9.475s] -- Install configuration: ""
[9.476s] -- Execute custom install script
[9.476s] -- Symlinking: /home/bentoaz/f1tenth_experimental_ws/install/local_planner_msgs/share/ament_index/resource_index/rosidl_interfaces/local_planner_msgs
[9.501s] -- Symlinking: /home/bentoaz/f1tenth_experimental_ws/install/local_planner_msgs/include/local_planner_msgs/local_planner_msgs/msg/detail/trajectory__functions.h
[9.523s] -- Symlinking: /home/bentoaz/f1tenth_experimental_ws/install/local_planner_msgs/include/local_planner_msgs/local_planner_msgs/msg/detail/trajectory__struct.h
[9.548s] -- Symlinking: /home/bentoaz/f1tenth_experimental_ws/install/local_planner_msgs/include/local_planner_msgs/local_planner_msgs/msg/detail/trajectory__type_support.h
[9.583s] -- Symlinking: /home/bentoaz/f1tenth_experimental_ws/install/local_planner_msgs/include/local_planner_msgs/local_planner_msgs/msg/detail/trajectory_list__functions.h
[9.603s] -- Symlinking: /home/bentoaz/f1tenth_experimental_ws/install/local_planner_msgs/include/local_planner_msgs/local_planner_msgs/msg/detail/trajectory_list__struct.h
[9.624s] -- Symlinking: /home/bentoaz/f1tenth_experimental_ws/install/local_planner_msgs/include/local_planner_msgs/local_planner_msgs/msg/detail/trajectory_list__type_support.h
[9.646s] -- Symlinking: /home/bentoaz/f1tenth_experimental_ws/install/local_planner_msgs/include/local_planner_msgs/local_planner_msgs/msg/rosidl_generator_c__visibility_control.h
[9.667s] -- Symlinking: /home/bentoaz/f1tenth_experimental_ws/install/local_planner_msgs/include/local_planner_msgs/local_planner_msgs/msg/trajectory.h
[9.692s] -- Symlinking: /home/bentoaz/f1tenth_experimental_ws/install/local_planner_msgs/include/local_planner_msgs/local_planner_msgs/msg/trajectory_list.h
[9.716s] -- Symlinking: /home/bentoaz/f1tenth_experimental_ws/install/local_planner_msgs/share/local_planner_msgs/environment/library_path.sh
[9.744s] -- Symlinking: /home/bentoaz/f1tenth_experimental_ws/install/local_planner_msgs/share/local_planner_msgs/environment/library_path.dsv
[9.779s] -- Symlinking: /home/bentoaz/f1tenth_experimental_ws/install/local_planner_msgs/include/local_planner_msgs/local_planner_msgs/msg/detail/trajectory__rosidl_typesupport_fastrtps_c.h
[9.814s] -- Symlinking: /home/bentoaz/f1tenth_experimental_ws/install/local_planner_msgs/include/local_planner_msgs/local_planner_msgs/msg/detail/trajectory_list__rosidl_typesupport_fastrtps_c.h
[9.849s] -- Symlinking: /home/bentoaz/f1tenth_experimental_ws/install/local_planner_msgs/include/local_planner_msgs/local_planner_msgs/msg/rosidl_typesupport_fastrtps_c__visibility_control.h
[9.883s] -- Symlinking: /home/bentoaz/f1tenth_experimental_ws/install/local_planner_msgs/include/local_planner_msgs/local_planner_msgs/msg/detail/trajectory__builder.hpp
[9.917s] -- Symlinking: /home/bentoaz/f1tenth_experimental_ws/install/local_planner_msgs/include/local_planner_msgs/local_planner_msgs/msg/detail/trajectory__struct.hpp
[9.948s] -- Symlinking: /home/bentoaz/f1tenth_experimental_ws/install/local_planner_msgs/include/local_planner_msgs/local_planner_msgs/msg/detail/trajectory__traits.hpp
[9.980s] -- Symlinking: /home/bentoaz/f1tenth_experimental_ws/install/local_planner_msgs/include/local_planner_msgs/local_planner_msgs/msg/detail/trajectory__type_support.hpp
[10.012s] -- Symlinking: /home/bentoaz/f1tenth_experimental_ws/install/local_planner_msgs/include/local_planner_msgs/local_planner_msgs/msg/detail/trajectory_list__builder.hpp
[10.043s] -- Symlinking: /home/bentoaz/f1tenth_experimental_ws/install/local_planner_msgs/include/local_planner_msgs/local_planner_msgs/msg/detail/trajectory_list__struct.hpp
[10.076s] -- Symlinking: /home/bentoaz/f1tenth_experimental_ws/install/local_planner_msgs/include/local_planner_msgs/local_planner_msgs/msg/detail/trajectory_list__traits.hpp
[10.098s] -- Symlinking: /home/bentoaz/f1tenth_experimental_ws/install/local_planner_msgs/include/local_planner_msgs/local_planner_msgs/msg/detail/trajectory_list__type_support.hpp
[10.125s] -- Symlinking: /home/bentoaz/f1tenth_experimental_ws/install/local_planner_msgs/include/local_planner_msgs/local_planner_msgs/msg/rosidl_generator_cpp__visibility_control.hpp
[10.156s] -- Symlinking: /home/bentoaz/f1tenth_experimental_ws/install/local_planner_msgs/include/local_planner_msgs/local_planner_msgs/msg/trajectory.hpp
[10.189s] -- Symlinking: /home/bentoaz/f1tenth_experimental_ws/install/local_planner_msgs/include/local_planner_msgs/local_planner_msgs/msg/trajectory_list.hpp
[10.221s] -- Symlinking: /home/bentoaz/f1tenth_experimental_ws/install/local_planner_msgs/include/local_planner_msgs/local_planner_msgs/msg/detail/trajectory__rosidl_typesupport_fastrtps_cpp.hpp
[10.252s] -- Symlinking: /home/bentoaz/f1tenth_experimental_ws/install/local_planner_msgs/include/local_planner_msgs/local_planner_msgs/msg/detail/trajectory_list__rosidl_typesupport_fastrtps_cpp.hpp
[10.286s] -- Symlinking: /home/bentoaz/f1tenth_experimental_ws/install/local_planner_msgs/include/local_planner_msgs/local_planner_msgs/msg/rosidl_typesupport_fastrtps_cpp__visibility_control.h
[10.318s] -- Symlinking: /home/bentoaz/f1tenth_experimental_ws/install/local_planner_msgs/include/local_planner_msgs/local_planner_msgs/msg/detail/trajectory__rosidl_typesupport_introspection_c.h
[10.350s] -- Symlinking: /home/bentoaz/f1tenth_experimental_ws/install/local_planner_msgs/include/local_planner_msgs/local_planner_msgs/msg/detail/trajectory_list__rosidl_typesupport_introspection_c.h
[10.378s] -- Symlinking: /home/bentoaz/f1tenth_experimental_ws/install/local_planner_msgs/include/local_planner_msgs/local_planner_msgs/msg/rosidl_typesupport_introspection_c__visibility_control.h
[10.400s] -- Symlinking: /home/bentoaz/f1tenth_experimental_ws/install/local_planner_msgs/include/local_planner_msgs/local_planner_msgs/msg/detail/trajectory__rosidl_typesupport_introspection_cpp.hpp
[10.420s] -- Symlinking: /home/bentoaz/f1tenth_experimental_ws/install/local_planner_msgs/include/local_planner_msgs/local_planner_msgs/msg/detail/trajectory_list__rosidl_typesupport_introspection_cpp.hpp
[10.446s] -- Symlinking: /home/bentoaz/f1tenth_experimental_ws/install/local_planner_msgs/share/local_planner_msgs/environment/pythonpath.sh
[10.466s] -- Symlinking: /home/bentoaz/f1tenth_experimental_ws/install/local_planner_msgs/share/local_planner_msgs/environment/pythonpath.dsv
[10.487s] -- Symlinking: /home/bentoaz/f1tenth_experimental_ws/install/local_planner_msgs/local/lib/python3.10/dist-packages/local_planner_msgs-0.0.0-py3.10.egg-info/PKG-INFO
[10.514s] -- Symlinking: /home/bentoaz/f1tenth_experimental_ws/install/local_planner_msgs/local/lib/python3.10/dist-packages/local_planner_msgs-0.0.0-py3.10.egg-info/SOURCES.txt
[10.546s] -- Symlinking: /home/bentoaz/f1tenth_experimental_ws/install/local_planner_msgs/local/lib/python3.10/dist-packages/local_planner_msgs-0.0.0-py3.10.egg-info/dependency_links.txt
[10.578s] -- Symlinking: /home/bentoaz/f1tenth_experimental_ws/install/local_planner_msgs/local/lib/python3.10/dist-packages/local_planner_msgs-0.0.0-py3.10.egg-info/top_level.txt
[10.609s] -- Symlinking: /home/bentoaz/f1tenth_experimental_ws/install/local_planner_msgs/local/lib/python3.10/dist-packages/local_planner_msgs/__init__.py
[10.641s] -- Symlinking: /home/bentoaz/f1tenth_experimental_ws/install/local_planner_msgs/local/lib/python3.10/dist-packages/local_planner_msgs/_local_planner_msgs_s.ep.rosidl_typesupport_c.c
[10.676s] -- Symlinking: /home/bentoaz/f1tenth_experimental_ws/install/local_planner_msgs/local/lib/python3.10/dist-packages/local_planner_msgs/_local_planner_msgs_s.ep.rosidl_typesupport_fastrtps_c.c
[10.712s] -- Symlinking: /home/bentoaz/f1tenth_experimental_ws/install/local_planner_msgs/local/lib/python3.10/dist-packages/local_planner_msgs/_local_planner_msgs_s.ep.rosidl_typesupport_introspection_c.c
[10.747s] -- Symlinking: /home/bentoaz/f1tenth_experimental_ws/install/local_planner_msgs/local/lib/python3.10/dist-packages/local_planner_msgs/liblocal_planner_msgs__rosidl_generator_py.so
[10.786s] -- Symlinking: /home/bentoaz/f1tenth_experimental_ws/install/local_planner_msgs/local/lib/python3.10/dist-packages/local_planner_msgs/local_planner_msgs_s__rosidl_typesupport_c.cpython-310-x86_64-linux-gnu.so
[10.822s] -- Symlinking: /home/bentoaz/f1tenth_experimental_ws/install/local_planner_msgs/local/lib/python3.10/dist-packages/local_planner_msgs/local_planner_msgs_s__rosidl_typesupport_fastrtps_c.cpython-310-x86_64-linux-gnu.so
[10.851s] -- Symlinking: /home/bentoaz/f1tenth_experimental_ws/install/local_planner_msgs/local/lib/python3.10/dist-packages/local_planner_msgs/local_planner_msgs_s__rosidl_typesupport_introspection_c.cpython-310-x86_64-linux-gnu.so
[10.884s] -- Symlinking: /home/bentoaz/f1tenth_experimental_ws/install/local_planner_msgs/local/lib/python3.10/dist-packages/local_planner_msgs/msg/__init__.py
[10.907s] -- Symlinking: /home/bentoaz/f1tenth_experimental_ws/install/local_planner_msgs/local/lib/python3.10/dist-packages/local_planner_msgs/msg/_trajectory.py
[10.938s] -- Symlinking: /home/bentoaz/f1tenth_experimental_ws/install/local_planner_msgs/local/lib/python3.10/dist-packages/local_planner_msgs/msg/_trajectory_list.py
[10.968s] -- Symlinking: /home/bentoaz/f1tenth_experimental_ws/install/local_planner_msgs/local/lib/python3.10/dist-packages/local_planner_msgs/msg/_trajectory_list_s.c
[10.995s] -- Symlinking: /home/bentoaz/f1tenth_experimental_ws/install/local_planner_msgs/local/lib/python3.10/dist-packages/local_planner_msgs/msg/_trajectory_s.c
[11.016s] -- Up-to-date symlink: /home/bentoaz/f1tenth_experimental_ws/install/local_planner_msgs/local/lib/python3.10/dist-packages/local_planner_msgs/local_planner_msgs_s__rosidl_typesupport_fastrtps_c.cpython-310-x86_64-linux-gnu.so
[11.016s] -- Up-to-date symlink: /home/bentoaz/f1tenth_experimental_ws/install/local_planner_msgs/local/lib/python3.10/dist-packages/local_planner_msgs/local_planner_msgs_s__rosidl_typesupport_introspection_c.cpython-310-x86_64-linux-gnu.so
[11.016s] -- Up-to-date symlink: /home/bentoaz/f1tenth_experimental_ws/install/local_planner_msgs/local/lib/python3.10/dist-packages/local_planner_msgs/local_planner_msgs_s__rosidl_typesupport_c.cpython-310-x86_64-linux-gnu.so
[11.016s] -- Symlinking: /home/bentoaz/f1tenth_experimental_ws/install/local_planner_msgs/share/local_planner_msgs/msg/TrajectoryList.idl
[11.039s] -- Symlinking: /home/bentoaz/f1tenth_experimental_ws/install/local_planner_msgs/share/local_planner_msgs/msg/Trajectory.idl
[11.072s] -- Symlinking: /home/bentoaz/f1tenth_experimental_ws/install/local_planner_msgs/share/local_planner_msgs/msg/TrajectoryList.msg
[11.105s] -- Symlinking: /home/bentoaz/f1tenth_experimental_ws/install/local_planner_msgs/share/local_planner_msgs/msg/Trajectory.msg
[11.138s] -- Symlinking: /home/bentoaz/f1tenth_experimental_ws/install/local_planner_msgs/share/ament_index/resource_index/package_run_dependencies/local_planner_msgs
[11.172s] -- Symlinking: /home/bentoaz/f1tenth_experimental_ws/install/local_planner_msgs/share/ament_index/resource_index/parent_prefix_path/local_planner_msgs
[11.192s] -- Symlinking: /home/bentoaz/f1tenth_experimental_ws/install/local_planner_msgs/share/local_planner_msgs/environment/ament_prefix_path.sh
[11.220s] -- Symlinking: /home/bentoaz/f1tenth_experimental_ws/install/local_planner_msgs/share/local_planner_msgs/environment/ament_prefix_path.dsv
[11.241s] -- Symlinking: /home/bentoaz/f1tenth_experimental_ws/install/local_planner_msgs/share/local_planner_msgs/environment/path.sh
[11.270s] -- Symlinking: /home/bentoaz/f1tenth_experimental_ws/install/local_planner_msgs/share/local_planner_msgs/environment/path.dsv
[11.292s] -- Symlinking: /home/bentoaz/f1tenth_experimental_ws/install/local_planner_msgs/share/local_planner_msgs/local_setup.bash
[11.312s] -- Symlinking: /home/bentoaz/f1tenth_experimental_ws/install/local_planner_msgs/share/local_planner_msgs/local_setup.sh
[11.345s] -- Symlinking: /home/bentoaz/f1tenth_experimental_ws/install/local_planner_msgs/share/local_planner_msgs/local_setup.zsh
[11.380s] -- Symlinking: /home/bentoaz/f1tenth_experimental_ws/install/local_planner_msgs/share/local_planner_msgs/local_setup.dsv
[11.403s] -- Symlinking: /home/bentoaz/f1tenth_experimental_ws/install/local_planner_msgs/share/local_planner_msgs/package.dsv
[11.429s] -- Symlinking: /home/bentoaz/f1tenth_experimental_ws/install/local_planner_msgs/share/ament_index/resource_index/packages/local_planner_msgs
[11.450s] -- Symlinking: /home/bentoaz/f1tenth_experimental_ws/install/local_planner_msgs/share/local_planner_msgs/cmake/rosidl_cmake-extras.cmake
[11.486s] -- Symlinking: /home/bentoaz/f1tenth_experimental_ws/install/local_planner_msgs/share/local_planner_msgs/cmake/ament_cmake_export_dependencies-extras.cmake
[11.514s] -- Symlinking: /home/bentoaz/f1tenth_experimental_ws/install/local_planner_msgs/share/local_planner_msgs/cmake/ament_cmake_export_include_directories-extras.cmake
[11.536s] -- Symlinking: /home/bentoaz/f1tenth_experimental_ws/install/local_planner_msgs/share/local_planner_msgs/cmake/ament_cmake_export_libraries-extras.cmake
[11.556s] -- Symlinking: /home/bentoaz/f1tenth_experimental_ws/install/local_planner_msgs/share/local_planner_msgs/cmake/ament_cmake_export_targets-extras.cmake
[11.577s] -- Symlinking: /home/bentoaz/f1tenth_experimental_ws/install/local_planner_msgs/share/local_planner_msgs/cmake/rosidl_cmake_export_typesupport_targets-extras.cmake
[11.598s] -- Symlinking: /home/bentoaz/f1tenth_experimental_ws/install/local_planner_msgs/share/local_planner_msgs/cmake/rosidl_cmake_export_typesupport_libraries-extras.cmake
[11.632s] -- Symlinking: /home/bentoaz/f1tenth_experimental_ws/install/local_planner_msgs/share/local_planner_msgs/cmake/local_planner_msgsConfig.cmake
[11.653s] -- Symlinking: /home/bentoaz/f1tenth_experimental_ws/install/local_planner_msgs/share/local_planner_msgs/cmake/local_planner_msgsConfig-version.cmake
[11.687s] -- Symlinking: /home/bentoaz/f1tenth_experimental_ws/install/local_planner_msgs/share/local_planner_msgs/package.xml
[11.720s] -- Installing: /home/bentoaz/f1tenth_experimental_ws/install/local_planner_msgs/lib/liblocal_planner_msgs__rosidl_generator_c.so
[11.720s] -- Set runtime path of "/home/bentoaz/f1tenth_experimental_ws/install/local_planner_msgs/lib/liblocal_planner_msgs__rosidl_generator_c.so" to ""
[11.720s] -- Installing: /home/bentoaz/f1tenth_experimental_ws/install/local_planner_msgs/lib/liblocal_planner_msgs__rosidl_typesupport_fastrtps_c.so
[11.721s] -- Set runtime path of "/home/bentoaz/f1tenth_experimental_ws/install/local_planner_msgs/lib/liblocal_planner_msgs__rosidl_typesupport_fastrtps_c.so" to ""
[11.721s] -- Installing: /home/bentoaz/f1tenth_experimental_ws/install/local_planner_msgs/lib/liblocal_planner_msgs__rosidl_typesupport_fastrtps_cpp.so
[11.722s] -- Set runtime path of "/home/bentoaz/f1tenth_experimental_ws/install/local_planner_msgs/lib/liblocal_planner_msgs__rosidl_typesupport_fastrtps_cpp.so" to ""
[11.722s] -- Installing: /home/bentoaz/f1tenth_experimental_ws/install/local_planner_msgs/lib/liblocal_planner_msgs__rosidl_typesupport_introspection_c.so
[11.722s] -- Set runtime path of "/home/bentoaz/f1tenth_experimental_ws/install/local_planner_msgs/lib/liblocal_planner_msgs__rosidl_typesupport_introspection_c.so" to ""
[11.722s] -- Installing: /home/bentoaz/f1tenth_experimental_ws/install/local_planner_msgs/lib/liblocal_planner_msgs__rosidl_typesupport_c.so
[11.722s] -- Set runtime path of "/home/bentoaz/f1tenth_experimental_ws/install/local_planner_msgs/lib/liblocal_planner_msgs__rosidl_typesupport_c.so" to ""
[11.723s] -- Installing: /home/bentoaz/f1tenth_experimental_ws/install/local_planner_msgs/lib/liblocal_planner_msgs__rosidl_typesupport_introspection_cpp.so
[11.723s] -- Set runtime path of "/home/bentoaz/f1tenth_experimental_ws/install/local_planner_msgs/lib/liblocal_planner_msgs__rosidl_typesupport_introspection_cpp.so" to ""
[11.723s] -- Installing: /home/bentoaz/f1tenth_experimental_ws/install/local_planner_msgs/lib/liblocal_planner_msgs__rosidl_typesupport_cpp.so
[11.724s] -- Set runtime path of "/home/bentoaz/f1tenth_experimental_ws/install/local_planner_msgs/lib/liblocal_planner_msgs__rosidl_typesupport_cpp.so" to ""
[11.774s] Listing '/home/bentoaz/f1tenth_experimental_ws/install/local_planner_msgs/local/lib/python3.10/dist-packages/local_planner_msgs'...
[11.774s] Compiling '/home/bentoaz/f1tenth_experimental_ws/install/local_planner_msgs/local/lib/python3.10/dist-packages/local_planner_msgs/__init__.py'...
[11.774s] Listing '/home/bentoaz/f1tenth_experimental_ws/install/local_planner_msgs/local/lib/python3.10/dist-packages/local_planner_msgs/msg'...
[11.774s] Compiling '/home/bentoaz/f1tenth_experimental_ws/install/local_planner_msgs/local/lib/python3.10/dist-packages/local_planner_msgs/msg/__init__.py'...
[11.774s] Compiling '/home/bentoaz/f1tenth_experimental_ws/install/local_planner_msgs/local/lib/python3.10/dist-packages/local_planner_msgs/msg/_trajectory.py'...
[11.774s] Compiling '/home/bentoaz/f1tenth_experimental_ws/install/local_planner_msgs/local/lib/python3.10/dist-packages/local_planner_msgs/msg/_trajectory_list.py'...
[11.778s] -- Installing: /home/bentoaz/f1tenth_experimental_ws/install/local_planner_msgs/lib/liblocal_planner_msgs__rosidl_generator_py.so
[11.778s] -- Set runtime path of "/home/bentoaz/f1tenth_experimental_ws/install/local_planner_msgs/lib/liblocal_planner_msgs__rosidl_generator_py.so" to ""
[11.778s] -- Installing: /home/bentoaz/f1tenth_experimental_ws/install/local_planner_msgs/share/local_planner_msgs/cmake/export_local_planner_msgs__rosidl_generator_cExport.cmake
[11.779s] -- Installing: /home/bentoaz/f1tenth_experimental_ws/install/local_planner_msgs/share/local_planner_msgs/cmake/export_local_planner_msgs__rosidl_generator_cExport-noconfig.cmake
[11.779s] -- Installing: /home/bentoaz/f1tenth_experimental_ws/install/local_planner_msgs/share/local_planner_msgs/cmake/export_local_planner_msgs__rosidl_typesupport_fastrtps_cExport.cmake
[11.779s] -- Installing: /home/bentoaz/f1tenth_experimental_ws/install/local_planner_msgs/share/local_planner_msgs/cmake/export_local_planner_msgs__rosidl_typesupport_fastrtps_cExport-noconfig.cmake
[11.779s] -- Installing: /home/bentoaz/f1tenth_experimental_ws/install/local_planner_msgs/share/local_planner_msgs/cmake/export_local_planner_msgs__rosidl_generator_cppExport.cmake
[11.779s] -- Installing: /home/bentoaz/f1tenth_experimental_ws/install/local_planner_msgs/share/local_planner_msgs/cmake/export_local_planner_msgs__rosidl_typesupport_fastrtps_cppExport.cmake
[11.779s] -- Installing: /home/bentoaz/f1tenth_experimental_ws/install/local_planner_msgs/share/local_planner_msgs/cmake/export_local_planner_msgs__rosidl_typesupport_fastrtps_cppExport-noconfig.cmake
[11.780s] -- Installing: /home/bentoaz/f1tenth_experimental_ws/install/local_planner_msgs/share/local_planner_msgs/cmake/local_planner_msgs__rosidl_typesupport_introspection_cExport.cmake
[11.780s] -- Installing: /home/bentoaz/f1tenth_experimental_ws/install/local_planner_msgs/share/local_planner_msgs/cmake/local_planner_msgs__rosidl_typesupport_introspection_cExport-noconfig.cmake
[11.780s] -- Installing: /home/bentoaz/f1tenth_experimental_ws/install/local_planner_msgs/share/local_planner_msgs/cmake/local_planner_msgs__rosidl_typesupport_cExport.cmake
[11.780s] -- Installing: /home/bentoaz/f1tenth_experimental_ws/install/local_planner_msgs/share/local_planner_msgs/cmake/local_planner_msgs__rosidl_typesupport_cExport-noconfig.cmake
[11.780s] -- Installing: /home/bentoaz/f1tenth_experimental_ws/install/local_planner_msgs/share/local_planner_msgs/cmake/local_planner_msgs__rosidl_typesupport_introspection_cppExport.cmake
[11.780s] -- Installing: /home/bentoaz/f1tenth_experimental_ws/install/local_planner_msgs/share/local_planner_msgs/cmake/local_planner_msgs__rosidl_typesupport_introspection_cppExport-noconfig.cmake
[11.780s] -- Installing: /home/bentoaz/f1tenth_experimental_ws/install/local_planner_msgs/share/local_planner_msgs/cmake/local_planner_msgs__rosidl_typesupport_cppExport.cmake
[11.780s] -- Installing: /home/bentoaz/f1tenth_experimental_ws/install/local_planner_msgs/share/local_planner_msgs/cmake/local_planner_msgs__rosidl_typesupport_cppExport-noconfig.cmake
[11.781s] -- Installing: /home/bentoaz/f1tenth_experimental_ws/install/local_planner_msgs/share/local_planner_msgs/cmake/export_local_planner_msgs__rosidl_generator_pyExport.cmake
[11.781s] -- Installing: /home/bentoaz/f1tenth_experimental_ws/install/local_planner_msgs/share/local_planner_msgs/cmake/export_local_planner_msgs__rosidl_generator_pyExport-noconfig.cmake
[11.783s] Invoked command in '/home/bentoaz/f1tenth_experimental_ws/build/local_planner_msgs' returned '0': CMAKE_PREFIX_PATH=${CMAKE_PREFIX_PATH}:/home/bentoaz/f1tenth_gym_ros/install/f1tenth_gym_ros:/home/bentoaz/autoware/install/autoware_carla_interface:/home/bentoaz/autoware/install/ros2agnocast:/home/bentoaz/autoware/install/autoware_adapi_visualizers:/opt/ros/humble /usr/bin/cmake --install /home/bentoaz/f1tenth_experimental_ws/build/local_planner_msgs
