[0.498s] Invoking command in '/home/bentoaz/NSF_IRES_2025_Codebase/control/src/traj_planning': PYTHONPATH=/home/bentoaz/NSF_IRES_2025_Codebase/control/build/traj_planning/prefix_override:/usr/lib/python3/dist-packages/colcon_core/task/python/colcon_distutils_commands:/home/bentoaz/NSF_IRES_2025_Codebase/control/install/traj_planning/lib/python3.10/site-packages:${PYTHONPATH} /usr/bin/python3 -W ignore:setup.py install is deprecated -W ignore:easy_install command is deprecated setup.py egg_info --egg-base ../../build/traj_planning build --build-base /home/bentoaz/NSF_IRES_2025_Codebase/control/build/traj_planning/build install --record /home/bentoaz/NSF_IRES_2025_Codebase/control/build/traj_planning/install.log --single-version-externally-managed install_data
[0.696s] running egg_info
[0.697s] writing ../../build/traj_planning/traj_planning.egg-info/PKG-INFO
[0.697s] writing dependency_links to ../../build/traj_planning/traj_planning.egg-info/dependency_links.txt
[0.697s] writing entry points to ../../build/traj_planning/traj_planning.egg-info/entry_points.txt
[0.697s] writing requirements to ../../build/traj_planning/traj_planning.egg-info/requires.txt
[0.697s] writing top-level names to ../../build/traj_planning/traj_planning.egg-info/top_level.txt
[0.698s] reading manifest file '../../build/traj_planning/traj_planning.egg-info/SOURCES.txt'
[0.699s] writing manifest file '../../build/traj_planning/traj_planning.egg-info/SOURCES.txt'
[0.699s] running build
[0.699s] running build_py
[0.700s] copying traj_planning/traj_server.py -> /home/bentoaz/NSF_IRES_2025_Codebase/control/build/traj_planning/build/lib/traj_planning
[0.700s] running install
[0.700s] running install_lib
[0.701s] copying /home/bentoaz/NSF_IRES_2025_Codebase/control/build/traj_planning/build/lib/traj_planning/traj_server.py -> /home/bentoaz/NSF_IRES_2025_Codebase/control/install/traj_planning/lib/python3.10/site-packages/traj_planning
[0.701s] byte-compiling /home/bentoaz/NSF_IRES_2025_Codebase/control/install/traj_planning/lib/python3.10/site-packages/traj_planning/traj_server.py to traj_server.cpython-310.pyc
[0.702s] running install_data
[0.702s] running install_egg_info
[0.703s] removing '/home/bentoaz/NSF_IRES_2025_Codebase/control/install/traj_planning/lib/python3.10/site-packages/traj_planning-0.0.0-py3.10.egg-info' (and everything under it)
[0.703s] Copying ../../build/traj_planning/traj_planning.egg-info to /home/bentoaz/NSF_IRES_2025_Codebase/control/install/traj_planning/lib/python3.10/site-packages/traj_planning-0.0.0-py3.10.egg-info
[0.704s] running install_scripts
[0.718s] Installing traj_server script to /home/bentoaz/NSF_IRES_2025_Codebase/control/install/traj_planning/lib/traj_planning
[0.718s] writing list of installed files to '/home/bentoaz/NSF_IRES_2025_Codebase/control/build/traj_planning/install.log'
[0.733s] Invoked command in '/home/bentoaz/NSF_IRES_2025_Codebase/control/src/traj_planning' returned '0': PYTHONPATH=/home/bentoaz/NSF_IRES_2025_Codebase/control/build/traj_planning/prefix_override:/usr/lib/python3/dist-packages/colcon_core/task/python/colcon_distutils_commands:/home/bentoaz/NSF_IRES_2025_Codebase/control/install/traj_planning/lib/python3.10/site-packages:${PYTHONPATH} /usr/bin/python3 -W ignore:setup.py install is deprecated -W ignore:easy_install command is deprecated setup.py egg_info --egg-base ../../build/traj_planning build --build-base /home/bentoaz/NSF_IRES_2025_Codebase/control/build/traj_planning/build install --record /home/bentoaz/NSF_IRES_2025_Codebase/control/build/traj_planning/install.log --single-version-externally-managed install_data
