[1.007s] Invoking command in '/home/bentoaz/NSF_IRES_2025_Codebase/control/build/traj_planning': PYTHONPATH=/home/bentoaz/NSF_IRES_2025_Codebase/control/build/traj_planning/prefix_override:/usr/lib/python3/dist-packages/colcon_core/task/python/colcon_distutils_commands:/home/bentoaz/NSF_IRES_2025_Codebase/control/install/traj_planning/lib/python3.10/site-packages:${PYTHONPATH} /usr/bin/python3 -W ignore:setup.py install is deprecated -W ignore:easy_install command is deprecated setup.py develop --uninstall --editable --build-directory /home/bentoaz/NSF_IRES_2025_Codebase/control/build/traj_planning/build
[1.277s] running develop
[1.425s] Removing /home/bentoaz/NSF_IRES_2025_Codebase/control/install/traj_planning/lib/python3.10/site-packages/traj-planning.egg-link (link to .)
[1.446s] Invoked command in '/home/bentoaz/NSF_IRES_2025_Codebase/control/build/traj_planning' returned '0': PYTHONPATH=/home/bentoaz/NSF_IRES_2025_Codebase/control/build/traj_planning/prefix_override:/usr/lib/python3/dist-packages/colcon_core/task/python/colcon_distutils_commands:/home/bentoaz/NSF_IRES_2025_Codebase/control/install/traj_planning/lib/python3.10/site-packages:${PYTHONPATH} /usr/bin/python3 -W ignore:setup.py install is deprecated -W ignore:easy_install command is deprecated setup.py develop --uninstall --editable --build-directory /home/bentoaz/NSF_IRES_2025_Codebase/control/build/traj_planning/build
[1.449s] Invoking command in '/home/bentoaz/NSF_IRES_2025_Codebase/control/src/traj_planning': PYTHONPATH=/home/bentoaz/NSF_IRES_2025_Codebase/control/build/traj_planning/prefix_override:/usr/lib/python3/dist-packages/colcon_core/task/python/colcon_distutils_commands:/home/bentoaz/NSF_IRES_2025_Codebase/control/install/traj_planning/lib/python3.10/site-packages:${PYTHONPATH} /usr/bin/python3 -W ignore:setup.py install is deprecated -W ignore:easy_install command is deprecated setup.py egg_info --egg-base ../../build/traj_planning build --build-base /home/bentoaz/NSF_IRES_2025_Codebase/control/build/traj_planning/build install --record /home/bentoaz/NSF_IRES_2025_Codebase/control/build/traj_planning/install.log --single-version-externally-managed install_data --force
[1.730s] running egg_info
[1.730s] writing ../../build/traj_planning/traj_planning.egg-info/PKG-INFO
[1.730s] writing dependency_links to ../../build/traj_planning/traj_planning.egg-info/dependency_links.txt
[1.730s] writing entry points to ../../build/traj_planning/traj_planning.egg-info/entry_points.txt
[1.731s] writing requirements to ../../build/traj_planning/traj_planning.egg-info/requires.txt
[1.731s] writing top-level names to ../../build/traj_planning/traj_planning.egg-info/top_level.txt
[1.732s] reading manifest file '../../build/traj_planning/traj_planning.egg-info/SOURCES.txt'
[1.740s] writing manifest file '../../build/traj_planning/traj_planning.egg-info/SOURCES.txt'
[1.740s] running build
[1.740s] running build_py
[1.741s] copying traj_planning/traj_server.py -> /home/bentoaz/NSF_IRES_2025_Codebase/control/build/traj_planning/build/lib/traj_planning
[1.741s] copying traj_planning/traj_selecter.py -> /home/bentoaz/NSF_IRES_2025_Codebase/control/build/traj_planning/build/lib/traj_planning
[1.741s] running install
[1.742s] running install_lib
[1.743s] creating /home/bentoaz/NSF_IRES_2025_Codebase/control/install/traj_planning/lib/python3.10/site-packages/traj_planning
[1.743s] copying /home/bentoaz/NSF_IRES_2025_Codebase/control/build/traj_planning/build/lib/traj_planning/__init__.py -> /home/bentoaz/NSF_IRES_2025_Codebase/control/install/traj_planning/lib/python3.10/site-packages/traj_planning
[1.743s] copying /home/bentoaz/NSF_IRES_2025_Codebase/control/build/traj_planning/build/lib/traj_planning/traj_server.py -> /home/bentoaz/NSF_IRES_2025_Codebase/control/install/traj_planning/lib/python3.10/site-packages/traj_planning
[1.743s] copying /home/bentoaz/NSF_IRES_2025_Codebase/control/build/traj_planning/build/lib/traj_planning/constants.py -> /home/bentoaz/NSF_IRES_2025_Codebase/control/install/traj_planning/lib/python3.10/site-packages/traj_planning
[1.743s] copying /home/bentoaz/NSF_IRES_2025_Codebase/control/build/traj_planning/build/lib/traj_planning/traj_selecter.py -> /home/bentoaz/NSF_IRES_2025_Codebase/control/install/traj_planning/lib/python3.10/site-packages/traj_planning
[1.743s] copying /home/bentoaz/NSF_IRES_2025_Codebase/control/build/traj_planning/build/lib/traj_planning/visualizer.py -> /home/bentoaz/NSF_IRES_2025_Codebase/control/install/traj_planning/lib/python3.10/site-packages/traj_planning
[1.744s] copying /home/bentoaz/NSF_IRES_2025_Codebase/control/build/traj_planning/build/lib/traj_planning/local_planner.py -> /home/bentoaz/NSF_IRES_2025_Codebase/control/install/traj_planning/lib/python3.10/site-packages/traj_planning
[1.745s] byte-compiling /home/bentoaz/NSF_IRES_2025_Codebase/control/install/traj_planning/lib/python3.10/site-packages/traj_planning/__init__.py to __init__.cpython-310.pyc
[1.745s] byte-compiling /home/bentoaz/NSF_IRES_2025_Codebase/control/install/traj_planning/lib/python3.10/site-packages/traj_planning/traj_server.py to traj_server.cpython-310.pyc
[1.747s] byte-compiling /home/bentoaz/NSF_IRES_2025_Codebase/control/install/traj_planning/lib/python3.10/site-packages/traj_planning/constants.py to constants.cpython-310.pyc
[1.747s] byte-compiling /home/bentoaz/NSF_IRES_2025_Codebase/control/install/traj_planning/lib/python3.10/site-packages/traj_planning/traj_selecter.py to traj_selecter.cpython-310.pyc
[1.747s] byte-compiling /home/bentoaz/NSF_IRES_2025_Codebase/control/install/traj_planning/lib/python3.10/site-packages/traj_planning/visualizer.py to visualizer.cpython-310.pyc
[1.748s] byte-compiling /home/bentoaz/NSF_IRES_2025_Codebase/control/install/traj_planning/lib/python3.10/site-packages/traj_planning/local_planner.py to local_planner.cpython-310.pyc
[1.749s] running install_data
[1.749s] copying resource/traj_planning -> /home/bentoaz/NSF_IRES_2025_Codebase/control/install/traj_planning/share/ament_index/resource_index/packages
[1.749s] copying package.xml -> /home/bentoaz/NSF_IRES_2025_Codebase/control/install/traj_planning/share/traj_planning
[1.749s] running install_egg_info
[1.751s] Copying ../../build/traj_planning/traj_planning.egg-info to /home/bentoaz/NSF_IRES_2025_Codebase/control/install/traj_planning/lib/python3.10/site-packages/traj_planning-0.0.0-py3.10.egg-info
[1.752s] running install_scripts
[1.772s] Installing local_planner script to /home/bentoaz/NSF_IRES_2025_Codebase/control/install/traj_planning/lib/traj_planning
[1.773s] Installing traj_selecter script to /home/bentoaz/NSF_IRES_2025_Codebase/control/install/traj_planning/lib/traj_planning
[1.773s] Installing traj_server script to /home/bentoaz/NSF_IRES_2025_Codebase/control/install/traj_planning/lib/traj_planning
[1.773s] Installing visualizer script to /home/bentoaz/NSF_IRES_2025_Codebase/control/install/traj_planning/lib/traj_planning
[1.773s] writing list of installed files to '/home/bentoaz/NSF_IRES_2025_Codebase/control/build/traj_planning/install.log'
[1.794s] Invoked command in '/home/bentoaz/NSF_IRES_2025_Codebase/control/src/traj_planning' returned '0': PYTHONPATH=/home/bentoaz/NSF_IRES_2025_Codebase/control/build/traj_planning/prefix_override:/usr/lib/python3/dist-packages/colcon_core/task/python/colcon_distutils_commands:/home/bentoaz/NSF_IRES_2025_Codebase/control/install/traj_planning/lib/python3.10/site-packages:${PYTHONPATH} /usr/bin/python3 -W ignore:setup.py install is deprecated -W ignore:easy_install command is deprecated setup.py egg_info --egg-base ../../build/traj_planning build --build-base /home/bentoaz/NSF_IRES_2025_Codebase/control/build/traj_planning/build install --record /home/bentoaz/NSF_IRES_2025_Codebase/control/build/traj_planning/install.log --single-version-externally-managed install_data --force
