[0.348s] Invoking command in '/home/bentoaz/f1tenth_experimental_ws/build/pure_pursuit': CMAKE_PREFIX_PATH=${CMAKE_PREFIX_PATH}:/home/bentoaz/f1tenth_gym_ros/install/f1tenth_gym_ros:/home/bentoaz/autoware/install/autoware_carla_interface:/home/bentoaz/autoware/install/ros2agnocast:/home/bentoaz/autoware/install/autoware_adapi_visualizers:/opt/ros/humble /usr/bin/cmake --build /home/bentoaz/f1tenth_experimental_ws/build/pure_pursuit -- -j16 -l16
[0.743s] [35m[1mConsolidate compiler generated dependencies of target pure_pursuit[0m
[0.743s] [35m[1mConsolidate compiler generated dependencies of target waypoint_visualizer[0m
[0.743s] [ 50%] Built target pure_pursuit
[0.743s] [100%] Built target waypoint_visualizer
[0.745s] Invoked command in '/home/bentoaz/f1tenth_experimental_ws/build/pure_pursuit' returned '0': CMAKE_PREFIX_PATH=${CMAKE_PREFIX_PATH}:/home/bentoaz/f1tenth_gym_ros/install/f1tenth_gym_ros:/home/bentoaz/autoware/install/autoware_carla_interface:/home/bentoaz/autoware/install/ros2agnocast:/home/bentoaz/autoware/install/autoware_adapi_visualizers:/opt/ros/humble /usr/bin/cmake --build /home/bentoaz/f1tenth_experimental_ws/build/pure_pursuit -- -j16 -l16
[0.778s] Invoking command in '/home/bentoaz/f1tenth_experimental_ws/build/pure_pursuit': CMAKE_PREFIX_PATH=${CMAKE_PREFIX_PATH}:/home/bentoaz/f1tenth_gym_ros/install/f1tenth_gym_ros:/home/bentoaz/autoware/install/autoware_carla_interface:/home/bentoaz/autoware/install/ros2agnocast:/home/bentoaz/autoware/install/autoware_adapi_visualizers:/opt/ros/humble /usr/bin/cmake --install /home/bentoaz/f1tenth_experimental_ws/build/pure_pursuit
[0.811s] -- Install configuration: ""
[0.811s] -- Installing: /home/bentoaz/f1tenth_experimental_ws/install/pure_pursuit/lib/pure_pursuit/pure_pursuit
[0.819s] -- Set runtime path of "/home/bentoaz/f1tenth_experimental_ws/install/pure_pursuit/lib/pure_pursuit/pure_pursuit" to ""
[0.819s] -- Installing: /home/bentoaz/f1tenth_experimental_ws/install/pure_pursuit/lib/pure_pursuit/waypoint_visualizer
[0.822s] -- Set runtime path of "/home/bentoaz/f1tenth_experimental_ws/install/pure_pursuit/lib/pure_pursuit/waypoint_visualizer" to ""
[0.822s] -- Installing: /home/bentoaz/f1tenth_experimental_ws/install/pure_pursuit/share/pure_pursuit/launch
[0.822s] -- Installing: /home/bentoaz/f1tenth_experimental_ws/install/pure_pursuit/share/pure_pursuit/launch/pure_pursuit.rviz
[0.823s] -- Installing: /home/bentoaz/f1tenth_experimental_ws/install/pure_pursuit/share/pure_pursuit/launch/sim_pure_pursuit_launch.py
[0.823s] -- Installing: /home/bentoaz/f1tenth_experimental_ws/install/pure_pursuit/share/pure_pursuit/launch/pure_pursuit_launch.py
[0.823s] -- Installing: /home/bentoaz/f1tenth_experimental_ws/install/pure_pursuit/share/pure_pursuit/launch/sim_pure_pursuit.rviz
[0.823s] -- Installing: /home/bentoaz/f1tenth_experimental_ws/install/pure_pursuit/share/pure_pursuit/config
[0.823s] -- Installing: /home/bentoaz/f1tenth_experimental_ws/install/pure_pursuit/share/pure_pursuit/config/sim_config.yaml
[0.823s] -- Installing: /home/bentoaz/f1tenth_experimental_ws/install/pure_pursuit/share/pure_pursuit/config/config.yaml
[0.823s] -- Installing: /home/bentoaz/f1tenth_experimental_ws/install/pure_pursuit/share/ament_index/resource_index/package_run_dependencies/pure_pursuit
[0.823s] -- Installing: /home/bentoaz/f1tenth_experimental_ws/install/pure_pursuit/share/ament_index/resource_index/parent_prefix_path/pure_pursuit
[0.828s] -- Installing: /home/bentoaz/f1tenth_experimental_ws/install/pure_pursuit/share/pure_pursuit/environment/ament_prefix_path.sh
[0.828s] -- Installing: /home/bentoaz/f1tenth_experimental_ws/install/pure_pursuit/share/pure_pursuit/environment/ament_prefix_path.dsv
[0.828s] -- Installing: /home/bentoaz/f1tenth_experimental_ws/install/pure_pursuit/share/pure_pursuit/environment/path.sh
[0.828s] -- Installing: /home/bentoaz/f1tenth_experimental_ws/install/pure_pursuit/share/pure_pursuit/environment/path.dsv
[0.828s] -- Installing: /home/bentoaz/f1tenth_experimental_ws/install/pure_pursuit/share/pure_pursuit/local_setup.bash
[0.829s] -- Installing: /home/bentoaz/f1tenth_experimental_ws/install/pure_pursuit/share/pure_pursuit/local_setup.sh
[0.830s] -- Installing: /home/bentoaz/f1tenth_experimental_ws/install/pure_pursuit/share/pure_pursuit/local_setup.zsh
[0.831s] -- Installing: /home/bentoaz/f1tenth_experimental_ws/install/pure_pursuit/share/pure_pursuit/local_setup.dsv
[0.831s] -- Installing: /home/bentoaz/f1tenth_experimental_ws/install/pure_pursuit/share/pure_pursuit/package.dsv
[0.832s] -- Installing: /home/bentoaz/f1tenth_experimental_ws/install/pure_pursuit/share/ament_index/resource_index/packages/pure_pursuit
[0.832s] -- Installing: /home/bentoaz/f1tenth_experimental_ws/install/pure_pursuit/share/pure_pursuit/cmake/pure_pursuitConfig.cmake
[0.832s] -- Installing: /home/bentoaz/f1tenth_experimental_ws/install/pure_pursuit/share/pure_pursuit/cmake/pure_pursuitConfig-version.cmake
[0.832s] -- Installing: /home/bentoaz/f1tenth_experimental_ws/install/pure_pursuit/share/pure_pursuit/package.xml
[0.834s] Invoked command in '/home/bentoaz/f1tenth_experimental_ws/build/pure_pursuit' returned '0': CMAKE_PREFIX_PATH=${CMAKE_PREFIX_PATH}:/home/bentoaz/f1tenth_gym_ros/install/f1tenth_gym_ros:/home/bentoaz/autoware/install/autoware_carla_interface:/home/bentoaz/autoware/install/ros2agnocast:/home/bentoaz/autoware/install/autoware_adapi_visualizers:/opt/ros/humble /usr/bin/cmake --install /home/bentoaz/f1tenth_experimental_ws/build/pure_pursuit
