[0.339s] Invoking command in '/home/bentoaz/f1tenth_experimental_ws/build/safety_node': CMAKE_PREFIX_PATH=${CMAKE_PREFIX_PATH}:/home/bentoaz/f1tenth_gym_ros/install/f1tenth_gym_ros:/home/bentoaz/autoware/install/autoware_carla_interface:/home/bentoaz/autoware/install/ros2agnocast:/home/bentoaz/autoware/install/autoware_adapi_visualizers:/opt/ros/humble /usr/bin/cmake --build /home/bentoaz/f1tenth_experimental_ws/build/safety_node -- -j16 -l16
[0.732s] [35m[1mConsolidate compiler generated dependencies of target safety_node[0m
[0.732s] [100%] Built target safety_node
[0.732s] [100%] Built target ament_cmake_python_copy_safety_node_setup
[0.732s] [100%] Built target ament_cmake_python_copy_safety_node
[0.822s] /usr/lib/python3/dist-packages/setuptools/dist.py:723: UserWarning: Usage of dash-separated 'script-dir' will not be supported in future versions. Please use the underscore name 'script_dir' instead
[0.822s]   warnings.warn(
[0.822s] /usr/lib/python3/dist-packages/setuptools/dist.py:723: UserWarning: Usage of dash-separated 'install-scripts' will not be supported in future versions. Please use the underscore name 'install_scripts' instead
[0.822s]   warnings.warn(
[0.824s] running egg_info
[0.825s] writing safety_node.egg-info/PKG-INFO
[0.825s] writing dependency_links to safety_node.egg-info/dependency_links.txt
[0.825s] writing top-level names to safety_node.egg-info/top_level.txt
[0.825s] reading manifest file 'safety_node.egg-info/SOURCES.txt'
[0.825s] writing manifest file 'safety_node.egg-info/SOURCES.txt'
[0.862s] [100%] Built target ament_cmake_python_build_safety_node_egg
[0.887s] Invoked command in '/home/bentoaz/f1tenth_experimental_ws/build/safety_node' returned '0': CMAKE_PREFIX_PATH=${CMAKE_PREFIX_PATH}:/home/bentoaz/f1tenth_gym_ros/install/f1tenth_gym_ros:/home/bentoaz/autoware/install/autoware_carla_interface:/home/bentoaz/autoware/install/ros2agnocast:/home/bentoaz/autoware/install/autoware_adapi_visualizers:/opt/ros/humble /usr/bin/cmake --build /home/bentoaz/f1tenth_experimental_ws/build/safety_node -- -j16 -l16
[0.889s] Invoking command in '/home/bentoaz/f1tenth_experimental_ws/build/safety_node': CMAKE_PREFIX_PATH=${CMAKE_PREFIX_PATH}:/home/bentoaz/f1tenth_gym_ros/install/f1tenth_gym_ros:/home/bentoaz/autoware/install/autoware_carla_interface:/home/bentoaz/autoware/install/ros2agnocast:/home/bentoaz/autoware/install/autoware_adapi_visualizers:/opt/ros/humble /usr/bin/cmake --install /home/bentoaz/f1tenth_experimental_ws/build/safety_node
[0.915s] -- Install configuration: ""
[0.915s] -- Installing: /home/bentoaz/f1tenth_experimental_ws/install/safety_node/lib/safety_node/safety_node
[0.917s] -- Set runtime path of "/home/bentoaz/f1tenth_experimental_ws/install/safety_node/lib/safety_node/safety_node" to ""
[0.917s] -- Installing: /home/bentoaz/f1tenth_experimental_ws/install/safety_node/share/safety_node/environment/pythonpath.sh
[0.917s] -- Installing: /home/bentoaz/f1tenth_experimental_ws/install/safety_node/share/safety_node/environment/pythonpath.dsv
[0.918s] -- Installing: /home/bentoaz/f1tenth_experimental_ws/install/safety_node/local/lib/python3.10/dist-packages/safety_node-0.0.0-py3.10.egg-info
[0.918s] -- Installing: /home/bentoaz/f1tenth_experimental_ws/install/safety_node/local/lib/python3.10/dist-packages/safety_node-0.0.0-py3.10.egg-info/SOURCES.txt
[0.918s] -- Installing: /home/bentoaz/f1tenth_experimental_ws/install/safety_node/local/lib/python3.10/dist-packages/safety_node-0.0.0-py3.10.egg-info/dependency_links.txt
[0.918s] -- Installing: /home/bentoaz/f1tenth_experimental_ws/install/safety_node/local/lib/python3.10/dist-packages/safety_node-0.0.0-py3.10.egg-info/top_level.txt
[0.918s] -- Installing: /home/bentoaz/f1tenth_experimental_ws/install/safety_node/local/lib/python3.10/dist-packages/safety_node-0.0.0-py3.10.egg-info/PKG-INFO
[0.918s] -- Installing: /home/bentoaz/f1tenth_experimental_ws/install/safety_node/local/lib/python3.10/dist-packages/safety_node
[0.918s] -- Installing: /home/bentoaz/f1tenth_experimental_ws/install/safety_node/local/lib/python3.10/dist-packages/safety_node/__init__.py
[0.974s] Listing '/home/bentoaz/f1tenth_experimental_ws/install/safety_node/local/lib/python3.10/dist-packages/safety_node'...
[0.974s] Compiling '/home/bentoaz/f1tenth_experimental_ws/install/safety_node/local/lib/python3.10/dist-packages/safety_node/__init__.py'...
[0.977s] -- Installing: /home/bentoaz/f1tenth_experimental_ws/install/safety_node/lib/safety_node/safety_node.py
[0.977s] -- Installing: /home/bentoaz/f1tenth_experimental_ws/install/safety_node/share/ament_index/resource_index/package_run_dependencies/safety_node
[0.977s] -- Installing: /home/bentoaz/f1tenth_experimental_ws/install/safety_node/share/ament_index/resource_index/parent_prefix_path/safety_node
[0.977s] -- Installing: /home/bentoaz/f1tenth_experimental_ws/install/safety_node/share/safety_node/environment/ament_prefix_path.sh
[0.978s] -- Installing: /home/bentoaz/f1tenth_experimental_ws/install/safety_node/share/safety_node/environment/ament_prefix_path.dsv
[0.978s] -- Installing: /home/bentoaz/f1tenth_experimental_ws/install/safety_node/share/safety_node/environment/path.sh
[0.978s] -- Installing: /home/bentoaz/f1tenth_experimental_ws/install/safety_node/share/safety_node/environment/path.dsv
[0.978s] -- Installing: /home/bentoaz/f1tenth_experimental_ws/install/safety_node/share/safety_node/local_setup.bash
[0.978s] -- Installing: /home/bentoaz/f1tenth_experimental_ws/install/safety_node/share/safety_node/local_setup.sh
[0.978s] -- Installing: /home/bentoaz/f1tenth_experimental_ws/install/safety_node/share/safety_node/local_setup.zsh
[0.978s] -- Installing: /home/bentoaz/f1tenth_experimental_ws/install/safety_node/share/safety_node/local_setup.dsv
[0.978s] -- Installing: /home/bentoaz/f1tenth_experimental_ws/install/safety_node/share/safety_node/package.dsv
[0.978s] -- Installing: /home/bentoaz/f1tenth_experimental_ws/install/safety_node/share/ament_index/resource_index/packages/safety_node
[0.978s] -- Installing: /home/bentoaz/f1tenth_experimental_ws/install/safety_node/share/safety_node/cmake/safety_nodeConfig.cmake
[0.979s] -- Installing: /home/bentoaz/f1tenth_experimental_ws/install/safety_node/share/safety_node/cmake/safety_nodeConfig-version.cmake
[0.979s] -- Installing: /home/bentoaz/f1tenth_experimental_ws/install/safety_node/share/safety_node/package.xml
[1.228s] Invoked command in '/home/bentoaz/f1tenth_experimental_ws/build/safety_node' returned '0': CMAKE_PREFIX_PATH=${CMAKE_PREFIX_PATH}:/home/bentoaz/f1tenth_gym_ros/install/f1tenth_gym_ros:/home/bentoaz/autoware/install/autoware_carla_interface:/home/bentoaz/autoware/install/ros2agnocast:/home/bentoaz/autoware/install/autoware_adapi_visualizers:/opt/ros/humble /usr/bin/cmake --install /home/bentoaz/f1tenth_experimental_ws/build/safety_node
